[0.802s] Invoking command in '/home/ravik/ros2_rolling/build/ros2controlcli': AMENT_PREFIX_PATH=/home/ravik/ros2_rolling/install/controller_manager:/home/ravik/ros2_rolling/install/hardware_interface_testing:/home/ravik/ros2_rolling/install/controller_interface:/home/ravik/ros2_rolling/install/hardware_interface:/home/ravik/ros2_rolling/install/joint_limits:/home/ravik/ros2_rolling/install/generate_parameter_library:/home/ravik/ros2_rolling/install/ros2_control_test_assets:/home/ravik/ros2_rolling/install/realtime_tools:/home/ravik/ros2_rolling/install/parameter_traits:/home/ravik/ros2_rolling/install/generate_parameter_library_py:/home/ravik/ros2_rolling/install/controller_manager_msgs:/home/ravik/ros2_rolling/install/control_msgs:${AMENT_PREFIX_PATH} CMAKE_PREFIX_PATH=/home/ravik/ros2_rolling/install/controller_manager:/home/ravik/ros2_rolling/install/hardware_interface_testing:/home/ravik/ros2_rolling/install/controller_interface:/home/ravik/ros2_rolling/install/hardware_interface:/home/ravik/ros2_rolling/install/joint_limits:/home/ravik/ros2_rolling/install/generate_parameter_library:/home/ravik/ros2_rolling/install/ros2_control_test_assets:/home/ravik/ros2_rolling/install/realtime_tools:/home/ravik/ros2_rolling/install/parameter_traits:/home/ravik/ros2_rolling/install/controller_manager_msgs:/home/ravik/ros2_rolling/install/control_msgs:${CMAKE_PREFIX_PATH} LD_LIBRARY_PATH=/home/ravik/ros2_rolling/install/controller_manager/lib:/home/ravik/ros2_rolling/install/hardware_interface_testing/lib:/home/ravik/ros2_rolling/install/controller_interface/lib:/home/ravik/ros2_rolling/install/hardware_interface/lib:/home/ravik/ros2_rolling/install/joint_limits/lib:/home/ravik/ros2_rolling/install/ros2_control_test_assets/lib:/home/ravik/ros2_rolling/install/realtime_tools/lib:/home/ravik/ros2_rolling/install/parameter_traits/lib:/home/ravik/ros2_rolling/install/controller_manager_msgs/lib:/home/ravik/ros2_rolling/install/control_msgs/lib:${LD_LIBRARY_PATH} PATH=/home/ravik/ros2_rolling/install/generate_parameter_library_py/bin:${PATH} PS1=\[\e]0;$(parse_ros_workspace)\a\]\[\e[1;32m\]\u\[\[\e[0;37m\]@\[\[\e[0;33m\]\h\[\[\e[1;33m\]${text}\[\[\e[0;37m\]:\[$(set_ros_workspace_color)\]$(parse_ros_workspace)\[\[\e[0;32m\]$(parse_git_bracket)\[$(set_git_color)\]$(get_gitbranch)\[\e[0;32m\]>\[\e[1;35m\]\W\[\[\e[1;35m\]$\[\[\e[0m\]\[\e[m\] PYTHONPATH=/home/ravik/ros2_rolling/build/ros2controlcli/prefix_override:/usr/lib/python3/dist-packages/colcon_core/task/python/colcon_distutils_commands:/home/ravik/ros2_rolling/install/ros2controlcli/lib/python3.12/site-packages:/home/ravik/ros2_rolling/install/controller_manager/lib/python3.12/site-packages:/home/ravik/ros2_rolling/build/generate_parameter_library_py:/home/ravik/ros2_rolling/install/generate_parameter_library_py/lib/python3.12/site-packages:/home/ravik/ros2_rolling/install/controller_manager_msgs/lib/python3.12/site-packages:/home/ravik/ros2_rolling/install/control_msgs/lib/python3.12/site-packages:${PYTHONPATH} /usr/bin/python3 -W ignore:setup.py install is deprecated setup.py develop --editable --build-directory /home/ravik/ros2_rolling/build/ros2controlcli/build --no-deps symlink_data
[1.015s] running develop
[1.016s] /usr/lib/python3/dist-packages/setuptools/command/develop.py:40: EasyInstallDeprecationWarning: easy_install command is deprecated.
[1.016s] !!
[1.016s] 
[1.016s]         ********************************************************************************
[1.016s]         Please avoid running ``setup.py`` and ``easy_install``.
[1.016s]         Instead, use pypa/build, pypa/installer or other
[1.016s]         standards-based tools.
[1.016s] 
[1.016s]         See https://github.com/pypa/setuptools/issues/917 for details.
[1.016s]         ********************************************************************************
[1.016s] 
[1.017s] !!
[1.017s]   easy_install.initialize_options(self)
[1.133s] running egg_info
[1.143s] writing ros2controlcli.egg-info/PKG-INFO
[1.144s] writing dependency_links to ros2controlcli.egg-info/dependency_links.txt
[1.144s] writing entry points to ros2controlcli.egg-info/entry_points.txt
[1.144s] writing requirements to ros2controlcli.egg-info/requires.txt
[1.144s] writing top-level names to ros2controlcli.egg-info/top_level.txt
[1.167s] reading manifest file 'ros2controlcli.egg-info/SOURCES.txt'
[1.168s] writing manifest file 'ros2controlcli.egg-info/SOURCES.txt'
[1.180s] running build_ext
[1.180s] Creating /home/ravik/ros2_rolling/install/ros2controlcli/lib/python3.12/site-packages/ros2controlcli.egg-link (link to .)
[1.181s] 
[1.181s] Installed /home/ravik/ros2_rolling/build/ros2controlcli
[1.181s] running symlink_data
[1.200s] Invoked command in '/home/ravik/ros2_rolling/build/ros2controlcli' returned '0': AMENT_PREFIX_PATH=/home/ravik/ros2_rolling/install/controller_manager:/home/ravik/ros2_rolling/install/hardware_interface_testing:/home/ravik/ros2_rolling/install/controller_interface:/home/ravik/ros2_rolling/install/hardware_interface:/home/ravik/ros2_rolling/install/joint_limits:/home/ravik/ros2_rolling/install/generate_parameter_library:/home/ravik/ros2_rolling/install/ros2_control_test_assets:/home/ravik/ros2_rolling/install/realtime_tools:/home/ravik/ros2_rolling/install/parameter_traits:/home/ravik/ros2_rolling/install/generate_parameter_library_py:/home/ravik/ros2_rolling/install/controller_manager_msgs:/home/ravik/ros2_rolling/install/control_msgs:${AMENT_PREFIX_PATH} CMAKE_PREFIX_PATH=/home/ravik/ros2_rolling/install/controller_manager:/home/ravik/ros2_rolling/install/hardware_interface_testing:/home/ravik/ros2_rolling/install/controller_interface:/home/ravik/ros2_rolling/install/hardware_interface:/home/ravik/ros2_rolling/install/joint_limits:/home/ravik/ros2_rolling/install/generate_parameter_library:/home/ravik/ros2_rolling/install/ros2_control_test_assets:/home/ravik/ros2_rolling/install/realtime_tools:/home/ravik/ros2_rolling/install/parameter_traits:/home/ravik/ros2_rolling/install/controller_manager_msgs:/home/ravik/ros2_rolling/install/control_msgs:${CMAKE_PREFIX_PATH} LD_LIBRARY_PATH=/home/ravik/ros2_rolling/install/controller_manager/lib:/home/ravik/ros2_rolling/install/hardware_interface_testing/lib:/home/ravik/ros2_rolling/install/controller_interface/lib:/home/ravik/ros2_rolling/install/hardware_interface/lib:/home/ravik/ros2_rolling/install/joint_limits/lib:/home/ravik/ros2_rolling/install/ros2_control_test_assets/lib:/home/ravik/ros2_rolling/install/realtime_tools/lib:/home/ravik/ros2_rolling/install/parameter_traits/lib:/home/ravik/ros2_rolling/install/controller_manager_msgs/lib:/home/ravik/ros2_rolling/install/control_msgs/lib:${LD_LIBRARY_PATH} PATH=/home/ravik/ros2_rolling/install/generate_parameter_library_py/bin:${PATH} PS1=\[\e]0;$(parse_ros_workspace)\a\]\[\e[1;32m\]\u\[\[\e[0;37m\]@\[\[\e[0;33m\]\h\[\[\e[1;33m\]${text}\[\[\e[0;37m\]:\[$(set_ros_workspace_color)\]$(parse_ros_workspace)\[\[\e[0;32m\]$(parse_git_bracket)\[$(set_git_color)\]$(get_gitbranch)\[\e[0;32m\]>\[\e[1;35m\]\W\[\[\e[1;35m\]$\[\[\e[0m\]\[\e[m\] PYTHONPATH=/home/ravik/ros2_rolling/build/ros2controlcli/prefix_override:/usr/lib/python3/dist-packages/colcon_core/task/python/colcon_distutils_commands:/home/ravik/ros2_rolling/install/ros2controlcli/lib/python3.12/site-packages:/home/ravik/ros2_rolling/install/controller_manager/lib/python3.12/site-packages:/home/ravik/ros2_rolling/build/generate_parameter_library_py:/home/ravik/ros2_rolling/install/generate_parameter_library_py/lib/python3.12/site-packages:/home/ravik/ros2_rolling/install/controller_manager_msgs/lib/python3.12/site-packages:/home/ravik/ros2_rolling/install/control_msgs/lib/python3.12/site-packages:${PYTHONPATH} /usr/bin/python3 -W ignore:setup.py install is deprecated setup.py develop --editable --build-directory /home/ravik/ros2_rolling/build/ros2controlcli/build --no-deps symlink_data
