[0.022s] Invoking command in '/home/ravik/ros2_rolling/build/controller_interface': AMENT_PREFIX_PATH=/home/ravik/ros2_rolling/install/hardware_interface:/home/ravik/ros2_rolling/install/joint_limits:/home/ravik/ros2_rolling/install/generate_parameter_library:/home/ravik/ros2_rolling/install/ros2_control_test_assets:/home/ravik/ros2_rolling/install/realtime_tools:/home/ravik/ros2_rolling/install/parameter_traits:/home/ravik/ros2_rolling/install/generate_parameter_library_py:/home/ravik/ros2_rolling/install/control_msgs:${AMENT_PREFIX_PATH} CMAKE_PREFIX_PATH=/home/ravik/ros2_rolling/install/hardware_interface:/home/ravik/ros2_rolling/install/joint_limits:/home/ravik/ros2_rolling/install/generate_parameter_library:/home/ravik/ros2_rolling/install/ros2_control_test_assets:/home/ravik/ros2_rolling/install/realtime_tools:/home/ravik/ros2_rolling/install/parameter_traits:/home/ravik/ros2_rolling/install/control_msgs:/opt/ros/rolling/opt/gz_math_vendor:/opt/ros/rolling/opt/gz_utils_vendor:/opt/ros/rolling/opt/gz_cmake_vendor:/opt/ros/rolling LD_LIBRARY_PATH=/home/ravik/ros2_rolling/install/hardware_interface/lib:/home/ravik/ros2_rolling/install/joint_limits/lib:/home/ravik/ros2_rolling/install/ros2_control_test_assets/lib:/home/ravik/ros2_rolling/install/realtime_tools/lib:/home/ravik/ros2_rolling/install/parameter_traits/lib:/home/ravik/ros2_rolling/install/control_msgs/lib:${LD_LIBRARY_PATH} PATH=/home/ravik/ros2_rolling/install/generate_parameter_library_py/bin:${PATH} PS1=\[\e]0;$(parse_ros_workspace)\a\]\[\e[1;32m\]\u\[\[\e[0;37m\]@\[\[\e[0;33m\]\h\[\[\e[1;33m\]${text}\[\[\e[0;37m\]:\[$(set_ros_workspace_color)\]$(parse_ros_workspace)\[\[\e[0;32m\]$(parse_git_bracket)\[$(set_git_color)\]$(get_gitbranch)\[\e[0;32m\]>\[\e[1;35m\]\W\[\[\e[1;35m\]$\[\[\e[0m\]\[\e[m\] PYTHONPATH=/home/ravik/ros2_rolling/build/generate_parameter_library_py:/home/ravik/ros2_rolling/install/generate_parameter_library_py/lib/python3.12/site-packages:/home/ravik/ros2_rolling/install/control_msgs/lib/python3.12/site-packages:${PYTHONPATH} /usr/bin/cmake --build /home/ravik/ros2_rolling/build/controller_interface -- -j32 -l32
[0.075s] [  4%] Built target ament_generate_version_header__controller_interface
[0.076s] [ 16%] Built target gmock
[0.077s] [ 25%] Built target gmock_main
[0.102s] [ 41%] Built target controller_interface
[0.122s] [ 50%] Built target test_force_torque_sensor
[0.125s] [ 58%] Built target test_semantic_component_interface
[0.125s] [ 66%] Built target test_controller_with_options
[0.125s] [ 75%] Built target test_imu_sensor
[0.126s] [ 91%] Built target test_pose_sensor
[0.126s] [ 91%] Built target test_chainable_controller_interface
[0.126s] [100%] Built target test_controller_interface
[0.137s] Invoked command in '/home/ravik/ros2_rolling/build/controller_interface' returned '0': AMENT_PREFIX_PATH=/home/ravik/ros2_rolling/install/hardware_interface:/home/ravik/ros2_rolling/install/joint_limits:/home/ravik/ros2_rolling/install/generate_parameter_library:/home/ravik/ros2_rolling/install/ros2_control_test_assets:/home/ravik/ros2_rolling/install/realtime_tools:/home/ravik/ros2_rolling/install/parameter_traits:/home/ravik/ros2_rolling/install/generate_parameter_library_py:/home/ravik/ros2_rolling/install/control_msgs:${AMENT_PREFIX_PATH} CMAKE_PREFIX_PATH=/home/ravik/ros2_rolling/install/hardware_interface:/home/ravik/ros2_rolling/install/joint_limits:/home/ravik/ros2_rolling/install/generate_parameter_library:/home/ravik/ros2_rolling/install/ros2_control_test_assets:/home/ravik/ros2_rolling/install/realtime_tools:/home/ravik/ros2_rolling/install/parameter_traits:/home/ravik/ros2_rolling/install/control_msgs:/opt/ros/rolling/opt/gz_math_vendor:/opt/ros/rolling/opt/gz_utils_vendor:/opt/ros/rolling/opt/gz_cmake_vendor:/opt/ros/rolling LD_LIBRARY_PATH=/home/ravik/ros2_rolling/install/hardware_interface/lib:/home/ravik/ros2_rolling/install/joint_limits/lib:/home/ravik/ros2_rolling/install/ros2_control_test_assets/lib:/home/ravik/ros2_rolling/install/realtime_tools/lib:/home/ravik/ros2_rolling/install/parameter_traits/lib:/home/ravik/ros2_rolling/install/control_msgs/lib:${LD_LIBRARY_PATH} PATH=/home/ravik/ros2_rolling/install/generate_parameter_library_py/bin:${PATH} PS1=\[\e]0;$(parse_ros_workspace)\a\]\[\e[1;32m\]\u\[\[\e[0;37m\]@\[\[\e[0;33m\]\h\[\[\e[1;33m\]${text}\[\[\e[0;37m\]:\[$(set_ros_workspace_color)\]$(parse_ros_workspace)\[\[\e[0;32m\]$(parse_git_bracket)\[$(set_git_color)\]$(get_gitbranch)\[\e[0;32m\]>\[\e[1;35m\]\W\[\[\e[1;35m\]$\[\[\e[0m\]\[\e[m\] PYTHONPATH=/home/ravik/ros2_rolling/build/generate_parameter_library_py:/home/ravik/ros2_rolling/install/generate_parameter_library_py/lib/python3.12/site-packages:/home/ravik/ros2_rolling/install/control_msgs/lib/python3.12/site-packages:${PYTHONPATH} /usr/bin/cmake --build /home/ravik/ros2_rolling/build/controller_interface -- -j32 -l32
[0.181s] Invoking command in '/home/ravik/ros2_rolling/build/controller_interface': AMENT_PREFIX_PATH=/home/ravik/ros2_rolling/install/hardware_interface:/home/ravik/ros2_rolling/install/joint_limits:/home/ravik/ros2_rolling/install/generate_parameter_library:/home/ravik/ros2_rolling/install/ros2_control_test_assets:/home/ravik/ros2_rolling/install/realtime_tools:/home/ravik/ros2_rolling/install/parameter_traits:/home/ravik/ros2_rolling/install/generate_parameter_library_py:/home/ravik/ros2_rolling/install/control_msgs:${AMENT_PREFIX_PATH} CMAKE_PREFIX_PATH=/home/ravik/ros2_rolling/install/hardware_interface:/home/ravik/ros2_rolling/install/joint_limits:/home/ravik/ros2_rolling/install/generate_parameter_library:/home/ravik/ros2_rolling/install/ros2_control_test_assets:/home/ravik/ros2_rolling/install/realtime_tools:/home/ravik/ros2_rolling/install/parameter_traits:/home/ravik/ros2_rolling/install/control_msgs:/opt/ros/rolling/opt/gz_math_vendor:/opt/ros/rolling/opt/gz_utils_vendor:/opt/ros/rolling/opt/gz_cmake_vendor:/opt/ros/rolling LD_LIBRARY_PATH=/home/ravik/ros2_rolling/install/hardware_interface/lib:/home/ravik/ros2_rolling/install/joint_limits/lib:/home/ravik/ros2_rolling/install/ros2_control_test_assets/lib:/home/ravik/ros2_rolling/install/realtime_tools/lib:/home/ravik/ros2_rolling/install/parameter_traits/lib:/home/ravik/ros2_rolling/install/control_msgs/lib:${LD_LIBRARY_PATH} PATH=/home/ravik/ros2_rolling/install/generate_parameter_library_py/bin:${PATH} PS1=\[\e]0;$(parse_ros_workspace)\a\]\[\e[1;32m\]\u\[\[\e[0;37m\]@\[\[\e[0;33m\]\h\[\[\e[1;33m\]${text}\[\[\e[0;37m\]:\[$(set_ros_workspace_color)\]$(parse_ros_workspace)\[\[\e[0;32m\]$(parse_git_bracket)\[$(set_git_color)\]$(get_gitbranch)\[\e[0;32m\]>\[\e[1;35m\]\W\[\[\e[1;35m\]$\[\[\e[0m\]\[\e[m\] PYTHONPATH=/home/ravik/ros2_rolling/build/generate_parameter_library_py:/home/ravik/ros2_rolling/install/generate_parameter_library_py/lib/python3.12/site-packages:/home/ravik/ros2_rolling/install/control_msgs/lib/python3.12/site-packages:${PYTHONPATH} /usr/bin/cmake --install /home/ravik/ros2_rolling/build/controller_interface
[0.189s] -- Install configuration: ""
[0.190s] -- Execute custom install script
[0.190s] -- Up-to-date symlink: /home/ravik/ros2_rolling/install/controller_interface/test/test_controller_node_options.yaml
[0.190s] -- Up-to-date symlink: /home/ravik/ros2_rolling/install/controller_interface/include/controller_interface/controller_interface/chainable_controller_interface.hpp
[0.191s] -- Up-to-date symlink: /home/ravik/ros2_rolling/install/controller_interface/include/controller_interface/controller_interface/controller_interface.hpp
[0.191s] -- Up-to-date symlink: /home/ravik/ros2_rolling/install/controller_interface/include/controller_interface/controller_interface/controller_interface_base.hpp
[0.191s] -- Up-to-date symlink: /home/ravik/ros2_rolling/install/controller_interface/include/controller_interface/controller_interface/helpers.hpp
[0.191s] -- Up-to-date symlink: /home/ravik/ros2_rolling/install/controller_interface/include/controller_interface/controller_interface/visibility_control.h
[0.191s] -- Up-to-date symlink: /home/ravik/ros2_rolling/install/controller_interface/include/controller_interface/semantic_components/force_torque_sensor.hpp
[0.191s] -- Up-to-date symlink: /home/ravik/ros2_rolling/install/controller_interface/include/controller_interface/semantic_components/imu_sensor.hpp
[0.192s] -- Up-to-date symlink: /home/ravik/ros2_rolling/install/controller_interface/include/controller_interface/semantic_components/pose_sensor.hpp
[0.192s] -- Up-to-date symlink: /home/ravik/ros2_rolling/install/controller_interface/include/controller_interface/semantic_components/range_sensor.hpp
[0.192s] -- Up-to-date symlink: /home/ravik/ros2_rolling/install/controller_interface/include/controller_interface/semantic_components/semantic_component_interface.hpp
[0.192s] -- Up-to-date symlink: /home/ravik/ros2_rolling/install/controller_interface/share/controller_interface/environment/library_path.sh
[0.192s] -- Up-to-date symlink: /home/ravik/ros2_rolling/install/controller_interface/share/controller_interface/environment/library_path.dsv
[0.192s] -- Up-to-date symlink: /home/ravik/ros2_rolling/install/controller_interface/share/ament_index/resource_index/package_run_dependencies/controller_interface
[0.192s] -- Up-to-date symlink: /home/ravik/ros2_rolling/install/controller_interface/share/ament_index/resource_index/parent_prefix_path/controller_interface
[0.192s] -- Up-to-date symlink: /home/ravik/ros2_rolling/install/controller_interface/share/controller_interface/environment/ament_prefix_path.sh
[0.193s] -- Up-to-date symlink: /home/ravik/ros2_rolling/install/controller_interface/share/controller_interface/environment/ament_prefix_path.dsv
[0.193s] -- Up-to-date symlink: /home/ravik/ros2_rolling/install/controller_interface/share/controller_interface/environment/path.sh
[0.193s] -- Up-to-date symlink: /home/ravik/ros2_rolling/install/controller_interface/share/controller_interface/environment/path.dsv
[0.193s] -- Up-to-date symlink: /home/ravik/ros2_rolling/install/controller_interface/share/controller_interface/local_setup.bash
[0.193s] -- Up-to-date symlink: /home/ravik/ros2_rolling/install/controller_interface/share/controller_interface/local_setup.sh
[0.193s] -- Up-to-date symlink: /home/ravik/ros2_rolling/install/controller_interface/share/controller_interface/local_setup.zsh
[0.193s] -- Up-to-date symlink: /home/ravik/ros2_rolling/install/controller_interface/share/controller_interface/local_setup.dsv
[0.193s] -- Symlinking: /home/ravik/ros2_rolling/install/controller_interface/share/controller_interface/package.dsv
[0.198s] -- Up-to-date symlink: /home/ravik/ros2_rolling/install/controller_interface/share/ament_index/resource_index/packages/controller_interface
[0.198s] -- Up-to-date symlink: /home/ravik/ros2_rolling/install/controller_interface/share/controller_interface/cmake/ament_cmake_export_targets-extras.cmake
[0.198s] -- Up-to-date symlink: /home/ravik/ros2_rolling/install/controller_interface/share/controller_interface/cmake/ament_cmake_export_dependencies-extras.cmake
[0.198s] -- Up-to-date symlink: /home/ravik/ros2_rolling/install/controller_interface/share/controller_interface/cmake/controller_interfaceConfig.cmake
[0.198s] -- Up-to-date symlink: /home/ravik/ros2_rolling/install/controller_interface/share/controller_interface/cmake/controller_interfaceConfig-version.cmake
[0.198s] -- Up-to-date symlink: /home/ravik/ros2_rolling/install/controller_interface/share/controller_interface/package.xml
[0.198s] -- Up-to-date symlink: /home/ravik/ros2_rolling/install/controller_interface/include/controller_interface/controller_interface/version.h
[0.199s] -- Up-to-date: /home/ravik/ros2_rolling/install/controller_interface/lib/libcontroller_interface.so
[0.199s] -- Up-to-date: /home/ravik/ros2_rolling/install/controller_interface/share/controller_interface/cmake/export_controller_interfaceExport.cmake
[0.199s] -- Up-to-date: /home/ravik/ros2_rolling/install/controller_interface/share/controller_interface/cmake/export_controller_interfaceExport-noconfig.cmake
[0.204s] Invoked command in '/home/ravik/ros2_rolling/build/controller_interface' returned '0': AMENT_PREFIX_PATH=/home/ravik/ros2_rolling/install/hardware_interface:/home/ravik/ros2_rolling/install/joint_limits:/home/ravik/ros2_rolling/install/generate_parameter_library:/home/ravik/ros2_rolling/install/ros2_control_test_assets:/home/ravik/ros2_rolling/install/realtime_tools:/home/ravik/ros2_rolling/install/parameter_traits:/home/ravik/ros2_rolling/install/generate_parameter_library_py:/home/ravik/ros2_rolling/install/control_msgs:${AMENT_PREFIX_PATH} CMAKE_PREFIX_PATH=/home/ravik/ros2_rolling/install/hardware_interface:/home/ravik/ros2_rolling/install/joint_limits:/home/ravik/ros2_rolling/install/generate_parameter_library:/home/ravik/ros2_rolling/install/ros2_control_test_assets:/home/ravik/ros2_rolling/install/realtime_tools:/home/ravik/ros2_rolling/install/parameter_traits:/home/ravik/ros2_rolling/install/control_msgs:/opt/ros/rolling/opt/gz_math_vendor:/opt/ros/rolling/opt/gz_utils_vendor:/opt/ros/rolling/opt/gz_cmake_vendor:/opt/ros/rolling LD_LIBRARY_PATH=/home/ravik/ros2_rolling/install/hardware_interface/lib:/home/ravik/ros2_rolling/install/joint_limits/lib:/home/ravik/ros2_rolling/install/ros2_control_test_assets/lib:/home/ravik/ros2_rolling/install/realtime_tools/lib:/home/ravik/ros2_rolling/install/parameter_traits/lib:/home/ravik/ros2_rolling/install/control_msgs/lib:${LD_LIBRARY_PATH} PATH=/home/ravik/ros2_rolling/install/generate_parameter_library_py/bin:${PATH} PS1=\[\e]0;$(parse_ros_workspace)\a\]\[\e[1;32m\]\u\[\[\e[0;37m\]@\[\[\e[0;33m\]\h\[\[\e[1;33m\]${text}\[\[\e[0;37m\]:\[$(set_ros_workspace_color)\]$(parse_ros_workspace)\[\[\e[0;32m\]$(parse_git_bracket)\[$(set_git_color)\]$(get_gitbranch)\[\e[0;32m\]>\[\e[1;35m\]\W\[\[\e[1;35m\]$\[\[\e[0m\]\[\e[m\] PYTHONPATH=/home/ravik/ros2_rolling/build/generate_parameter_library_py:/home/ravik/ros2_rolling/install/generate_parameter_library_py/lib/python3.12/site-packages:/home/ravik/ros2_rolling/install/control_msgs/lib/python3.12/site-packages:${PYTHONPATH} /usr/bin/cmake --install /home/ravik/ros2_rolling/build/controller_interface
