[0.014s] Invoking command in '/home/ravik/ros2_rolling/build/cmake_generate_parameter_module_example': AMENT_PREFIX_PATH=/home/ravik/ros2_rolling/install/generate_parameter_library:/home/ravik/ros2_rolling/install/parameter_traits:/home/ravik/ros2_rolling/install/generate_parameter_library_py:${AMENT_PREFIX_PATH} CMAKE_PREFIX_PATH=/home/ravik/ros2_rolling/install/generate_parameter_library:/home/ravik/ros2_rolling/install/parameter_traits:/opt/ros/rolling/opt/gz_math_vendor:/opt/ros/rolling/opt/gz_utils_vendor:/opt/ros/rolling/opt/gz_cmake_vendor:/opt/ros/rolling LD_LIBRARY_PATH=/home/ravik/ros2_rolling/install/parameter_traits/lib:${LD_LIBRARY_PATH} PATH=/home/ravik/ros2_rolling/install/generate_parameter_library_py/bin:${PATH} PS1=\[\e]0;$(parse_ros_workspace)\a\]\[\e[1;32m\]\u\[\[\e[0;37m\]@\[\[\e[0;33m\]\h\[\[\e[1;33m\]${text}\[\[\e[0;37m\]:\[$(set_ros_workspace_color)\]$(parse_ros_workspace)\[\[\e[0;32m\]$(parse_git_bracket)\[$(set_git_color)\]$(get_gitbranch)\[\e[0;32m\]>\[\e[1;35m\]\W\[\[\e[1;35m\]$\[\[\e[0m\]\[\e[m\] PYTHONPATH=/home/ravik/ros2_rolling/build/generate_parameter_library_py:/home/ravik/ros2_rolling/install/generate_parameter_library_py/lib/python3.12/site-packages:${PYTHONPATH} /usr/bin/cmake --build /home/ravik/ros2_rolling/build/cmake_generate_parameter_module_example -- -j32 -l32
[0.057s] [100%] Built target admittance_parameters
[0.060s] [100%] Built target ament_cmake_python_symlink_cmake_generate_parameter_module_example
[0.203s] running egg_info
[0.214s] writing cmake_generate_parameter_module_example.egg-info/PKG-INFO
[0.214s] writing dependency_links to cmake_generate_parameter_module_example.egg-info/dependency_links.txt
[0.214s] writing top-level names to cmake_generate_parameter_module_example.egg-info/top_level.txt
[0.245s] reading manifest file 'cmake_generate_parameter_module_example.egg-info/SOURCES.txt'
[0.245s] writing manifest file 'cmake_generate_parameter_module_example.egg-info/SOURCES.txt'
[0.264s] [100%] Built target ament_cmake_python_build_cmake_generate_parameter_module_example_egg
[0.455s] Invoked command in '/home/ravik/ros2_rolling/build/cmake_generate_parameter_module_example' returned '0': AMENT_PREFIX_PATH=/home/ravik/ros2_rolling/install/generate_parameter_library:/home/ravik/ros2_rolling/install/parameter_traits:/home/ravik/ros2_rolling/install/generate_parameter_library_py:${AMENT_PREFIX_PATH} CMAKE_PREFIX_PATH=/home/ravik/ros2_rolling/install/generate_parameter_library:/home/ravik/ros2_rolling/install/parameter_traits:/opt/ros/rolling/opt/gz_math_vendor:/opt/ros/rolling/opt/gz_utils_vendor:/opt/ros/rolling/opt/gz_cmake_vendor:/opt/ros/rolling LD_LIBRARY_PATH=/home/ravik/ros2_rolling/install/parameter_traits/lib:${LD_LIBRARY_PATH} PATH=/home/ravik/ros2_rolling/install/generate_parameter_library_py/bin:${PATH} PS1=\[\e]0;$(parse_ros_workspace)\a\]\[\e[1;32m\]\u\[\[\e[0;37m\]@\[\[\e[0;33m\]\h\[\[\e[1;33m\]${text}\[\[\e[0;37m\]:\[$(set_ros_workspace_color)\]$(parse_ros_workspace)\[\[\e[0;32m\]$(parse_git_bracket)\[$(set_git_color)\]$(get_gitbranch)\[\e[0;32m\]>\[\e[1;35m\]\W\[\[\e[1;35m\]$\[\[\e[0m\]\[\e[m\] PYTHONPATH=/home/ravik/ros2_rolling/build/generate_parameter_library_py:/home/ravik/ros2_rolling/install/generate_parameter_library_py/lib/python3.12/site-packages:${PYTHONPATH} /usr/bin/cmake --build /home/ravik/ros2_rolling/build/cmake_generate_parameter_module_example -- -j32 -l32
[0.478s] Invoking command in '/home/ravik/ros2_rolling/build/cmake_generate_parameter_module_example': AMENT_PREFIX_PATH=/home/ravik/ros2_rolling/install/generate_parameter_library:/home/ravik/ros2_rolling/install/parameter_traits:/home/ravik/ros2_rolling/install/generate_parameter_library_py:${AMENT_PREFIX_PATH} CMAKE_PREFIX_PATH=/home/ravik/ros2_rolling/install/generate_parameter_library:/home/ravik/ros2_rolling/install/parameter_traits:/opt/ros/rolling/opt/gz_math_vendor:/opt/ros/rolling/opt/gz_utils_vendor:/opt/ros/rolling/opt/gz_cmake_vendor:/opt/ros/rolling LD_LIBRARY_PATH=/home/ravik/ros2_rolling/install/parameter_traits/lib:${LD_LIBRARY_PATH} PATH=/home/ravik/ros2_rolling/install/generate_parameter_library_py/bin:${PATH} PS1=\[\e]0;$(parse_ros_workspace)\a\]\[\e[1;32m\]\u\[\[\e[0;37m\]@\[\[\e[0;33m\]\h\[\[\e[1;33m\]${text}\[\[\e[0;37m\]:\[$(set_ros_workspace_color)\]$(parse_ros_workspace)\[\[\e[0;32m\]$(parse_git_bracket)\[$(set_git_color)\]$(get_gitbranch)\[\e[0;32m\]>\[\e[1;35m\]\W\[\[\e[1;35m\]$\[\[\e[0m\]\[\e[m\] PYTHONPATH=/home/ravik/ros2_rolling/build/generate_parameter_library_py:/home/ravik/ros2_rolling/install/generate_parameter_library_py/lib/python3.12/site-packages:${PYTHONPATH} /usr/bin/cmake --install /home/ravik/ros2_rolling/build/cmake_generate_parameter_module_example
[0.485s] -- Install configuration: ""
[0.486s] -- Execute custom install script
[0.486s] -- Up-to-date symlink: /home/ravik/ros2_rolling/install/cmake_generate_parameter_module_example/share/cmake_generate_parameter_module_example/environment/pythonpath.sh
[0.486s] -- Up-to-date symlink: /home/ravik/ros2_rolling/install/cmake_generate_parameter_module_example/share/cmake_generate_parameter_module_example/environment/pythonpath.dsv
[0.487s] -- Up-to-date symlink: /home/ravik/ros2_rolling/install/cmake_generate_parameter_module_example/lib/python3.12/site-packages/cmake_generate_parameter_module_example-0.3.9-py3.12.egg-info/PKG-INFO
[0.487s] -- Up-to-date symlink: /home/ravik/ros2_rolling/install/cmake_generate_parameter_module_example/lib/python3.12/site-packages/cmake_generate_parameter_module_example-0.3.9-py3.12.egg-info/SOURCES.txt
[0.487s] -- Up-to-date symlink: /home/ravik/ros2_rolling/install/cmake_generate_parameter_module_example/lib/python3.12/site-packages/cmake_generate_parameter_module_example-0.3.9-py3.12.egg-info/dependency_links.txt
[0.487s] -- Up-to-date symlink: /home/ravik/ros2_rolling/install/cmake_generate_parameter_module_example/lib/python3.12/site-packages/cmake_generate_parameter_module_example-0.3.9-py3.12.egg-info/top_level.txt
[0.487s] -- Up-to-date symlink: /home/ravik/ros2_rolling/install/cmake_generate_parameter_module_example/lib/python3.12/site-packages/cmake_generate_parameter_module_example/__init__.py
[0.487s] -- Up-to-date symlink: /home/ravik/ros2_rolling/install/cmake_generate_parameter_module_example/lib/python3.12/site-packages/cmake_generate_parameter_module_example/custom_validation.py
[0.488s] -- Up-to-date symlink: /home/ravik/ros2_rolling/install/cmake_generate_parameter_module_example/lib/python3.12/site-packages/cmake_generate_parameter_module_example/minimal_publisher.py
[0.488s] -- Up-to-date symlink: /home/ravik/ros2_rolling/install/cmake_generate_parameter_module_example/lib/python3.12/site-packages/cmake_generate_parameter_module_example/parameters.yaml
[0.488s] -- Up-to-date symlink: /home/ravik/ros2_rolling/install/cmake_generate_parameter_module_example/share/ament_index/resource_index/package_run_dependencies/cmake_generate_parameter_module_example
[0.488s] -- Up-to-date symlink: /home/ravik/ros2_rolling/install/cmake_generate_parameter_module_example/share/ament_index/resource_index/parent_prefix_path/cmake_generate_parameter_module_example
[0.488s] -- Up-to-date symlink: /home/ravik/ros2_rolling/install/cmake_generate_parameter_module_example/share/cmake_generate_parameter_module_example/environment/ament_prefix_path.sh
[0.488s] -- Up-to-date symlink: /home/ravik/ros2_rolling/install/cmake_generate_parameter_module_example/share/cmake_generate_parameter_module_example/environment/ament_prefix_path.dsv
[0.489s] -- Up-to-date symlink: /home/ravik/ros2_rolling/install/cmake_generate_parameter_module_example/share/cmake_generate_parameter_module_example/environment/path.sh
[0.489s] -- Up-to-date symlink: /home/ravik/ros2_rolling/install/cmake_generate_parameter_module_example/share/cmake_generate_parameter_module_example/environment/path.dsv
[0.489s] -- Up-to-date symlink: /home/ravik/ros2_rolling/install/cmake_generate_parameter_module_example/share/cmake_generate_parameter_module_example/local_setup.bash
[0.489s] -- Up-to-date symlink: /home/ravik/ros2_rolling/install/cmake_generate_parameter_module_example/share/cmake_generate_parameter_module_example/local_setup.sh
[0.490s] -- Up-to-date symlink: /home/ravik/ros2_rolling/install/cmake_generate_parameter_module_example/share/cmake_generate_parameter_module_example/local_setup.zsh
[0.490s] -- Up-to-date symlink: /home/ravik/ros2_rolling/install/cmake_generate_parameter_module_example/share/cmake_generate_parameter_module_example/local_setup.dsv
[0.490s] -- Symlinking: /home/ravik/ros2_rolling/install/cmake_generate_parameter_module_example/share/cmake_generate_parameter_module_example/package.dsv
[0.499s] -- Up-to-date symlink: /home/ravik/ros2_rolling/install/cmake_generate_parameter_module_example/share/ament_index/resource_index/packages/cmake_generate_parameter_module_example
[0.499s] -- Up-to-date symlink: /home/ravik/ros2_rolling/install/cmake_generate_parameter_module_example/share/cmake_generate_parameter_module_example/cmake/cmake_generate_parameter_module_exampleConfig.cmake
[0.500s] -- Up-to-date symlink: /home/ravik/ros2_rolling/install/cmake_generate_parameter_module_example/share/cmake_generate_parameter_module_example/cmake/cmake_generate_parameter_module_exampleConfig-version.cmake
[0.500s] -- Up-to-date symlink: /home/ravik/ros2_rolling/install/cmake_generate_parameter_module_example/share/cmake_generate_parameter_module_example/package.xml
[0.526s] Listing '/home/ravik/ros2_rolling/install/cmake_generate_parameter_module_example/lib/python3.12/site-packages/cmake_generate_parameter_module_example'...
[0.669s] Invoked command in '/home/ravik/ros2_rolling/build/cmake_generate_parameter_module_example' returned '0': AMENT_PREFIX_PATH=/home/ravik/ros2_rolling/install/generate_parameter_library:/home/ravik/ros2_rolling/install/parameter_traits:/home/ravik/ros2_rolling/install/generate_parameter_library_py:${AMENT_PREFIX_PATH} CMAKE_PREFIX_PATH=/home/ravik/ros2_rolling/install/generate_parameter_library:/home/ravik/ros2_rolling/install/parameter_traits:/opt/ros/rolling/opt/gz_math_vendor:/opt/ros/rolling/opt/gz_utils_vendor:/opt/ros/rolling/opt/gz_cmake_vendor:/opt/ros/rolling LD_LIBRARY_PATH=/home/ravik/ros2_rolling/install/parameter_traits/lib:${LD_LIBRARY_PATH} PATH=/home/ravik/ros2_rolling/install/generate_parameter_library_py/bin:${PATH} PS1=\[\e]0;$(parse_ros_workspace)\a\]\[\e[1;32m\]\u\[\[\e[0;37m\]@\[\[\e[0;33m\]\h\[\[\e[1;33m\]${text}\[\[\e[0;37m\]:\[$(set_ros_workspace_color)\]$(parse_ros_workspace)\[\[\e[0;32m\]$(parse_git_bracket)\[$(set_git_color)\]$(get_gitbranch)\[\e[0;32m\]>\[\e[1;35m\]\W\[\[\e[1;35m\]$\[\[\e[0m\]\[\e[m\] PYTHONPATH=/home/ravik/ros2_rolling/build/generate_parameter_library_py:/home/ravik/ros2_rolling/install/generate_parameter_library_py/lib/python3.12/site-packages:${PYTHONPATH} /usr/bin/cmake --install /home/ravik/ros2_rolling/build/cmake_generate_parameter_module_example
