-- Found ament_cmake: 2.7.0 (/opt/ros/rolling/share/ament_cmake/cmake)
-- Found Python3: /usr/bin/python3 (found version "3.12.3") found components: Interpreter 
-- Override CMake install command with custom implementation using symlinks instead of copying resources
-- Found ament_lint_auto: 0.18.1 (/opt/ros/rolling/share/ament_lint_auto/cmake)
-- Added test 'copyright' to check source files copyright and LICENSE
-- Added test 'lint_cmake' to check CMake code style
-- Added test 'xmllint' to check XML markup files
-- Configuring done (0.4s)
-- Generating done (0.0s)
-- Build files have been written to: /home/ravik/ros2_rolling/build/generate_parameter_library
-- Install configuration: ""
-- Execute custom install script
-- Symlinking: /home/ravik/ros2_rolling/install/generate_parameter_library/share/generate_parameter_library/cmake/generate_parameter_library.cmake
-- Symlinking: /home/ravik/ros2_rolling/install/generate_parameter_library/share/ament_index/resource_index/package_run_dependencies/generate_parameter_library
-- Symlinking: /home/ravik/ros2_rolling/install/generate_parameter_library/share/ament_index/resource_index/parent_prefix_path/generate_parameter_library
-- Symlinking: /home/ravik/ros2_rolling/install/generate_parameter_library/share/generate_parameter_library/environment/ament_prefix_path.sh
-- Symlinking: /home/ravik/ros2_rolling/install/generate_parameter_library/share/generate_parameter_library/environment/ament_prefix_path.dsv
-- Symlinking: /home/ravik/ros2_rolling/install/generate_parameter_library/share/generate_parameter_library/environment/path.sh
-- Symlinking: /home/ravik/ros2_rolling/install/generate_parameter_library/share/generate_parameter_library/environment/path.dsv
-- Symlinking: /home/ravik/ros2_rolling/install/generate_parameter_library/share/generate_parameter_library/local_setup.bash
-- Symlinking: /home/ravik/ros2_rolling/install/generate_parameter_library/share/generate_parameter_library/local_setup.sh
-- Symlinking: /home/ravik/ros2_rolling/install/generate_parameter_library/share/generate_parameter_library/local_setup.zsh
-- Symlinking: /home/ravik/ros2_rolling/install/generate_parameter_library/share/generate_parameter_library/local_setup.dsv
-- Symlinking: /home/ravik/ros2_rolling/install/generate_parameter_library/share/generate_parameter_library/package.dsv
-- Symlinking: /home/ravik/ros2_rolling/install/generate_parameter_library/share/ament_index/resource_index/packages/generate_parameter_library
-- Symlinking: /home/ravik/ros2_rolling/install/generate_parameter_library/share/generate_parameter_library/cmake/generate_parameter_library-extras.cmake
-- Symlinking: /home/ravik/ros2_rolling/install/generate_parameter_library/share/generate_parameter_library/cmake/generate_parameter_libraryConfig.cmake
-- Symlinking: /home/ravik/ros2_rolling/install/generate_parameter_library/share/generate_parameter_library/cmake/generate_parameter_libraryConfig-version.cmake
-- Symlinking: /home/ravik/ros2_rolling/install/generate_parameter_library/share/generate_parameter_library/package.xml
