[0.011s] Invoking command in '/home/ravik/ros2_rolling/build/generate_parameter_library': AMENT_PREFIX_PATH=/home/ravik/ros2_rolling/install/parameter_traits:/home/ravik/ros2_rolling/install/generate_parameter_library_py:${AMENT_PREFIX_PATH} CMAKE_PREFIX_PATH=/home/ravik/ros2_rolling/install/parameter_traits:/opt/ros/rolling/opt/gz_math_vendor:/opt/ros/rolling/opt/gz_utils_vendor:/opt/ros/rolling/opt/gz_cmake_vendor:/opt/ros/rolling LD_LIBRARY_PATH=/home/ravik/ros2_rolling/install/parameter_traits/lib:${LD_LIBRARY_PATH} PATH=/home/ravik/ros2_rolling/install/generate_parameter_library_py/bin:${PATH} PS1=\[\e]0;$(parse_ros_workspace)\a\]\[\e[1;32m\]\u\[\[\e[0;37m\]@\[\[\e[0;33m\]\h\[\[\e[1;33m\]${text}\[\[\e[0;37m\]:\[$(set_ros_workspace_color)\]$(parse_ros_workspace)\[\[\e[0;32m\]$(parse_git_bracket)\[$(set_git_color)\]$(get_gitbranch)\[\e[0;32m\]>\[\e[1;35m\]\W\[\[\e[1;35m\]$\[\[\e[0m\]\[\e[m\] PYTHONPATH=/home/ravik/ros2_rolling/build/generate_parameter_library_py:/home/ravik/ros2_rolling/install/generate_parameter_library_py/lib/python3.12/site-packages:${PYTHONPATH} /usr/bin/cmake /home/ravik/ros2_rolling/src/generate_parameter_library/generate_parameter_library -DCMAKE_EXPORT_COMPILE_COMMANDS=ON -DAMENT_CMAKE_SYMLINK_INSTALL=1 -DCMAKE_INSTALL_PREFIX=/home/ravik/ros2_rolling/install/generate_parameter_library
[0.029s] -- Found ament_cmake: 2.7.0 (/opt/ros/rolling/share/ament_cmake/cmake)
[0.202s] -- Found Python3: /usr/bin/python3 (found version "3.12.3") found components: Interpreter 
[0.272s] -- Override CMake install command with custom implementation using symlinks instead of copying resources
[0.308s] -- Found ament_lint_auto: 0.18.1 (/opt/ros/rolling/share/ament_lint_auto/cmake)
[0.417s] -- Added test 'copyright' to check source files copyright and LICENSE
[0.418s] -- Added test 'lint_cmake' to check CMake code style
[0.424s] -- Added test 'xmllint' to check XML markup files
[0.424s] -- Configuring done (0.4s)
[0.426s] -- Generating done (0.0s)
[0.426s] [33mCMake Warning:
[0.426s]   Manually-specified variables were not used by the project:
[0.427s] 
[0.427s]     CMAKE_EXPORT_COMPILE_COMMANDS
[0.427s] 
[0.427s] [0m
[0.429s] -- Build files have been written to: /home/ravik/ros2_rolling/build/generate_parameter_library
[0.431s] Invoked command in '/home/ravik/ros2_rolling/build/generate_parameter_library' returned '0': AMENT_PREFIX_PATH=/home/ravik/ros2_rolling/install/parameter_traits:/home/ravik/ros2_rolling/install/generate_parameter_library_py:${AMENT_PREFIX_PATH} CMAKE_PREFIX_PATH=/home/ravik/ros2_rolling/install/parameter_traits:/opt/ros/rolling/opt/gz_math_vendor:/opt/ros/rolling/opt/gz_utils_vendor:/opt/ros/rolling/opt/gz_cmake_vendor:/opt/ros/rolling LD_LIBRARY_PATH=/home/ravik/ros2_rolling/install/parameter_traits/lib:${LD_LIBRARY_PATH} PATH=/home/ravik/ros2_rolling/install/generate_parameter_library_py/bin:${PATH} PS1=\[\e]0;$(parse_ros_workspace)\a\]\[\e[1;32m\]\u\[\[\e[0;37m\]@\[\[\e[0;33m\]\h\[\[\e[1;33m\]${text}\[\[\e[0;37m\]:\[$(set_ros_workspace_color)\]$(parse_ros_workspace)\[\[\e[0;32m\]$(parse_git_bracket)\[$(set_git_color)\]$(get_gitbranch)\[\e[0;32m\]>\[\e[1;35m\]\W\[\[\e[1;35m\]$\[\[\e[0m\]\[\e[m\] PYTHONPATH=/home/ravik/ros2_rolling/build/generate_parameter_library_py:/home/ravik/ros2_rolling/install/generate_parameter_library_py/lib/python3.12/site-packages:${PYTHONPATH} /usr/bin/cmake /home/ravik/ros2_rolling/src/generate_parameter_library/generate_parameter_library -DCMAKE_EXPORT_COMPILE_COMMANDS=ON -DAMENT_CMAKE_SYMLINK_INSTALL=1 -DCMAKE_INSTALL_PREFIX=/home/ravik/ros2_rolling/install/generate_parameter_library
[0.431s] Invoking command in '/home/ravik/ros2_rolling/build/generate_parameter_library': AMENT_PREFIX_PATH=/home/ravik/ros2_rolling/install/parameter_traits:/home/ravik/ros2_rolling/install/generate_parameter_library_py:${AMENT_PREFIX_PATH} CMAKE_PREFIX_PATH=/home/ravik/ros2_rolling/install/parameter_traits:/opt/ros/rolling/opt/gz_math_vendor:/opt/ros/rolling/opt/gz_utils_vendor:/opt/ros/rolling/opt/gz_cmake_vendor:/opt/ros/rolling LD_LIBRARY_PATH=/home/ravik/ros2_rolling/install/parameter_traits/lib:${LD_LIBRARY_PATH} PATH=/home/ravik/ros2_rolling/install/generate_parameter_library_py/bin:${PATH} PS1=\[\e]0;$(parse_ros_workspace)\a\]\[\e[1;32m\]\u\[\[\e[0;37m\]@\[\[\e[0;33m\]\h\[\[\e[1;33m\]${text}\[\[\e[0;37m\]:\[$(set_ros_workspace_color)\]$(parse_ros_workspace)\[\[\e[0;32m\]$(parse_git_bracket)\[$(set_git_color)\]$(get_gitbranch)\[\e[0;32m\]>\[\e[1;35m\]\W\[\[\e[1;35m\]$\[\[\e[0m\]\[\e[m\] PYTHONPATH=/home/ravik/ros2_rolling/build/generate_parameter_library_py:/home/ravik/ros2_rolling/install/generate_parameter_library_py/lib/python3.12/site-packages:${PYTHONPATH} /usr/bin/cmake --build /home/ravik/ros2_rolling/build/generate_parameter_library -- -j32 -l32
[0.476s] Invoked command in '/home/ravik/ros2_rolling/build/generate_parameter_library' returned '0': AMENT_PREFIX_PATH=/home/ravik/ros2_rolling/install/parameter_traits:/home/ravik/ros2_rolling/install/generate_parameter_library_py:${AMENT_PREFIX_PATH} CMAKE_PREFIX_PATH=/home/ravik/ros2_rolling/install/parameter_traits:/opt/ros/rolling/opt/gz_math_vendor:/opt/ros/rolling/opt/gz_utils_vendor:/opt/ros/rolling/opt/gz_cmake_vendor:/opt/ros/rolling LD_LIBRARY_PATH=/home/ravik/ros2_rolling/install/parameter_traits/lib:${LD_LIBRARY_PATH} PATH=/home/ravik/ros2_rolling/install/generate_parameter_library_py/bin:${PATH} PS1=\[\e]0;$(parse_ros_workspace)\a\]\[\e[1;32m\]\u\[\[\e[0;37m\]@\[\[\e[0;33m\]\h\[\[\e[1;33m\]${text}\[\[\e[0;37m\]:\[$(set_ros_workspace_color)\]$(parse_ros_workspace)\[\[\e[0;32m\]$(parse_git_bracket)\[$(set_git_color)\]$(get_gitbranch)\[\e[0;32m\]>\[\e[1;35m\]\W\[\[\e[1;35m\]$\[\[\e[0m\]\[\e[m\] PYTHONPATH=/home/ravik/ros2_rolling/build/generate_parameter_library_py:/home/ravik/ros2_rolling/install/generate_parameter_library_py/lib/python3.12/site-packages:${PYTHONPATH} /usr/bin/cmake --build /home/ravik/ros2_rolling/build/generate_parameter_library -- -j32 -l32
[0.511s] Invoking command in '/home/ravik/ros2_rolling/build/generate_parameter_library': AMENT_PREFIX_PATH=/home/ravik/ros2_rolling/install/parameter_traits:/home/ravik/ros2_rolling/install/generate_parameter_library_py:${AMENT_PREFIX_PATH} CMAKE_PREFIX_PATH=/home/ravik/ros2_rolling/install/parameter_traits:/opt/ros/rolling/opt/gz_math_vendor:/opt/ros/rolling/opt/gz_utils_vendor:/opt/ros/rolling/opt/gz_cmake_vendor:/opt/ros/rolling LD_LIBRARY_PATH=/home/ravik/ros2_rolling/install/parameter_traits/lib:${LD_LIBRARY_PATH} PATH=/home/ravik/ros2_rolling/install/generate_parameter_library_py/bin:${PATH} PS1=\[\e]0;$(parse_ros_workspace)\a\]\[\e[1;32m\]\u\[\[\e[0;37m\]@\[\[\e[0;33m\]\h\[\[\e[1;33m\]${text}\[\[\e[0;37m\]:\[$(set_ros_workspace_color)\]$(parse_ros_workspace)\[\[\e[0;32m\]$(parse_git_bracket)\[$(set_git_color)\]$(get_gitbranch)\[\e[0;32m\]>\[\e[1;35m\]\W\[\[\e[1;35m\]$\[\[\e[0m\]\[\e[m\] PYTHONPATH=/home/ravik/ros2_rolling/build/generate_parameter_library_py:/home/ravik/ros2_rolling/install/generate_parameter_library_py/lib/python3.12/site-packages:${PYTHONPATH} /usr/bin/cmake --install /home/ravik/ros2_rolling/build/generate_parameter_library
[0.523s] -- Install configuration: ""
[0.523s] -- Execute custom install script
[0.523s] -- Symlinking: /home/ravik/ros2_rolling/install/generate_parameter_library/share/generate_parameter_library/cmake/generate_parameter_library.cmake
[0.531s] -- Symlinking: /home/ravik/ros2_rolling/install/generate_parameter_library/share/ament_index/resource_index/package_run_dependencies/generate_parameter_library
[0.540s] -- Symlinking: /home/ravik/ros2_rolling/install/generate_parameter_library/share/ament_index/resource_index/parent_prefix_path/generate_parameter_library
[0.551s] -- Symlinking: /home/ravik/ros2_rolling/install/generate_parameter_library/share/generate_parameter_library/environment/ament_prefix_path.sh
[0.562s] -- Symlinking: /home/ravik/ros2_rolling/install/generate_parameter_library/share/generate_parameter_library/environment/ament_prefix_path.dsv
[0.572s] -- Symlinking: /home/ravik/ros2_rolling/install/generate_parameter_library/share/generate_parameter_library/environment/path.sh
[0.581s] -- Symlinking: /home/ravik/ros2_rolling/install/generate_parameter_library/share/generate_parameter_library/environment/path.dsv
[0.592s] -- Symlinking: /home/ravik/ros2_rolling/install/generate_parameter_library/share/generate_parameter_library/local_setup.bash
[0.602s] -- Symlinking: /home/ravik/ros2_rolling/install/generate_parameter_library/share/generate_parameter_library/local_setup.sh
[0.612s] -- Symlinking: /home/ravik/ros2_rolling/install/generate_parameter_library/share/generate_parameter_library/local_setup.zsh
[0.622s] -- Symlinking: /home/ravik/ros2_rolling/install/generate_parameter_library/share/generate_parameter_library/local_setup.dsv
[0.630s] -- Symlinking: /home/ravik/ros2_rolling/install/generate_parameter_library/share/generate_parameter_library/package.dsv
[0.639s] -- Symlinking: /home/ravik/ros2_rolling/install/generate_parameter_library/share/ament_index/resource_index/packages/generate_parameter_library
[0.648s] -- Symlinking: /home/ravik/ros2_rolling/install/generate_parameter_library/share/generate_parameter_library/cmake/generate_parameter_library-extras.cmake
[0.655s] -- Symlinking: /home/ravik/ros2_rolling/install/generate_parameter_library/share/generate_parameter_library/cmake/generate_parameter_libraryConfig.cmake
[0.663s] -- Symlinking: /home/ravik/ros2_rolling/install/generate_parameter_library/share/generate_parameter_library/cmake/generate_parameter_libraryConfig-version.cmake
[0.672s] -- Symlinking: /home/ravik/ros2_rolling/install/generate_parameter_library/share/generate_parameter_library/package.xml
[0.682s] Invoked command in '/home/ravik/ros2_rolling/build/generate_parameter_library' returned '0': AMENT_PREFIX_PATH=/home/ravik/ros2_rolling/install/parameter_traits:/home/ravik/ros2_rolling/install/generate_parameter_library_py:${AMENT_PREFIX_PATH} CMAKE_PREFIX_PATH=/home/ravik/ros2_rolling/install/parameter_traits:/opt/ros/rolling/opt/gz_math_vendor:/opt/ros/rolling/opt/gz_utils_vendor:/opt/ros/rolling/opt/gz_cmake_vendor:/opt/ros/rolling LD_LIBRARY_PATH=/home/ravik/ros2_rolling/install/parameter_traits/lib:${LD_LIBRARY_PATH} PATH=/home/ravik/ros2_rolling/install/generate_parameter_library_py/bin:${PATH} PS1=\[\e]0;$(parse_ros_workspace)\a\]\[\e[1;32m\]\u\[\[\e[0;37m\]@\[\[\e[0;33m\]\h\[\[\e[1;33m\]${text}\[\[\e[0;37m\]:\[$(set_ros_workspace_color)\]$(parse_ros_workspace)\[\[\e[0;32m\]$(parse_git_bracket)\[$(set_git_color)\]$(get_gitbranch)\[\e[0;32m\]>\[\e[1;35m\]\W\[\[\e[1;35m\]$\[\[\e[0m\]\[\e[m\] PYTHONPATH=/home/ravik/ros2_rolling/build/generate_parameter_library_py:/home/ravik/ros2_rolling/install/generate_parameter_library_py/lib/python3.12/site-packages:${PYTHONPATH} /usr/bin/cmake --install /home/ravik/ros2_rolling/build/generate_parameter_library
