-- Found ament_cmake: 2.5.2 (/opt/ros/jazzy/share/ament_cmake/cmake)
-- Override CMake install command with custom implementation using symlinks instead of copying resources
-- Found controller_interface: 4.20.0 (/home/ravik/ros2_rolling/install/controller_interface/share/controller_interface/cmake)
-- Found rosidl_generator_c: 4.6.4 (/opt/ros/jazzy/share/rosidl_generator_c/cmake)
-- Found rosidl_generator_cpp: 4.6.4 (/opt/ros/jazzy/share/rosidl_generator_cpp/cmake)
-- Using all available rosidl_typesupport_c: rosidl_typesupport_fastrtps_c;rosidl_typesupport_introspection_c
-- Using all available rosidl_typesupport_cpp: rosidl_typesupport_fastrtps_cpp;rosidl_typesupport_introspection_cpp
-- Found TinyXML2 via Config file: /usr/lib/x86_64-linux-gnu/cmake/tinyxml2
-- Found rmw_implementation_cmake: 7.3.1 (/opt/ros/jazzy/share/rmw_implementation_cmake/cmake)
-- Found rmw_fastrtps_cpp: 8.4.1 (/opt/ros/jazzy/share/rmw_fastrtps_cpp/cmake)
-- Found TinyXML2 via Config file: /usr/lib/x86_64-linux-gnu/cmake/tinyxml2
-- Found OpenSSL: /usr/lib/x86_64-linux-gnu/libcrypto.so (found version "3.0.13")  
-- Found TinyXML2 via Config file: /usr/lib/x86_64-linux-gnu/cmake/tinyxml2
-- Found FastRTPS: /opt/ros/jazzy/include (Required is at least version "2.13") 
-- Found TinyXML2 via Config file: /usr/lib/x86_64-linux-gnu/cmake/tinyxml2
-- Found TinyXML2 via Config file: /usr/lib/x86_64-linux-gnu/cmake/tinyxml2
-- Using RMW implementation 'rmw_fastrtps_cpp' as default
-- Found generate_parameter_library: 0.3.9 (/home/ravik/ros2_rolling/install/generate_parameter_library/share/generate_parameter_library/cmake)
-- Found parameter_traits: 0.3.9 (/home/ravik/ros2_rolling/install/parameter_traits/share/parameter_traits/cmake)
-- Found nav_msgs: 5.3.5 (/opt/ros/jazzy/share/nav_msgs/cmake)
-- Found std_srvs: 5.3.5 (/opt/ros/jazzy/share/std_srvs/cmake)
-- Found tf2: 0.36.4 (/opt/ros/jazzy/share/tf2/cmake)
-- Found tf2_geometry_msgs: 0.36.4 (/opt/ros/jazzy/share/tf2_geometry_msgs/cmake)
-- Found eigen3_cmake_module: 0.3.0 (/opt/ros/jazzy/share/eigen3_cmake_module/cmake)
-- Found Eigen3: TRUE (found version "3.4.0") 
-- Ensuring Eigen3 include directory is part of orocos-kdl CMake target
-- Found ament_cmake_gmock: 2.5.2 (/opt/ros/jazzy/share/ament_cmake_gmock/cmake)
-- Found controller_manager: 4.20.0 (/home/ravik/ros2_rolling/install/controller_manager/share/controller_manager/cmake)
-- Found ros2_control_test_assets: 4.20.0 (/home/ravik/ros2_rolling/install/ros2_control_test_assets/share/ros2_control_test_assets/cmake)
-- Found gmock sources under '/opt/ros/jazzy/src/gmock_vendor': C++ tests using 'Google Mock' will be built
-- The C compiler identification is GNU 13.2.0
-- Detecting C compiler ABI info
-- Detecting C compiler ABI info - done
-- Check for working C compiler: /usr/bin/cc - skipped
-- Detecting C compile features
-- Detecting C compile features - done
-- Found ament_cmake_gtest: 2.5.2 (/opt/ros/jazzy/share/ament_cmake_gtest/cmake)
-- Found gtest sources under '/opt/ros/jazzy/src/gtest_vendor': C++ tests using 'Google Test' will be built
-- Found gmock sources under '/opt/ros/jazzy/src/gmock_vendor': C++ tests using 'Google Mock' will be built
-- Found ament_cmake_gtest: 2.5.2 (/opt/ros/jazzy/share/ament_cmake_gtest/cmake)
-- Found gtest sources under '/opt/ros/jazzy/src/gtest_vendor': C++ tests using 'Google Test' will be built
-- Found gmock sources under '/opt/ros/jazzy/src/gmock_vendor': C++ tests using 'Google Mock' will be built
-- Found ament_cmake_gtest: 2.5.2 (/opt/ros/jazzy/share/ament_cmake_gtest/cmake)
-- Found gtest sources under '/opt/ros/jazzy/src/gtest_vendor': C++ tests using 'Google Test' will be built
-- Configuring done (1.5s)
-- Generating done (0.0s)
-- Build files have been written to: /home/ravik/ros2_rolling/build/mecanum_drive_controller
[  7%] [32mBuilding CXX object gmock/CMakeFiles/gmock.dir/src/gmock-all.cc.o[0m
[ 15%] [34m[1mRunning `/home/ravik/ros2_rolling/install/generate_parameter_library_py/bin/generate_parameter_library_cpp /home/ravik/ros2_rolling/build/mecanum_drive_controller/mecanum_drive_controller_parameters/include//mecanum_drive_controller_parameters.hpp /home/ravik/ros2_rolling/ros2_controllers/mecanum_drive_controller/src/mecanum_drive_controller.yaml `[0m
[ 23%] [32mBuilding CXX object gmock/CMakeFiles/gmock.dir/opt/ros/jazzy/src/gtest_vendor/src/gtest-all.cc.o[0m
[ 23%] Built target mecanum_drive_controller_parameters
[ 30%] [32mBuilding CXX object CMakeFiles/mecanum_drive_controller.dir/src/odometry.cpp.o[0m
[ 38%] [32mBuilding CXX object CMakeFiles/mecanum_drive_controller.dir/src/mecanum_drive_controller.cpp.o[0m
[ 46%] [32m[1mLinking CXX static library libgmock.a[0m
[ 46%] Built target gmock
[ 53%] [32mBuilding CXX object CMakeFiles/test_load_mecanum_drive_controller.dir/test/test_load_mecanum_drive_controller.cpp.o[0m
[ 61%] [32m[1mLinking CXX executable test_load_mecanum_drive_controller[0m
[ 61%] Built target test_load_mecanum_drive_controller
[ 69%] [32m[1mLinking CXX shared library libmecanum_drive_controller.so[0m
[ 69%] Built target mecanum_drive_controller
[ 76%] [32mBuilding CXX object CMakeFiles/test_mecanum_drive_controller_preceeding.dir/test/test_mecanum_drive_controller_preceeding.cpp.o[0m
[ 84%] [32mBuilding CXX object CMakeFiles/test_mecanum_drive_controller.dir/test/test_mecanum_drive_controller.cpp.o[0m
[ 92%] [32m[1mLinking CXX executable test_mecanum_drive_controller_preceeding[0m
[ 92%] Built target test_mecanum_drive_controller_preceeding
[100%] [32m[1mLinking CXX executable test_mecanum_drive_controller[0m
[100%] Built target test_mecanum_drive_controller
-- Install configuration: ""
-- Execute custom install script
-- Symlinking: /home/ravik/ros2_rolling/install/mecanum_drive_controller/include/mecanum_drive_controller_parameters/mecanum_drive_controller_parameters.hpp
-- Symlinking: /home/ravik/ros2_rolling/install/mecanum_drive_controller/share/mecanum_drive_controller//mecanum_drive_controller.xml
-- Symlinking: /home/ravik/ros2_rolling/install/mecanum_drive_controller/include/mecanum_drive_controller/mecanum_drive_controller/mecanum_drive_controller.hpp
-- Symlinking: /home/ravik/ros2_rolling/install/mecanum_drive_controller/include/mecanum_drive_controller/mecanum_drive_controller/odometry.hpp
-- Symlinking: /home/ravik/ros2_rolling/install/mecanum_drive_controller/include/mecanum_drive_controller/mecanum_drive_controller/visibility_control.h
-- Symlinking: /home/ravik/ros2_rolling/install/mecanum_drive_controller/share/mecanum_drive_controller/environment/library_path.sh
-- Symlinking: /home/ravik/ros2_rolling/install/mecanum_drive_controller/share/mecanum_drive_controller/environment/library_path.dsv
-- Symlinking: /home/ravik/ros2_rolling/install/mecanum_drive_controller/share/ament_index/resource_index/package_run_dependencies/mecanum_drive_controller
-- Symlinking: /home/ravik/ros2_rolling/install/mecanum_drive_controller/share/ament_index/resource_index/parent_prefix_path/mecanum_drive_controller
-- Symlinking: /home/ravik/ros2_rolling/install/mecanum_drive_controller/share/mecanum_drive_controller/environment/ament_prefix_path.sh
-- Symlinking: /home/ravik/ros2_rolling/install/mecanum_drive_controller/share/mecanum_drive_controller/environment/ament_prefix_path.dsv
-- Symlinking: /home/ravik/ros2_rolling/install/mecanum_drive_controller/share/mecanum_drive_controller/environment/path.sh
-- Symlinking: /home/ravik/ros2_rolling/install/mecanum_drive_controller/share/mecanum_drive_controller/environment/path.dsv
-- Symlinking: /home/ravik/ros2_rolling/install/mecanum_drive_controller/share/mecanum_drive_controller/local_setup.bash
-- Symlinking: /home/ravik/ros2_rolling/install/mecanum_drive_controller/share/mecanum_drive_controller/local_setup.sh
-- Symlinking: /home/ravik/ros2_rolling/install/mecanum_drive_controller/share/mecanum_drive_controller/local_setup.zsh
-- Symlinking: /home/ravik/ros2_rolling/install/mecanum_drive_controller/share/mecanum_drive_controller/local_setup.dsv
-- Symlinking: /home/ravik/ros2_rolling/install/mecanum_drive_controller/share/mecanum_drive_controller/package.dsv
-- Symlinking: /home/ravik/ros2_rolling/install/mecanum_drive_controller/share/ament_index/resource_index/packages/mecanum_drive_controller
-- Symlinking: /home/ravik/ros2_rolling/install/mecanum_drive_controller/share/ament_index/resource_index/controller_interface__pluginlib__plugin/mecanum_drive_controller
-- Symlinking: /home/ravik/ros2_rolling/install/mecanum_drive_controller/share/mecanum_drive_controller/cmake/ament_cmake_export_targets-extras.cmake
-- Symlinking: /home/ravik/ros2_rolling/install/mecanum_drive_controller/share/mecanum_drive_controller/cmake/ament_cmake_export_dependencies-extras.cmake
-- Symlinking: /home/ravik/ros2_rolling/install/mecanum_drive_controller/share/mecanum_drive_controller/cmake/mecanum_drive_controllerConfig.cmake
-- Symlinking: /home/ravik/ros2_rolling/install/mecanum_drive_controller/share/mecanum_drive_controller/cmake/mecanum_drive_controllerConfig-version.cmake
-- Symlinking: /home/ravik/ros2_rolling/install/mecanum_drive_controller/share/mecanum_drive_controller/package.xml
-- Installing: /home/ravik/ros2_rolling/install/mecanum_drive_controller/lib/libmecanum_drive_controller.so
-- Set non-toolchain portion of runtime path of "/home/ravik/ros2_rolling/install/mecanum_drive_controller/lib/libmecanum_drive_controller.so" to ""
-- Installing: /home/ravik/ros2_rolling/install/mecanum_drive_controller/share/mecanum_drive_controller/cmake/export_mecanum_drive_controllerExport.cmake
-- Installing: /home/ravik/ros2_rolling/install/mecanum_drive_controller/share/mecanum_drive_controller/cmake/export_mecanum_drive_controllerExport-noconfig.cmake
