-- Found ament_cmake: 2.7.0 (/opt/ros/rolling/share/ament_cmake/cmake)
-- Override CMake install command with custom implementation using symlinks instead of copying resources
-- Found rclcpp: 28.3.3 (/opt/ros/rolling/share/rclcpp/cmake)
-- Found rosidl_generator_c: 4.8.1 (/opt/ros/rolling/share/rosidl_generator_c/cmake)
-- Found rosidl_generator_cpp: 4.8.1 (/opt/ros/rolling/share/rosidl_generator_cpp/cmake)
-- Using all available rosidl_typesupport_c: rosidl_typesupport_fastrtps_c;rosidl_typesupport_introspection_c
-- Using all available rosidl_typesupport_cpp: rosidl_typesupport_fastrtps_cpp;rosidl_typesupport_introspection_cpp
-- Found rmw_implementation_cmake: 7.4.3 (/opt/ros/rolling/share/rmw_implementation_cmake/cmake)
-- Found rmw_fastrtps_cpp: 9.0.1 (/opt/ros/rolling/share/rmw_fastrtps_cpp/cmake)
-- Using RMW implementation 'rmw_fastrtps_cpp' as default
-- Found tcb_span: 1.0.2 (/opt/ros/rolling/share/tcb_span/cmake)
-- Found tl_expected: 1.0.2 (/opt/ros/rolling/share/tl_expected/cmake)
-- Found ament_lint_auto: 0.18.1 (/opt/ros/rolling/share/ament_lint_auto/cmake)
-- Added test 'copyright' to check source files copyright and LICENSE
-- Added test 'cppcheck' to perform static code analysis on C / C++ code
-- Configured cppcheck include dirs: $<BUILD_INTERFACE:/home/ravik/ros2_rolling/src/generate_parameter_library/parameter_traits/include>
-- Configured cppcheck exclude dirs and/or files: 
-- Added test 'lint_cmake' to check CMake code style
-- Added test 'xmllint' to check XML markup files
-- Configuring done (0.5s)
-- Generating done (0.0s)
-- Build files have been written to: /home/ravik/ros2_rolling/build/parameter_traits
-- Install configuration: ""
-- Execute custom install script
-- Symlinking: /home/ravik/ros2_rolling/install/parameter_traits/include/parameter_traits/parameter_traits/parameter_traits.hpp
-- Symlinking: /home/ravik/ros2_rolling/install/parameter_traits/share/parameter_traits/environment/library_path.sh
-- Symlinking: /home/ravik/ros2_rolling/install/parameter_traits/share/parameter_traits/environment/library_path.dsv
-- Symlinking: /home/ravik/ros2_rolling/install/parameter_traits/share/ament_index/resource_index/package_run_dependencies/parameter_traits
-- Symlinking: /home/ravik/ros2_rolling/install/parameter_traits/share/ament_index/resource_index/parent_prefix_path/parameter_traits
-- Symlinking: /home/ravik/ros2_rolling/install/parameter_traits/share/parameter_traits/environment/ament_prefix_path.sh
-- Symlinking: /home/ravik/ros2_rolling/install/parameter_traits/share/parameter_traits/environment/ament_prefix_path.dsv
-- Symlinking: /home/ravik/ros2_rolling/install/parameter_traits/share/parameter_traits/environment/path.sh
-- Symlinking: /home/ravik/ros2_rolling/install/parameter_traits/share/parameter_traits/environment/path.dsv
-- Symlinking: /home/ravik/ros2_rolling/install/parameter_traits/share/parameter_traits/local_setup.bash
-- Symlinking: /home/ravik/ros2_rolling/install/parameter_traits/share/parameter_traits/local_setup.sh
-- Symlinking: /home/ravik/ros2_rolling/install/parameter_traits/share/parameter_traits/local_setup.zsh
-- Symlinking: /home/ravik/ros2_rolling/install/parameter_traits/share/parameter_traits/local_setup.dsv
-- Symlinking: /home/ravik/ros2_rolling/install/parameter_traits/share/parameter_traits/package.dsv
-- Symlinking: /home/ravik/ros2_rolling/install/parameter_traits/share/ament_index/resource_index/packages/parameter_traits
-- Symlinking: /home/ravik/ros2_rolling/install/parameter_traits/share/parameter_traits/cmake/ament_cmake_export_targets-extras.cmake
-- Symlinking: /home/ravik/ros2_rolling/install/parameter_traits/share/parameter_traits/cmake/ament_cmake_export_dependencies-extras.cmake
-- Symlinking: /home/ravik/ros2_rolling/install/parameter_traits/share/parameter_traits/cmake/parameter_traitsConfig.cmake
-- Symlinking: /home/ravik/ros2_rolling/install/parameter_traits/share/parameter_traits/cmake/parameter_traitsConfig-version.cmake
-- Symlinking: /home/ravik/ros2_rolling/install/parameter_traits/share/parameter_traits/package.xml
-- Installing: /home/ravik/ros2_rolling/install/parameter_traits/share/parameter_traits/cmake/export_parameter_traitsExport.cmake
