[0.157s] Invoking command in '/home/ravik/ros2_rolling/build/parameter_traits': CMAKE_PREFIX_PATH=${CMAKE_PREFIX_PATH}:/opt/ros/rolling PS1=\[\e]0;$(parse_ros_workspace)\a\]\[\e[1;32m\]\u\[\[\e[0;37m\]@\[\[\e[0;33m\]\h\[\[\e[1;33m\]${text}\[\[\e[0;37m\]:\[$(set_ros_workspace_color)\]$(parse_ros_workspace)\[\[\e[0;32m\]$(parse_git_bracket)\[$(set_git_color)\]$(get_gitbranch)\[\e[0;32m\]>\[\e[1;35m\]\W\[\[\e[1;35m\]$\[\[\e[0m\]\[\e[m\] /usr/bin/cmake /home/ravik/ros2_rolling/src/generate_parameter_library/parameter_traits -DCMAKE_EXPORT_COMPILE_COMMANDS=ON -DAMENT_CMAKE_SYMLINK_INSTALL=1 -DCMAKE_INSTALL_PREFIX=/home/ravik/ros2_rolling/install/parameter_traits
[0.173s] -- Found ament_cmake: 2.7.0 (/opt/ros/rolling/share/ament_cmake/cmake)
[0.340s] -- Override CMake install command with custom implementation using symlinks instead of copying resources
[0.349s] -- Found rclcpp: 28.3.3 (/opt/ros/rolling/share/rclcpp/cmake)
[0.370s] -- Found rosidl_generator_c: 4.8.1 (/opt/ros/rolling/share/rosidl_generator_c/cmake)
[0.376s] -- Found rosidl_generator_cpp: 4.8.1 (/opt/ros/rolling/share/rosidl_generator_cpp/cmake)
[0.385s] -- Using all available rosidl_typesupport_c: rosidl_typesupport_fastrtps_c;rosidl_typesupport_introspection_c
[0.394s] -- Using all available rosidl_typesupport_cpp: rosidl_typesupport_fastrtps_cpp;rosidl_typesupport_introspection_cpp
[0.440s] -- Found rmw_implementation_cmake: 7.4.3 (/opt/ros/rolling/share/rmw_implementation_cmake/cmake)
[0.441s] -- Found rmw_fastrtps_cpp: 9.0.1 (/opt/ros/rolling/share/rmw_fastrtps_cpp/cmake)
[0.494s] -- Using RMW implementation 'rmw_fastrtps_cpp' as default
[0.566s] -- Found tcb_span: 1.0.2 (/opt/ros/rolling/share/tcb_span/cmake)
[0.567s] -- Found tl_expected: 1.0.2 (/opt/ros/rolling/share/tl_expected/cmake)
[0.569s] -- Found ament_lint_auto: 0.18.1 (/opt/ros/rolling/share/ament_lint_auto/cmake)
[0.660s] -- Added test 'copyright' to check source files copyright and LICENSE
[0.661s] -- Added test 'cppcheck' to perform static code analysis on C / C++ code
[0.661s] -- Configured cppcheck include dirs: $<BUILD_INTERFACE:/home/ravik/ros2_rolling/src/generate_parameter_library/parameter_traits/include>
[0.662s] -- Configured cppcheck exclude dirs and/or files: 
[0.662s] -- Added test 'lint_cmake' to check CMake code style
[0.663s] -- Added test 'xmllint' to check XML markup files
[0.666s] -- Configuring done (0.5s)
[0.672s] -- Generating done (0.0s)
[0.674s] -- Build files have been written to: /home/ravik/ros2_rolling/build/parameter_traits
[0.681s] Invoked command in '/home/ravik/ros2_rolling/build/parameter_traits' returned '0': CMAKE_PREFIX_PATH=${CMAKE_PREFIX_PATH}:/opt/ros/rolling PS1=\[\e]0;$(parse_ros_workspace)\a\]\[\e[1;32m\]\u\[\[\e[0;37m\]@\[\[\e[0;33m\]\h\[\[\e[1;33m\]${text}\[\[\e[0;37m\]:\[$(set_ros_workspace_color)\]$(parse_ros_workspace)\[\[\e[0;32m\]$(parse_git_bracket)\[$(set_git_color)\]$(get_gitbranch)\[\e[0;32m\]>\[\e[1;35m\]\W\[\[\e[1;35m\]$\[\[\e[0m\]\[\e[m\] /usr/bin/cmake /home/ravik/ros2_rolling/src/generate_parameter_library/parameter_traits -DCMAKE_EXPORT_COMPILE_COMMANDS=ON -DAMENT_CMAKE_SYMLINK_INSTALL=1 -DCMAKE_INSTALL_PREFIX=/home/ravik/ros2_rolling/install/parameter_traits
[0.682s] Invoking command in '/home/ravik/ros2_rolling/build/parameter_traits': CMAKE_PREFIX_PATH=${CMAKE_PREFIX_PATH}:/opt/ros/rolling PS1=\[\e]0;$(parse_ros_workspace)\a\]\[\e[1;32m\]\u\[\[\e[0;37m\]@\[\[\e[0;33m\]\h\[\[\e[1;33m\]${text}\[\[\e[0;37m\]:\[$(set_ros_workspace_color)\]$(parse_ros_workspace)\[\[\e[0;32m\]$(parse_git_bracket)\[$(set_git_color)\]$(get_gitbranch)\[\e[0;32m\]>\[\e[1;35m\]\W\[\[\e[1;35m\]$\[\[\e[0m\]\[\e[m\] /usr/bin/cmake --build /home/ravik/ros2_rolling/build/parameter_traits -- -j32 -l32
[0.724s] Invoked command in '/home/ravik/ros2_rolling/build/parameter_traits' returned '0': CMAKE_PREFIX_PATH=${CMAKE_PREFIX_PATH}:/opt/ros/rolling PS1=\[\e]0;$(parse_ros_workspace)\a\]\[\e[1;32m\]\u\[\[\e[0;37m\]@\[\[\e[0;33m\]\h\[\[\e[1;33m\]${text}\[\[\e[0;37m\]:\[$(set_ros_workspace_color)\]$(parse_ros_workspace)\[\[\e[0;32m\]$(parse_git_bracket)\[$(set_git_color)\]$(get_gitbranch)\[\e[0;32m\]>\[\e[1;35m\]\W\[\[\e[1;35m\]$\[\[\e[0m\]\[\e[m\] /usr/bin/cmake --build /home/ravik/ros2_rolling/build/parameter_traits -- -j32 -l32
[0.742s] Invoking command in '/home/ravik/ros2_rolling/build/parameter_traits': CMAKE_PREFIX_PATH=${CMAKE_PREFIX_PATH}:/opt/ros/rolling PS1=\[\e]0;$(parse_ros_workspace)\a\]\[\e[1;32m\]\u\[\[\e[0;37m\]@\[\[\e[0;33m\]\h\[\[\e[1;33m\]${text}\[\[\e[0;37m\]:\[$(set_ros_workspace_color)\]$(parse_ros_workspace)\[\[\e[0;32m\]$(parse_git_bracket)\[$(set_git_color)\]$(get_gitbranch)\[\e[0;32m\]>\[\e[1;35m\]\W\[\[\e[1;35m\]$\[\[\e[0m\]\[\e[m\] /usr/bin/cmake --install /home/ravik/ros2_rolling/build/parameter_traits
[0.749s] -- Install configuration: ""
[0.750s] -- Execute custom install script
[0.750s] -- Symlinking: /home/ravik/ros2_rolling/install/parameter_traits/include/parameter_traits/parameter_traits/parameter_traits.hpp
[0.758s] -- Symlinking: /home/ravik/ros2_rolling/install/parameter_traits/share/parameter_traits/environment/library_path.sh
[0.766s] -- Symlinking: /home/ravik/ros2_rolling/install/parameter_traits/share/parameter_traits/environment/library_path.dsv
[0.773s] -- Symlinking: /home/ravik/ros2_rolling/install/parameter_traits/share/ament_index/resource_index/package_run_dependencies/parameter_traits
[0.781s] -- Symlinking: /home/ravik/ros2_rolling/install/parameter_traits/share/ament_index/resource_index/parent_prefix_path/parameter_traits
[0.786s] -- Symlinking: /home/ravik/ros2_rolling/install/parameter_traits/share/parameter_traits/environment/ament_prefix_path.sh
[0.794s] -- Symlinking: /home/ravik/ros2_rolling/install/parameter_traits/share/parameter_traits/environment/ament_prefix_path.dsv
[0.802s] -- Symlinking: /home/ravik/ros2_rolling/install/parameter_traits/share/parameter_traits/environment/path.sh
[0.810s] -- Symlinking: /home/ravik/ros2_rolling/install/parameter_traits/share/parameter_traits/environment/path.dsv
[0.816s] -- Symlinking: /home/ravik/ros2_rolling/install/parameter_traits/share/parameter_traits/local_setup.bash
[0.824s] -- Symlinking: /home/ravik/ros2_rolling/install/parameter_traits/share/parameter_traits/local_setup.sh
[0.832s] -- Symlinking: /home/ravik/ros2_rolling/install/parameter_traits/share/parameter_traits/local_setup.zsh
[0.839s] -- Symlinking: /home/ravik/ros2_rolling/install/parameter_traits/share/parameter_traits/local_setup.dsv
[0.847s] -- Symlinking: /home/ravik/ros2_rolling/install/parameter_traits/share/parameter_traits/package.dsv
[0.856s] -- Symlinking: /home/ravik/ros2_rolling/install/parameter_traits/share/ament_index/resource_index/packages/parameter_traits
[0.865s] -- Symlinking: /home/ravik/ros2_rolling/install/parameter_traits/share/parameter_traits/cmake/ament_cmake_export_targets-extras.cmake
[0.871s] -- Symlinking: /home/ravik/ros2_rolling/install/parameter_traits/share/parameter_traits/cmake/ament_cmake_export_dependencies-extras.cmake
[0.881s] -- Symlinking: /home/ravik/ros2_rolling/install/parameter_traits/share/parameter_traits/cmake/parameter_traitsConfig.cmake
[0.890s] -- Symlinking: /home/ravik/ros2_rolling/install/parameter_traits/share/parameter_traits/cmake/parameter_traitsConfig-version.cmake
[0.899s] -- Symlinking: /home/ravik/ros2_rolling/install/parameter_traits/share/parameter_traits/package.xml
[0.905s] -- Installing: /home/ravik/ros2_rolling/install/parameter_traits/share/parameter_traits/cmake/export_parameter_traitsExport.cmake
[0.907s] Invoked command in '/home/ravik/ros2_rolling/build/parameter_traits' returned '0': CMAKE_PREFIX_PATH=${CMAKE_PREFIX_PATH}:/opt/ros/rolling PS1=\[\e]0;$(parse_ros_workspace)\a\]\[\e[1;32m\]\u\[\[\e[0;37m\]@\[\[\e[0;33m\]\h\[\[\e[1;33m\]${text}\[\[\e[0;37m\]:\[$(set_ros_workspace_color)\]$(parse_ros_workspace)\[\[\e[0;32m\]$(parse_git_bracket)\[$(set_git_color)\]$(get_gitbranch)\[\e[0;32m\]>\[\e[1;35m\]\W\[\[\e[1;35m\]$\[\[\e[0m\]\[\e[m\] /usr/bin/cmake --install /home/ravik/ros2_rolling/build/parameter_traits
