[0.052s] Invoking command in '/home/ravik/ros2_rolling/build/imu_sensor_broadcaster': AMENT_PREFIX_PATH=/home/ravik/ros2_rolling/install/controller_manager:/home/ravik/ros2_rolling/install/hardware_interface_testing:/home/ravik/ros2_rolling/install/controller_interface:/home/ravik/ros2_rolling/install/hardware_interface:/home/ravik/ros2_rolling/install/joint_limits:/home/ravik/ros2_rolling/install/generate_parameter_library:/home/ravik/ros2_rolling/install/ros2_control_test_assets:/home/ravik/ros2_rolling/install/realtime_tools:/home/ravik/ros2_rolling/install/parameter_traits:/home/ravik/ros2_rolling/install/generate_parameter_library_py:/home/ravik/ros2_rolling/install/controller_manager_msgs:/home/ravik/ros2_rolling/install/control_msgs:${AMENT_PREFIX_PATH} CMAKE_PREFIX_PATH=/home/ravik/ros2_rolling/install/controller_manager:/home/ravik/ros2_rolling/install/hardware_interface_testing:/home/ravik/ros2_rolling/install/controller_interface:/home/ravik/ros2_rolling/install/hardware_interface:/home/ravik/ros2_rolling/install/joint_limits:/home/ravik/ros2_rolling/install/generate_parameter_library:/home/ravik/ros2_rolling/install/ros2_control_test_assets:/home/ravik/ros2_rolling/install/realtime_tools:/home/ravik/ros2_rolling/install/parameter_traits:/home/ravik/ros2_rolling/install/controller_manager_msgs:/home/ravik/ros2_rolling/install/control_msgs:/opt/ros/rolling/opt/gz_math_vendor:/opt/ros/rolling/opt/gz_utils_vendor:/opt/ros/rolling/opt/gz_cmake_vendor:/opt/ros/rolling LD_LIBRARY_PATH=/home/ravik/ros2_rolling/install/controller_manager/lib:/home/ravik/ros2_rolling/install/hardware_interface_testing/lib:/home/ravik/ros2_rolling/install/controller_interface/lib:/home/ravik/ros2_rolling/install/hardware_interface/lib:/home/ravik/ros2_rolling/install/joint_limits/lib:/home/ravik/ros2_rolling/install/ros2_control_test_assets/lib:/home/ravik/ros2_rolling/install/realtime_tools/lib:/home/ravik/ros2_rolling/install/parameter_traits/lib:/home/ravik/ros2_rolling/install/controller_manager_msgs/lib:/home/ravik/ros2_rolling/install/control_msgs/lib:${LD_LIBRARY_PATH} PATH=/home/ravik/ros2_rolling/install/generate_parameter_library_py/bin:${PATH} PS1=\[\e]0;$(parse_ros_workspace)\a\]\[\e[1;32m\]\u\[\[\e[0;37m\]@\[\[\e[0;33m\]\h\[\[\e[1;33m\]${text}\[\[\e[0;37m\]:\[$(set_ros_workspace_color)\]$(parse_ros_workspace)\[\[\e[0;32m\]$(parse_git_bracket)\[$(set_git_color)\]$(get_gitbranch)\[\e[0;32m\]>\[\e[1;35m\]\W\[\[\e[1;35m\]$\[\[\e[0m\]\[\e[m\] PYTHONPATH=/home/ravik/ros2_rolling/install/controller_manager/lib/python3.12/site-packages:/home/ravik/ros2_rolling/build/generate_parameter_library_py:/home/ravik/ros2_rolling/install/generate_parameter_library_py/lib/python3.12/site-packages:/home/ravik/ros2_rolling/install/controller_manager_msgs/lib/python3.12/site-packages:/home/ravik/ros2_rolling/install/control_msgs/lib/python3.12/site-packages:${PYTHONPATH} /usr/bin/cmake /home/ravik/ros2_rolling/src/ros2_controllers/imu_sensor_broadcaster -DCMAKE_EXPORT_COMPILE_COMMANDS=ON -DAMENT_CMAKE_SYMLINK_INSTALL=1 -DCMAKE_INSTALL_PREFIX=/home/ravik/ros2_rolling/install/imu_sensor_broadcaster
[0.110s] -- The CXX compiler identification is GNU 13.2.0
[0.126s] -- Detecting CXX compiler ABI info
[0.207s] -- Detecting CXX compiler ABI info - done
[0.214s] -- Check for working CXX compiler: /usr/bin/c++ - skipped
[0.214s] -- Detecting CXX compile features
[0.214s] -- Detecting CXX compile features - done
[0.219s] -- Found ament_cmake: 2.7.0 (/opt/ros/rolling/share/ament_cmake/cmake)
[0.352s] -- Found Python3: /usr/bin/python3 (found version "3.12.3") found components: Interpreter 
[0.415s] -- Override CMake install command with custom implementation using symlinks instead of copying resources
[0.473s] -- Found controller_interface: 4.20.0 (/home/ravik/ros2_rolling/install/controller_interface/share/controller_interface/cmake)
[0.531s] -- Found rosidl_generator_c: 4.8.1 (/opt/ros/rolling/share/rosidl_generator_c/cmake)
[0.552s] -- Found rosidl_generator_cpp: 4.8.1 (/opt/ros/rolling/share/rosidl_generator_cpp/cmake)
[0.576s] -- Using all available rosidl_typesupport_c: rosidl_typesupport_fastrtps_c;rosidl_typesupport_introspection_c
[0.603s] -- Using all available rosidl_typesupport_cpp: rosidl_typesupport_fastrtps_cpp;rosidl_typesupport_introspection_cpp
[0.922s] -- Found TinyXML2 via Config file: /usr/lib/x86_64-linux-gnu/cmake/tinyxml2
[0.991s] -- Found rmw_implementation_cmake: 7.4.3 (/opt/ros/rolling/share/rmw_implementation_cmake/cmake)
[0.996s] -- Found rmw_fastrtps_cpp: 9.0.1 (/opt/ros/rolling/share/rmw_fastrtps_cpp/cmake)
[1.031s] -- Found TinyXML2 via Config file: /usr/lib/x86_64-linux-gnu/cmake/tinyxml2
[1.076s] -- Found OpenSSL: /usr/lib/x86_64-linux-gnu/libcrypto.so (found version "3.0.13")  
[1.079s] -- Found TinyXML2 via Config file: /usr/lib/x86_64-linux-gnu/cmake/tinyxml2
[1.091s] -- Found FastRTPS: /opt/ros/rolling/include (Required is at least version "2.13") 
[1.094s] -- Found TinyXML2 via Config file: /usr/lib/x86_64-linux-gnu/cmake/tinyxml2
[1.103s] -- Found TinyXML2 via Config file: /usr/lib/x86_64-linux-gnu/cmake/tinyxml2
[1.111s] -- Using RMW implementation 'rmw_fastrtps_cpp' as default
[1.341s] -- Found generate_parameter_library: 0.3.9 (/home/ravik/ros2_rolling/install/generate_parameter_library/share/generate_parameter_library/cmake)
[1.347s] -- Found parameter_traits: 0.3.9 (/home/ravik/ros2_rolling/install/parameter_traits/share/parameter_traits/cmake)
[1.383s] -- Found ament_cmake_gmock: 2.7.0 (/opt/ros/rolling/share/ament_cmake_gmock/cmake)
[1.383s] -- Found controller_manager: 4.20.0 (/home/ravik/ros2_rolling/install/controller_manager/share/controller_manager/cmake)
[1.466s] -- Found ros2_control_test_assets: 4.20.0 (/home/ravik/ros2_rolling/install/ros2_control_test_assets/share/ros2_control_test_assets/cmake)
[1.469s] -- Found gmock sources under '/opt/ros/rolling/src/gmock_vendor': C++ tests using 'Google Mock' will be built
[1.506s] -- The C compiler identification is GNU 13.2.0
[1.519s] -- Detecting C compiler ABI info
[1.606s] -- Detecting C compiler ABI info - done
[1.617s] -- Check for working C compiler: /usr/bin/cc - skipped
[1.617s] -- Detecting C compile features
[1.618s] -- Detecting C compile features - done
[1.626s] -- Found ament_cmake_gtest: 2.7.0 (/opt/ros/rolling/share/ament_cmake_gtest/cmake)
[1.627s] -- Found gtest sources under '/opt/ros/rolling/src/gtest_vendor': C++ tests using 'Google Test' will be built
[1.749s] -- Configuring done (1.7s)
[1.804s] -- Generating done (0.0s)
[1.808s] -- Build files have been written to: /home/ravik/ros2_rolling/build/imu_sensor_broadcaster
[1.831s] Invoked command in '/home/ravik/ros2_rolling/build/imu_sensor_broadcaster' returned '0': AMENT_PREFIX_PATH=/home/ravik/ros2_rolling/install/controller_manager:/home/ravik/ros2_rolling/install/hardware_interface_testing:/home/ravik/ros2_rolling/install/controller_interface:/home/ravik/ros2_rolling/install/hardware_interface:/home/ravik/ros2_rolling/install/joint_limits:/home/ravik/ros2_rolling/install/generate_parameter_library:/home/ravik/ros2_rolling/install/ros2_control_test_assets:/home/ravik/ros2_rolling/install/realtime_tools:/home/ravik/ros2_rolling/install/parameter_traits:/home/ravik/ros2_rolling/install/generate_parameter_library_py:/home/ravik/ros2_rolling/install/controller_manager_msgs:/home/ravik/ros2_rolling/install/control_msgs:${AMENT_PREFIX_PATH} CMAKE_PREFIX_PATH=/home/ravik/ros2_rolling/install/controller_manager:/home/ravik/ros2_rolling/install/hardware_interface_testing:/home/ravik/ros2_rolling/install/controller_interface:/home/ravik/ros2_rolling/install/hardware_interface:/home/ravik/ros2_rolling/install/joint_limits:/home/ravik/ros2_rolling/install/generate_parameter_library:/home/ravik/ros2_rolling/install/ros2_control_test_assets:/home/ravik/ros2_rolling/install/realtime_tools:/home/ravik/ros2_rolling/install/parameter_traits:/home/ravik/ros2_rolling/install/controller_manager_msgs:/home/ravik/ros2_rolling/install/control_msgs:/opt/ros/rolling/opt/gz_math_vendor:/opt/ros/rolling/opt/gz_utils_vendor:/opt/ros/rolling/opt/gz_cmake_vendor:/opt/ros/rolling LD_LIBRARY_PATH=/home/ravik/ros2_rolling/install/controller_manager/lib:/home/ravik/ros2_rolling/install/hardware_interface_testing/lib:/home/ravik/ros2_rolling/install/controller_interface/lib:/home/ravik/ros2_rolling/install/hardware_interface/lib:/home/ravik/ros2_rolling/install/joint_limits/lib:/home/ravik/ros2_rolling/install/ros2_control_test_assets/lib:/home/ravik/ros2_rolling/install/realtime_tools/lib:/home/ravik/ros2_rolling/install/parameter_traits/lib:/home/ravik/ros2_rolling/install/controller_manager_msgs/lib:/home/ravik/ros2_rolling/install/control_msgs/lib:${LD_LIBRARY_PATH} PATH=/home/ravik/ros2_rolling/install/generate_parameter_library_py/bin:${PATH} PS1=\[\e]0;$(parse_ros_workspace)\a\]\[\e[1;32m\]\u\[\[\e[0;37m\]@\[\[\e[0;33m\]\h\[\[\e[1;33m\]${text}\[\[\e[0;37m\]:\[$(set_ros_workspace_color)\]$(parse_ros_workspace)\[\[\e[0;32m\]$(parse_git_bracket)\[$(set_git_color)\]$(get_gitbranch)\[\e[0;32m\]>\[\e[1;35m\]\W\[\[\e[1;35m\]$\[\[\e[0m\]\[\e[m\] PYTHONPATH=/home/ravik/ros2_rolling/install/controller_manager/lib/python3.12/site-packages:/home/ravik/ros2_rolling/build/generate_parameter_library_py:/home/ravik/ros2_rolling/install/generate_parameter_library_py/lib/python3.12/site-packages:/home/ravik/ros2_rolling/install/controller_manager_msgs/lib/python3.12/site-packages:/home/ravik/ros2_rolling/install/control_msgs/lib/python3.12/site-packages:${PYTHONPATH} /usr/bin/cmake /home/ravik/ros2_rolling/src/ros2_controllers/imu_sensor_broadcaster -DCMAKE_EXPORT_COMPILE_COMMANDS=ON -DAMENT_CMAKE_SYMLINK_INSTALL=1 -DCMAKE_INSTALL_PREFIX=/home/ravik/ros2_rolling/install/imu_sensor_broadcaster
[1.832s] Invoking command in '/home/ravik/ros2_rolling/build/imu_sensor_broadcaster': AMENT_PREFIX_PATH=/home/ravik/ros2_rolling/install/controller_manager:/home/ravik/ros2_rolling/install/hardware_interface_testing:/home/ravik/ros2_rolling/install/controller_interface:/home/ravik/ros2_rolling/install/hardware_interface:/home/ravik/ros2_rolling/install/joint_limits:/home/ravik/ros2_rolling/install/generate_parameter_library:/home/ravik/ros2_rolling/install/ros2_control_test_assets:/home/ravik/ros2_rolling/install/realtime_tools:/home/ravik/ros2_rolling/install/parameter_traits:/home/ravik/ros2_rolling/install/generate_parameter_library_py:/home/ravik/ros2_rolling/install/controller_manager_msgs:/home/ravik/ros2_rolling/install/control_msgs:${AMENT_PREFIX_PATH} CMAKE_PREFIX_PATH=/home/ravik/ros2_rolling/install/controller_manager:/home/ravik/ros2_rolling/install/hardware_interface_testing:/home/ravik/ros2_rolling/install/controller_interface:/home/ravik/ros2_rolling/install/hardware_interface:/home/ravik/ros2_rolling/install/joint_limits:/home/ravik/ros2_rolling/install/generate_parameter_library:/home/ravik/ros2_rolling/install/ros2_control_test_assets:/home/ravik/ros2_rolling/install/realtime_tools:/home/ravik/ros2_rolling/install/parameter_traits:/home/ravik/ros2_rolling/install/controller_manager_msgs:/home/ravik/ros2_rolling/install/control_msgs:/opt/ros/rolling/opt/gz_math_vendor:/opt/ros/rolling/opt/gz_utils_vendor:/opt/ros/rolling/opt/gz_cmake_vendor:/opt/ros/rolling LD_LIBRARY_PATH=/home/ravik/ros2_rolling/install/controller_manager/lib:/home/ravik/ros2_rolling/install/hardware_interface_testing/lib:/home/ravik/ros2_rolling/install/controller_interface/lib:/home/ravik/ros2_rolling/install/hardware_interface/lib:/home/ravik/ros2_rolling/install/joint_limits/lib:/home/ravik/ros2_rolling/install/ros2_control_test_assets/lib:/home/ravik/ros2_rolling/install/realtime_tools/lib:/home/ravik/ros2_rolling/install/parameter_traits/lib:/home/ravik/ros2_rolling/install/controller_manager_msgs/lib:/home/ravik/ros2_rolling/install/control_msgs/lib:${LD_LIBRARY_PATH} PATH=/home/ravik/ros2_rolling/install/generate_parameter_library_py/bin:${PATH} PS1=\[\e]0;$(parse_ros_workspace)\a\]\[\e[1;32m\]\u\[\[\e[0;37m\]@\[\[\e[0;33m\]\h\[\[\e[1;33m\]${text}\[\[\e[0;37m\]:\[$(set_ros_workspace_color)\]$(parse_ros_workspace)\[\[\e[0;32m\]$(parse_git_bracket)\[$(set_git_color)\]$(get_gitbranch)\[\e[0;32m\]>\[\e[1;35m\]\W\[\[\e[1;35m\]$\[\[\e[0m\]\[\e[m\] PYTHONPATH=/home/ravik/ros2_rolling/install/controller_manager/lib/python3.12/site-packages:/home/ravik/ros2_rolling/build/generate_parameter_library_py:/home/ravik/ros2_rolling/install/generate_parameter_library_py/lib/python3.12/site-packages:/home/ravik/ros2_rolling/install/controller_manager_msgs/lib/python3.12/site-packages:/home/ravik/ros2_rolling/install/control_msgs/lib/python3.12/site-packages:${PYTHONPATH} /usr/bin/cmake --build /home/ravik/ros2_rolling/build/imu_sensor_broadcaster -- -j32 -l32
[1.914s] [  8%] [32mBuilding CXX object gmock/CMakeFiles/gmock.dir/opt/ros/rolling/src/gtest_vendor/src/gtest-all.cc.o[0m
[1.914s] [ 16%] [32mBuilding CXX object gmock/CMakeFiles/gmock.dir/src/gmock-all.cc.o[0m
[1.916s] [ 25%] [34m[1mRunning `/home/ravik/ros2_rolling/install/generate_parameter_library_py/bin/generate_parameter_library_cpp /home/ravik/ros2_rolling/build/imu_sensor_broadcaster/imu_sensor_broadcaster_parameters/include//imu_sensor_broadcaster_parameters.hpp /home/ravik/ros2_rolling/src/ros2_controllers/imu_sensor_broadcaster/src/imu_sensor_broadcaster_parameters.yaml `[0m
[1.919s] [ 33%] [32mBuilding CXX object gmock/CMakeFiles/gmock_main.dir/src/gmock_main.cc.o[0m
[3.248s] [ 33%] Built target imu_sensor_broadcaster_parameters
[3.302s] [ 41%] [32mBuilding CXX object CMakeFiles/imu_sensor_broadcaster.dir/src/imu_sensor_broadcaster.cpp.o[0m
[5.499s] [ 50%] [32m[1mLinking CXX static library libgmock_main.a[0m
[5.593s] [ 50%] Built target gmock_main
[9.646s] [ 58%] [32m[1mLinking CXX static library libgmock.a[0m
[9.710s] [ 58%] Built target gmock
[11.058s] [ 66%] [32m[1mLinking CXX shared library libimu_sensor_broadcaster.so[0m
[11.340s] [ 66%] Built target imu_sensor_broadcaster
[11.367s] [ 75%] [32mBuilding CXX object CMakeFiles/test_imu_sensor_broadcaster.dir/test/test_imu_sensor_broadcaster.cpp.o[0m
[11.370s] [ 83%] [32mBuilding CXX object CMakeFiles/test_load_imu_sensor_broadcaster.dir/test/test_load_imu_sensor_broadcaster.cpp.o[0m
[19.014s] [ 91%] [32m[1mLinking CXX executable test_imu_sensor_broadcaster[0m
[19.243s] [100%] [32m[1mLinking CXX executable test_load_imu_sensor_broadcaster[0m
[19.433s] [100%] Built target test_imu_sensor_broadcaster
[19.763s] [100%] Built target test_load_imu_sensor_broadcaster
[19.777s] Invoked command in '/home/ravik/ros2_rolling/build/imu_sensor_broadcaster' returned '0': AMENT_PREFIX_PATH=/home/ravik/ros2_rolling/install/controller_manager:/home/ravik/ros2_rolling/install/hardware_interface_testing:/home/ravik/ros2_rolling/install/controller_interface:/home/ravik/ros2_rolling/install/hardware_interface:/home/ravik/ros2_rolling/install/joint_limits:/home/ravik/ros2_rolling/install/generate_parameter_library:/home/ravik/ros2_rolling/install/ros2_control_test_assets:/home/ravik/ros2_rolling/install/realtime_tools:/home/ravik/ros2_rolling/install/parameter_traits:/home/ravik/ros2_rolling/install/generate_parameter_library_py:/home/ravik/ros2_rolling/install/controller_manager_msgs:/home/ravik/ros2_rolling/install/control_msgs:${AMENT_PREFIX_PATH} CMAKE_PREFIX_PATH=/home/ravik/ros2_rolling/install/controller_manager:/home/ravik/ros2_rolling/install/hardware_interface_testing:/home/ravik/ros2_rolling/install/controller_interface:/home/ravik/ros2_rolling/install/hardware_interface:/home/ravik/ros2_rolling/install/joint_limits:/home/ravik/ros2_rolling/install/generate_parameter_library:/home/ravik/ros2_rolling/install/ros2_control_test_assets:/home/ravik/ros2_rolling/install/realtime_tools:/home/ravik/ros2_rolling/install/parameter_traits:/home/ravik/ros2_rolling/install/controller_manager_msgs:/home/ravik/ros2_rolling/install/control_msgs:/opt/ros/rolling/opt/gz_math_vendor:/opt/ros/rolling/opt/gz_utils_vendor:/opt/ros/rolling/opt/gz_cmake_vendor:/opt/ros/rolling LD_LIBRARY_PATH=/home/ravik/ros2_rolling/install/controller_manager/lib:/home/ravik/ros2_rolling/install/hardware_interface_testing/lib:/home/ravik/ros2_rolling/install/controller_interface/lib:/home/ravik/ros2_rolling/install/hardware_interface/lib:/home/ravik/ros2_rolling/install/joint_limits/lib:/home/ravik/ros2_rolling/install/ros2_control_test_assets/lib:/home/ravik/ros2_rolling/install/realtime_tools/lib:/home/ravik/ros2_rolling/install/parameter_traits/lib:/home/ravik/ros2_rolling/install/controller_manager_msgs/lib:/home/ravik/ros2_rolling/install/control_msgs/lib:${LD_LIBRARY_PATH} PATH=/home/ravik/ros2_rolling/install/generate_parameter_library_py/bin:${PATH} PS1=\[\e]0;$(parse_ros_workspace)\a\]\[\e[1;32m\]\u\[\[\e[0;37m\]@\[\[\e[0;33m\]\h\[\[\e[1;33m\]${text}\[\[\e[0;37m\]:\[$(set_ros_workspace_color)\]$(parse_ros_workspace)\[\[\e[0;32m\]$(parse_git_bracket)\[$(set_git_color)\]$(get_gitbranch)\[\e[0;32m\]>\[\e[1;35m\]\W\[\[\e[1;35m\]$\[\[\e[0m\]\[\e[m\] PYTHONPATH=/home/ravik/ros2_rolling/install/controller_manager/lib/python3.12/site-packages:/home/ravik/ros2_rolling/build/generate_parameter_library_py:/home/ravik/ros2_rolling/install/generate_parameter_library_py/lib/python3.12/site-packages:/home/ravik/ros2_rolling/install/controller_manager_msgs/lib/python3.12/site-packages:/home/ravik/ros2_rolling/install/control_msgs/lib/python3.12/site-packages:${PYTHONPATH} /usr/bin/cmake --build /home/ravik/ros2_rolling/build/imu_sensor_broadcaster -- -j32 -l32
[19.812s] Invoking command in '/home/ravik/ros2_rolling/build/imu_sensor_broadcaster': AMENT_PREFIX_PATH=/home/ravik/ros2_rolling/install/controller_manager:/home/ravik/ros2_rolling/install/hardware_interface_testing:/home/ravik/ros2_rolling/install/controller_interface:/home/ravik/ros2_rolling/install/hardware_interface:/home/ravik/ros2_rolling/install/joint_limits:/home/ravik/ros2_rolling/install/generate_parameter_library:/home/ravik/ros2_rolling/install/ros2_control_test_assets:/home/ravik/ros2_rolling/install/realtime_tools:/home/ravik/ros2_rolling/install/parameter_traits:/home/ravik/ros2_rolling/install/generate_parameter_library_py:/home/ravik/ros2_rolling/install/controller_manager_msgs:/home/ravik/ros2_rolling/install/control_msgs:${AMENT_PREFIX_PATH} CMAKE_PREFIX_PATH=/home/ravik/ros2_rolling/install/controller_manager:/home/ravik/ros2_rolling/install/hardware_interface_testing:/home/ravik/ros2_rolling/install/controller_interface:/home/ravik/ros2_rolling/install/hardware_interface:/home/ravik/ros2_rolling/install/joint_limits:/home/ravik/ros2_rolling/install/generate_parameter_library:/home/ravik/ros2_rolling/install/ros2_control_test_assets:/home/ravik/ros2_rolling/install/realtime_tools:/home/ravik/ros2_rolling/install/parameter_traits:/home/ravik/ros2_rolling/install/controller_manager_msgs:/home/ravik/ros2_rolling/install/control_msgs:/opt/ros/rolling/opt/gz_math_vendor:/opt/ros/rolling/opt/gz_utils_vendor:/opt/ros/rolling/opt/gz_cmake_vendor:/opt/ros/rolling LD_LIBRARY_PATH=/home/ravik/ros2_rolling/install/controller_manager/lib:/home/ravik/ros2_rolling/install/hardware_interface_testing/lib:/home/ravik/ros2_rolling/install/controller_interface/lib:/home/ravik/ros2_rolling/install/hardware_interface/lib:/home/ravik/ros2_rolling/install/joint_limits/lib:/home/ravik/ros2_rolling/install/ros2_control_test_assets/lib:/home/ravik/ros2_rolling/install/realtime_tools/lib:/home/ravik/ros2_rolling/install/parameter_traits/lib:/home/ravik/ros2_rolling/install/controller_manager_msgs/lib:/home/ravik/ros2_rolling/install/control_msgs/lib:${LD_LIBRARY_PATH} PATH=/home/ravik/ros2_rolling/install/generate_parameter_library_py/bin:${PATH} PS1=\[\e]0;$(parse_ros_workspace)\a\]\[\e[1;32m\]\u\[\[\e[0;37m\]@\[\[\e[0;33m\]\h\[\[\e[1;33m\]${text}\[\[\e[0;37m\]:\[$(set_ros_workspace_color)\]$(parse_ros_workspace)\[\[\e[0;32m\]$(parse_git_bracket)\[$(set_git_color)\]$(get_gitbranch)\[\e[0;32m\]>\[\e[1;35m\]\W\[\[\e[1;35m\]$\[\[\e[0m\]\[\e[m\] PYTHONPATH=/home/ravik/ros2_rolling/install/controller_manager/lib/python3.12/site-packages:/home/ravik/ros2_rolling/build/generate_parameter_library_py:/home/ravik/ros2_rolling/install/generate_parameter_library_py/lib/python3.12/site-packages:/home/ravik/ros2_rolling/install/controller_manager_msgs/lib/python3.12/site-packages:/home/ravik/ros2_rolling/install/control_msgs/lib/python3.12/site-packages:${PYTHONPATH} /usr/bin/cmake --install /home/ravik/ros2_rolling/build/imu_sensor_broadcaster
[19.821s] -- Install configuration: ""
[19.822s] -- Execute custom install script
[19.822s] -- Symlinking: /home/ravik/ros2_rolling/install/imu_sensor_broadcaster/include/imu_sensor_broadcaster_parameters/imu_sensor_broadcaster_parameters.hpp
[19.831s] -- Symlinking: /home/ravik/ros2_rolling/install/imu_sensor_broadcaster/share/imu_sensor_broadcaster//imu_sensor_broadcaster.xml
[19.842s] -- Symlinking: /home/ravik/ros2_rolling/install/imu_sensor_broadcaster/include/imu_sensor_broadcaster/imu_sensor_broadcaster/imu_sensor_broadcaster.hpp
[19.849s] -- Symlinking: /home/ravik/ros2_rolling/install/imu_sensor_broadcaster/include/imu_sensor_broadcaster/imu_sensor_broadcaster/visibility_control.h
[19.860s] -- Symlinking: /home/ravik/ros2_rolling/install/imu_sensor_broadcaster/share/imu_sensor_broadcaster/environment/library_path.sh
[19.868s] -- Symlinking: /home/ravik/ros2_rolling/install/imu_sensor_broadcaster/share/imu_sensor_broadcaster/environment/library_path.dsv
[19.876s] -- Symlinking: /home/ravik/ros2_rolling/install/imu_sensor_broadcaster/share/ament_index/resource_index/package_run_dependencies/imu_sensor_broadcaster
[19.887s] -- Symlinking: /home/ravik/ros2_rolling/install/imu_sensor_broadcaster/share/ament_index/resource_index/parent_prefix_path/imu_sensor_broadcaster
[19.898s] -- Symlinking: /home/ravik/ros2_rolling/install/imu_sensor_broadcaster/share/imu_sensor_broadcaster/environment/ament_prefix_path.sh
[19.906s] -- Symlinking: /home/ravik/ros2_rolling/install/imu_sensor_broadcaster/share/imu_sensor_broadcaster/environment/ament_prefix_path.dsv
[19.914s] -- Symlinking: /home/ravik/ros2_rolling/install/imu_sensor_broadcaster/share/imu_sensor_broadcaster/environment/path.sh
[19.924s] -- Symlinking: /home/ravik/ros2_rolling/install/imu_sensor_broadcaster/share/imu_sensor_broadcaster/environment/path.dsv
[19.933s] -- Symlinking: /home/ravik/ros2_rolling/install/imu_sensor_broadcaster/share/imu_sensor_broadcaster/local_setup.bash
[19.944s] -- Symlinking: /home/ravik/ros2_rolling/install/imu_sensor_broadcaster/share/imu_sensor_broadcaster/local_setup.sh
[19.955s] -- Symlinking: /home/ravik/ros2_rolling/install/imu_sensor_broadcaster/share/imu_sensor_broadcaster/local_setup.zsh
[19.964s] -- Symlinking: /home/ravik/ros2_rolling/install/imu_sensor_broadcaster/share/imu_sensor_broadcaster/local_setup.dsv
[19.973s] -- Symlinking: /home/ravik/ros2_rolling/install/imu_sensor_broadcaster/share/imu_sensor_broadcaster/package.dsv
[19.983s] -- Symlinking: /home/ravik/ros2_rolling/install/imu_sensor_broadcaster/share/ament_index/resource_index/packages/imu_sensor_broadcaster
[19.995s] -- Symlinking: /home/ravik/ros2_rolling/install/imu_sensor_broadcaster/share/ament_index/resource_index/controller_interface__pluginlib__plugin/imu_sensor_broadcaster
[20.005s] -- Symlinking: /home/ravik/ros2_rolling/install/imu_sensor_broadcaster/share/imu_sensor_broadcaster/cmake/ament_cmake_export_targets-extras.cmake
[20.015s] -- Symlinking: /home/ravik/ros2_rolling/install/imu_sensor_broadcaster/share/imu_sensor_broadcaster/cmake/ament_cmake_export_dependencies-extras.cmake
[20.027s] -- Symlinking: /home/ravik/ros2_rolling/install/imu_sensor_broadcaster/share/imu_sensor_broadcaster/cmake/imu_sensor_broadcasterConfig.cmake
[20.039s] -- Symlinking: /home/ravik/ros2_rolling/install/imu_sensor_broadcaster/share/imu_sensor_broadcaster/cmake/imu_sensor_broadcasterConfig-version.cmake
[20.049s] -- Symlinking: /home/ravik/ros2_rolling/install/imu_sensor_broadcaster/share/imu_sensor_broadcaster/package.xml
[20.062s] -- Installing: /home/ravik/ros2_rolling/install/imu_sensor_broadcaster/lib/libimu_sensor_broadcaster.so
[20.064s] -- Set non-toolchain portion of runtime path of "/home/ravik/ros2_rolling/install/imu_sensor_broadcaster/lib/libimu_sensor_broadcaster.so" to ""
[20.064s] -- Installing: /home/ravik/ros2_rolling/install/imu_sensor_broadcaster/share/imu_sensor_broadcaster/cmake/export_imu_sensor_broadcasterExport.cmake
[20.064s] -- Installing: /home/ravik/ros2_rolling/install/imu_sensor_broadcaster/share/imu_sensor_broadcaster/cmake/export_imu_sensor_broadcasterExport-noconfig.cmake
[20.067s] Invoked command in '/home/ravik/ros2_rolling/build/imu_sensor_broadcaster' returned '0': AMENT_PREFIX_PATH=/home/ravik/ros2_rolling/install/controller_manager:/home/ravik/ros2_rolling/install/hardware_interface_testing:/home/ravik/ros2_rolling/install/controller_interface:/home/ravik/ros2_rolling/install/hardware_interface:/home/ravik/ros2_rolling/install/joint_limits:/home/ravik/ros2_rolling/install/generate_parameter_library:/home/ravik/ros2_rolling/install/ros2_control_test_assets:/home/ravik/ros2_rolling/install/realtime_tools:/home/ravik/ros2_rolling/install/parameter_traits:/home/ravik/ros2_rolling/install/generate_parameter_library_py:/home/ravik/ros2_rolling/install/controller_manager_msgs:/home/ravik/ros2_rolling/install/control_msgs:${AMENT_PREFIX_PATH} CMAKE_PREFIX_PATH=/home/ravik/ros2_rolling/install/controller_manager:/home/ravik/ros2_rolling/install/hardware_interface_testing:/home/ravik/ros2_rolling/install/controller_interface:/home/ravik/ros2_rolling/install/hardware_interface:/home/ravik/ros2_rolling/install/joint_limits:/home/ravik/ros2_rolling/install/generate_parameter_library:/home/ravik/ros2_rolling/install/ros2_control_test_assets:/home/ravik/ros2_rolling/install/realtime_tools:/home/ravik/ros2_rolling/install/parameter_traits:/home/ravik/ros2_rolling/install/controller_manager_msgs:/home/ravik/ros2_rolling/install/control_msgs:/opt/ros/rolling/opt/gz_math_vendor:/opt/ros/rolling/opt/gz_utils_vendor:/opt/ros/rolling/opt/gz_cmake_vendor:/opt/ros/rolling LD_LIBRARY_PATH=/home/ravik/ros2_rolling/install/controller_manager/lib:/home/ravik/ros2_rolling/install/hardware_interface_testing/lib:/home/ravik/ros2_rolling/install/controller_interface/lib:/home/ravik/ros2_rolling/install/hardware_interface/lib:/home/ravik/ros2_rolling/install/joint_limits/lib:/home/ravik/ros2_rolling/install/ros2_control_test_assets/lib:/home/ravik/ros2_rolling/install/realtime_tools/lib:/home/ravik/ros2_rolling/install/parameter_traits/lib:/home/ravik/ros2_rolling/install/controller_manager_msgs/lib:/home/ravik/ros2_rolling/install/control_msgs/lib:${LD_LIBRARY_PATH} PATH=/home/ravik/ros2_rolling/install/generate_parameter_library_py/bin:${PATH} PS1=\[\e]0;$(parse_ros_workspace)\a\]\[\e[1;32m\]\u\[\[\e[0;37m\]@\[\[\e[0;33m\]\h\[\[\e[1;33m\]${text}\[\[\e[0;37m\]:\[$(set_ros_workspace_color)\]$(parse_ros_workspace)\[\[\e[0;32m\]$(parse_git_bracket)\[$(set_git_color)\]$(get_gitbranch)\[\e[0;32m\]>\[\e[1;35m\]\W\[\[\e[1;35m\]$\[\[\e[0m\]\[\e[m\] PYTHONPATH=/home/ravik/ros2_rolling/install/controller_manager/lib/python3.12/site-packages:/home/ravik/ros2_rolling/build/generate_parameter_library_py:/home/ravik/ros2_rolling/install/generate_parameter_library_py/lib/python3.12/site-packages:/home/ravik/ros2_rolling/install/controller_manager_msgs/lib/python3.12/site-packages:/home/ravik/ros2_rolling/install/control_msgs/lib/python3.12/site-packages:${PYTHONPATH} /usr/bin/cmake --install /home/ravik/ros2_rolling/build/imu_sensor_broadcaster
