running develop
/usr/lib/python3/dist-packages/setuptools/command/develop.py:40: EasyInstallDeprecationWarning: easy_install command is deprecated.
!!

        ********************************************************************************
        Please avoid running ``setup.py`` and ``easy_install``.
        Instead, use pypa/build, pypa/installer or other
        standards-based tools.

        See https://github.com/pypa/setuptools/issues/917 for details.
        ********************************************************************************

!!
  easy_install.initialize_options(self)
running egg_info
creating ros2controlcli.egg-info
writing ros2controlcli.egg-info/PKG-INFO
writing dependency_links to ros2controlcli.egg-info/dependency_links.txt
writing entry points to ros2controlcli.egg-info/entry_points.txt
writing requirements to ros2controlcli.egg-info/requires.txt
writing top-level names to ros2controlcli.egg-info/top_level.txt
writing manifest file 'ros2controlcli.egg-info/SOURCES.txt'
reading manifest file 'ros2controlcli.egg-info/SOURCES.txt'
writing manifest file 'ros2controlcli.egg-info/SOURCES.txt'
running build_ext
Creating /home/ravik/ros2_rolling/install/ros2controlcli/lib/python3.12/site-packages/ros2controlcli.egg-link (link to .)

Installed /home/ravik/ros2_rolling/build/ros2controlcli
running symlink_data
symbolically linking /home/ravik/ros2_rolling/build/ros2controlcli/package.xml -> /home/ravik/ros2_rolling/install/ros2controlcli/share/ros2controlcli
creating /home/ravik/ros2_rolling/install/ros2controlcli/share/ament_index
creating /home/ravik/ros2_rolling/install/ros2controlcli/share/ament_index/resource_index
creating /home/ravik/ros2_rolling/install/ros2controlcli/share/ament_index/resource_index/packages
symbolically linking /home/ravik/ros2_rolling/build/ros2controlcli/resource/ros2controlcli -> /home/ravik/ros2_rolling/install/ros2controlcli/share/ament_index/resource_index/packages
