-- The CXX compiler identification is GNU 13.2.0
-- Detecting CXX compiler ABI info
-- Detecting CXX compiler ABI info - done
-- Check for working CXX compiler: /usr/bin/c++ - skipped
-- Detecting CXX compile features
-- Detecting CXX compile features - done
-- Found ament_cmake: 2.7.0 (/opt/ros/rolling/share/ament_cmake/cmake)
-- Found Python3: /usr/bin/python3 (found version "3.12.3") found components: Interpreter 
-- Override CMake install command with custom implementation using symlinks instead of copying resources
-- Found ackermann_msgs: 2.0.2 (/opt/ros/rolling/share/ackermann_msgs/cmake)
-- Found rosidl_generator_c: 4.8.1 (/opt/ros/rolling/share/rosidl_generator_c/cmake)
-- Found rosidl_generator_cpp: 4.8.1 (/opt/ros/rolling/share/rosidl_generator_cpp/cmake)
-- Using all available rosidl_typesupport_c: rosidl_typesupport_fastrtps_c;rosidl_typesupport_introspection_c
-- Using all available rosidl_typesupport_cpp: rosidl_typesupport_fastrtps_cpp;rosidl_typesupport_introspection_cpp
-- Found controller_interface: 4.20.0 (/home/ravik/ros2_rolling/install/controller_interface/share/controller_interface/cmake)
-- Found TinyXML2 via Config file: /usr/lib/x86_64-linux-gnu/cmake/tinyxml2
-- Found rmw_implementation_cmake: 7.4.3 (/opt/ros/rolling/share/rmw_implementation_cmake/cmake)
-- Found rmw_fastrtps_cpp: 9.0.1 (/opt/ros/rolling/share/rmw_fastrtps_cpp/cmake)
-- Found TinyXML2 via Config file: /usr/lib/x86_64-linux-gnu/cmake/tinyxml2
-- Found OpenSSL: /usr/lib/x86_64-linux-gnu/libcrypto.so (found version "3.0.13")  
-- Found TinyXML2 via Config file: /usr/lib/x86_64-linux-gnu/cmake/tinyxml2
-- Found FastRTPS: /opt/ros/rolling/include (Required is at least version "2.13") 
-- Found TinyXML2 via Config file: /usr/lib/x86_64-linux-gnu/cmake/tinyxml2
-- Found TinyXML2 via Config file: /usr/lib/x86_64-linux-gnu/cmake/tinyxml2
-- Using RMW implementation 'rmw_fastrtps_cpp' as default
-- Found generate_parameter_library: 0.3.9 (/home/ravik/ros2_rolling/install/generate_parameter_library/share/generate_parameter_library/cmake)
-- Found parameter_traits: 0.3.9 (/home/ravik/ros2_rolling/install/parameter_traits/share/parameter_traits/cmake)
-- Found nav_msgs: 5.4.1 (/opt/ros/rolling/share/nav_msgs/cmake)
-- Found std_srvs: 5.4.1 (/opt/ros/rolling/share/std_srvs/cmake)
-- Found tf2: 0.38.2 (/opt/ros/rolling/share/tf2/cmake)
-- Found tf2_msgs: 0.38.2 (/opt/ros/rolling/share/tf2_msgs/cmake)
-- Found ament_cmake_gmock: 2.7.0 (/opt/ros/rolling/share/ament_cmake_gmock/cmake)
-- Found controller_manager: 4.20.0 (/home/ravik/ros2_rolling/install/controller_manager/share/controller_manager/cmake)
-- Found ros2_control_test_assets: 4.20.0 (/home/ravik/ros2_rolling/install/ros2_control_test_assets/share/ros2_control_test_assets/cmake)
-- Found gmock sources under '/opt/ros/rolling/src/gmock_vendor': C++ tests using 'Google Mock' will be built
-- The C compiler identification is GNU 13.2.0
-- Detecting C compiler ABI info
-- Detecting C compiler ABI info - done
-- Check for working C compiler: /usr/bin/cc - skipped
-- Detecting C compile features
-- Detecting C compile features - done
-- Found ament_cmake_gtest: 2.7.0 (/opt/ros/rolling/share/ament_cmake_gtest/cmake)
-- Found gtest sources under '/opt/ros/rolling/src/gtest_vendor': C++ tests using 'Google Test' will be built
-- Configuring done (1.9s)
-- Generating done (0.2s)
-- Build files have been written to: /home/ravik/ros2_rolling/build/tricycle_controller
[  6%] [34m[1mRunning `/home/ravik/ros2_rolling/install/generate_parameter_library_py/bin/generate_parameter_library_cpp /home/ravik/ros2_rolling/build/tricycle_controller/tricycle_controller_parameters/include//tricycle_controller_parameters.hpp /home/ravik/ros2_rolling/src/ros2_controllers/tricycle_controller/src/tricycle_controller_parameter.yaml `[0m
[ 13%] [32mBuilding CXX object gmock/CMakeFiles/gmock_main.dir/src/gmock_main.cc.o[0m
[ 20%] [32mBuilding CXX object gmock/CMakeFiles/gmock.dir/opt/ros/rolling/src/gtest_vendor/src/gtest-all.cc.o[0m
[ 26%] [32mBuilding CXX object gmock/CMakeFiles/gmock.dir/src/gmock-all.cc.o[0m
[ 33%] [32m[1mLinking CXX static library libgmock_main.a[0m
[ 33%] Built target gmock_main
[ 33%] Built target tricycle_controller_parameters
[ 40%] [32mBuilding CXX object CMakeFiles/tricycle_controller.dir/src/tricycle_controller.cpp.o[0m
[ 46%] [32mBuilding CXX object CMakeFiles/tricycle_controller.dir/src/odometry.cpp.o[0m
[ 60%] [32mBuilding CXX object CMakeFiles/tricycle_controller.dir/src/traction_limiter.cpp.o[0m
[ 60%] [32mBuilding CXX object CMakeFiles/tricycle_controller.dir/src/steering_limiter.cpp.o[0m
[ 66%] [32m[1mLinking CXX static library libgmock.a[0m
[ 66%] Built target gmock
[ 73%] [32m[1mLinking CXX shared library libtricycle_controller.so[0m
[ 73%] Built target tricycle_controller
[ 80%] [32mBuilding CXX object CMakeFiles/test_load_tricycle_controller.dir/test/test_load_tricycle_controller.cpp.o[0m
[ 86%] [32mBuilding CXX object CMakeFiles/test_tricycle_controller.dir/test/test_tricycle_controller.cpp.o[0m
[ 93%] [32m[1mLinking CXX executable test_load_tricycle_controller[0m
[ 93%] Built target test_load_tricycle_controller
[100%] [32m[1mLinking CXX executable test_tricycle_controller[0m
[100%] Built target test_tricycle_controller
-- Install configuration: ""
-- Execute custom install script
-- Symlinking: /home/ravik/ros2_rolling/install/tricycle_controller/include/tricycle_controller_parameters/tricycle_controller_parameters.hpp
-- Symlinking: /home/ravik/ros2_rolling/install/tricycle_controller/share/tricycle_controller//tricycle_controller.xml
-- Symlinking: /home/ravik/ros2_rolling/install/tricycle_controller/include/tricycle_controller/tricycle_controller/odometry.hpp
-- Symlinking: /home/ravik/ros2_rolling/install/tricycle_controller/include/tricycle_controller/tricycle_controller/steering_limiter.hpp
-- Symlinking: /home/ravik/ros2_rolling/install/tricycle_controller/include/tricycle_controller/tricycle_controller/traction_limiter.hpp
-- Symlinking: /home/ravik/ros2_rolling/install/tricycle_controller/include/tricycle_controller/tricycle_controller/tricycle_controller.hpp
-- Symlinking: /home/ravik/ros2_rolling/install/tricycle_controller/include/tricycle_controller/tricycle_controller/visibility_control.h
-- Symlinking: /home/ravik/ros2_rolling/install/tricycle_controller/share/tricycle_controller/environment/library_path.sh
-- Symlinking: /home/ravik/ros2_rolling/install/tricycle_controller/share/tricycle_controller/environment/library_path.dsv
-- Symlinking: /home/ravik/ros2_rolling/install/tricycle_controller/share/ament_index/resource_index/package_run_dependencies/tricycle_controller
-- Symlinking: /home/ravik/ros2_rolling/install/tricycle_controller/share/ament_index/resource_index/parent_prefix_path/tricycle_controller
-- Symlinking: /home/ravik/ros2_rolling/install/tricycle_controller/share/tricycle_controller/environment/ament_prefix_path.sh
-- Symlinking: /home/ravik/ros2_rolling/install/tricycle_controller/share/tricycle_controller/environment/ament_prefix_path.dsv
-- Symlinking: /home/ravik/ros2_rolling/install/tricycle_controller/share/tricycle_controller/environment/path.sh
-- Symlinking: /home/ravik/ros2_rolling/install/tricycle_controller/share/tricycle_controller/environment/path.dsv
-- Symlinking: /home/ravik/ros2_rolling/install/tricycle_controller/share/tricycle_controller/local_setup.bash
-- Symlinking: /home/ravik/ros2_rolling/install/tricycle_controller/share/tricycle_controller/local_setup.sh
-- Symlinking: /home/ravik/ros2_rolling/install/tricycle_controller/share/tricycle_controller/local_setup.zsh
-- Symlinking: /home/ravik/ros2_rolling/install/tricycle_controller/share/tricycle_controller/local_setup.dsv
-- Symlinking: /home/ravik/ros2_rolling/install/tricycle_controller/share/tricycle_controller/package.dsv
-- Symlinking: /home/ravik/ros2_rolling/install/tricycle_controller/share/ament_index/resource_index/packages/tricycle_controller
-- Symlinking: /home/ravik/ros2_rolling/install/tricycle_controller/share/ament_index/resource_index/controller_interface__pluginlib__plugin/tricycle_controller
-- Symlinking: /home/ravik/ros2_rolling/install/tricycle_controller/share/tricycle_controller/cmake/ament_cmake_export_targets-extras.cmake
-- Symlinking: /home/ravik/ros2_rolling/install/tricycle_controller/share/tricycle_controller/cmake/ament_cmake_export_dependencies-extras.cmake
-- Symlinking: /home/ravik/ros2_rolling/install/tricycle_controller/share/tricycle_controller/cmake/tricycle_controllerConfig.cmake
-- Symlinking: /home/ravik/ros2_rolling/install/tricycle_controller/share/tricycle_controller/cmake/tricycle_controllerConfig-version.cmake
-- Symlinking: /home/ravik/ros2_rolling/install/tricycle_controller/share/tricycle_controller/package.xml
-- Installing: /home/ravik/ros2_rolling/install/tricycle_controller/lib/libtricycle_controller.so
-- Set non-toolchain portion of runtime path of "/home/ravik/ros2_rolling/install/tricycle_controller/lib/libtricycle_controller.so" to ""
-- Installing: /home/ravik/ros2_rolling/install/tricycle_controller/share/tricycle_controller/cmake/export_tricycle_controllerExport.cmake
-- Installing: /home/ravik/ros2_rolling/install/tricycle_controller/share/tricycle_controller/cmake/export_tricycle_controllerExport-noconfig.cmake
