[0.150s] Invoking command in '/home/ravik/ros2_rolling/build/realtime_tools': CMAKE_PREFIX_PATH=${CMAKE_PREFIX_PATH}:/opt/ros/rolling PS1=\[\e]0;$(parse_ros_workspace)\a\]\[\e[1;32m\]\u\[\[\e[0;37m\]@\[\[\e[0;33m\]\h\[\[\e[1;33m\]${text}\[\[\e[0;37m\]:\[$(set_ros_workspace_color)\]$(parse_ros_workspace)\[\[\e[0;32m\]$(parse_git_bracket)\[$(set_git_color)\]$(get_gitbranch)\[\e[0;32m\]>\[\e[1;35m\]\W\[\[\e[1;35m\]$\[\[\e[0m\]\[\e[m\] /usr/bin/cmake /home/ravik/ros2_rolling/src/realtime_tools -DCMAKE_EXPORT_COMPILE_COMMANDS=ON -DAMENT_CMAKE_SYMLINK_INSTALL=1 -DCMAKE_INSTALL_PREFIX=/home/ravik/ros2_rolling/install/realtime_tools
[0.203s] -- The CXX compiler identification is GNU 13.2.0
[0.219s] -- Detecting CXX compiler ABI info
[0.305s] -- Detecting CXX compiler ABI info - done
[0.311s] -- Check for working CXX compiler: /usr/bin/c++ - skipped
[0.311s] -- Detecting CXX compile features
[0.312s] -- Detecting CXX compile features - done
[0.314s] -- Found ament_cmake: 2.7.0 (/opt/ros/rolling/share/ament_cmake/cmake)
[0.443s] -- Found Python3: /usr/bin/python3 (found version "3.12.3") found components: Interpreter 
[0.499s] -- Override CMake install command with custom implementation using symlinks instead of copying resources
[0.534s] -- Found rclcpp: 28.3.3 (/opt/ros/rolling/share/rclcpp/cmake)
[0.577s] -- Found rosidl_generator_c: 4.8.1 (/opt/ros/rolling/share/rosidl_generator_c/cmake)
[0.589s] -- Found rosidl_generator_cpp: 4.8.1 (/opt/ros/rolling/share/rosidl_generator_cpp/cmake)
[0.600s] -- Using all available rosidl_typesupport_c: rosidl_typesupport_fastrtps_c;rosidl_typesupport_introspection_c
[0.614s] -- Using all available rosidl_typesupport_cpp: rosidl_typesupport_fastrtps_cpp;rosidl_typesupport_introspection_cpp
[0.680s] -- Found rmw_implementation_cmake: 7.4.3 (/opt/ros/rolling/share/rmw_implementation_cmake/cmake)
[0.683s] -- Found rmw_fastrtps_cpp: 9.0.1 (/opt/ros/rolling/share/rmw_fastrtps_cpp/cmake)
[0.759s] -- Found OpenSSL: /usr/lib/x86_64-linux-gnu/libcrypto.so (found version "3.0.13")  
[0.774s] -- Found FastRTPS: /opt/ros/rolling/include (Required is at least version "2.13") 
[0.794s] -- Using RMW implementation 'rmw_fastrtps_cpp' as default
[0.850s] -- Found rclcpp_action: 28.3.3 (/opt/ros/rolling/share/rclcpp_action/cmake)
[0.883s] -- Performing Test CMAKE_HAVE_LIBC_PTHREAD
[0.979s] -- Performing Test CMAKE_HAVE_LIBC_PTHREAD - Success
[0.980s] -- Found Threads: TRUE  
[0.983s] -- Found ament_cmake_gmock: 2.7.0 (/opt/ros/rolling/share/ament_cmake_gmock/cmake)
[0.984s] -- Found lifecycle_msgs: 2.2.0 (/opt/ros/rolling/share/lifecycle_msgs/cmake)
[1.004s] -- Found rclcpp_lifecycle: 28.3.3 (/opt/ros/rolling/share/rclcpp_lifecycle/cmake)
[1.019s] [31mCMake Error at CMakeLists.txt:53 (find_package):
[1.019s]   By not providing "Findtest_msgs.cmake" in CMAKE_MODULE_PATH this project
[1.019s]   has asked CMake to find a package configuration file provided by
[1.020s]   "test_msgs", but CMake did not find one.
[1.020s] 
[1.020s]   Could not find a package configuration file provided by "test_msgs" with
[1.020s]   any of the following names:
[1.020s] 
[1.020s]     test_msgsConfig.cmake
[1.020s]     test_msgs-config.cmake
[1.020s] 
[1.020s]   Add the installation prefix of "test_msgs" to CMAKE_PREFIX_PATH or set
[1.020s]   "test_msgs_DIR" to a directory containing one of the above files.  If
[1.020s]   "test_msgs" provides a separate development package or SDK, be sure it has
[1.020s]   been installed.
[1.020s] 
[1.021s] [0m
[1.021s] -- Configuring incomplete, errors occurred!
