[0.000000] (-) TimerEvent: {}
[0.000188] (-) JobUnselected: {'identifier': 'ackermann_steering_controller'}
[0.000216] (-) JobUnselected: {'identifier': 'admittance_controller'}
[0.000228] (-) JobUnselected: {'identifier': 'bicycle_steering_controller'}
[0.000236] (-) JobUnselected: {'identifier': 'cmake_generate_parameter_module_example'}
[0.000243] (-) JobUnselected: {'identifier': 'control_msgs'}
[0.000250] (-) JobUnselected: {'identifier': 'control_toolbox'}
[0.000257] (-) JobUnselected: {'identifier': 'controller_interface'}
[0.000263] (-) JobUnselected: {'identifier': 'controller_manager'}
[0.000269] (-) JobUnselected: {'identifier': 'controller_manager_msgs'}
[0.000275] (-) JobUnselected: {'identifier': 'diff_drive_controller'}
[0.000281] (-) JobUnselected: {'identifier': 'effort_controllers'}
[0.000298] (-) JobUnselected: {'identifier': 'force_torque_sensor_broadcaster'}
[0.000304] (-) JobUnselected: {'identifier': 'forward_command_controller'}
[0.000311] (-) JobUnselected: {'identifier': 'generate_parameter_library'}
[0.000318] (-) JobUnselected: {'identifier': 'generate_parameter_library_example'}
[0.000326] (-) JobUnselected: {'identifier': 'generate_parameter_library_py'}
[0.000333] (-) JobUnselected: {'identifier': 'generate_parameter_module_example'}
[0.000340] (-) JobUnselected: {'identifier': 'gripper_controllers'}
[0.000346] (-) JobUnselected: {'identifier': 'hardware_interface'}
[0.000356] (-) JobUnselected: {'identifier': 'hardware_interface_testing'}
[0.000362] (-) JobUnselected: {'identifier': 'imu_sensor_broadcaster'}
[0.000368] (-) JobUnselected: {'identifier': 'joint_limits'}
[0.000373] (-) JobUnselected: {'identifier': 'joint_state_broadcaster'}
[0.000379] (-) JobUnselected: {'identifier': 'joint_trajectory_controller'}
[0.000385] (-) JobUnselected: {'identifier': 'kinematics_interface'}
[0.000391] (-) JobUnselected: {'identifier': 'kinematics_interface_kdl'}
[0.000398] (-) JobUnselected: {'identifier': 'parallel_gripper_controller'}
[0.000404] (-) JobUnselected: {'identifier': 'parameter_traits'}
[0.000410] (-) JobUnselected: {'identifier': 'pid_controller'}
[0.000416] (-) JobUnselected: {'identifier': 'pose_broadcaster'}
[0.000423] (-) JobUnselected: {'identifier': 'position_controllers'}
[0.000430] (-) JobUnselected: {'identifier': 'range_sensor_broadcaster'}
[0.000436] (-) JobUnselected: {'identifier': 'realtime_tools'}
[0.000443] (-) JobUnselected: {'identifier': 'ros2_control'}
[0.000448] (-) JobUnselected: {'identifier': 'ros2_control_test_assets'}
[0.000454] (-) JobUnselected: {'identifier': 'ros2_controllers'}
[0.000461] (-) JobUnselected: {'identifier': 'ros2_controllers_test_nodes'}
[0.000467] (-) JobUnselected: {'identifier': 'ros2controlcli'}
[0.000473] (-) JobUnselected: {'identifier': 'rqt_controller_manager'}
[0.000479] (-) JobUnselected: {'identifier': 'rqt_joint_trajectory_controller'}
[0.000485] (-) JobUnselected: {'identifier': 'steering_controllers_library'}
[0.000491] (-) JobUnselected: {'identifier': 'transmission_interface'}
[0.000497] (-) JobUnselected: {'identifier': 'tricycle_controller'}
[0.000503] (-) JobUnselected: {'identifier': 'tricycle_steering_controller'}
[0.000509] (-) JobUnselected: {'identifier': 'velocity_controllers'}
[0.000701] (-) EventReactorShutdown: {}
