-- The CXX compiler identification is GNU 13.2.0
-- Detecting CXX compiler ABI info
-- Detecting CXX compiler ABI info - done
-- Check for working CXX compiler: /usr/bin/c++ - skipped
-- Detecting CXX compile features
-- Detecting CXX compile features - done
-- Found ament_cmake: 2.7.0 (/opt/ros/rolling/share/ament_cmake/cmake)
-- Found Python3: /usr/bin/python3 (found version "3.12.3") found components: Interpreter 
-- Override CMake install command with custom implementation using symlinks instead of copying resources
-- Found hardware_interface: 4.20.0 (/home/ravik/ros2_rolling/install/hardware_interface/share/hardware_interface/cmake)
-- Found rosidl_generator_c: 4.8.1 (/opt/ros/rolling/share/rosidl_generator_c/cmake)
-- Found rosidl_generator_cpp: 4.8.1 (/opt/ros/rolling/share/rosidl_generator_cpp/cmake)
-- Using all available rosidl_typesupport_c: rosidl_typesupport_fastrtps_c;rosidl_typesupport_introspection_c
-- Using all available rosidl_typesupport_cpp: rosidl_typesupport_fastrtps_cpp;rosidl_typesupport_introspection_cpp
-- Found TinyXML2 via Config file: /usr/lib/x86_64-linux-gnu/cmake/tinyxml2
-- Found rmw_implementation_cmake: 7.4.3 (/opt/ros/rolling/share/rmw_implementation_cmake/cmake)
-- Found rmw_fastrtps_cpp: 9.0.1 (/opt/ros/rolling/share/rmw_fastrtps_cpp/cmake)
-- Found TinyXML2 via Config file: /usr/lib/x86_64-linux-gnu/cmake/tinyxml2
-- Found OpenSSL: /usr/lib/x86_64-linux-gnu/libcrypto.so (found version "3.0.13")  
-- Found TinyXML2 via Config file: /usr/lib/x86_64-linux-gnu/cmake/tinyxml2
-- Found FastRTPS: /opt/ros/rolling/include (Required is at least version "2.13") 
-- Found TinyXML2 via Config file: /usr/lib/x86_64-linux-gnu/cmake/tinyxml2
-- Found TinyXML2 via Config file: /usr/lib/x86_64-linux-gnu/cmake/tinyxml2
-- Using RMW implementation 'rmw_fastrtps_cpp' as default
-- Found ament_cmake_gmock: 2.7.0 (/opt/ros/rolling/share/ament_cmake_gmock/cmake)
-- Found gmock sources under '/opt/ros/rolling/src/gmock_vendor': C++ tests using 'Google Mock' will be built
-- The C compiler identification is GNU 13.2.0
-- Detecting C compiler ABI info
-- Detecting C compiler ABI info - done
-- Check for working C compiler: /usr/bin/cc - skipped
-- Detecting C compile features
-- Detecting C compile features - done
-- Found ament_cmake_gtest: 2.7.0 (/opt/ros/rolling/share/ament_cmake_gtest/cmake)
-- Found gtest sources under '/opt/ros/rolling/src/gtest_vendor': C++ tests using 'Google Test' will be built
-- Configuring done (1.5s)
-- Generating done (0.1s)
-- Build files have been written to: /home/ravik/ros2_rolling/build/controller_interface
[  4%] [32mBuilding CXX object gmock/CMakeFiles/gmock.dir/src/gmock-all.cc.o[0m
[  8%] [32mBuilding CXX object gmock/CMakeFiles/gmock_main.dir/src/gmock_main.cc.o[0m
[ 12%] [32mBuilding CXX object gmock/CMakeFiles/gmock.dir/opt/ros/rolling/src/gtest_vendor/src/gtest-all.cc.o[0m
[ 16%] [34m[1mGenerating controller_interface/version.h[0m
[ 16%] Built target ament_generate_version_header__controller_interface
[ 20%] [32mBuilding CXX object CMakeFiles/controller_interface.dir/src/chainable_controller_interface.cpp.o[0m
[ 25%] [32mBuilding CXX object CMakeFiles/controller_interface.dir/src/controller_interface_base.cpp.o[0m
[ 29%] [32mBuilding CXX object CMakeFiles/controller_interface.dir/src/controller_interface.cpp.o[0m
[ 33%] [32m[1mLinking CXX static library libgmock_main.a[0m
[ 33%] Built target gmock_main
[ 37%] [32m[1mLinking CXX shared library libcontroller_interface.so[0m
[ 37%] Built target controller_interface
[ 41%] [32m[1mLinking CXX static library libgmock.a[0m
[ 41%] Built target gmock
[ 45%] [32mBuilding CXX object CMakeFiles/test_force_torque_sensor.dir/test/test_force_torque_sensor.cpp.o[0m
[ 50%] [32mBuilding CXX object CMakeFiles/test_semantic_component_interface.dir/test/test_semantic_component_interface.cpp.o[0m
[ 54%] [32mBuilding CXX object CMakeFiles/test_chainable_controller_interface.dir/test/test_chainable_controller_interface.cpp.o[0m
[ 58%] [32mBuilding CXX object CMakeFiles/test_controller_interface.dir/test/test_controller_interface.cpp.o[0m
[ 62%] [32mBuilding CXX object CMakeFiles/test_imu_sensor.dir/test/test_imu_sensor.cpp.o[0m
[ 66%] [32mBuilding CXX object CMakeFiles/test_pose_sensor.dir/test/test_pose_sensor.cpp.o[0m
[ 70%] [32mBuilding CXX object CMakeFiles/test_controller_with_options.dir/test/test_controller_with_options.cpp.o[0m
[ 75%] [32m[1mLinking CXX executable test_semantic_component_interface[0m
[ 79%] [32m[1mLinking CXX executable test_imu_sensor[0m
[ 79%] Built target test_semantic_component_interface
[ 79%] Built target test_imu_sensor
[ 83%] [32m[1mLinking CXX executable test_pose_sensor[0m
[ 83%] Built target test_pose_sensor
[ 87%] [32m[1mLinking CXX executable test_force_torque_sensor[0m
[ 87%] Built target test_force_torque_sensor
[ 91%] [32m[1mLinking CXX executable test_chainable_controller_interface[0m
[ 95%] [32m[1mLinking CXX executable test_controller_interface[0m
[ 95%] Built target test_chainable_controller_interface
[100%] [32m[1mLinking CXX executable test_controller_with_options[0m
[100%] Built target test_controller_interface
[100%] Built target test_controller_with_options
-- Install configuration: ""
-- Execute custom install script
-- Symlinking: /home/ravik/ros2_rolling/install/controller_interface/test/test_controller_node_options.yaml
-- Symlinking: /home/ravik/ros2_rolling/install/controller_interface/include/controller_interface/controller_interface/chainable_controller_interface.hpp
-- Symlinking: /home/ravik/ros2_rolling/install/controller_interface/include/controller_interface/controller_interface/controller_interface.hpp
-- Symlinking: /home/ravik/ros2_rolling/install/controller_interface/include/controller_interface/controller_interface/controller_interface_base.hpp
-- Symlinking: /home/ravik/ros2_rolling/install/controller_interface/include/controller_interface/controller_interface/helpers.hpp
-- Symlinking: /home/ravik/ros2_rolling/install/controller_interface/include/controller_interface/controller_interface/visibility_control.h
-- Symlinking: /home/ravik/ros2_rolling/install/controller_interface/include/controller_interface/semantic_components/force_torque_sensor.hpp
-- Symlinking: /home/ravik/ros2_rolling/install/controller_interface/include/controller_interface/semantic_components/imu_sensor.hpp
-- Symlinking: /home/ravik/ros2_rolling/install/controller_interface/include/controller_interface/semantic_components/pose_sensor.hpp
-- Symlinking: /home/ravik/ros2_rolling/install/controller_interface/include/controller_interface/semantic_components/range_sensor.hpp
-- Symlinking: /home/ravik/ros2_rolling/install/controller_interface/include/controller_interface/semantic_components/semantic_component_interface.hpp
-- Symlinking: /home/ravik/ros2_rolling/install/controller_interface/share/controller_interface/environment/library_path.sh
-- Symlinking: /home/ravik/ros2_rolling/install/controller_interface/share/controller_interface/environment/library_path.dsv
-- Symlinking: /home/ravik/ros2_rolling/install/controller_interface/share/ament_index/resource_index/package_run_dependencies/controller_interface
-- Symlinking: /home/ravik/ros2_rolling/install/controller_interface/share/ament_index/resource_index/parent_prefix_path/controller_interface
-- Symlinking: /home/ravik/ros2_rolling/install/controller_interface/share/controller_interface/environment/ament_prefix_path.sh
-- Symlinking: /home/ravik/ros2_rolling/install/controller_interface/share/controller_interface/environment/ament_prefix_path.dsv
-- Symlinking: /home/ravik/ros2_rolling/install/controller_interface/share/controller_interface/environment/path.sh
-- Symlinking: /home/ravik/ros2_rolling/install/controller_interface/share/controller_interface/environment/path.dsv
-- Symlinking: /home/ravik/ros2_rolling/install/controller_interface/share/controller_interface/local_setup.bash
-- Symlinking: /home/ravik/ros2_rolling/install/controller_interface/share/controller_interface/local_setup.sh
-- Symlinking: /home/ravik/ros2_rolling/install/controller_interface/share/controller_interface/local_setup.zsh
-- Symlinking: /home/ravik/ros2_rolling/install/controller_interface/share/controller_interface/local_setup.dsv
-- Symlinking: /home/ravik/ros2_rolling/install/controller_interface/share/controller_interface/package.dsv
-- Symlinking: /home/ravik/ros2_rolling/install/controller_interface/share/ament_index/resource_index/packages/controller_interface
-- Symlinking: /home/ravik/ros2_rolling/install/controller_interface/share/controller_interface/cmake/ament_cmake_export_targets-extras.cmake
-- Symlinking: /home/ravik/ros2_rolling/install/controller_interface/share/controller_interface/cmake/ament_cmake_export_dependencies-extras.cmake
-- Symlinking: /home/ravik/ros2_rolling/install/controller_interface/share/controller_interface/cmake/controller_interfaceConfig.cmake
-- Symlinking: /home/ravik/ros2_rolling/install/controller_interface/share/controller_interface/cmake/controller_interfaceConfig-version.cmake
-- Symlinking: /home/ravik/ros2_rolling/install/controller_interface/share/controller_interface/package.xml
-- Symlinking: /home/ravik/ros2_rolling/install/controller_interface/include/controller_interface/controller_interface/version.h
-- Installing: /home/ravik/ros2_rolling/install/controller_interface/lib/libcontroller_interface.so
-- Set non-toolchain portion of runtime path of "/home/ravik/ros2_rolling/install/controller_interface/lib/libcontroller_interface.so" to ""
-- Installing: /home/ravik/ros2_rolling/install/controller_interface/share/controller_interface/cmake/export_controller_interfaceExport.cmake
-- Installing: /home/ravik/ros2_rolling/install/controller_interface/share/controller_interface/cmake/export_controller_interfaceExport-noconfig.cmake
