-- The CXX compiler identification is GNU 13.2.0
-- Detecting CXX compiler ABI info
-- Detecting CXX compiler ABI info - done
-- Check for working CXX compiler: /usr/bin/c++ - skipped
-- Detecting CXX compile features
-- Detecting CXX compile features - done
-- Found ament_cmake: 2.7.0 (/opt/ros/rolling/share/ament_cmake/cmake)
-- Found Python3: /usr/bin/python3 (found version "3.12.3") found components: Interpreter 
-- Override CMake install command with custom implementation using symlinks instead of copying resources
-- Found control_msgs: 5.2.0 (/home/ravik/ros2_rolling/install/control_msgs/share/control_msgs/cmake)
-- Found rosidl_generator_c: 4.8.1 (/opt/ros/rolling/share/rosidl_generator_c/cmake)
-- Found rosidl_generator_cpp: 4.8.1 (/opt/ros/rolling/share/rosidl_generator_cpp/cmake)
-- Using all available rosidl_typesupport_c: rosidl_typesupport_fastrtps_c;rosidl_typesupport_introspection_c
-- Using all available rosidl_typesupport_cpp: rosidl_typesupport_fastrtps_cpp;rosidl_typesupport_introspection_cpp
-- Found control_toolbox: 3.3.0 (/home/ravik/ros2_rolling/install/control_toolbox/share/control_toolbox/cmake)
-- Found rmw_implementation_cmake: 7.4.3 (/opt/ros/rolling/share/rmw_implementation_cmake/cmake)
-- Found rmw_fastrtps_cpp: 9.0.1 (/opt/ros/rolling/share/rmw_fastrtps_cpp/cmake)
-- Found OpenSSL: /usr/lib/x86_64-linux-gnu/libcrypto.so (found version "3.0.13")  
-- Found FastRTPS: /opt/ros/rolling/include (Required is at least version "2.13") 
-- Using RMW implementation 'rmw_fastrtps_cpp' as default
-- Found parameter_traits: 0.3.9 (/home/ravik/ros2_rolling/install/parameter_traits/share/parameter_traits/cmake)
-- Found rclcpp_lifecycle: 28.3.3 (/opt/ros/rolling/share/rclcpp_lifecycle/cmake)
-- Found controller_interface: 4.20.0 (/home/ravik/ros2_rolling/install/controller_interface/share/controller_interface/cmake)
-- Found ament_cmake_gmock: 2.7.0 (/opt/ros/rolling/share/ament_cmake_gmock/cmake)
-- Found controller_manager: 4.20.0 (/home/ravik/ros2_rolling/install/controller_manager/share/controller_manager/cmake)
-- Found ros2_control_test_assets: 4.20.0 (/home/ravik/ros2_rolling/install/ros2_control_test_assets/share/ros2_control_test_assets/cmake)
-- Found gmock sources under '/opt/ros/rolling/src/gmock_vendor': C++ tests using 'Google Mock' will be built
-- The C compiler identification is GNU 13.2.0
-- Detecting C compiler ABI info
-- Detecting C compiler ABI info - done
-- Check for working C compiler: /usr/bin/cc - skipped
-- Detecting C compile features
-- Detecting C compile features - done
-- Found ament_cmake_gtest: 2.7.0 (/opt/ros/rolling/share/ament_cmake_gtest/cmake)
-- Found gtest sources under '/opt/ros/rolling/src/gtest_vendor': C++ tests using 'Google Test' will be built
-- Configuring done (1.7s)
-- Generating done (0.1s)
-- Build files have been written to: /home/ravik/ros2_rolling/build/parallel_gripper_controller
[  8%] [34m[1mRunning `/home/ravik/ros2_rolling/install/generate_parameter_library_py/bin/generate_parameter_library_cpp /home/ravik/ros2_rolling/build/parallel_gripper_controller/parallel_gripper_action_controller_parameters/include//parallel_gripper_action_controller_parameters.hpp /home/ravik/ros2_rolling/src/ros2_controllers/parallel_gripper_controller/src/gripper_action_controller_parameters.yaml `[0m
[ 16%] [32mBuilding CXX object gmock/CMakeFiles/gmock_main.dir/src/gmock_main.cc.o[0m
[ 25%] [32mBuilding CXX object gmock/CMakeFiles/gmock.dir/opt/ros/rolling/src/gtest_vendor/src/gtest-all.cc.o[0m
[ 33%] [32mBuilding CXX object gmock/CMakeFiles/gmock.dir/src/gmock-all.cc.o[0m
[ 33%] Built target parallel_gripper_action_controller_parameters
[ 41%] [32mBuilding CXX object CMakeFiles/parallel_gripper_action_controller.dir/src/parallel_gripper_action_controller.cpp.o[0m
[ 50%] [32m[1mLinking CXX static library libgmock_main.a[0m
[ 50%] Built target gmock_main
[ 58%] [32m[1mLinking CXX static library libgmock.a[0m
[ 58%] Built target gmock
[ 66%] [32mBuilding CXX object CMakeFiles/test_load_parallel_gripper_action_controllers.dir/test/test_load_parallel_gripper_action_controller.cpp.o[0m
[ 75%] [32m[1mLinking CXX shared library libparallel_gripper_action_controller.so[0m
[ 75%] Built target parallel_gripper_action_controller
[ 83%] [32mBuilding CXX object CMakeFiles/test_parallel_gripper_controller.dir/test/test_parallel_gripper_controller.cpp.o[0m
[ 91%] [32m[1mLinking CXX executable test_load_parallel_gripper_action_controllers[0m
[ 91%] Built target test_load_parallel_gripper_action_controllers
[100%] [32m[1mLinking CXX executable test_parallel_gripper_controller[0m
[100%] Built target test_parallel_gripper_controller
-- Install configuration: ""
-- Execute custom install script
-- Symlinking: /home/ravik/ros2_rolling/install/parallel_gripper_controller/include/parallel_gripper_action_controller_parameters/parallel_gripper_action_controller_parameters.hpp
-- Symlinking: /home/ravik/ros2_rolling/install/parallel_gripper_controller/share/parallel_gripper_controller//ros_control_plugins.xml
-- Symlinking: /home/ravik/ros2_rolling/install/parallel_gripper_controller/include/parallel_gripper_action_controller/parallel_gripper_controller/parallel_gripper_action_controller.hpp
-- Symlinking: /home/ravik/ros2_rolling/install/parallel_gripper_controller/include/parallel_gripper_action_controller/parallel_gripper_controller/parallel_gripper_action_controller_impl.hpp
-- Symlinking: /home/ravik/ros2_rolling/install/parallel_gripper_controller/include/parallel_gripper_action_controller/parallel_gripper_controller/visibility_control.hpp
-- Symlinking: /home/ravik/ros2_rolling/install/parallel_gripper_controller/share/parallel_gripper_controller/environment/library_path.sh
-- Symlinking: /home/ravik/ros2_rolling/install/parallel_gripper_controller/share/parallel_gripper_controller/environment/library_path.dsv
-- Symlinking: /home/ravik/ros2_rolling/install/parallel_gripper_controller/share/ament_index/resource_index/package_run_dependencies/parallel_gripper_controller
-- Symlinking: /home/ravik/ros2_rolling/install/parallel_gripper_controller/share/ament_index/resource_index/parent_prefix_path/parallel_gripper_controller
-- Symlinking: /home/ravik/ros2_rolling/install/parallel_gripper_controller/share/parallel_gripper_controller/environment/ament_prefix_path.sh
-- Symlinking: /home/ravik/ros2_rolling/install/parallel_gripper_controller/share/parallel_gripper_controller/environment/ament_prefix_path.dsv
-- Symlinking: /home/ravik/ros2_rolling/install/parallel_gripper_controller/share/parallel_gripper_controller/environment/path.sh
-- Symlinking: /home/ravik/ros2_rolling/install/parallel_gripper_controller/share/parallel_gripper_controller/environment/path.dsv
-- Symlinking: /home/ravik/ros2_rolling/install/parallel_gripper_controller/share/parallel_gripper_controller/local_setup.bash
-- Symlinking: /home/ravik/ros2_rolling/install/parallel_gripper_controller/share/parallel_gripper_controller/local_setup.sh
-- Symlinking: /home/ravik/ros2_rolling/install/parallel_gripper_controller/share/parallel_gripper_controller/local_setup.zsh
-- Symlinking: /home/ravik/ros2_rolling/install/parallel_gripper_controller/share/parallel_gripper_controller/local_setup.dsv
-- Symlinking: /home/ravik/ros2_rolling/install/parallel_gripper_controller/share/parallel_gripper_controller/package.dsv
-- Symlinking: /home/ravik/ros2_rolling/install/parallel_gripper_controller/share/ament_index/resource_index/packages/parallel_gripper_controller
-- Symlinking: /home/ravik/ros2_rolling/install/parallel_gripper_controller/share/ament_index/resource_index/controller_interface__pluginlib__plugin/parallel_gripper_controller
-- Symlinking: /home/ravik/ros2_rolling/install/parallel_gripper_controller/share/parallel_gripper_controller/cmake/ament_cmake_export_targets-extras.cmake
-- Symlinking: /home/ravik/ros2_rolling/install/parallel_gripper_controller/share/parallel_gripper_controller/cmake/ament_cmake_export_dependencies-extras.cmake
-- Symlinking: /home/ravik/ros2_rolling/install/parallel_gripper_controller/share/parallel_gripper_controller/cmake/parallel_gripper_controllerConfig.cmake
-- Symlinking: /home/ravik/ros2_rolling/install/parallel_gripper_controller/share/parallel_gripper_controller/cmake/parallel_gripper_controllerConfig-version.cmake
-- Symlinking: /home/ravik/ros2_rolling/install/parallel_gripper_controller/share/parallel_gripper_controller/package.xml
-- Installing: /home/ravik/ros2_rolling/install/parallel_gripper_controller/lib/libparallel_gripper_action_controller.so
-- Set non-toolchain portion of runtime path of "/home/ravik/ros2_rolling/install/parallel_gripper_controller/lib/libparallel_gripper_action_controller.so" to ""
-- Installing: /home/ravik/ros2_rolling/install/parallel_gripper_controller/share/parallel_gripper_controller/cmake/export_parallel_gripper_action_controllerExport.cmake
-- Installing: /home/ravik/ros2_rolling/install/parallel_gripper_controller/share/parallel_gripper_controller/cmake/export_parallel_gripper_action_controllerExport-noconfig.cmake
