[0.154s] Invoking command in '/home/ravik/ros2_rolling/build/realtime_tools': CMAKE_PREFIX_PATH=${CMAKE_PREFIX_PATH}:/opt/ros/rolling PS1=\[\e]0;$(parse_ros_workspace)\a\]\[\e[1;32m\]\u\[\[\e[0;37m\]@\[\[\e[0;33m\]\h\[\[\e[1;33m\]${text}\[\[\e[0;37m\]:\[$(set_ros_workspace_color)\]$(parse_ros_workspace)\[\[\e[0;32m\]$(parse_git_bracket)\[$(set_git_color)\]$(get_gitbranch)\[\e[0;32m\]>\[\e[1;35m\]\W\[\[\e[1;35m\]$\[\[\e[0m\]\[\e[m\] /usr/bin/cmake --build /home/ravik/ros2_rolling/build/realtime_tools -- -j32 -l32
[0.203s] [ 10%] Built target gmock
[0.204s] [ 17%] Built target gmock_main
[0.204s] [ 25%] Built target thread_priority
[0.205s] [ 35%] Built target realtime_tools
[0.222s] [ 50%] Built target realtime_buffer_tests
[0.222s] [ 50%] Built target realtime_box_best_effort_tests
[0.225s] [ 57%] Built target realtime_box_tests
[0.226s] [ 64%] Built target realtime_clock_tests
[0.227s] [ 71%] Built target thread_priority_tests
[0.227s] [ 78%] Built target realtime_publisher_tests
[0.228s] [ 85%] Built target realtime_publisher_tests_non_polling
[0.228s] [ 92%] Built target realtime_server_goal_handle_tests
[0.229s] [100%] Built target test_async_function_handler
[0.335s] Invoked command in '/home/ravik/ros2_rolling/build/realtime_tools' returned '0': CMAKE_PREFIX_PATH=${CMAKE_PREFIX_PATH}:/opt/ros/rolling PS1=\[\e]0;$(parse_ros_workspace)\a\]\[\e[1;32m\]\u\[\[\e[0;37m\]@\[\[\e[0;33m\]\h\[\[\e[1;33m\]${text}\[\[\e[0;37m\]:\[$(set_ros_workspace_color)\]$(parse_ros_workspace)\[\[\e[0;32m\]$(parse_git_bracket)\[$(set_git_color)\]$(get_gitbranch)\[\e[0;32m\]>\[\e[1;35m\]\W\[\[\e[1;35m\]$\[\[\e[0m\]\[\e[m\] /usr/bin/cmake --build /home/ravik/ros2_rolling/build/realtime_tools -- -j32 -l32
[0.392s] Invoking command in '/home/ravik/ros2_rolling/build/realtime_tools': CMAKE_PREFIX_PATH=${CMAKE_PREFIX_PATH}:/opt/ros/rolling PS1=\[\e]0;$(parse_ros_workspace)\a\]\[\e[1;32m\]\u\[\[\e[0;37m\]@\[\[\e[0;33m\]\h\[\[\e[1;33m\]${text}\[\[\e[0;37m\]:\[$(set_ros_workspace_color)\]$(parse_ros_workspace)\[\[\e[0;32m\]$(parse_git_bracket)\[$(set_git_color)\]$(get_gitbranch)\[\e[0;32m\]>\[\e[1;35m\]\W\[\[\e[1;35m\]$\[\[\e[0m\]\[\e[m\] /usr/bin/cmake --install /home/ravik/ros2_rolling/build/realtime_tools
[0.399s] -- Install configuration: ""
[0.399s] -- Execute custom install script
[0.400s] -- Up-to-date symlink: /home/ravik/ros2_rolling/install/realtime_tools/include/realtime_tools/realtime_tools/async_function_handler.hpp
[0.400s] -- Up-to-date symlink: /home/ravik/ros2_rolling/install/realtime_tools/include/realtime_tools/realtime_tools/realtime_box.h
[0.400s] -- Up-to-date symlink: /home/ravik/ros2_rolling/install/realtime_tools/include/realtime_tools/realtime_tools/realtime_box_best_effort.h
[0.400s] -- Up-to-date symlink: /home/ravik/ros2_rolling/install/realtime_tools/include/realtime_tools/realtime_tools/realtime_buffer.h
[0.400s] -- Up-to-date symlink: /home/ravik/ros2_rolling/install/realtime_tools/include/realtime_tools/realtime_tools/realtime_clock.h
[0.400s] -- Up-to-date symlink: /home/ravik/ros2_rolling/install/realtime_tools/include/realtime_tools/realtime_tools/realtime_helpers.hpp
[0.400s] -- Up-to-date symlink: /home/ravik/ros2_rolling/install/realtime_tools/include/realtime_tools/realtime_tools/realtime_publisher.h
[0.401s] -- Up-to-date symlink: /home/ravik/ros2_rolling/install/realtime_tools/include/realtime_tools/realtime_tools/realtime_server_goal_handle.h
[0.401s] -- Up-to-date symlink: /home/ravik/ros2_rolling/install/realtime_tools/include/realtime_tools/realtime_tools/thread_priority.hpp
[0.401s] -- Up-to-date symlink: /home/ravik/ros2_rolling/install/realtime_tools/share/realtime_tools/environment/library_path.sh
[0.402s] -- Up-to-date symlink: /home/ravik/ros2_rolling/install/realtime_tools/share/realtime_tools/environment/library_path.dsv
[0.402s] -- Up-to-date symlink: /home/ravik/ros2_rolling/install/realtime_tools/share/ament_index/resource_index/package_run_dependencies/realtime_tools
[0.402s] -- Up-to-date symlink: /home/ravik/ros2_rolling/install/realtime_tools/share/ament_index/resource_index/parent_prefix_path/realtime_tools
[0.402s] -- Up-to-date symlink: /home/ravik/ros2_rolling/install/realtime_tools/share/realtime_tools/environment/ament_prefix_path.sh
[0.402s] -- Up-to-date symlink: /home/ravik/ros2_rolling/install/realtime_tools/share/realtime_tools/environment/ament_prefix_path.dsv
[0.403s] -- Up-to-date symlink: /home/ravik/ros2_rolling/install/realtime_tools/share/realtime_tools/environment/path.sh
[0.403s] -- Up-to-date symlink: /home/ravik/ros2_rolling/install/realtime_tools/share/realtime_tools/environment/path.dsv
[0.403s] -- Up-to-date symlink: /home/ravik/ros2_rolling/install/realtime_tools/share/realtime_tools/local_setup.bash
[0.403s] -- Up-to-date symlink: /home/ravik/ros2_rolling/install/realtime_tools/share/realtime_tools/local_setup.sh
[0.403s] -- Up-to-date symlink: /home/ravik/ros2_rolling/install/realtime_tools/share/realtime_tools/local_setup.zsh
[0.404s] -- Up-to-date symlink: /home/ravik/ros2_rolling/install/realtime_tools/share/realtime_tools/local_setup.dsv
[0.404s] -- Symlinking: /home/ravik/ros2_rolling/install/realtime_tools/share/realtime_tools/package.dsv
[0.409s] -- Up-to-date symlink: /home/ravik/ros2_rolling/install/realtime_tools/share/ament_index/resource_index/packages/realtime_tools
[0.410s] -- Up-to-date symlink: /home/ravik/ros2_rolling/install/realtime_tools/share/realtime_tools/cmake/ament_cmake_export_targets-extras.cmake
[0.410s] -- Up-to-date symlink: /home/ravik/ros2_rolling/install/realtime_tools/share/realtime_tools/cmake/ament_cmake_export_dependencies-extras.cmake
[0.410s] -- Up-to-date symlink: /home/ravik/ros2_rolling/install/realtime_tools/share/realtime_tools/cmake/realtime_toolsConfig.cmake
[0.410s] -- Up-to-date symlink: /home/ravik/ros2_rolling/install/realtime_tools/share/realtime_tools/cmake/realtime_toolsConfig-version.cmake
[0.410s] -- Up-to-date symlink: /home/ravik/ros2_rolling/install/realtime_tools/share/realtime_tools/package.xml
[0.410s] -- Up-to-date: /home/ravik/ros2_rolling/install/realtime_tools/lib/librealtime_tools.so
[0.410s] -- Up-to-date: /home/ravik/ros2_rolling/install/realtime_tools/lib/libthread_priority.so
[0.410s] -- Up-to-date: /home/ravik/ros2_rolling/install/realtime_tools/share/realtime_tools/cmake/export_realtime_toolsExport.cmake
[0.410s] -- Up-to-date: /home/ravik/ros2_rolling/install/realtime_tools/share/realtime_tools/cmake/export_realtime_toolsExport-noconfig.cmake
[0.419s] Invoked command in '/home/ravik/ros2_rolling/build/realtime_tools' returned '0': CMAKE_PREFIX_PATH=${CMAKE_PREFIX_PATH}:/opt/ros/rolling PS1=\[\e]0;$(parse_ros_workspace)\a\]\[\e[1;32m\]\u\[\[\e[0;37m\]@\[\[\e[0;33m\]\h\[\[\e[1;33m\]${text}\[\[\e[0;37m\]:\[$(set_ros_workspace_color)\]$(parse_ros_workspace)\[\[\e[0;32m\]$(parse_git_bracket)\[$(set_git_color)\]$(get_gitbranch)\[\e[0;32m\]>\[\e[1;35m\]\W\[\[\e[1;35m\]$\[\[\e[0m\]\[\e[m\] /usr/bin/cmake --install /home/ravik/ros2_rolling/build/realtime_tools
