-- Found ament_cmake: 2.7.0 (/opt/ros/rolling/share/ament_cmake/cmake)
-- Override CMake install command with custom implementation using symlinks instead of copying resources
-- Found rclcpp: 28.3.3 (/opt/ros/rolling/share/rclcpp/cmake)
-- Found rosidl_generator_c: 4.8.1 (/opt/ros/rolling/share/rosidl_generator_c/cmake)
-- Found rosidl_generator_cpp: 4.8.1 (/opt/ros/rolling/share/rosidl_generator_cpp/cmake)
-- Using all available rosidl_typesupport_c: rosidl_typesupport_fastrtps_c;rosidl_typesupport_introspection_c
-- Using all available rosidl_typesupport_cpp: rosidl_typesupport_fastrtps_cpp;rosidl_typesupport_introspection_cpp
-- Found rmw_implementation_cmake: 7.4.3 (/opt/ros/rolling/share/rmw_implementation_cmake/cmake)
-- Found rmw_fastrtps_cpp: 9.0.1 (/opt/ros/rolling/share/rmw_fastrtps_cpp/cmake)
-- Using RMW implementation 'rmw_fastrtps_cpp' as default
-- Found rclcpp_action: 28.3.3 (/opt/ros/rolling/share/rclcpp_action/cmake)
-- Found ament_cmake_gmock: 2.7.0 (/opt/ros/rolling/share/ament_cmake_gmock/cmake)
-- Found lifecycle_msgs: 2.2.0 (/opt/ros/rolling/share/lifecycle_msgs/cmake)
-- Found rclcpp_lifecycle: 28.3.3 (/opt/ros/rolling/share/rclcpp_lifecycle/cmake)
-- Found test_msgs: 2.2.0 (/opt/ros/rolling/share/test_msgs/cmake)
-- Found gmock sources under '/opt/ros/rolling/src/gmock_vendor': C++ tests using 'Google Mock' will be built
-- The C compiler identification is GNU 13.2.0
-- Detecting C compiler ABI info
-- Detecting C compiler ABI info - done
-- Check for working C compiler: /usr/bin/cc - skipped
-- Detecting C compile features
-- Detecting C compile features - done
-- Found ament_cmake_gtest: 2.7.0 (/opt/ros/rolling/share/ament_cmake_gtest/cmake)
-- Found gtest sources under '/opt/ros/rolling/src/gtest_vendor': C++ tests using 'Google Test' will be built
-- Configuring done (0.7s)
-- Generating done (0.0s)
-- Build files have been written to: /home/ravik/ros2_rolling/build/realtime_tools
[  3%] [32mBuilding CXX object CMakeFiles/realtime_tools.dir/src/realtime_clock.cpp.o[0m
[  7%] [32mBuilding CXX object gmock/CMakeFiles/gmock_main.dir/src/gmock_main.cc.o[0m
[ 10%] [32mBuilding CXX object CMakeFiles/realtime_tools.dir/src/realtime_helpers.cpp.o[0m
[ 21%] [32mBuilding CXX object CMakeFiles/thread_priority.dir/src/realtime_helpers.cpp.o[0m
[ 21%] [32mBuilding CXX object gmock/CMakeFiles/gmock.dir/opt/ros/rolling/src/gtest_vendor/src/gtest-all.cc.o[0m
[ 21%] [32mBuilding CXX object gmock/CMakeFiles/gmock.dir/src/gmock-all.cc.o[0m
[ 25%] [32m[1mLinking CXX shared library libthread_priority.so[0m
[ 25%] Built target thread_priority
[ 28%] [32m[1mLinking CXX shared library librealtime_tools.so[0m
[ 28%] Built target realtime_tools
[ 32%] [32m[1mLinking CXX static library libgmock_main.a[0m
[ 32%] Built target gmock_main
[ 35%] [32m[1mLinking CXX static library libgmock.a[0m
[ 35%] Built target gmock
[ 39%] [32mBuilding CXX object CMakeFiles/thread_priority_tests.dir/test/thread_priority_tests.cpp.o[0m
[ 42%] [32mBuilding CXX object CMakeFiles/realtime_server_goal_handle_tests.dir/test/realtime_server_goal_handle_tests.cpp.o[0m
[ 46%] [32mBuilding CXX object CMakeFiles/realtime_box_tests.dir/test/realtime_box_tests.cpp.o[0m
[ 50%] [32mBuilding CXX object CMakeFiles/realtime_buffer_tests.dir/test/realtime_buffer_tests.cpp.o[0m
[ 53%] [32mBuilding CXX object CMakeFiles/realtime_box_best_effort_tests.dir/test/realtime_box_best_effort_tests.cpp.o[0m
[ 57%] [32mBuilding CXX object CMakeFiles/realtime_publisher_tests.dir/test/realtime_publisher_tests.cpp.o[0m
[ 60%] [32mBuilding CXX object CMakeFiles/realtime_clock_tests.dir/test/realtime_clock_tests.cpp.o[0m
[ 64%] [32mBuilding CXX object CMakeFiles/test_async_function_handler.dir/test/test_async_function_handler.cpp.o[0m
[ 67%] [32mBuilding CXX object CMakeFiles/realtime_publisher_tests_non_polling.dir/test/realtime_publisher_tests_non_polling.cpp.o[0m
[ 71%] [32m[1mLinking CXX executable realtime_buffer_tests[0m
[ 75%] [32m[1mLinking CXX executable realtime_box_tests[0m
[ 78%] [32m[1mLinking CXX executable realtime_clock_tests[0m
[ 78%] Built target realtime_buffer_tests
[ 78%] Built target realtime_box_tests
[ 78%] Built target realtime_clock_tests
[ 82%] [32m[1mLinking CXX executable thread_priority_tests[0m
[ 82%] Built target thread_priority_tests
[ 85%] [32m[1mLinking CXX executable realtime_box_best_effort_tests[0m
[ 85%] Built target realtime_box_best_effort_tests
[ 89%] [32m[1mLinking CXX executable test_async_function_handler[0m
[ 89%] Built target test_async_function_handler
[ 92%] [32m[1mLinking CXX executable realtime_server_goal_handle_tests[0m
[ 92%] Built target realtime_server_goal_handle_tests
[ 96%] [32m[1mLinking CXX executable realtime_publisher_tests[0m
[100%] [32m[1mLinking CXX executable realtime_publisher_tests_non_polling[0m
[100%] Built target realtime_publisher_tests
[100%] Built target realtime_publisher_tests_non_polling
-- Install configuration: ""
-- Execute custom install script
-- Symlinking: /home/ravik/ros2_rolling/install/realtime_tools/include/realtime_tools/realtime_tools/async_function_handler.hpp
-- Symlinking: /home/ravik/ros2_rolling/install/realtime_tools/include/realtime_tools/realtime_tools/realtime_box.h
-- Symlinking: /home/ravik/ros2_rolling/install/realtime_tools/include/realtime_tools/realtime_tools/realtime_box_best_effort.h
-- Symlinking: /home/ravik/ros2_rolling/install/realtime_tools/include/realtime_tools/realtime_tools/realtime_buffer.h
-- Symlinking: /home/ravik/ros2_rolling/install/realtime_tools/include/realtime_tools/realtime_tools/realtime_clock.h
-- Symlinking: /home/ravik/ros2_rolling/install/realtime_tools/include/realtime_tools/realtime_tools/realtime_helpers.hpp
-- Symlinking: /home/ravik/ros2_rolling/install/realtime_tools/include/realtime_tools/realtime_tools/realtime_publisher.h
-- Symlinking: /home/ravik/ros2_rolling/install/realtime_tools/include/realtime_tools/realtime_tools/realtime_server_goal_handle.h
-- Symlinking: /home/ravik/ros2_rolling/install/realtime_tools/include/realtime_tools/realtime_tools/thread_priority.hpp
-- Symlinking: /home/ravik/ros2_rolling/install/realtime_tools/share/realtime_tools/environment/library_path.sh
-- Symlinking: /home/ravik/ros2_rolling/install/realtime_tools/share/realtime_tools/environment/library_path.dsv
-- Symlinking: /home/ravik/ros2_rolling/install/realtime_tools/share/ament_index/resource_index/package_run_dependencies/realtime_tools
-- Symlinking: /home/ravik/ros2_rolling/install/realtime_tools/share/ament_index/resource_index/parent_prefix_path/realtime_tools
-- Symlinking: /home/ravik/ros2_rolling/install/realtime_tools/share/realtime_tools/environment/ament_prefix_path.sh
-- Symlinking: /home/ravik/ros2_rolling/install/realtime_tools/share/realtime_tools/environment/ament_prefix_path.dsv
-- Symlinking: /home/ravik/ros2_rolling/install/realtime_tools/share/realtime_tools/environment/path.sh
-- Symlinking: /home/ravik/ros2_rolling/install/realtime_tools/share/realtime_tools/environment/path.dsv
-- Symlinking: /home/ravik/ros2_rolling/install/realtime_tools/share/realtime_tools/local_setup.bash
-- Symlinking: /home/ravik/ros2_rolling/install/realtime_tools/share/realtime_tools/local_setup.sh
-- Symlinking: /home/ravik/ros2_rolling/install/realtime_tools/share/realtime_tools/local_setup.zsh
-- Symlinking: /home/ravik/ros2_rolling/install/realtime_tools/share/realtime_tools/local_setup.dsv
-- Symlinking: /home/ravik/ros2_rolling/install/realtime_tools/share/realtime_tools/package.dsv
-- Symlinking: /home/ravik/ros2_rolling/install/realtime_tools/share/ament_index/resource_index/packages/realtime_tools
-- Symlinking: /home/ravik/ros2_rolling/install/realtime_tools/share/realtime_tools/cmake/ament_cmake_export_targets-extras.cmake
-- Symlinking: /home/ravik/ros2_rolling/install/realtime_tools/share/realtime_tools/cmake/ament_cmake_export_dependencies-extras.cmake
-- Symlinking: /home/ravik/ros2_rolling/install/realtime_tools/share/realtime_tools/cmake/realtime_toolsConfig.cmake
-- Symlinking: /home/ravik/ros2_rolling/install/realtime_tools/share/realtime_tools/cmake/realtime_toolsConfig-version.cmake
-- Symlinking: /home/ravik/ros2_rolling/install/realtime_tools/share/realtime_tools/package.xml
-- Installing: /home/ravik/ros2_rolling/install/realtime_tools/lib/librealtime_tools.so
-- Set non-toolchain portion of runtime path of "/home/ravik/ros2_rolling/install/realtime_tools/lib/librealtime_tools.so" to ""
-- Installing: /home/ravik/ros2_rolling/install/realtime_tools/lib/libthread_priority.so
-- Set non-toolchain portion of runtime path of "/home/ravik/ros2_rolling/install/realtime_tools/lib/libthread_priority.so" to ""
-- Installing: /home/ravik/ros2_rolling/install/realtime_tools/share/realtime_tools/cmake/export_realtime_toolsExport.cmake
-- Installing: /home/ravik/ros2_rolling/install/realtime_tools/share/realtime_tools/cmake/export_realtime_toolsExport-noconfig.cmake
