[0.156s] Invoking command in '/home/ravik/ros2_rolling/build/realtime_tools': CMAKE_PREFIX_PATH=${CMAKE_PREFIX_PATH}:/opt/ros/rolling PS1=\[\e]0;$(parse_ros_workspace)\a\]\[\e[1;32m\]\u\[\[\e[0;37m\]@\[\[\e[0;33m\]\h\[\[\e[1;33m\]${text}\[\[\e[0;37m\]:\[$(set_ros_workspace_color)\]$(parse_ros_workspace)\[\[\e[0;32m\]$(parse_git_bracket)\[$(set_git_color)\]$(get_gitbranch)\[\e[0;32m\]>\[\e[1;35m\]\W\[\[\e[1;35m\]$\[\[\e[0m\]\[\e[m\] /usr/bin/cmake /home/ravik/ros2_rolling/src/realtime_tools -DCMAKE_EXPORT_COMPILE_COMMANDS=ON -DAMENT_CMAKE_SYMLINK_INSTALL=1 -DCMAKE_INSTALL_PREFIX=/home/ravik/ros2_rolling/install/realtime_tools
[0.167s] -- Found ament_cmake: 2.7.0 (/opt/ros/rolling/share/ament_cmake/cmake)
[0.344s] -- Override CMake install command with custom implementation using symlinks instead of copying resources
[0.353s] -- Found rclcpp: 28.3.3 (/opt/ros/rolling/share/rclcpp/cmake)
[0.384s] -- Found rosidl_generator_c: 4.8.1 (/opt/ros/rolling/share/rosidl_generator_c/cmake)
[0.394s] -- Found rosidl_generator_cpp: 4.8.1 (/opt/ros/rolling/share/rosidl_generator_cpp/cmake)
[0.409s] -- Using all available rosidl_typesupport_c: rosidl_typesupport_fastrtps_c;rosidl_typesupport_introspection_c
[0.426s] -- Using all available rosidl_typesupport_cpp: rosidl_typesupport_fastrtps_cpp;rosidl_typesupport_introspection_cpp
[0.486s] -- Found rmw_implementation_cmake: 7.4.3 (/opt/ros/rolling/share/rmw_implementation_cmake/cmake)
[0.487s] -- Found rmw_fastrtps_cpp: 9.0.1 (/opt/ros/rolling/share/rmw_fastrtps_cpp/cmake)
[0.538s] -- Using RMW implementation 'rmw_fastrtps_cpp' as default
[0.583s] -- Found rclcpp_action: 28.3.3 (/opt/ros/rolling/share/rclcpp_action/cmake)
[0.615s] -- Found ament_cmake_gmock: 2.7.0 (/opt/ros/rolling/share/ament_cmake_gmock/cmake)
[0.615s] -- Found lifecycle_msgs: 2.2.0 (/opt/ros/rolling/share/lifecycle_msgs/cmake)
[0.628s] -- Found rclcpp_lifecycle: 28.3.3 (/opt/ros/rolling/share/rclcpp_lifecycle/cmake)
[0.637s] -- Found test_msgs: 2.2.0 (/opt/ros/rolling/share/test_msgs/cmake)
[0.657s] -- Found gmock sources under '/opt/ros/rolling/src/gmock_vendor': C++ tests using 'Google Mock' will be built
[0.696s] -- The C compiler identification is GNU 13.2.0
[0.706s] -- Detecting C compiler ABI info
[0.785s] -- Detecting C compiler ABI info - done
[0.796s] -- Check for working C compiler: /usr/bin/cc - skipped
[0.796s] -- Detecting C compile features
[0.796s] -- Detecting C compile features - done
[0.799s] -- Found ament_cmake_gtest: 2.7.0 (/opt/ros/rolling/share/ament_cmake_gtest/cmake)
[0.800s] -- Found gtest sources under '/opt/ros/rolling/src/gtest_vendor': C++ tests using 'Google Test' will be built
[0.877s] -- Configuring done (0.7s)
[0.914s] -- Generating done (0.0s)
[0.915s] -- Build files have been written to: /home/ravik/ros2_rolling/build/realtime_tools
[0.922s] Invoked command in '/home/ravik/ros2_rolling/build/realtime_tools' returned '0': CMAKE_PREFIX_PATH=${CMAKE_PREFIX_PATH}:/opt/ros/rolling PS1=\[\e]0;$(parse_ros_workspace)\a\]\[\e[1;32m\]\u\[\[\e[0;37m\]@\[\[\e[0;33m\]\h\[\[\e[1;33m\]${text}\[\[\e[0;37m\]:\[$(set_ros_workspace_color)\]$(parse_ros_workspace)\[\[\e[0;32m\]$(parse_git_bracket)\[$(set_git_color)\]$(get_gitbranch)\[\e[0;32m\]>\[\e[1;35m\]\W\[\[\e[1;35m\]$\[\[\e[0m\]\[\e[m\] /usr/bin/cmake /home/ravik/ros2_rolling/src/realtime_tools -DCMAKE_EXPORT_COMPILE_COMMANDS=ON -DAMENT_CMAKE_SYMLINK_INSTALL=1 -DCMAKE_INSTALL_PREFIX=/home/ravik/ros2_rolling/install/realtime_tools
[0.922s] Invoking command in '/home/ravik/ros2_rolling/build/realtime_tools': CMAKE_PREFIX_PATH=${CMAKE_PREFIX_PATH}:/opt/ros/rolling PS1=\[\e]0;$(parse_ros_workspace)\a\]\[\e[1;32m\]\u\[\[\e[0;37m\]@\[\[\e[0;33m\]\h\[\[\e[1;33m\]${text}\[\[\e[0;37m\]:\[$(set_ros_workspace_color)\]$(parse_ros_workspace)\[\[\e[0;32m\]$(parse_git_bracket)\[$(set_git_color)\]$(get_gitbranch)\[\e[0;32m\]>\[\e[1;35m\]\W\[\[\e[1;35m\]$\[\[\e[0m\]\[\e[m\] /usr/bin/cmake --build /home/ravik/ros2_rolling/build/realtime_tools -- -j32 -l32
[0.966s] [  3%] [32mBuilding CXX object CMakeFiles/realtime_tools.dir/src/realtime_clock.cpp.o[0m
[0.968s] [  7%] [32mBuilding CXX object gmock/CMakeFiles/gmock_main.dir/src/gmock_main.cc.o[0m
[0.968s] [ 10%] [32mBuilding CXX object CMakeFiles/realtime_tools.dir/src/realtime_helpers.cpp.o[0m
[0.969s] [ 21%] [32mBuilding CXX object CMakeFiles/thread_priority.dir/src/realtime_helpers.cpp.o[0m
[0.969s] [ 21%] [32mBuilding CXX object gmock/CMakeFiles/gmock.dir/opt/ros/rolling/src/gtest_vendor/src/gtest-all.cc.o[0m
[0.969s] [ 21%] [32mBuilding CXX object gmock/CMakeFiles/gmock.dir/src/gmock-all.cc.o[0m
[1.257s] [ 25%] [32m[1mLinking CXX shared library libthread_priority.so[0m
[1.340s] [ 25%] Built target thread_priority
[1.629s] [ 28%] [32m[1mLinking CXX shared library librealtime_tools.so[0m
[1.715s] [ 28%] Built target realtime_tools
[1.962s] [ 32%] [32m[1mLinking CXX static library libgmock_main.a[0m
[1.997s] [ 32%] Built target gmock_main
[5.273s] [ 35%] [32m[1mLinking CXX static library libgmock.a[0m
[5.455s] [ 35%] Built target gmock
[5.499s] [ 39%] [32mBuilding CXX object CMakeFiles/thread_priority_tests.dir/test/thread_priority_tests.cpp.o[0m
[5.503s] [ 42%] [32mBuilding CXX object CMakeFiles/realtime_server_goal_handle_tests.dir/test/realtime_server_goal_handle_tests.cpp.o[0m
[5.505s] [ 46%] [32mBuilding CXX object CMakeFiles/realtime_box_tests.dir/test/realtime_box_tests.cpp.o[0m
[5.506s] [ 50%] [32mBuilding CXX object CMakeFiles/realtime_buffer_tests.dir/test/realtime_buffer_tests.cpp.o[0m
[5.506s] [ 53%] [32mBuilding CXX object CMakeFiles/realtime_box_best_effort_tests.dir/test/realtime_box_best_effort_tests.cpp.o[0m
[5.509s] [ 57%] [32mBuilding CXX object CMakeFiles/realtime_publisher_tests.dir/test/realtime_publisher_tests.cpp.o[0m
[5.512s] [ 60%] [32mBuilding CXX object CMakeFiles/realtime_clock_tests.dir/test/realtime_clock_tests.cpp.o[0m
[5.516s] [ 64%] [32mBuilding CXX object CMakeFiles/test_async_function_handler.dir/test/test_async_function_handler.cpp.o[0m
[5.535s] [ 67%] [32mBuilding CXX object CMakeFiles/realtime_publisher_tests_non_polling.dir/test/realtime_publisher_tests_non_polling.cpp.o[0m
[6.900s] [ 71%] [32m[1mLinking CXX executable realtime_buffer_tests[0m
[6.989s] [ 75%] [32m[1mLinking CXX executable realtime_box_tests[0m
[7.045s] [ 78%] [32m[1mLinking CXX executable realtime_clock_tests[0m
[7.075s] [ 78%] Built target realtime_buffer_tests
[7.192s] [ 78%] Built target realtime_box_tests
[7.241s] [ 78%] Built target realtime_clock_tests
[7.427s] [ 82%] [32m[1mLinking CXX executable thread_priority_tests[0m
[7.615s] [ 82%] Built target thread_priority_tests
[7.620s] [ 85%] [32m[1mLinking CXX executable realtime_box_best_effort_tests[0m
[7.802s] [ 85%] Built target realtime_box_best_effort_tests
[11.877s] [ 89%] [32m[1mLinking CXX executable test_async_function_handler[0m
[12.367s] [ 89%] Built target test_async_function_handler
[14.158s] [ 92%] [32m[1mLinking CXX executable realtime_server_goal_handle_tests[0m
[14.436s] [ 92%] Built target realtime_server_goal_handle_tests
[16.069s] [ 96%] [32m[1mLinking CXX executable realtime_publisher_tests[0m
[16.075s] [100%] [32m[1mLinking CXX executable realtime_publisher_tests_non_polling[0m
[16.435s] [100%] Built target realtime_publisher_tests
[16.451s] [100%] Built target realtime_publisher_tests_non_polling
[16.464s] Invoked command in '/home/ravik/ros2_rolling/build/realtime_tools' returned '0': CMAKE_PREFIX_PATH=${CMAKE_PREFIX_PATH}:/opt/ros/rolling PS1=\[\e]0;$(parse_ros_workspace)\a\]\[\e[1;32m\]\u\[\[\e[0;37m\]@\[\[\e[0;33m\]\h\[\[\e[1;33m\]${text}\[\[\e[0;37m\]:\[$(set_ros_workspace_color)\]$(parse_ros_workspace)\[\[\e[0;32m\]$(parse_git_bracket)\[$(set_git_color)\]$(get_gitbranch)\[\e[0;32m\]>\[\e[1;35m\]\W\[\[\e[1;35m\]$\[\[\e[0m\]\[\e[m\] /usr/bin/cmake --build /home/ravik/ros2_rolling/build/realtime_tools -- -j32 -l32
[16.528s] Invoking command in '/home/ravik/ros2_rolling/build/realtime_tools': CMAKE_PREFIX_PATH=${CMAKE_PREFIX_PATH}:/opt/ros/rolling PS1=\[\e]0;$(parse_ros_workspace)\a\]\[\e[1;32m\]\u\[\[\e[0;37m\]@\[\[\e[0;33m\]\h\[\[\e[1;33m\]${text}\[\[\e[0;37m\]:\[$(set_ros_workspace_color)\]$(parse_ros_workspace)\[\[\e[0;32m\]$(parse_git_bracket)\[$(set_git_color)\]$(get_gitbranch)\[\e[0;32m\]>\[\e[1;35m\]\W\[\[\e[1;35m\]$\[\[\e[0m\]\[\e[m\] /usr/bin/cmake --install /home/ravik/ros2_rolling/build/realtime_tools
[16.536s] -- Install configuration: ""
[16.536s] -- Execute custom install script
[16.537s] -- Symlinking: /home/ravik/ros2_rolling/install/realtime_tools/include/realtime_tools/realtime_tools/async_function_handler.hpp
[16.546s] -- Symlinking: /home/ravik/ros2_rolling/install/realtime_tools/include/realtime_tools/realtime_tools/realtime_box.h
[16.556s] -- Symlinking: /home/ravik/ros2_rolling/install/realtime_tools/include/realtime_tools/realtime_tools/realtime_box_best_effort.h
[16.565s] -- Symlinking: /home/ravik/ros2_rolling/install/realtime_tools/include/realtime_tools/realtime_tools/realtime_buffer.h
[16.576s] -- Symlinking: /home/ravik/ros2_rolling/install/realtime_tools/include/realtime_tools/realtime_tools/realtime_clock.h
[16.586s] -- Symlinking: /home/ravik/ros2_rolling/install/realtime_tools/include/realtime_tools/realtime_tools/realtime_helpers.hpp
[16.595s] -- Symlinking: /home/ravik/ros2_rolling/install/realtime_tools/include/realtime_tools/realtime_tools/realtime_publisher.h
[16.603s] -- Symlinking: /home/ravik/ros2_rolling/install/realtime_tools/include/realtime_tools/realtime_tools/realtime_server_goal_handle.h
[16.613s] -- Symlinking: /home/ravik/ros2_rolling/install/realtime_tools/include/realtime_tools/realtime_tools/thread_priority.hpp
[16.623s] -- Symlinking: /home/ravik/ros2_rolling/install/realtime_tools/share/realtime_tools/environment/library_path.sh
[16.634s] -- Symlinking: /home/ravik/ros2_rolling/install/realtime_tools/share/realtime_tools/environment/library_path.dsv
[16.642s] -- Symlinking: /home/ravik/ros2_rolling/install/realtime_tools/share/ament_index/resource_index/package_run_dependencies/realtime_tools
[16.653s] -- Symlinking: /home/ravik/ros2_rolling/install/realtime_tools/share/ament_index/resource_index/parent_prefix_path/realtime_tools
[16.663s] -- Symlinking: /home/ravik/ros2_rolling/install/realtime_tools/share/realtime_tools/environment/ament_prefix_path.sh
[16.673s] -- Symlinking: /home/ravik/ros2_rolling/install/realtime_tools/share/realtime_tools/environment/ament_prefix_path.dsv
[16.683s] -- Symlinking: /home/ravik/ros2_rolling/install/realtime_tools/share/realtime_tools/environment/path.sh
[16.692s] -- Symlinking: /home/ravik/ros2_rolling/install/realtime_tools/share/realtime_tools/environment/path.dsv
[16.702s] -- Symlinking: /home/ravik/ros2_rolling/install/realtime_tools/share/realtime_tools/local_setup.bash
[16.710s] -- Symlinking: /home/ravik/ros2_rolling/install/realtime_tools/share/realtime_tools/local_setup.sh
[16.720s] -- Symlinking: /home/ravik/ros2_rolling/install/realtime_tools/share/realtime_tools/local_setup.zsh
[16.731s] -- Symlinking: /home/ravik/ros2_rolling/install/realtime_tools/share/realtime_tools/local_setup.dsv
[16.740s] -- Symlinking: /home/ravik/ros2_rolling/install/realtime_tools/share/realtime_tools/package.dsv
[16.750s] -- Symlinking: /home/ravik/ros2_rolling/install/realtime_tools/share/ament_index/resource_index/packages/realtime_tools
[16.758s] -- Symlinking: /home/ravik/ros2_rolling/install/realtime_tools/share/realtime_tools/cmake/ament_cmake_export_targets-extras.cmake
[16.768s] -- Symlinking: /home/ravik/ros2_rolling/install/realtime_tools/share/realtime_tools/cmake/ament_cmake_export_dependencies-extras.cmake
[16.779s] -- Symlinking: /home/ravik/ros2_rolling/install/realtime_tools/share/realtime_tools/cmake/realtime_toolsConfig.cmake
[16.790s] -- Symlinking: /home/ravik/ros2_rolling/install/realtime_tools/share/realtime_tools/cmake/realtime_toolsConfig-version.cmake
[16.800s] -- Symlinking: /home/ravik/ros2_rolling/install/realtime_tools/share/realtime_tools/package.xml
[16.810s] -- Installing: /home/ravik/ros2_rolling/install/realtime_tools/lib/librealtime_tools.so
[16.811s] -- Set non-toolchain portion of runtime path of "/home/ravik/ros2_rolling/install/realtime_tools/lib/librealtime_tools.so" to ""
[16.811s] -- Installing: /home/ravik/ros2_rolling/install/realtime_tools/lib/libthread_priority.so
[16.811s] -- Set non-toolchain portion of runtime path of "/home/ravik/ros2_rolling/install/realtime_tools/lib/libthread_priority.so" to ""
[16.811s] -- Installing: /home/ravik/ros2_rolling/install/realtime_tools/share/realtime_tools/cmake/export_realtime_toolsExport.cmake
[16.811s] -- Installing: /home/ravik/ros2_rolling/install/realtime_tools/share/realtime_tools/cmake/export_realtime_toolsExport-noconfig.cmake
[16.814s] Invoked command in '/home/ravik/ros2_rolling/build/realtime_tools' returned '0': CMAKE_PREFIX_PATH=${CMAKE_PREFIX_PATH}:/opt/ros/rolling PS1=\[\e]0;$(parse_ros_workspace)\a\]\[\e[1;32m\]\u\[\[\e[0;37m\]@\[\[\e[0;33m\]\h\[\[\e[1;33m\]${text}\[\[\e[0;37m\]:\[$(set_ros_workspace_color)\]$(parse_ros_workspace)\[\[\e[0;32m\]$(parse_git_bracket)\[$(set_git_color)\]$(get_gitbranch)\[\e[0;32m\]>\[\e[1;35m\]\W\[\[\e[1;35m\]$\[\[\e[0m\]\[\e[m\] /usr/bin/cmake --install /home/ravik/ros2_rolling/build/realtime_tools
