[0.014s] Invoking command in '/home/ravik/ros2_rolling/build/generate_parameter_library_example': AMENT_PREFIX_PATH=/home/ravik/ros2_rolling/install/generate_parameter_library:/home/ravik/ros2_rolling/install/parameter_traits:/home/ravik/ros2_rolling/install/generate_parameter_library_py:${AMENT_PREFIX_PATH} CMAKE_PREFIX_PATH=/home/ravik/ros2_rolling/install/generate_parameter_library:/home/ravik/ros2_rolling/install/parameter_traits:/opt/ros/rolling/opt/gz_math_vendor:/opt/ros/rolling/opt/gz_utils_vendor:/opt/ros/rolling/opt/gz_cmake_vendor:/opt/ros/rolling LD_LIBRARY_PATH=/home/ravik/ros2_rolling/install/parameter_traits/lib:${LD_LIBRARY_PATH} PATH=/home/ravik/ros2_rolling/install/generate_parameter_library_py/bin:${PATH} PS1=\[\e]0;$(parse_ros_workspace)\a\]\[\e[1;32m\]\u\[\[\e[0;37m\]@\[\[\e[0;33m\]\h\[\[\e[1;33m\]${text}\[\[\e[0;37m\]:\[$(set_ros_workspace_color)\]$(parse_ros_workspace)\[\[\e[0;32m\]$(parse_git_bracket)\[$(set_git_color)\]$(get_gitbranch)\[\e[0;32m\]>\[\e[1;35m\]\W\[\[\e[1;35m\]$\[\[\e[0m\]\[\e[m\] PYTHONPATH=/home/ravik/ros2_rolling/build/generate_parameter_library_py:/home/ravik/ros2_rolling/install/generate_parameter_library_py/lib/python3.12/site-packages:${PYTHONPATH} /usr/bin/cmake --build /home/ravik/ros2_rolling/build/generate_parameter_library_example -- -j32 -l32
[0.053s] [ 11%] Built target admittance_controller_parameters
[0.056s] [ 29%] Built target gmock
[0.057s] [ 41%] Built target gtest
[0.060s] [ 52%] Built target test_node
[0.076s] [ 64%] Built target minimal_publisher
[0.077s] [ 76%] Built target test_descriptor_gtest
[0.078s] [ 88%] Built target test_example_gmock
[0.081s] [100%] Built target test_example_gtest
[0.452s] Invoked command in '/home/ravik/ros2_rolling/build/generate_parameter_library_example' returned '0': AMENT_PREFIX_PATH=/home/ravik/ros2_rolling/install/generate_parameter_library:/home/ravik/ros2_rolling/install/parameter_traits:/home/ravik/ros2_rolling/install/generate_parameter_library_py:${AMENT_PREFIX_PATH} CMAKE_PREFIX_PATH=/home/ravik/ros2_rolling/install/generate_parameter_library:/home/ravik/ros2_rolling/install/parameter_traits:/opt/ros/rolling/opt/gz_math_vendor:/opt/ros/rolling/opt/gz_utils_vendor:/opt/ros/rolling/opt/gz_cmake_vendor:/opt/ros/rolling LD_LIBRARY_PATH=/home/ravik/ros2_rolling/install/parameter_traits/lib:${LD_LIBRARY_PATH} PATH=/home/ravik/ros2_rolling/install/generate_parameter_library_py/bin:${PATH} PS1=\[\e]0;$(parse_ros_workspace)\a\]\[\e[1;32m\]\u\[\[\e[0;37m\]@\[\[\e[0;33m\]\h\[\[\e[1;33m\]${text}\[\[\e[0;37m\]:\[$(set_ros_workspace_color)\]$(parse_ros_workspace)\[\[\e[0;32m\]$(parse_git_bracket)\[$(set_git_color)\]$(get_gitbranch)\[\e[0;32m\]>\[\e[1;35m\]\W\[\[\e[1;35m\]$\[\[\e[0m\]\[\e[m\] PYTHONPATH=/home/ravik/ros2_rolling/build/generate_parameter_library_py:/home/ravik/ros2_rolling/install/generate_parameter_library_py/lib/python3.12/site-packages:${PYTHONPATH} /usr/bin/cmake --build /home/ravik/ros2_rolling/build/generate_parameter_library_example -- -j32 -l32
[0.490s] Invoking command in '/home/ravik/ros2_rolling/build/generate_parameter_library_example': AMENT_PREFIX_PATH=/home/ravik/ros2_rolling/install/generate_parameter_library:/home/ravik/ros2_rolling/install/parameter_traits:/home/ravik/ros2_rolling/install/generate_parameter_library_py:${AMENT_PREFIX_PATH} CMAKE_PREFIX_PATH=/home/ravik/ros2_rolling/install/generate_parameter_library:/home/ravik/ros2_rolling/install/parameter_traits:/opt/ros/rolling/opt/gz_math_vendor:/opt/ros/rolling/opt/gz_utils_vendor:/opt/ros/rolling/opt/gz_cmake_vendor:/opt/ros/rolling LD_LIBRARY_PATH=/home/ravik/ros2_rolling/install/parameter_traits/lib:${LD_LIBRARY_PATH} PATH=/home/ravik/ros2_rolling/install/generate_parameter_library_py/bin:${PATH} PS1=\[\e]0;$(parse_ros_workspace)\a\]\[\e[1;32m\]\u\[\[\e[0;37m\]@\[\[\e[0;33m\]\h\[\[\e[1;33m\]${text}\[\[\e[0;37m\]:\[$(set_ros_workspace_color)\]$(parse_ros_workspace)\[\[\e[0;32m\]$(parse_git_bracket)\[$(set_git_color)\]$(get_gitbranch)\[\e[0;32m\]>\[\e[1;35m\]\W\[\[\e[1;35m\]$\[\[\e[0m\]\[\e[m\] PYTHONPATH=/home/ravik/ros2_rolling/build/generate_parameter_library_py:/home/ravik/ros2_rolling/install/generate_parameter_library_py/lib/python3.12/site-packages:${PYTHONPATH} /usr/bin/cmake --install /home/ravik/ros2_rolling/build/generate_parameter_library_example
[0.498s] -- Install configuration: ""
[0.498s] -- Execute custom install script
[0.498s] -- Up-to-date symlink: /home/ravik/ros2_rolling/install/generate_parameter_library_example/include/admittance_controller_parameters/admittance_controller_parameters.hpp
[0.498s] -- Up-to-date symlink: /home/ravik/ros2_rolling/install/generate_parameter_library_example/include/admittance_controller_parameters/example_validators.hpp
[0.498s] -- Up-to-date symlink: /home/ravik/ros2_rolling/install/generate_parameter_library_example/lib/generate_parameter_library_example/test_node
[0.498s] -- Up-to-date symlink: /home/ravik/ros2_rolling/install/generate_parameter_library_example/include/generate_parameter_library_example/generate_parameter_library_example/example_validators.hpp
[0.498s] -- Up-to-date symlink: /home/ravik/ros2_rolling/install/generate_parameter_library_example/include/generate_parameter_library_example/generate_parameter_library_example/minimal_publisher.hpp
[0.498s] -- Up-to-date symlink: /home/ravik/ros2_rolling/install/generate_parameter_library_example/lib/generate_parameter_library_example/test_node
[0.498s] -- Up-to-date symlink: /home/ravik/ros2_rolling/install/generate_parameter_library_example/share/generate_parameter_library_example/environment/library_path.sh
[0.498s] -- Up-to-date symlink: /home/ravik/ros2_rolling/install/generate_parameter_library_example/share/generate_parameter_library_example/environment/library_path.dsv
[0.498s] -- Up-to-date symlink: /home/ravik/ros2_rolling/install/generate_parameter_library_example/share/ament_index/resource_index/package_run_dependencies/generate_parameter_library_example
[0.499s] -- Up-to-date symlink: /home/ravik/ros2_rolling/install/generate_parameter_library_example/share/ament_index/resource_index/parent_prefix_path/generate_parameter_library_example
[0.499s] -- Up-to-date symlink: /home/ravik/ros2_rolling/install/generate_parameter_library_example/share/generate_parameter_library_example/environment/ament_prefix_path.sh
[0.499s] -- Up-to-date symlink: /home/ravik/ros2_rolling/install/generate_parameter_library_example/share/generate_parameter_library_example/environment/ament_prefix_path.dsv
[0.499s] -- Up-to-date symlink: /home/ravik/ros2_rolling/install/generate_parameter_library_example/share/generate_parameter_library_example/environment/path.sh
[0.499s] -- Up-to-date symlink: /home/ravik/ros2_rolling/install/generate_parameter_library_example/share/generate_parameter_library_example/environment/path.dsv
[0.499s] -- Up-to-date symlink: /home/ravik/ros2_rolling/install/generate_parameter_library_example/share/generate_parameter_library_example/local_setup.bash
[0.499s] -- Up-to-date symlink: /home/ravik/ros2_rolling/install/generate_parameter_library_example/share/generate_parameter_library_example/local_setup.sh
[0.499s] -- Up-to-date symlink: /home/ravik/ros2_rolling/install/generate_parameter_library_example/share/generate_parameter_library_example/local_setup.zsh
[0.499s] -- Up-to-date symlink: /home/ravik/ros2_rolling/install/generate_parameter_library_example/share/generate_parameter_library_example/local_setup.dsv
[0.499s] -- Symlinking: /home/ravik/ros2_rolling/install/generate_parameter_library_example/share/generate_parameter_library_example/package.dsv
[0.506s] -- Up-to-date symlink: /home/ravik/ros2_rolling/install/generate_parameter_library_example/share/ament_index/resource_index/packages/generate_parameter_library_example
[0.506s] -- Up-to-date symlink: /home/ravik/ros2_rolling/install/generate_parameter_library_example/share/ament_index/resource_index/rclcpp_components/generate_parameter_library_example
[0.506s] -- Up-to-date symlink: /home/ravik/ros2_rolling/install/generate_parameter_library_example/share/generate_parameter_library_example/cmake/ament_cmake_export_targets-extras.cmake
[0.506s] -- Up-to-date symlink: /home/ravik/ros2_rolling/install/generate_parameter_library_example/share/generate_parameter_library_example/cmake/ament_cmake_export_dependencies-extras.cmake
[0.506s] -- Up-to-date symlink: /home/ravik/ros2_rolling/install/generate_parameter_library_example/share/generate_parameter_library_example/cmake/generate_parameter_library_exampleConfig.cmake
[0.507s] -- Up-to-date symlink: /home/ravik/ros2_rolling/install/generate_parameter_library_example/share/generate_parameter_library_example/cmake/generate_parameter_library_exampleConfig-version.cmake
[0.507s] -- Up-to-date symlink: /home/ravik/ros2_rolling/install/generate_parameter_library_example/share/generate_parameter_library_example/package.xml
[0.507s] -- Up-to-date: /home/ravik/ros2_rolling/install/generate_parameter_library_example/lib/libminimal_publisher.so
[0.507s] -- Up-to-date: /home/ravik/ros2_rolling/install/generate_parameter_library_example/share/generate_parameter_library_example/cmake/export_generate_parameter_library_exampleExport.cmake
[0.507s] -- Up-to-date: /home/ravik/ros2_rolling/install/generate_parameter_library_example/share/generate_parameter_library_example/cmake/export_generate_parameter_library_exampleExport-noconfig.cmake
[0.522s] Invoked command in '/home/ravik/ros2_rolling/build/generate_parameter_library_example' returned '0': AMENT_PREFIX_PATH=/home/ravik/ros2_rolling/install/generate_parameter_library:/home/ravik/ros2_rolling/install/parameter_traits:/home/ravik/ros2_rolling/install/generate_parameter_library_py:${AMENT_PREFIX_PATH} CMAKE_PREFIX_PATH=/home/ravik/ros2_rolling/install/generate_parameter_library:/home/ravik/ros2_rolling/install/parameter_traits:/opt/ros/rolling/opt/gz_math_vendor:/opt/ros/rolling/opt/gz_utils_vendor:/opt/ros/rolling/opt/gz_cmake_vendor:/opt/ros/rolling LD_LIBRARY_PATH=/home/ravik/ros2_rolling/install/parameter_traits/lib:${LD_LIBRARY_PATH} PATH=/home/ravik/ros2_rolling/install/generate_parameter_library_py/bin:${PATH} PS1=\[\e]0;$(parse_ros_workspace)\a\]\[\e[1;32m\]\u\[\[\e[0;37m\]@\[\[\e[0;33m\]\h\[\[\e[1;33m\]${text}\[\[\e[0;37m\]:\[$(set_ros_workspace_color)\]$(parse_ros_workspace)\[\[\e[0;32m\]$(parse_git_bracket)\[$(set_git_color)\]$(get_gitbranch)\[\e[0;32m\]>\[\e[1;35m\]\W\[\[\e[1;35m\]$\[\[\e[0m\]\[\e[m\] PYTHONPATH=/home/ravik/ros2_rolling/build/generate_parameter_library_py:/home/ravik/ros2_rolling/install/generate_parameter_library_py/lib/python3.12/site-packages:${PYTHONPATH} /usr/bin/cmake --install /home/ravik/ros2_rolling/build/generate_parameter_library_example
