[0.146s] Invoking command in '/home/ravik/ros2_rolling/build/controller_manager_msgs': CMAKE_PREFIX_PATH=${CMAKE_PREFIX_PATH}:/opt/ros/rolling PS1=\[\e]0;$(parse_ros_workspace)\a\]\[\e[1;32m\]\u\[\[\e[0;37m\]@\[\[\e[0;33m\]\h\[\[\e[1;33m\]${text}\[\[\e[0;37m\]:\[$(set_ros_workspace_color)\]$(parse_ros_workspace)\[\[\e[0;32m\]$(parse_git_bracket)\[$(set_git_color)\]$(get_gitbranch)\[\e[0;32m\]>\[\e[1;35m\]\W\[\[\e[1;35m\]$\[\[\e[0m\]\[\e[m\] /usr/bin/cmake /home/ravik/ros2_rolling/src/ros2_control/controller_manager_msgs -DCMAKE_EXPORT_COMPILE_COMMANDS=ON -DAMENT_CMAKE_SYMLINK_INSTALL=1 -DCMAKE_INSTALL_PREFIX=/home/ravik/ros2_rolling/install/controller_manager_msgs
[0.191s] -- The C compiler identification is GNU 13.2.0
[0.241s] -- The CXX compiler identification is GNU 13.2.0
[0.254s] -- Detecting C compiler ABI info
[0.330s] -- Detecting C compiler ABI info - done
[0.336s] -- Check for working C compiler: /usr/bin/cc - skipped
[0.337s] -- Detecting C compile features
[0.337s] -- Detecting C compile features - done
[0.344s] -- Detecting CXX compiler ABI info
[0.432s] -- Detecting CXX compiler ABI info - done
[0.439s] -- Check for working CXX compiler: /usr/bin/c++ - skipped
[0.439s] -- Detecting CXX compile features
[0.440s] -- Detecting CXX compile features - done
[0.442s] -- Found ament_cmake: 2.7.0 (/opt/ros/rolling/share/ament_cmake/cmake)
[0.575s] -- Found Python3: /usr/bin/python3 (found version "3.12.3") found components: Interpreter 
[0.631s] -- Override CMake install command with custom implementation using symlinks instead of copying resources
[0.662s] -- Found builtin_interfaces: 2.2.0 (/opt/ros/rolling/share/builtin_interfaces/cmake)
[0.691s] -- Found rosidl_generator_c: 4.8.1 (/opt/ros/rolling/share/rosidl_generator_c/cmake)
[0.700s] -- Found rosidl_generator_cpp: 4.8.1 (/opt/ros/rolling/share/rosidl_generator_cpp/cmake)
[0.712s] -- Using all available rosidl_typesupport_c: rosidl_typesupport_fastrtps_c;rosidl_typesupport_introspection_c
[0.725s] -- Using all available rosidl_typesupport_cpp: rosidl_typesupport_fastrtps_cpp;rosidl_typesupport_introspection_cpp
[0.739s] -- Found lifecycle_msgs: 2.2.0 (/opt/ros/rolling/share/lifecycle_msgs/cmake)
[0.793s] -- Found rosidl_default_generators: 1.7.1 (/opt/ros/rolling/share/rosidl_default_generators/cmake)
[0.808s] -- Found rosidl_adapter: 4.8.1 (/opt/ros/rolling/share/rosidl_adapter/cmake)
[1.331s] -- Found ament_cmake_cppcheck: 0.18.1 (/opt/ros/rolling/share/ament_cmake_cppcheck/cmake)
[1.336s] -- Found ament_cmake_cpplint: 0.18.1 (/opt/ros/rolling/share/ament_cmake_cpplint/cmake)
[1.340s] -- Found ament_cmake_uncrustify: 0.18.1 (/opt/ros/rolling/share/ament_cmake_uncrustify/cmake)
[1.345s] -- Found ament_cmake_ros: 0.13.0 (/opt/ros/rolling/share/ament_cmake_ros/cmake)
[1.922s] -- Using all available rosidl_typesupport_c: rosidl_typesupport_fastrtps_c;rosidl_typesupport_introspection_c
[2.164s] -- Using all available rosidl_typesupport_cpp: rosidl_typesupport_fastrtps_cpp;rosidl_typesupport_introspection_cpp
[2.167s] -- Found python_cmake_module: 0.12.0 (/opt/ros/rolling/share/python_cmake_module/cmake)
[2.275s] -- Found PythonExtra: /usr/bin/python3  
[2.611s] -- Found Python3: /usr/bin/python3 (found version "3.12.3") found components: Interpreter Development NumPy Development.Module Development.Embed 
[2.646s] -- Found ament_cmake_flake8: 0.18.1 (/opt/ros/rolling/share/ament_cmake_flake8/cmake)
[2.648s] -- Found ament_cmake_pep257: 0.18.1 (/opt/ros/rolling/share/ament_cmake_pep257/cmake)
[2.658s] -- Configuring done (2.5s)
[2.702s] -- Generating done (0.0s)
[2.704s] -- Build files have been written to: /home/ravik/ros2_rolling/build/controller_manager_msgs
