[0.149s] Invoking command in '/home/ravik/ros2_rolling/build/kinematics_interface': CMAKE_PREFIX_PATH=${CMAKE_PREFIX_PATH}:/opt/ros/rolling PS1=\[\e]0;$(parse_ros_workspace)\a\]\[\e[1;32m\]\u\[\[\e[0;37m\]@\[\[\e[0;33m\]\h\[\[\e[1;33m\]${text}\[\[\e[0;37m\]:\[$(set_ros_workspace_color)\]$(parse_ros_workspace)\[\[\e[0;32m\]$(parse_git_bracket)\[$(set_git_color)\]$(get_gitbranch)\[\e[0;32m\]>\[\e[1;35m\]\W\[\[\e[1;35m\]$\[\[\e[0m\]\[\e[m\] /usr/bin/cmake --build /home/ravik/ros2_rolling/build/kinematics_interface -- -j32 -l32
[0.197s] [100%] Built target kinematics_interface
[0.324s] Invoked command in '/home/ravik/ros2_rolling/build/kinematics_interface' returned '0': CMAKE_PREFIX_PATH=${CMAKE_PREFIX_PATH}:/opt/ros/rolling PS1=\[\e]0;$(parse_ros_workspace)\a\]\[\e[1;32m\]\u\[\[\e[0;37m\]@\[\[\e[0;33m\]\h\[\[\e[1;33m\]${text}\[\[\e[0;37m\]:\[$(set_ros_workspace_color)\]$(parse_ros_workspace)\[\[\e[0;32m\]$(parse_git_bracket)\[$(set_git_color)\]$(get_gitbranch)\[\e[0;32m\]>\[\e[1;35m\]\W\[\[\e[1;35m\]$\[\[\e[0m\]\[\e[m\] /usr/bin/cmake --build /home/ravik/ros2_rolling/build/kinematics_interface -- -j32 -l32
[0.346s] Invoking command in '/home/ravik/ros2_rolling/build/kinematics_interface': CMAKE_PREFIX_PATH=${CMAKE_PREFIX_PATH}:/opt/ros/rolling PS1=\[\e]0;$(parse_ros_workspace)\a\]\[\e[1;32m\]\u\[\[\e[0;37m\]@\[\[\e[0;33m\]\h\[\[\e[1;33m\]${text}\[\[\e[0;37m\]:\[$(set_ros_workspace_color)\]$(parse_ros_workspace)\[\[\e[0;32m\]$(parse_git_bracket)\[$(set_git_color)\]$(get_gitbranch)\[\e[0;32m\]>\[\e[1;35m\]\W\[\[\e[1;35m\]$\[\[\e[0m\]\[\e[m\] /usr/bin/cmake --install /home/ravik/ros2_rolling/build/kinematics_interface
[0.353s] -- Install configuration: ""
[0.353s] -- Execute custom install script
[0.354s] -- Up-to-date symlink: /home/ravik/ros2_rolling/install/kinematics_interface/include/kinematics_interface/kinematics_interface/kinematics_interface.hpp
[0.354s] -- Up-to-date symlink: /home/ravik/ros2_rolling/install/kinematics_interface/include/kinematics_interface/kinematics_interface/visibility_control.h
[0.354s] -- Up-to-date symlink: /home/ravik/ros2_rolling/install/kinematics_interface/share/kinematics_interface/environment/library_path.sh
[0.354s] -- Up-to-date symlink: /home/ravik/ros2_rolling/install/kinematics_interface/share/kinematics_interface/environment/library_path.dsv
[0.354s] -- Up-to-date symlink: /home/ravik/ros2_rolling/install/kinematics_interface/share/ament_index/resource_index/package_run_dependencies/kinematics_interface
[0.355s] -- Up-to-date symlink: /home/ravik/ros2_rolling/install/kinematics_interface/share/ament_index/resource_index/parent_prefix_path/kinematics_interface
[0.355s] -- Up-to-date symlink: /home/ravik/ros2_rolling/install/kinematics_interface/share/kinematics_interface/environment/ament_prefix_path.sh
[0.355s] -- Up-to-date symlink: /home/ravik/ros2_rolling/install/kinematics_interface/share/kinematics_interface/environment/ament_prefix_path.dsv
[0.355s] -- Up-to-date symlink: /home/ravik/ros2_rolling/install/kinematics_interface/share/kinematics_interface/environment/path.sh
[0.355s] -- Up-to-date symlink: /home/ravik/ros2_rolling/install/kinematics_interface/share/kinematics_interface/environment/path.dsv
[0.356s] -- Up-to-date symlink: /home/ravik/ros2_rolling/install/kinematics_interface/share/kinematics_interface/local_setup.bash
[0.356s] -- Up-to-date symlink: /home/ravik/ros2_rolling/install/kinematics_interface/share/kinematics_interface/local_setup.sh
[0.356s] -- Up-to-date symlink: /home/ravik/ros2_rolling/install/kinematics_interface/share/kinematics_interface/local_setup.zsh
[0.356s] -- Up-to-date symlink: /home/ravik/ros2_rolling/install/kinematics_interface/share/kinematics_interface/local_setup.dsv
[0.356s] -- Symlinking: /home/ravik/ros2_rolling/install/kinematics_interface/share/kinematics_interface/package.dsv
[0.365s] -- Up-to-date symlink: /home/ravik/ros2_rolling/install/kinematics_interface/share/ament_index/resource_index/packages/kinematics_interface
[0.365s] -- Up-to-date symlink: /home/ravik/ros2_rolling/install/kinematics_interface/share/kinematics_interface/cmake/ament_cmake_export_targets-extras.cmake
[0.365s] -- Up-to-date symlink: /home/ravik/ros2_rolling/install/kinematics_interface/share/kinematics_interface/cmake/ament_cmake_export_dependencies-extras.cmake
[0.365s] -- Up-to-date symlink: /home/ravik/ros2_rolling/install/kinematics_interface/share/kinematics_interface/cmake/kinematics_interfaceConfig.cmake
[0.365s] -- Up-to-date symlink: /home/ravik/ros2_rolling/install/kinematics_interface/share/kinematics_interface/cmake/kinematics_interfaceConfig-version.cmake
[0.365s] -- Up-to-date symlink: /home/ravik/ros2_rolling/install/kinematics_interface/share/kinematics_interface/package.xml
[0.366s] -- Up-to-date: /home/ravik/ros2_rolling/install/kinematics_interface/lib/libkinematics_interface.so
[0.366s] -- Up-to-date: /home/ravik/ros2_rolling/install/kinematics_interface/share/kinematics_interface/cmake/export_kinematics_interfaceExport.cmake
[0.366s] -- Up-to-date: /home/ravik/ros2_rolling/install/kinematics_interface/share/kinematics_interface/cmake/export_kinematics_interfaceExport-noconfig.cmake
[0.379s] Invoked command in '/home/ravik/ros2_rolling/build/kinematics_interface' returned '0': CMAKE_PREFIX_PATH=${CMAKE_PREFIX_PATH}:/opt/ros/rolling PS1=\[\e]0;$(parse_ros_workspace)\a\]\[\e[1;32m\]\u\[\[\e[0;37m\]@\[\[\e[0;33m\]\h\[\[\e[1;33m\]${text}\[\[\e[0;37m\]:\[$(set_ros_workspace_color)\]$(parse_ros_workspace)\[\[\e[0;32m\]$(parse_git_bracket)\[$(set_git_color)\]$(get_gitbranch)\[\e[0;32m\]>\[\e[1;35m\]\W\[\[\e[1;35m\]$\[\[\e[0m\]\[\e[m\] /usr/bin/cmake --install /home/ravik/ros2_rolling/build/kinematics_interface
