[0.157s] Invoking command in '/home/ravik/ros2_rolling/build/control_msgs': CMAKE_PREFIX_PATH=${CMAKE_PREFIX_PATH}:/opt/ros/rolling PS1=\[\e]0;$(parse_ros_workspace)\a\]\[\e[1;32m\]\u\[\[\e[0;37m\]@\[\[\e[0;33m\]\h\[\[\e[1;33m\]${text}\[\[\e[0;37m\]:\[$(set_ros_workspace_color)\]$(parse_ros_workspace)\[\[\e[0;32m\]$(parse_git_bracket)\[$(set_git_color)\]$(get_gitbranch)\[\e[0;32m\]>\[\e[1;35m\]\W\[\[\e[1;35m\]$\[\[\e[0m\]\[\e[m\] /usr/bin/cmake --build /home/ravik/ros2_rolling/build/control_msgs -- -j32 -l32
[0.223s] [  0%] Built target control_msgs__rosidl_generator_type_description
[0.228s] [  0%] Built target ament_cmake_python_symlink_control_msgs
[0.239s] [  0%] Built target control_msgs__cpp
[0.260s] [ 28%] Built target control_msgs__rosidl_generator_c
[0.289s] [ 38%] Built target control_msgs__rosidl_typesupport_c
[0.289s] [ 48%] Built target control_msgs__rosidl_typesupport_cpp
[0.290s] [ 58%] Built target control_msgs__rosidl_typesupport_fastrtps_c
[0.292s] [ 68%] Built target control_msgs__rosidl_typesupport_introspection_c
[0.295s] [ 77%] Built target control_msgs__rosidl_typesupport_introspection_cpp
[0.302s] [ 87%] Built target control_msgs__rosidl_typesupport_fastrtps_cpp
[0.322s] [ 87%] Built target control_msgs
[0.342s] [ 87%] Built target control_msgs__py
[0.368s] running egg_info
[0.374s] [ 97%] Built target control_msgs__rosidl_generator_py
[0.378s] writing control_msgs.egg-info/PKG-INFO
[0.378s] writing dependency_links to control_msgs.egg-info/dependency_links.txt
[0.378s] writing top-level names to control_msgs.egg-info/top_level.txt
[0.392s] [ 98%] Built target control_msgs_s__rosidl_typesupport_fastrtps_c
[0.396s] [ 99%] Built target control_msgs_s__rosidl_typesupport_introspection_c
[0.397s] [100%] Built target control_msgs_s__rosidl_typesupport_c
[0.410s] reading manifest file 'control_msgs.egg-info/SOURCES.txt'
[0.411s] writing manifest file 'control_msgs.egg-info/SOURCES.txt'
[0.429s] [100%] Built target ament_cmake_python_build_control_msgs_egg
[0.453s] Invoked command in '/home/ravik/ros2_rolling/build/control_msgs' returned '0': CMAKE_PREFIX_PATH=${CMAKE_PREFIX_PATH}:/opt/ros/rolling PS1=\[\e]0;$(parse_ros_workspace)\a\]\[\e[1;32m\]\u\[\[\e[0;37m\]@\[\[\e[0;33m\]\h\[\[\e[1;33m\]${text}\[\[\e[0;37m\]:\[$(set_ros_workspace_color)\]$(parse_ros_workspace)\[\[\e[0;32m\]$(parse_git_bracket)\[$(set_git_color)\]$(get_gitbranch)\[\e[0;32m\]>\[\e[1;35m\]\W\[\[\e[1;35m\]$\[\[\e[0m\]\[\e[m\] /usr/bin/cmake --build /home/ravik/ros2_rolling/build/control_msgs -- -j32 -l32
[1.006s] Invoking command in '/home/ravik/ros2_rolling/build/control_msgs': CMAKE_PREFIX_PATH=${CMAKE_PREFIX_PATH}:/opt/ros/rolling PS1=\[\e]0;$(parse_ros_workspace)\a\]\[\e[1;32m\]\u\[\[\e[0;37m\]@\[\[\e[0;33m\]\h\[\[\e[1;33m\]${text}\[\[\e[0;37m\]:\[$(set_ros_workspace_color)\]$(parse_ros_workspace)\[\[\e[0;32m\]$(parse_git_bracket)\[$(set_git_color)\]$(get_gitbranch)\[\e[0;32m\]>\[\e[1;35m\]\W\[\[\e[1;35m\]$\[\[\e[0m\]\[\e[m\] /usr/bin/cmake --install /home/ravik/ros2_rolling/build/control_msgs
[1.011s] -- Install configuration: ""
[1.012s] -- Execute custom install script
[1.012s] -- Up-to-date symlink: /home/ravik/ros2_rolling/install/control_msgs/share/ament_index/resource_index/rosidl_interfaces/control_msgs
[1.012s] -- Up-to-date symlink: /home/ravik/ros2_rolling/install/control_msgs/share/control_msgs/action/ParallelGripperCommand.json
[1.012s] -- Up-to-date symlink: /home/ravik/ros2_rolling/install/control_msgs/share/control_msgs/action/FollowJointTrajectory.json
[1.013s] -- Up-to-date symlink: /home/ravik/ros2_rolling/install/control_msgs/share/control_msgs/action/GripperCommand.json
[1.013s] -- Up-to-date symlink: /home/ravik/ros2_rolling/install/control_msgs/share/control_msgs/action/JointTrajectory.json
[1.013s] -- Up-to-date symlink: /home/ravik/ros2_rolling/install/control_msgs/share/control_msgs/action/PointHead.json
[1.013s] -- Up-to-date symlink: /home/ravik/ros2_rolling/install/control_msgs/share/control_msgs/action/SingleJointPosition.json
[1.013s] -- Up-to-date symlink: /home/ravik/ros2_rolling/install/control_msgs/share/control_msgs/msg/AdmittanceControllerState.json
[1.013s] -- Up-to-date symlink: /home/ravik/ros2_rolling/install/control_msgs/share/control_msgs/msg/DynamicInterfaceValues.json
[1.013s] -- Up-to-date symlink: /home/ravik/ros2_rolling/install/control_msgs/share/control_msgs/msg/DynamicJointState.json
[1.013s] -- Up-to-date symlink: /home/ravik/ros2_rolling/install/control_msgs/share/control_msgs/msg/GripperCommand.json
[1.014s] -- Up-to-date symlink: /home/ravik/ros2_rolling/install/control_msgs/share/control_msgs/msg/InterfaceValue.json
[1.014s] -- Up-to-date symlink: /home/ravik/ros2_rolling/install/control_msgs/share/control_msgs/msg/JointComponentTolerance.json
[1.014s] -- Up-to-date symlink: /home/ravik/ros2_rolling/install/control_msgs/share/control_msgs/msg/JointControllerState.json
[1.014s] -- Up-to-date symlink: /home/ravik/ros2_rolling/install/control_msgs/share/control_msgs/msg/JointJog.json
[1.014s] -- Up-to-date symlink: /home/ravik/ros2_rolling/install/control_msgs/share/control_msgs/msg/JointTolerance.json
[1.014s] -- Up-to-date symlink: /home/ravik/ros2_rolling/install/control_msgs/share/control_msgs/msg/JointTrajectoryControllerState.json
[1.014s] -- Up-to-date symlink: /home/ravik/ros2_rolling/install/control_msgs/share/control_msgs/msg/MecanumDriveControllerState.json
[1.014s] -- Up-to-date symlink: /home/ravik/ros2_rolling/install/control_msgs/share/control_msgs/msg/MultiDOFCommand.json
[1.014s] -- Up-to-date symlink: /home/ravik/ros2_rolling/install/control_msgs/share/control_msgs/msg/MultiDOFStateStamped.json
[1.014s] -- Up-to-date symlink: /home/ravik/ros2_rolling/install/control_msgs/share/control_msgs/msg/PidState.json
[1.015s] -- Up-to-date symlink: /home/ravik/ros2_rolling/install/control_msgs/share/control_msgs/msg/SingleDOFState.json
[1.015s] -- Up-to-date symlink: /home/ravik/ros2_rolling/install/control_msgs/share/control_msgs/msg/SingleDOFStateStamped.json
[1.015s] -- Up-to-date symlink: /home/ravik/ros2_rolling/install/control_msgs/share/control_msgs/msg/SteeringControllerStatus.json
[1.015s] -- Up-to-date symlink: /home/ravik/ros2_rolling/install/control_msgs/share/control_msgs/msg/SpeedScalingFactor.json
[1.015s] -- Up-to-date symlink: /home/ravik/ros2_rolling/install/control_msgs/share/control_msgs/srv/QueryCalibrationState.json
[1.015s] -- Up-to-date symlink: /home/ravik/ros2_rolling/install/control_msgs/share/control_msgs/srv/QueryTrajectoryState.json
[1.016s] -- Up-to-date symlink: /home/ravik/ros2_rolling/install/control_msgs/include/control_msgs/control_msgs/action/detail/follow_joint_trajectory__functions.h
[1.016s] -- Up-to-date symlink: /home/ravik/ros2_rolling/install/control_msgs/include/control_msgs/control_msgs/action/detail/follow_joint_trajectory__struct.h
[1.016s] -- Up-to-date symlink: /home/ravik/ros2_rolling/install/control_msgs/include/control_msgs/control_msgs/action/detail/follow_joint_trajectory__type_support.h
[1.016s] -- Up-to-date symlink: /home/ravik/ros2_rolling/install/control_msgs/include/control_msgs/control_msgs/action/detail/gripper_command__functions.h
[1.016s] -- Up-to-date symlink: /home/ravik/ros2_rolling/install/control_msgs/include/control_msgs/control_msgs/action/detail/gripper_command__struct.h
[1.016s] -- Up-to-date symlink: /home/ravik/ros2_rolling/install/control_msgs/include/control_msgs/control_msgs/action/detail/gripper_command__type_support.h
[1.016s] -- Up-to-date symlink: /home/ravik/ros2_rolling/install/control_msgs/include/control_msgs/control_msgs/action/detail/joint_trajectory__functions.h
[1.016s] -- Up-to-date symlink: /home/ravik/ros2_rolling/install/control_msgs/include/control_msgs/control_msgs/action/detail/joint_trajectory__struct.h
[1.016s] -- Up-to-date symlink: /home/ravik/ros2_rolling/install/control_msgs/include/control_msgs/control_msgs/action/detail/joint_trajectory__type_support.h
[1.016s] -- Up-to-date symlink: /home/ravik/ros2_rolling/install/control_msgs/include/control_msgs/control_msgs/action/detail/parallel_gripper_command__functions.h
[1.017s] -- Up-to-date symlink: /home/ravik/ros2_rolling/install/control_msgs/include/control_msgs/control_msgs/action/detail/parallel_gripper_command__struct.h
[1.017s] -- Up-to-date symlink: /home/ravik/ros2_rolling/install/control_msgs/include/control_msgs/control_msgs/action/detail/parallel_gripper_command__type_support.h
[1.017s] -- Up-to-date symlink: /home/ravik/ros2_rolling/install/control_msgs/include/control_msgs/control_msgs/action/detail/point_head__functions.h
[1.017s] -- Up-to-date symlink: /home/ravik/ros2_rolling/install/control_msgs/include/control_msgs/control_msgs/action/detail/point_head__struct.h
[1.017s] -- Up-to-date symlink: /home/ravik/ros2_rolling/install/control_msgs/include/control_msgs/control_msgs/action/detail/point_head__type_support.h
[1.017s] -- Up-to-date symlink: /home/ravik/ros2_rolling/install/control_msgs/include/control_msgs/control_msgs/action/detail/single_joint_position__functions.h
[1.017s] -- Up-to-date symlink: /home/ravik/ros2_rolling/install/control_msgs/include/control_msgs/control_msgs/action/detail/single_joint_position__struct.h
[1.017s] -- Up-to-date symlink: /home/ravik/ros2_rolling/install/control_msgs/include/control_msgs/control_msgs/action/detail/single_joint_position__type_support.h
[1.017s] -- Up-to-date symlink: /home/ravik/ros2_rolling/install/control_msgs/include/control_msgs/control_msgs/action/follow_joint_trajectory.h
[1.017s] -- Up-to-date symlink: /home/ravik/ros2_rolling/install/control_msgs/include/control_msgs/control_msgs/action/gripper_command.h
[1.017s] -- Up-to-date symlink: /home/ravik/ros2_rolling/install/control_msgs/include/control_msgs/control_msgs/action/joint_trajectory.h
[1.017s] -- Up-to-date symlink: /home/ravik/ros2_rolling/install/control_msgs/include/control_msgs/control_msgs/action/parallel_gripper_command.h
[1.017s] -- Up-to-date symlink: /home/ravik/ros2_rolling/install/control_msgs/include/control_msgs/control_msgs/action/point_head.h
[1.017s] -- Up-to-date symlink: /home/ravik/ros2_rolling/install/control_msgs/include/control_msgs/control_msgs/action/single_joint_position.h
[1.017s] -- Up-to-date symlink: /home/ravik/ros2_rolling/install/control_msgs/include/control_msgs/control_msgs/msg/admittance_controller_state.h
[1.017s] -- Up-to-date symlink: /home/ravik/ros2_rolling/install/control_msgs/include/control_msgs/control_msgs/msg/detail/admittance_controller_state__functions.h
[1.017s] -- Up-to-date symlink: /home/ravik/ros2_rolling/install/control_msgs/include/control_msgs/control_msgs/msg/detail/admittance_controller_state__struct.h
[1.017s] -- Up-to-date symlink: /home/ravik/ros2_rolling/install/control_msgs/include/control_msgs/control_msgs/msg/detail/admittance_controller_state__type_support.h
[1.017s] -- Up-to-date symlink: /home/ravik/ros2_rolling/install/control_msgs/include/control_msgs/control_msgs/msg/detail/dynamic_interface_values__functions.h
[1.017s] -- Up-to-date symlink: /home/ravik/ros2_rolling/install/control_msgs/include/control_msgs/control_msgs/msg/detail/dynamic_interface_values__struct.h
[1.018s] -- Up-to-date symlink: /home/ravik/ros2_rolling/install/control_msgs/include/control_msgs/control_msgs/msg/detail/dynamic_interface_values__type_support.h
[1.018s] -- Up-to-date symlink: /home/ravik/ros2_rolling/install/control_msgs/include/control_msgs/control_msgs/msg/detail/dynamic_joint_state__functions.h
[1.018s] -- Up-to-date symlink: /home/ravik/ros2_rolling/install/control_msgs/include/control_msgs/control_msgs/msg/detail/dynamic_joint_state__struct.h
[1.018s] -- Up-to-date symlink: /home/ravik/ros2_rolling/install/control_msgs/include/control_msgs/control_msgs/msg/detail/dynamic_joint_state__type_support.h
[1.018s] -- Up-to-date symlink: /home/ravik/ros2_rolling/install/control_msgs/include/control_msgs/control_msgs/msg/detail/gripper_command__functions.h
[1.018s] -- Up-to-date symlink: /home/ravik/ros2_rolling/install/control_msgs/include/control_msgs/control_msgs/msg/detail/gripper_command__struct.h
[1.018s] -- Up-to-date symlink: /home/ravik/ros2_rolling/install/control_msgs/include/control_msgs/control_msgs/msg/detail/gripper_command__type_support.h
[1.018s] -- Up-to-date symlink: /home/ravik/ros2_rolling/install/control_msgs/include/control_msgs/control_msgs/msg/detail/interface_value__functions.h
[1.018s] -- Up-to-date symlink: /home/ravik/ros2_rolling/install/control_msgs/include/control_msgs/control_msgs/msg/detail/interface_value__struct.h
[1.018s] -- Up-to-date symlink: /home/ravik/ros2_rolling/install/control_msgs/include/control_msgs/control_msgs/msg/detail/interface_value__type_support.h
[1.018s] -- Up-to-date symlink: /home/ravik/ros2_rolling/install/control_msgs/include/control_msgs/control_msgs/msg/detail/joint_component_tolerance__functions.h
[1.018s] -- Up-to-date symlink: /home/ravik/ros2_rolling/install/control_msgs/include/control_msgs/control_msgs/msg/detail/joint_component_tolerance__struct.h
[1.018s] -- Up-to-date symlink: /home/ravik/ros2_rolling/install/control_msgs/include/control_msgs/control_msgs/msg/detail/joint_component_tolerance__type_support.h
[1.018s] -- Up-to-date symlink: /home/ravik/ros2_rolling/install/control_msgs/include/control_msgs/control_msgs/msg/detail/joint_controller_state__functions.h
[1.018s] -- Up-to-date symlink: /home/ravik/ros2_rolling/install/control_msgs/include/control_msgs/control_msgs/msg/detail/joint_controller_state__struct.h
[1.018s] -- Up-to-date symlink: /home/ravik/ros2_rolling/install/control_msgs/include/control_msgs/control_msgs/msg/detail/joint_controller_state__type_support.h
[1.018s] -- Up-to-date symlink: /home/ravik/ros2_rolling/install/control_msgs/include/control_msgs/control_msgs/msg/detail/joint_jog__functions.h
[1.018s] -- Up-to-date symlink: /home/ravik/ros2_rolling/install/control_msgs/include/control_msgs/control_msgs/msg/detail/joint_jog__struct.h
[1.018s] -- Up-to-date symlink: /home/ravik/ros2_rolling/install/control_msgs/include/control_msgs/control_msgs/msg/detail/joint_jog__type_support.h
[1.018s] -- Up-to-date symlink: /home/ravik/ros2_rolling/install/control_msgs/include/control_msgs/control_msgs/msg/detail/joint_tolerance__functions.h
[1.019s] -- Up-to-date symlink: /home/ravik/ros2_rolling/install/control_msgs/include/control_msgs/control_msgs/msg/detail/joint_tolerance__struct.h
[1.019s] -- Up-to-date symlink: /home/ravik/ros2_rolling/install/control_msgs/include/control_msgs/control_msgs/msg/detail/joint_tolerance__type_support.h
[1.019s] -- Up-to-date symlink: /home/ravik/ros2_rolling/install/control_msgs/include/control_msgs/control_msgs/msg/detail/joint_trajectory_controller_state__functions.h
[1.019s] -- Up-to-date symlink: /home/ravik/ros2_rolling/install/control_msgs/include/control_msgs/control_msgs/msg/detail/joint_trajectory_controller_state__struct.h
[1.019s] -- Up-to-date symlink: /home/ravik/ros2_rolling/install/control_msgs/include/control_msgs/control_msgs/msg/detail/joint_trajectory_controller_state__type_support.h
[1.019s] -- Up-to-date symlink: /home/ravik/ros2_rolling/install/control_msgs/include/control_msgs/control_msgs/msg/detail/mecanum_drive_controller_state__functions.h
[1.019s] -- Up-to-date symlink: /home/ravik/ros2_rolling/install/control_msgs/include/control_msgs/control_msgs/msg/detail/mecanum_drive_controller_state__struct.h
[1.019s] -- Up-to-date symlink: /home/ravik/ros2_rolling/install/control_msgs/include/control_msgs/control_msgs/msg/detail/mecanum_drive_controller_state__type_support.h
[1.019s] -- Up-to-date symlink: /home/ravik/ros2_rolling/install/control_msgs/include/control_msgs/control_msgs/msg/detail/multi_dof_command__functions.h
[1.019s] -- Up-to-date symlink: /home/ravik/ros2_rolling/install/control_msgs/include/control_msgs/control_msgs/msg/detail/multi_dof_command__struct.h
[1.019s] -- Up-to-date symlink: /home/ravik/ros2_rolling/install/control_msgs/include/control_msgs/control_msgs/msg/detail/multi_dof_command__type_support.h
[1.019s] -- Up-to-date symlink: /home/ravik/ros2_rolling/install/control_msgs/include/control_msgs/control_msgs/msg/detail/multi_dof_state_stamped__functions.h
[1.019s] -- Up-to-date symlink: /home/ravik/ros2_rolling/install/control_msgs/include/control_msgs/control_msgs/msg/detail/multi_dof_state_stamped__struct.h
[1.019s] -- Up-to-date symlink: /home/ravik/ros2_rolling/install/control_msgs/include/control_msgs/control_msgs/msg/detail/multi_dof_state_stamped__type_support.h
[1.019s] -- Up-to-date symlink: /home/ravik/ros2_rolling/install/control_msgs/include/control_msgs/control_msgs/msg/detail/pid_state__functions.h
[1.019s] -- Up-to-date symlink: /home/ravik/ros2_rolling/install/control_msgs/include/control_msgs/control_msgs/msg/detail/pid_state__struct.h
[1.019s] -- Up-to-date symlink: /home/ravik/ros2_rolling/install/control_msgs/include/control_msgs/control_msgs/msg/detail/pid_state__type_support.h
[1.019s] -- Up-to-date symlink: /home/ravik/ros2_rolling/install/control_msgs/include/control_msgs/control_msgs/msg/detail/single_dof_state__functions.h
[1.020s] -- Up-to-date symlink: /home/ravik/ros2_rolling/install/control_msgs/include/control_msgs/control_msgs/msg/detail/single_dof_state__struct.h
[1.020s] -- Up-to-date symlink: /home/ravik/ros2_rolling/install/control_msgs/include/control_msgs/control_msgs/msg/detail/single_dof_state__type_support.h
[1.020s] -- Up-to-date symlink: /home/ravik/ros2_rolling/install/control_msgs/include/control_msgs/control_msgs/msg/detail/single_dof_state_stamped__functions.h
[1.020s] -- Up-to-date symlink: /home/ravik/ros2_rolling/install/control_msgs/include/control_msgs/control_msgs/msg/detail/single_dof_state_stamped__struct.h
[1.020s] -- Up-to-date symlink: /home/ravik/ros2_rolling/install/control_msgs/include/control_msgs/control_msgs/msg/detail/single_dof_state_stamped__type_support.h
[1.020s] -- Up-to-date symlink: /home/ravik/ros2_rolling/install/control_msgs/include/control_msgs/control_msgs/msg/detail/speed_scaling_factor__functions.h
[1.020s] -- Up-to-date symlink: /home/ravik/ros2_rolling/install/control_msgs/include/control_msgs/control_msgs/msg/detail/speed_scaling_factor__struct.h
[1.020s] -- Up-to-date symlink: /home/ravik/ros2_rolling/install/control_msgs/include/control_msgs/control_msgs/msg/detail/speed_scaling_factor__type_support.h
[1.020s] -- Up-to-date symlink: /home/ravik/ros2_rolling/install/control_msgs/include/control_msgs/control_msgs/msg/detail/steering_controller_status__functions.h
[1.020s] -- Up-to-date symlink: /home/ravik/ros2_rolling/install/control_msgs/include/control_msgs/control_msgs/msg/detail/steering_controller_status__struct.h
[1.020s] -- Up-to-date symlink: /home/ravik/ros2_rolling/install/control_msgs/include/control_msgs/control_msgs/msg/detail/steering_controller_status__type_support.h
[1.020s] -- Up-to-date symlink: /home/ravik/ros2_rolling/install/control_msgs/include/control_msgs/control_msgs/msg/dynamic_interface_values.h
[1.020s] -- Up-to-date symlink: /home/ravik/ros2_rolling/install/control_msgs/include/control_msgs/control_msgs/msg/dynamic_joint_state.h
[1.020s] -- Up-to-date symlink: /home/ravik/ros2_rolling/install/control_msgs/include/control_msgs/control_msgs/msg/gripper_command.h
[1.020s] -- Up-to-date symlink: /home/ravik/ros2_rolling/install/control_msgs/include/control_msgs/control_msgs/msg/interface_value.h
[1.020s] -- Up-to-date symlink: /home/ravik/ros2_rolling/install/control_msgs/include/control_msgs/control_msgs/msg/joint_component_tolerance.h
[1.020s] -- Up-to-date symlink: /home/ravik/ros2_rolling/install/control_msgs/include/control_msgs/control_msgs/msg/joint_controller_state.h
[1.020s] -- Up-to-date symlink: /home/ravik/ros2_rolling/install/control_msgs/include/control_msgs/control_msgs/msg/joint_jog.h
[1.021s] -- Up-to-date symlink: /home/ravik/ros2_rolling/install/control_msgs/include/control_msgs/control_msgs/msg/joint_tolerance.h
[1.021s] -- Up-to-date symlink: /home/ravik/ros2_rolling/install/control_msgs/include/control_msgs/control_msgs/msg/joint_trajectory_controller_state.h
[1.021s] -- Up-to-date symlink: /home/ravik/ros2_rolling/install/control_msgs/include/control_msgs/control_msgs/msg/mecanum_drive_controller_state.h
[1.021s] -- Up-to-date symlink: /home/ravik/ros2_rolling/install/control_msgs/include/control_msgs/control_msgs/msg/multi_dof_command.h
[1.021s] -- Up-to-date symlink: /home/ravik/ros2_rolling/install/control_msgs/include/control_msgs/control_msgs/msg/multi_dof_state_stamped.h
[1.021s] -- Up-to-date symlink: /home/ravik/ros2_rolling/install/control_msgs/include/control_msgs/control_msgs/msg/pid_state.h
[1.021s] -- Up-to-date symlink: /home/ravik/ros2_rolling/install/control_msgs/include/control_msgs/control_msgs/msg/rosidl_generator_c__visibility_control.h
[1.021s] -- Up-to-date symlink: /home/ravik/ros2_rolling/install/control_msgs/include/control_msgs/control_msgs/msg/single_dof_state.h
[1.021s] -- Up-to-date symlink: /home/ravik/ros2_rolling/install/control_msgs/include/control_msgs/control_msgs/msg/single_dof_state_stamped.h
[1.021s] -- Up-to-date symlink: /home/ravik/ros2_rolling/install/control_msgs/include/control_msgs/control_msgs/msg/speed_scaling_factor.h
[1.021s] -- Up-to-date symlink: /home/ravik/ros2_rolling/install/control_msgs/include/control_msgs/control_msgs/msg/steering_controller_status.h
[1.021s] -- Up-to-date symlink: /home/ravik/ros2_rolling/install/control_msgs/include/control_msgs/control_msgs/srv/detail/query_calibration_state__functions.h
[1.021s] -- Up-to-date symlink: /home/ravik/ros2_rolling/install/control_msgs/include/control_msgs/control_msgs/srv/detail/query_calibration_state__struct.h
[1.021s] -- Up-to-date symlink: /home/ravik/ros2_rolling/install/control_msgs/include/control_msgs/control_msgs/srv/detail/query_calibration_state__type_support.h
[1.021s] -- Up-to-date symlink: /home/ravik/ros2_rolling/install/control_msgs/include/control_msgs/control_msgs/srv/detail/query_trajectory_state__functions.h
[1.021s] -- Up-to-date symlink: /home/ravik/ros2_rolling/install/control_msgs/include/control_msgs/control_msgs/srv/detail/query_trajectory_state__struct.h
[1.021s] -- Up-to-date symlink: /home/ravik/ros2_rolling/install/control_msgs/include/control_msgs/control_msgs/srv/detail/query_trajectory_state__type_support.h
[1.021s] -- Up-to-date symlink: /home/ravik/ros2_rolling/install/control_msgs/include/control_msgs/control_msgs/srv/query_calibration_state.h
[1.022s] -- Up-to-date symlink: /home/ravik/ros2_rolling/install/control_msgs/include/control_msgs/control_msgs/srv/query_trajectory_state.h
[1.022s] -- Up-to-date symlink: /home/ravik/ros2_rolling/install/control_msgs/share/control_msgs/environment/library_path.sh
[1.022s] -- Up-to-date symlink: /home/ravik/ros2_rolling/install/control_msgs/share/control_msgs/environment/library_path.dsv
[1.023s] -- Up-to-date symlink: /home/ravik/ros2_rolling/install/control_msgs/include/control_msgs/control_msgs/action/detail/follow_joint_trajectory__rosidl_typesupport_fastrtps_c.h
[1.023s] -- Up-to-date symlink: /home/ravik/ros2_rolling/install/control_msgs/include/control_msgs/control_msgs/action/detail/gripper_command__rosidl_typesupport_fastrtps_c.h
[1.023s] -- Up-to-date symlink: /home/ravik/ros2_rolling/install/control_msgs/include/control_msgs/control_msgs/action/detail/joint_trajectory__rosidl_typesupport_fastrtps_c.h
[1.023s] -- Up-to-date symlink: /home/ravik/ros2_rolling/install/control_msgs/include/control_msgs/control_msgs/action/detail/parallel_gripper_command__rosidl_typesupport_fastrtps_c.h
[1.023s] -- Up-to-date symlink: /home/ravik/ros2_rolling/install/control_msgs/include/control_msgs/control_msgs/action/detail/point_head__rosidl_typesupport_fastrtps_c.h
[1.023s] -- Up-to-date symlink: /home/ravik/ros2_rolling/install/control_msgs/include/control_msgs/control_msgs/action/detail/single_joint_position__rosidl_typesupport_fastrtps_c.h
[1.023s] -- Up-to-date symlink: /home/ravik/ros2_rolling/install/control_msgs/include/control_msgs/control_msgs/msg/detail/admittance_controller_state__rosidl_typesupport_fastrtps_c.h
[1.023s] -- Up-to-date symlink: /home/ravik/ros2_rolling/install/control_msgs/include/control_msgs/control_msgs/msg/detail/dynamic_interface_values__rosidl_typesupport_fastrtps_c.h
[1.023s] -- Up-to-date symlink: /home/ravik/ros2_rolling/install/control_msgs/include/control_msgs/control_msgs/msg/detail/dynamic_joint_state__rosidl_typesupport_fastrtps_c.h
[1.023s] -- Up-to-date symlink: /home/ravik/ros2_rolling/install/control_msgs/include/control_msgs/control_msgs/msg/detail/gripper_command__rosidl_typesupport_fastrtps_c.h
[1.024s] -- Up-to-date symlink: /home/ravik/ros2_rolling/install/control_msgs/include/control_msgs/control_msgs/msg/detail/interface_value__rosidl_typesupport_fastrtps_c.h
[1.024s] -- Up-to-date symlink: /home/ravik/ros2_rolling/install/control_msgs/include/control_msgs/control_msgs/msg/detail/joint_component_tolerance__rosidl_typesupport_fastrtps_c.h
[1.024s] -- Up-to-date symlink: /home/ravik/ros2_rolling/install/control_msgs/include/control_msgs/control_msgs/msg/detail/joint_controller_state__rosidl_typesupport_fastrtps_c.h
[1.024s] -- Up-to-date symlink: /home/ravik/ros2_rolling/install/control_msgs/include/control_msgs/control_msgs/msg/detail/joint_jog__rosidl_typesupport_fastrtps_c.h
[1.024s] -- Up-to-date symlink: /home/ravik/ros2_rolling/install/control_msgs/include/control_msgs/control_msgs/msg/detail/joint_tolerance__rosidl_typesupport_fastrtps_c.h
[1.024s] -- Up-to-date symlink: /home/ravik/ros2_rolling/install/control_msgs/include/control_msgs/control_msgs/msg/detail/joint_trajectory_controller_state__rosidl_typesupport_fastrtps_c.h
[1.024s] -- Up-to-date symlink: /home/ravik/ros2_rolling/install/control_msgs/include/control_msgs/control_msgs/msg/detail/mecanum_drive_controller_state__rosidl_typesupport_fastrtps_c.h
[1.024s] -- Up-to-date symlink: /home/ravik/ros2_rolling/install/control_msgs/include/control_msgs/control_msgs/msg/detail/multi_dof_command__rosidl_typesupport_fastrtps_c.h
[1.024s] -- Up-to-date symlink: /home/ravik/ros2_rolling/install/control_msgs/include/control_msgs/control_msgs/msg/detail/multi_dof_state_stamped__rosidl_typesupport_fastrtps_c.h
[1.025s] -- Up-to-date symlink: /home/ravik/ros2_rolling/install/control_msgs/include/control_msgs/control_msgs/msg/detail/pid_state__rosidl_typesupport_fastrtps_c.h
[1.025s] -- Up-to-date symlink: /home/ravik/ros2_rolling/install/control_msgs/include/control_msgs/control_msgs/msg/detail/single_dof_state__rosidl_typesupport_fastrtps_c.h
[1.025s] -- Up-to-date symlink: /home/ravik/ros2_rolling/install/control_msgs/include/control_msgs/control_msgs/msg/detail/single_dof_state_stamped__rosidl_typesupport_fastrtps_c.h
[1.025s] -- Up-to-date symlink: /home/ravik/ros2_rolling/install/control_msgs/include/control_msgs/control_msgs/msg/detail/speed_scaling_factor__rosidl_typesupport_fastrtps_c.h
[1.025s] -- Up-to-date symlink: /home/ravik/ros2_rolling/install/control_msgs/include/control_msgs/control_msgs/msg/detail/steering_controller_status__rosidl_typesupport_fastrtps_c.h
[1.025s] -- Up-to-date symlink: /home/ravik/ros2_rolling/install/control_msgs/include/control_msgs/control_msgs/msg/rosidl_typesupport_fastrtps_c__visibility_control.h
[1.025s] -- Up-to-date symlink: /home/ravik/ros2_rolling/install/control_msgs/include/control_msgs/control_msgs/srv/detail/query_calibration_state__rosidl_typesupport_fastrtps_c.h
[1.025s] -- Up-to-date symlink: /home/ravik/ros2_rolling/install/control_msgs/include/control_msgs/control_msgs/srv/detail/query_trajectory_state__rosidl_typesupport_fastrtps_c.h
[1.026s] -- Up-to-date symlink: /home/ravik/ros2_rolling/install/control_msgs/include/control_msgs/control_msgs/action/detail/follow_joint_trajectory__builder.hpp
[1.026s] -- Up-to-date symlink: /home/ravik/ros2_rolling/install/control_msgs/include/control_msgs/control_msgs/action/detail/follow_joint_trajectory__struct.hpp
[1.026s] -- Up-to-date symlink: /home/ravik/ros2_rolling/install/control_msgs/include/control_msgs/control_msgs/action/detail/follow_joint_trajectory__traits.hpp
[1.026s] -- Up-to-date symlink: /home/ravik/ros2_rolling/install/control_msgs/include/control_msgs/control_msgs/action/detail/follow_joint_trajectory__type_support.hpp
[1.026s] -- Up-to-date symlink: /home/ravik/ros2_rolling/install/control_msgs/include/control_msgs/control_msgs/action/detail/gripper_command__builder.hpp
[1.026s] -- Up-to-date symlink: /home/ravik/ros2_rolling/install/control_msgs/include/control_msgs/control_msgs/action/detail/gripper_command__struct.hpp
[1.026s] -- Up-to-date symlink: /home/ravik/ros2_rolling/install/control_msgs/include/control_msgs/control_msgs/action/detail/gripper_command__traits.hpp
[1.026s] -- Up-to-date symlink: /home/ravik/ros2_rolling/install/control_msgs/include/control_msgs/control_msgs/action/detail/gripper_command__type_support.hpp
[1.026s] -- Up-to-date symlink: /home/ravik/ros2_rolling/install/control_msgs/include/control_msgs/control_msgs/action/detail/joint_trajectory__builder.hpp
[1.026s] -- Up-to-date symlink: /home/ravik/ros2_rolling/install/control_msgs/include/control_msgs/control_msgs/action/detail/joint_trajectory__struct.hpp
[1.026s] -- Up-to-date symlink: /home/ravik/ros2_rolling/install/control_msgs/include/control_msgs/control_msgs/action/detail/joint_trajectory__traits.hpp
[1.026s] -- Up-to-date symlink: /home/ravik/ros2_rolling/install/control_msgs/include/control_msgs/control_msgs/action/detail/joint_trajectory__type_support.hpp
[1.026s] -- Up-to-date symlink: /home/ravik/ros2_rolling/install/control_msgs/include/control_msgs/control_msgs/action/detail/parallel_gripper_command__builder.hpp
[1.026s] -- Up-to-date symlink: /home/ravik/ros2_rolling/install/control_msgs/include/control_msgs/control_msgs/action/detail/parallel_gripper_command__struct.hpp
[1.026s] -- Up-to-date symlink: /home/ravik/ros2_rolling/install/control_msgs/include/control_msgs/control_msgs/action/detail/parallel_gripper_command__traits.hpp
[1.026s] -- Up-to-date symlink: /home/ravik/ros2_rolling/install/control_msgs/include/control_msgs/control_msgs/action/detail/parallel_gripper_command__type_support.hpp
[1.027s] -- Up-to-date symlink: /home/ravik/ros2_rolling/install/control_msgs/include/control_msgs/control_msgs/action/detail/point_head__builder.hpp
[1.027s] -- Up-to-date symlink: /home/ravik/ros2_rolling/install/control_msgs/include/control_msgs/control_msgs/action/detail/point_head__struct.hpp
[1.027s] -- Up-to-date symlink: /home/ravik/ros2_rolling/install/control_msgs/include/control_msgs/control_msgs/action/detail/point_head__traits.hpp
[1.027s] -- Up-to-date symlink: /home/ravik/ros2_rolling/install/control_msgs/include/control_msgs/control_msgs/action/detail/point_head__type_support.hpp
[1.027s] -- Up-to-date symlink: /home/ravik/ros2_rolling/install/control_msgs/include/control_msgs/control_msgs/action/detail/single_joint_position__builder.hpp
[1.027s] -- Up-to-date symlink: /home/ravik/ros2_rolling/install/control_msgs/include/control_msgs/control_msgs/action/detail/single_joint_position__struct.hpp
[1.027s] -- Up-to-date symlink: /home/ravik/ros2_rolling/install/control_msgs/include/control_msgs/control_msgs/action/detail/single_joint_position__traits.hpp
[1.027s] -- Up-to-date symlink: /home/ravik/ros2_rolling/install/control_msgs/include/control_msgs/control_msgs/action/detail/single_joint_position__type_support.hpp
[1.027s] -- Up-to-date symlink: /home/ravik/ros2_rolling/install/control_msgs/include/control_msgs/control_msgs/action/follow_joint_trajectory.hpp
[1.027s] -- Up-to-date symlink: /home/ravik/ros2_rolling/install/control_msgs/include/control_msgs/control_msgs/action/gripper_command.hpp
[1.027s] -- Up-to-date symlink: /home/ravik/ros2_rolling/install/control_msgs/include/control_msgs/control_msgs/action/joint_trajectory.hpp
[1.027s] -- Up-to-date symlink: /home/ravik/ros2_rolling/install/control_msgs/include/control_msgs/control_msgs/action/parallel_gripper_command.hpp
[1.027s] -- Up-to-date symlink: /home/ravik/ros2_rolling/install/control_msgs/include/control_msgs/control_msgs/action/point_head.hpp
[1.027s] -- Up-to-date symlink: /home/ravik/ros2_rolling/install/control_msgs/include/control_msgs/control_msgs/action/single_joint_position.hpp
[1.027s] -- Up-to-date symlink: /home/ravik/ros2_rolling/install/control_msgs/include/control_msgs/control_msgs/msg/admittance_controller_state.hpp
[1.027s] -- Up-to-date symlink: /home/ravik/ros2_rolling/install/control_msgs/include/control_msgs/control_msgs/msg/detail/admittance_controller_state__builder.hpp
[1.027s] -- Up-to-date symlink: /home/ravik/ros2_rolling/install/control_msgs/include/control_msgs/control_msgs/msg/detail/admittance_controller_state__struct.hpp
[1.028s] -- Up-to-date symlink: /home/ravik/ros2_rolling/install/control_msgs/include/control_msgs/control_msgs/msg/detail/admittance_controller_state__traits.hpp
[1.028s] -- Up-to-date symlink: /home/ravik/ros2_rolling/install/control_msgs/include/control_msgs/control_msgs/msg/detail/admittance_controller_state__type_support.hpp
[1.028s] -- Up-to-date symlink: /home/ravik/ros2_rolling/install/control_msgs/include/control_msgs/control_msgs/msg/detail/dynamic_interface_values__builder.hpp
[1.028s] -- Up-to-date symlink: /home/ravik/ros2_rolling/install/control_msgs/include/control_msgs/control_msgs/msg/detail/dynamic_interface_values__struct.hpp
[1.028s] -- Up-to-date symlink: /home/ravik/ros2_rolling/install/control_msgs/include/control_msgs/control_msgs/msg/detail/dynamic_interface_values__traits.hpp
[1.028s] -- Up-to-date symlink: /home/ravik/ros2_rolling/install/control_msgs/include/control_msgs/control_msgs/msg/detail/dynamic_interface_values__type_support.hpp
[1.028s] -- Up-to-date symlink: /home/ravik/ros2_rolling/install/control_msgs/include/control_msgs/control_msgs/msg/detail/dynamic_joint_state__builder.hpp
[1.028s] -- Up-to-date symlink: /home/ravik/ros2_rolling/install/control_msgs/include/control_msgs/control_msgs/msg/detail/dynamic_joint_state__struct.hpp
[1.028s] -- Up-to-date symlink: /home/ravik/ros2_rolling/install/control_msgs/include/control_msgs/control_msgs/msg/detail/dynamic_joint_state__traits.hpp
[1.028s] -- Up-to-date symlink: /home/ravik/ros2_rolling/install/control_msgs/include/control_msgs/control_msgs/msg/detail/dynamic_joint_state__type_support.hpp
[1.028s] -- Up-to-date symlink: /home/ravik/ros2_rolling/install/control_msgs/include/control_msgs/control_msgs/msg/detail/gripper_command__builder.hpp
[1.028s] -- Up-to-date symlink: /home/ravik/ros2_rolling/install/control_msgs/include/control_msgs/control_msgs/msg/detail/gripper_command__struct.hpp
[1.028s] -- Up-to-date symlink: /home/ravik/ros2_rolling/install/control_msgs/include/control_msgs/control_msgs/msg/detail/gripper_command__traits.hpp
[1.028s] -- Up-to-date symlink: /home/ravik/ros2_rolling/install/control_msgs/include/control_msgs/control_msgs/msg/detail/gripper_command__type_support.hpp
[1.028s] -- Up-to-date symlink: /home/ravik/ros2_rolling/install/control_msgs/include/control_msgs/control_msgs/msg/detail/interface_value__builder.hpp
[1.028s] -- Up-to-date symlink: /home/ravik/ros2_rolling/install/control_msgs/include/control_msgs/control_msgs/msg/detail/interface_value__struct.hpp
[1.028s] -- Up-to-date symlink: /home/ravik/ros2_rolling/install/control_msgs/include/control_msgs/control_msgs/msg/detail/interface_value__traits.hpp
[1.029s] -- Up-to-date symlink: /home/ravik/ros2_rolling/install/control_msgs/include/control_msgs/control_msgs/msg/detail/interface_value__type_support.hpp
[1.029s] -- Up-to-date symlink: /home/ravik/ros2_rolling/install/control_msgs/include/control_msgs/control_msgs/msg/detail/joint_component_tolerance__builder.hpp
[1.029s] -- Up-to-date symlink: /home/ravik/ros2_rolling/install/control_msgs/include/control_msgs/control_msgs/msg/detail/joint_component_tolerance__struct.hpp
[1.029s] -- Up-to-date symlink: /home/ravik/ros2_rolling/install/control_msgs/include/control_msgs/control_msgs/msg/detail/joint_component_tolerance__traits.hpp
[1.029s] -- Up-to-date symlink: /home/ravik/ros2_rolling/install/control_msgs/include/control_msgs/control_msgs/msg/detail/joint_component_tolerance__type_support.hpp
[1.029s] -- Up-to-date symlink: /home/ravik/ros2_rolling/install/control_msgs/include/control_msgs/control_msgs/msg/detail/joint_controller_state__builder.hpp
[1.029s] -- Up-to-date symlink: /home/ravik/ros2_rolling/install/control_msgs/include/control_msgs/control_msgs/msg/detail/joint_controller_state__struct.hpp
[1.029s] -- Up-to-date symlink: /home/ravik/ros2_rolling/install/control_msgs/include/control_msgs/control_msgs/msg/detail/joint_controller_state__traits.hpp
[1.029s] -- Up-to-date symlink: /home/ravik/ros2_rolling/install/control_msgs/include/control_msgs/control_msgs/msg/detail/joint_controller_state__type_support.hpp
[1.029s] -- Up-to-date symlink: /home/ravik/ros2_rolling/install/control_msgs/include/control_msgs/control_msgs/msg/detail/joint_jog__builder.hpp
[1.029s] -- Up-to-date symlink: /home/ravik/ros2_rolling/install/control_msgs/include/control_msgs/control_msgs/msg/detail/joint_jog__struct.hpp
[1.029s] -- Up-to-date symlink: /home/ravik/ros2_rolling/install/control_msgs/include/control_msgs/control_msgs/msg/detail/joint_jog__traits.hpp
[1.029s] -- Up-to-date symlink: /home/ravik/ros2_rolling/install/control_msgs/include/control_msgs/control_msgs/msg/detail/joint_jog__type_support.hpp
[1.029s] -- Up-to-date symlink: /home/ravik/ros2_rolling/install/control_msgs/include/control_msgs/control_msgs/msg/detail/joint_tolerance__builder.hpp
[1.029s] -- Up-to-date symlink: /home/ravik/ros2_rolling/install/control_msgs/include/control_msgs/control_msgs/msg/detail/joint_tolerance__struct.hpp
[1.029s] -- Up-to-date symlink: /home/ravik/ros2_rolling/install/control_msgs/include/control_msgs/control_msgs/msg/detail/joint_tolerance__traits.hpp
[1.029s] -- Up-to-date symlink: /home/ravik/ros2_rolling/install/control_msgs/include/control_msgs/control_msgs/msg/detail/joint_tolerance__type_support.hpp
[1.030s] -- Up-to-date symlink: /home/ravik/ros2_rolling/install/control_msgs/include/control_msgs/control_msgs/msg/detail/joint_trajectory_controller_state__builder.hpp
[1.030s] -- Up-to-date symlink: /home/ravik/ros2_rolling/install/control_msgs/include/control_msgs/control_msgs/msg/detail/joint_trajectory_controller_state__struct.hpp
[1.030s] -- Up-to-date symlink: /home/ravik/ros2_rolling/install/control_msgs/include/control_msgs/control_msgs/msg/detail/joint_trajectory_controller_state__traits.hpp
[1.030s] -- Up-to-date symlink: /home/ravik/ros2_rolling/install/control_msgs/include/control_msgs/control_msgs/msg/detail/joint_trajectory_controller_state__type_support.hpp
[1.030s] -- Up-to-date symlink: /home/ravik/ros2_rolling/install/control_msgs/include/control_msgs/control_msgs/msg/detail/mecanum_drive_controller_state__builder.hpp
[1.030s] -- Up-to-date symlink: /home/ravik/ros2_rolling/install/control_msgs/include/control_msgs/control_msgs/msg/detail/mecanum_drive_controller_state__struct.hpp
[1.030s] -- Up-to-date symlink: /home/ravik/ros2_rolling/install/control_msgs/include/control_msgs/control_msgs/msg/detail/mecanum_drive_controller_state__traits.hpp
[1.030s] -- Up-to-date symlink: /home/ravik/ros2_rolling/install/control_msgs/include/control_msgs/control_msgs/msg/detail/mecanum_drive_controller_state__type_support.hpp
[1.030s] -- Up-to-date symlink: /home/ravik/ros2_rolling/install/control_msgs/include/control_msgs/control_msgs/msg/detail/multi_dof_command__builder.hpp
[1.030s] -- Up-to-date symlink: /home/ravik/ros2_rolling/install/control_msgs/include/control_msgs/control_msgs/msg/detail/multi_dof_command__struct.hpp
[1.030s] -- Up-to-date symlink: /home/ravik/ros2_rolling/install/control_msgs/include/control_msgs/control_msgs/msg/detail/multi_dof_command__traits.hpp
[1.030s] -- Up-to-date symlink: /home/ravik/ros2_rolling/install/control_msgs/include/control_msgs/control_msgs/msg/detail/multi_dof_command__type_support.hpp
[1.030s] -- Up-to-date symlink: /home/ravik/ros2_rolling/install/control_msgs/include/control_msgs/control_msgs/msg/detail/multi_dof_state_stamped__builder.hpp
[1.030s] -- Up-to-date symlink: /home/ravik/ros2_rolling/install/control_msgs/include/control_msgs/control_msgs/msg/detail/multi_dof_state_stamped__struct.hpp
[1.030s] -- Up-to-date symlink: /home/ravik/ros2_rolling/install/control_msgs/include/control_msgs/control_msgs/msg/detail/multi_dof_state_stamped__traits.hpp
[1.030s] -- Up-to-date symlink: /home/ravik/ros2_rolling/install/control_msgs/include/control_msgs/control_msgs/msg/detail/multi_dof_state_stamped__type_support.hpp
[1.030s] -- Up-to-date symlink: /home/ravik/ros2_rolling/install/control_msgs/include/control_msgs/control_msgs/msg/detail/pid_state__builder.hpp
[1.031s] -- Up-to-date symlink: /home/ravik/ros2_rolling/install/control_msgs/include/control_msgs/control_msgs/msg/detail/pid_state__struct.hpp
[1.031s] -- Up-to-date symlink: /home/ravik/ros2_rolling/install/control_msgs/include/control_msgs/control_msgs/msg/detail/pid_state__traits.hpp
[1.031s] -- Up-to-date symlink: /home/ravik/ros2_rolling/install/control_msgs/include/control_msgs/control_msgs/msg/detail/pid_state__type_support.hpp
[1.031s] -- Up-to-date symlink: /home/ravik/ros2_rolling/install/control_msgs/include/control_msgs/control_msgs/msg/detail/single_dof_state__builder.hpp
[1.031s] -- Up-to-date symlink: /home/ravik/ros2_rolling/install/control_msgs/include/control_msgs/control_msgs/msg/detail/single_dof_state__struct.hpp
[1.031s] -- Up-to-date symlink: /home/ravik/ros2_rolling/install/control_msgs/include/control_msgs/control_msgs/msg/detail/single_dof_state__traits.hpp
[1.031s] -- Up-to-date symlink: /home/ravik/ros2_rolling/install/control_msgs/include/control_msgs/control_msgs/msg/detail/single_dof_state__type_support.hpp
[1.031s] -- Up-to-date symlink: /home/ravik/ros2_rolling/install/control_msgs/include/control_msgs/control_msgs/msg/detail/single_dof_state_stamped__builder.hpp
[1.031s] -- Up-to-date symlink: /home/ravik/ros2_rolling/install/control_msgs/include/control_msgs/control_msgs/msg/detail/single_dof_state_stamped__struct.hpp
[1.031s] -- Up-to-date symlink: /home/ravik/ros2_rolling/install/control_msgs/include/control_msgs/control_msgs/msg/detail/single_dof_state_stamped__traits.hpp
[1.031s] -- Up-to-date symlink: /home/ravik/ros2_rolling/install/control_msgs/include/control_msgs/control_msgs/msg/detail/single_dof_state_stamped__type_support.hpp
[1.031s] -- Up-to-date symlink: /home/ravik/ros2_rolling/install/control_msgs/include/control_msgs/control_msgs/msg/detail/speed_scaling_factor__builder.hpp
[1.031s] -- Up-to-date symlink: /home/ravik/ros2_rolling/install/control_msgs/include/control_msgs/control_msgs/msg/detail/speed_scaling_factor__struct.hpp
[1.031s] -- Up-to-date symlink: /home/ravik/ros2_rolling/install/control_msgs/include/control_msgs/control_msgs/msg/detail/speed_scaling_factor__traits.hpp
[1.031s] -- Up-to-date symlink: /home/ravik/ros2_rolling/install/control_msgs/include/control_msgs/control_msgs/msg/detail/speed_scaling_factor__type_support.hpp
[1.031s] -- Up-to-date symlink: /home/ravik/ros2_rolling/install/control_msgs/include/control_msgs/control_msgs/msg/detail/steering_controller_status__builder.hpp
[1.032s] -- Up-to-date symlink: /home/ravik/ros2_rolling/install/control_msgs/include/control_msgs/control_msgs/msg/detail/steering_controller_status__struct.hpp
[1.032s] -- Up-to-date symlink: /home/ravik/ros2_rolling/install/control_msgs/include/control_msgs/control_msgs/msg/detail/steering_controller_status__traits.hpp
[1.032s] -- Up-to-date symlink: /home/ravik/ros2_rolling/install/control_msgs/include/control_msgs/control_msgs/msg/detail/steering_controller_status__type_support.hpp
[1.032s] -- Up-to-date symlink: /home/ravik/ros2_rolling/install/control_msgs/include/control_msgs/control_msgs/msg/dynamic_interface_values.hpp
[1.032s] -- Up-to-date symlink: /home/ravik/ros2_rolling/install/control_msgs/include/control_msgs/control_msgs/msg/dynamic_joint_state.hpp
[1.032s] -- Up-to-date symlink: /home/ravik/ros2_rolling/install/control_msgs/include/control_msgs/control_msgs/msg/gripper_command.hpp
[1.032s] -- Up-to-date symlink: /home/ravik/ros2_rolling/install/control_msgs/include/control_msgs/control_msgs/msg/interface_value.hpp
[1.032s] -- Up-to-date symlink: /home/ravik/ros2_rolling/install/control_msgs/include/control_msgs/control_msgs/msg/joint_component_tolerance.hpp
[1.032s] -- Up-to-date symlink: /home/ravik/ros2_rolling/install/control_msgs/include/control_msgs/control_msgs/msg/joint_controller_state.hpp
[1.032s] -- Up-to-date symlink: /home/ravik/ros2_rolling/install/control_msgs/include/control_msgs/control_msgs/msg/joint_jog.hpp
[1.032s] -- Up-to-date symlink: /home/ravik/ros2_rolling/install/control_msgs/include/control_msgs/control_msgs/msg/joint_tolerance.hpp
[1.032s] -- Up-to-date symlink: /home/ravik/ros2_rolling/install/control_msgs/include/control_msgs/control_msgs/msg/joint_trajectory_controller_state.hpp
[1.032s] -- Up-to-date symlink: /home/ravik/ros2_rolling/install/control_msgs/include/control_msgs/control_msgs/msg/mecanum_drive_controller_state.hpp
[1.032s] -- Up-to-date symlink: /home/ravik/ros2_rolling/install/control_msgs/include/control_msgs/control_msgs/msg/multi_dof_command.hpp
[1.032s] -- Up-to-date symlink: /home/ravik/ros2_rolling/install/control_msgs/include/control_msgs/control_msgs/msg/multi_dof_state_stamped.hpp
[1.032s] -- Up-to-date symlink: /home/ravik/ros2_rolling/install/control_msgs/include/control_msgs/control_msgs/msg/pid_state.hpp
[1.032s] -- Up-to-date symlink: /home/ravik/ros2_rolling/install/control_msgs/include/control_msgs/control_msgs/msg/rosidl_generator_cpp__visibility_control.hpp
[1.033s] -- Up-to-date symlink: /home/ravik/ros2_rolling/install/control_msgs/include/control_msgs/control_msgs/msg/single_dof_state.hpp
[1.033s] -- Up-to-date symlink: /home/ravik/ros2_rolling/install/control_msgs/include/control_msgs/control_msgs/msg/single_dof_state_stamped.hpp
[1.033s] -- Up-to-date symlink: /home/ravik/ros2_rolling/install/control_msgs/include/control_msgs/control_msgs/msg/speed_scaling_factor.hpp
[1.033s] -- Up-to-date symlink: /home/ravik/ros2_rolling/install/control_msgs/include/control_msgs/control_msgs/msg/steering_controller_status.hpp
[1.033s] -- Up-to-date symlink: /home/ravik/ros2_rolling/install/control_msgs/include/control_msgs/control_msgs/srv/detail/query_calibration_state__builder.hpp
[1.033s] -- Up-to-date symlink: /home/ravik/ros2_rolling/install/control_msgs/include/control_msgs/control_msgs/srv/detail/query_calibration_state__struct.hpp
[1.033s] -- Up-to-date symlink: /home/ravik/ros2_rolling/install/control_msgs/include/control_msgs/control_msgs/srv/detail/query_calibration_state__traits.hpp
[1.033s] -- Up-to-date symlink: /home/ravik/ros2_rolling/install/control_msgs/include/control_msgs/control_msgs/srv/detail/query_calibration_state__type_support.hpp
[1.033s] -- Up-to-date symlink: /home/ravik/ros2_rolling/install/control_msgs/include/control_msgs/control_msgs/srv/detail/query_trajectory_state__builder.hpp
[1.033s] -- Up-to-date symlink: /home/ravik/ros2_rolling/install/control_msgs/include/control_msgs/control_msgs/srv/detail/query_trajectory_state__struct.hpp
[1.033s] -- Up-to-date symlink: /home/ravik/ros2_rolling/install/control_msgs/include/control_msgs/control_msgs/srv/detail/query_trajectory_state__traits.hpp
[1.033s] -- Up-to-date symlink: /home/ravik/ros2_rolling/install/control_msgs/include/control_msgs/control_msgs/srv/detail/query_trajectory_state__type_support.hpp
[1.033s] -- Up-to-date symlink: /home/ravik/ros2_rolling/install/control_msgs/include/control_msgs/control_msgs/srv/query_calibration_state.hpp
[1.033s] -- Up-to-date symlink: /home/ravik/ros2_rolling/install/control_msgs/include/control_msgs/control_msgs/srv/query_trajectory_state.hpp
[1.034s] -- Up-to-date symlink: /home/ravik/ros2_rolling/install/control_msgs/include/control_msgs/control_msgs/action/detail/follow_joint_trajectory__rosidl_typesupport_fastrtps_cpp.hpp
[1.034s] -- Up-to-date symlink: /home/ravik/ros2_rolling/install/control_msgs/include/control_msgs/control_msgs/action/detail/gripper_command__rosidl_typesupport_fastrtps_cpp.hpp
[1.035s] -- Up-to-date symlink: /home/ravik/ros2_rolling/install/control_msgs/include/control_msgs/control_msgs/action/detail/joint_trajectory__rosidl_typesupport_fastrtps_cpp.hpp
[1.035s] -- Up-to-date symlink: /home/ravik/ros2_rolling/install/control_msgs/include/control_msgs/control_msgs/action/detail/parallel_gripper_command__rosidl_typesupport_fastrtps_cpp.hpp
[1.035s] -- Up-to-date symlink: /home/ravik/ros2_rolling/install/control_msgs/include/control_msgs/control_msgs/action/detail/point_head__rosidl_typesupport_fastrtps_cpp.hpp
[1.035s] -- Up-to-date symlink: /home/ravik/ros2_rolling/install/control_msgs/include/control_msgs/control_msgs/action/detail/single_joint_position__rosidl_typesupport_fastrtps_cpp.hpp
[1.035s] -- Up-to-date symlink: /home/ravik/ros2_rolling/install/control_msgs/include/control_msgs/control_msgs/msg/detail/admittance_controller_state__rosidl_typesupport_fastrtps_cpp.hpp
[1.035s] -- Up-to-date symlink: /home/ravik/ros2_rolling/install/control_msgs/include/control_msgs/control_msgs/msg/detail/dynamic_interface_values__rosidl_typesupport_fastrtps_cpp.hpp
[1.035s] -- Up-to-date symlink: /home/ravik/ros2_rolling/install/control_msgs/include/control_msgs/control_msgs/msg/detail/dynamic_joint_state__rosidl_typesupport_fastrtps_cpp.hpp
[1.035s] -- Up-to-date symlink: /home/ravik/ros2_rolling/install/control_msgs/include/control_msgs/control_msgs/msg/detail/gripper_command__rosidl_typesupport_fastrtps_cpp.hpp
[1.035s] -- Up-to-date symlink: /home/ravik/ros2_rolling/install/control_msgs/include/control_msgs/control_msgs/msg/detail/interface_value__rosidl_typesupport_fastrtps_cpp.hpp
[1.035s] -- Up-to-date symlink: /home/ravik/ros2_rolling/install/control_msgs/include/control_msgs/control_msgs/msg/detail/joint_component_tolerance__rosidl_typesupport_fastrtps_cpp.hpp
[1.035s] -- Up-to-date symlink: /home/ravik/ros2_rolling/install/control_msgs/include/control_msgs/control_msgs/msg/detail/joint_controller_state__rosidl_typesupport_fastrtps_cpp.hpp
[1.035s] -- Up-to-date symlink: /home/ravik/ros2_rolling/install/control_msgs/include/control_msgs/control_msgs/msg/detail/joint_jog__rosidl_typesupport_fastrtps_cpp.hpp
[1.035s] -- Up-to-date symlink: /home/ravik/ros2_rolling/install/control_msgs/include/control_msgs/control_msgs/msg/detail/joint_tolerance__rosidl_typesupport_fastrtps_cpp.hpp
[1.035s] -- Up-to-date symlink: /home/ravik/ros2_rolling/install/control_msgs/include/control_msgs/control_msgs/msg/detail/joint_trajectory_controller_state__rosidl_typesupport_fastrtps_cpp.hpp
[1.035s] -- Up-to-date symlink: /home/ravik/ros2_rolling/install/control_msgs/include/control_msgs/control_msgs/msg/detail/mecanum_drive_controller_state__rosidl_typesupport_fastrtps_cpp.hpp
[1.035s] -- Up-to-date symlink: /home/ravik/ros2_rolling/install/control_msgs/include/control_msgs/control_msgs/msg/detail/multi_dof_command__rosidl_typesupport_fastrtps_cpp.hpp
[1.035s] -- Up-to-date symlink: /home/ravik/ros2_rolling/install/control_msgs/include/control_msgs/control_msgs/msg/detail/multi_dof_state_stamped__rosidl_typesupport_fastrtps_cpp.hpp
[1.036s] -- Up-to-date symlink: /home/ravik/ros2_rolling/install/control_msgs/include/control_msgs/control_msgs/msg/detail/pid_state__rosidl_typesupport_fastrtps_cpp.hpp
[1.036s] -- Up-to-date symlink: /home/ravik/ros2_rolling/install/control_msgs/include/control_msgs/control_msgs/msg/detail/single_dof_state__rosidl_typesupport_fastrtps_cpp.hpp
[1.036s] -- Up-to-date symlink: /home/ravik/ros2_rolling/install/control_msgs/include/control_msgs/control_msgs/msg/detail/single_dof_state_stamped__rosidl_typesupport_fastrtps_cpp.hpp
[1.036s] -- Up-to-date symlink: /home/ravik/ros2_rolling/install/control_msgs/include/control_msgs/control_msgs/msg/detail/speed_scaling_factor__rosidl_typesupport_fastrtps_cpp.hpp
[1.036s] -- Up-to-date symlink: /home/ravik/ros2_rolling/install/control_msgs/include/control_msgs/control_msgs/msg/detail/steering_controller_status__rosidl_typesupport_fastrtps_cpp.hpp
[1.036s] -- Up-to-date symlink: /home/ravik/ros2_rolling/install/control_msgs/include/control_msgs/control_msgs/msg/rosidl_typesupport_fastrtps_cpp__visibility_control.h
[1.036s] -- Up-to-date symlink: /home/ravik/ros2_rolling/install/control_msgs/include/control_msgs/control_msgs/srv/detail/query_calibration_state__rosidl_typesupport_fastrtps_cpp.hpp
[1.036s] -- Up-to-date symlink: /home/ravik/ros2_rolling/install/control_msgs/include/control_msgs/control_msgs/srv/detail/query_trajectory_state__rosidl_typesupport_fastrtps_cpp.hpp
[1.037s] -- Up-to-date symlink: /home/ravik/ros2_rolling/install/control_msgs/include/control_msgs/control_msgs/action/detail/follow_joint_trajectory__rosidl_typesupport_introspection_c.h
[1.037s] -- Up-to-date symlink: /home/ravik/ros2_rolling/install/control_msgs/include/control_msgs/control_msgs/action/detail/gripper_command__rosidl_typesupport_introspection_c.h
[1.037s] -- Up-to-date symlink: /home/ravik/ros2_rolling/install/control_msgs/include/control_msgs/control_msgs/action/detail/joint_trajectory__rosidl_typesupport_introspection_c.h
[1.037s] -- Up-to-date symlink: /home/ravik/ros2_rolling/install/control_msgs/include/control_msgs/control_msgs/action/detail/parallel_gripper_command__rosidl_typesupport_introspection_c.h
[1.037s] -- Up-to-date symlink: /home/ravik/ros2_rolling/install/control_msgs/include/control_msgs/control_msgs/action/detail/point_head__rosidl_typesupport_introspection_c.h
[1.037s] -- Up-to-date symlink: /home/ravik/ros2_rolling/install/control_msgs/include/control_msgs/control_msgs/action/detail/single_joint_position__rosidl_typesupport_introspection_c.h
[1.037s] -- Up-to-date symlink: /home/ravik/ros2_rolling/install/control_msgs/include/control_msgs/control_msgs/msg/detail/admittance_controller_state__rosidl_typesupport_introspection_c.h
[1.037s] -- Up-to-date symlink: /home/ravik/ros2_rolling/install/control_msgs/include/control_msgs/control_msgs/msg/detail/dynamic_interface_values__rosidl_typesupport_introspection_c.h
[1.037s] -- Up-to-date symlink: /home/ravik/ros2_rolling/install/control_msgs/include/control_msgs/control_msgs/msg/detail/dynamic_joint_state__rosidl_typesupport_introspection_c.h
[1.037s] -- Up-to-date symlink: /home/ravik/ros2_rolling/install/control_msgs/include/control_msgs/control_msgs/msg/detail/gripper_command__rosidl_typesupport_introspection_c.h
[1.037s] -- Up-to-date symlink: /home/ravik/ros2_rolling/install/control_msgs/include/control_msgs/control_msgs/msg/detail/interface_value__rosidl_typesupport_introspection_c.h
[1.037s] -- Up-to-date symlink: /home/ravik/ros2_rolling/install/control_msgs/include/control_msgs/control_msgs/msg/detail/joint_component_tolerance__rosidl_typesupport_introspection_c.h
[1.037s] -- Up-to-date symlink: /home/ravik/ros2_rolling/install/control_msgs/include/control_msgs/control_msgs/msg/detail/joint_controller_state__rosidl_typesupport_introspection_c.h
[1.037s] -- Up-to-date symlink: /home/ravik/ros2_rolling/install/control_msgs/include/control_msgs/control_msgs/msg/detail/joint_jog__rosidl_typesupport_introspection_c.h
[1.037s] -- Up-to-date symlink: /home/ravik/ros2_rolling/install/control_msgs/include/control_msgs/control_msgs/msg/detail/joint_tolerance__rosidl_typesupport_introspection_c.h
[1.037s] -- Up-to-date symlink: /home/ravik/ros2_rolling/install/control_msgs/include/control_msgs/control_msgs/msg/detail/joint_trajectory_controller_state__rosidl_typesupport_introspection_c.h
[1.037s] -- Up-to-date symlink: /home/ravik/ros2_rolling/install/control_msgs/include/control_msgs/control_msgs/msg/detail/mecanum_drive_controller_state__rosidl_typesupport_introspection_c.h
[1.037s] -- Up-to-date symlink: /home/ravik/ros2_rolling/install/control_msgs/include/control_msgs/control_msgs/msg/detail/multi_dof_command__rosidl_typesupport_introspection_c.h
[1.038s] -- Up-to-date symlink: /home/ravik/ros2_rolling/install/control_msgs/include/control_msgs/control_msgs/msg/detail/multi_dof_state_stamped__rosidl_typesupport_introspection_c.h
[1.038s] -- Up-to-date symlink: /home/ravik/ros2_rolling/install/control_msgs/include/control_msgs/control_msgs/msg/detail/pid_state__rosidl_typesupport_introspection_c.h
[1.038s] -- Up-to-date symlink: /home/ravik/ros2_rolling/install/control_msgs/include/control_msgs/control_msgs/msg/detail/single_dof_state__rosidl_typesupport_introspection_c.h
[1.038s] -- Up-to-date symlink: /home/ravik/ros2_rolling/install/control_msgs/include/control_msgs/control_msgs/msg/detail/single_dof_state_stamped__rosidl_typesupport_introspection_c.h
[1.038s] -- Up-to-date symlink: /home/ravik/ros2_rolling/install/control_msgs/include/control_msgs/control_msgs/msg/detail/speed_scaling_factor__rosidl_typesupport_introspection_c.h
[1.038s] -- Up-to-date symlink: /home/ravik/ros2_rolling/install/control_msgs/include/control_msgs/control_msgs/msg/detail/steering_controller_status__rosidl_typesupport_introspection_c.h
[1.038s] -- Up-to-date symlink: /home/ravik/ros2_rolling/install/control_msgs/include/control_msgs/control_msgs/msg/rosidl_typesupport_introspection_c__visibility_control.h
[1.038s] -- Up-to-date symlink: /home/ravik/ros2_rolling/install/control_msgs/include/control_msgs/control_msgs/srv/detail/query_calibration_state__rosidl_typesupport_introspection_c.h
[1.038s] -- Up-to-date symlink: /home/ravik/ros2_rolling/install/control_msgs/include/control_msgs/control_msgs/srv/detail/query_trajectory_state__rosidl_typesupport_introspection_c.h
[1.039s] -- Up-to-date symlink: /home/ravik/ros2_rolling/install/control_msgs/include/control_msgs/control_msgs/action/detail/follow_joint_trajectory__rosidl_typesupport_introspection_cpp.hpp
[1.039s] -- Up-to-date symlink: /home/ravik/ros2_rolling/install/control_msgs/include/control_msgs/control_msgs/action/detail/gripper_command__rosidl_typesupport_introspection_cpp.hpp
[1.039s] -- Up-to-date symlink: /home/ravik/ros2_rolling/install/control_msgs/include/control_msgs/control_msgs/action/detail/joint_trajectory__rosidl_typesupport_introspection_cpp.hpp
[1.039s] -- Up-to-date symlink: /home/ravik/ros2_rolling/install/control_msgs/include/control_msgs/control_msgs/action/detail/parallel_gripper_command__rosidl_typesupport_introspection_cpp.hpp
[1.039s] -- Up-to-date symlink: /home/ravik/ros2_rolling/install/control_msgs/include/control_msgs/control_msgs/action/detail/point_head__rosidl_typesupport_introspection_cpp.hpp
[1.039s] -- Up-to-date symlink: /home/ravik/ros2_rolling/install/control_msgs/include/control_msgs/control_msgs/action/detail/single_joint_position__rosidl_typesupport_introspection_cpp.hpp
[1.039s] -- Up-to-date symlink: /home/ravik/ros2_rolling/install/control_msgs/include/control_msgs/control_msgs/msg/detail/admittance_controller_state__rosidl_typesupport_introspection_cpp.hpp
[1.039s] -- Up-to-date symlink: /home/ravik/ros2_rolling/install/control_msgs/include/control_msgs/control_msgs/msg/detail/dynamic_interface_values__rosidl_typesupport_introspection_cpp.hpp
[1.039s] -- Up-to-date symlink: /home/ravik/ros2_rolling/install/control_msgs/include/control_msgs/control_msgs/msg/detail/dynamic_joint_state__rosidl_typesupport_introspection_cpp.hpp
[1.039s] -- Up-to-date symlink: /home/ravik/ros2_rolling/install/control_msgs/include/control_msgs/control_msgs/msg/detail/gripper_command__rosidl_typesupport_introspection_cpp.hpp
[1.039s] -- Up-to-date symlink: /home/ravik/ros2_rolling/install/control_msgs/include/control_msgs/control_msgs/msg/detail/interface_value__rosidl_typesupport_introspection_cpp.hpp
[1.039s] -- Up-to-date symlink: /home/ravik/ros2_rolling/install/control_msgs/include/control_msgs/control_msgs/msg/detail/joint_component_tolerance__rosidl_typesupport_introspection_cpp.hpp
[1.039s] -- Up-to-date symlink: /home/ravik/ros2_rolling/install/control_msgs/include/control_msgs/control_msgs/msg/detail/joint_controller_state__rosidl_typesupport_introspection_cpp.hpp
[1.039s] -- Up-to-date symlink: /home/ravik/ros2_rolling/install/control_msgs/include/control_msgs/control_msgs/msg/detail/joint_jog__rosidl_typesupport_introspection_cpp.hpp
[1.040s] -- Up-to-date symlink: /home/ravik/ros2_rolling/install/control_msgs/include/control_msgs/control_msgs/msg/detail/joint_tolerance__rosidl_typesupport_introspection_cpp.hpp
[1.040s] -- Up-to-date symlink: /home/ravik/ros2_rolling/install/control_msgs/include/control_msgs/control_msgs/msg/detail/joint_trajectory_controller_state__rosidl_typesupport_introspection_cpp.hpp
[1.040s] -- Up-to-date symlink: /home/ravik/ros2_rolling/install/control_msgs/include/control_msgs/control_msgs/msg/detail/mecanum_drive_controller_state__rosidl_typesupport_introspection_cpp.hpp
[1.040s] -- Up-to-date symlink: /home/ravik/ros2_rolling/install/control_msgs/include/control_msgs/control_msgs/msg/detail/multi_dof_command__rosidl_typesupport_introspection_cpp.hpp
[1.040s] -- Up-to-date symlink: /home/ravik/ros2_rolling/install/control_msgs/include/control_msgs/control_msgs/msg/detail/multi_dof_state_stamped__rosidl_typesupport_introspection_cpp.hpp
[1.040s] -- Up-to-date symlink: /home/ravik/ros2_rolling/install/control_msgs/include/control_msgs/control_msgs/msg/detail/pid_state__rosidl_typesupport_introspection_cpp.hpp
[1.040s] -- Up-to-date symlink: /home/ravik/ros2_rolling/install/control_msgs/include/control_msgs/control_msgs/msg/detail/single_dof_state__rosidl_typesupport_introspection_cpp.hpp
[1.040s] -- Up-to-date symlink: /home/ravik/ros2_rolling/install/control_msgs/include/control_msgs/control_msgs/msg/detail/single_dof_state_stamped__rosidl_typesupport_introspection_cpp.hpp
[1.040s] -- Up-to-date symlink: /home/ravik/ros2_rolling/install/control_msgs/include/control_msgs/control_msgs/msg/detail/speed_scaling_factor__rosidl_typesupport_introspection_cpp.hpp
[1.040s] -- Up-to-date symlink: /home/ravik/ros2_rolling/install/control_msgs/include/control_msgs/control_msgs/msg/detail/steering_controller_status__rosidl_typesupport_introspection_cpp.hpp
[1.040s] -- Up-to-date symlink: /home/ravik/ros2_rolling/install/control_msgs/include/control_msgs/control_msgs/srv/detail/query_calibration_state__rosidl_typesupport_introspection_cpp.hpp
[1.040s] -- Up-to-date symlink: /home/ravik/ros2_rolling/install/control_msgs/include/control_msgs/control_msgs/srv/detail/query_trajectory_state__rosidl_typesupport_introspection_cpp.hpp
[1.040s] -- Up-to-date symlink: /home/ravik/ros2_rolling/install/control_msgs/share/control_msgs/environment/pythonpath.sh
[1.040s] -- Up-to-date symlink: /home/ravik/ros2_rolling/install/control_msgs/share/control_msgs/environment/pythonpath.dsv
[1.040s] -- Up-to-date symlink: /home/ravik/ros2_rolling/install/control_msgs/lib/python3.12/site-packages/control_msgs-5.2.0-py3.12.egg-info/PKG-INFO
[1.041s] -- Up-to-date symlink: /home/ravik/ros2_rolling/install/control_msgs/lib/python3.12/site-packages/control_msgs-5.2.0-py3.12.egg-info/SOURCES.txt
[1.041s] -- Up-to-date symlink: /home/ravik/ros2_rolling/install/control_msgs/lib/python3.12/site-packages/control_msgs-5.2.0-py3.12.egg-info/dependency_links.txt
[1.041s] -- Up-to-date symlink: /home/ravik/ros2_rolling/install/control_msgs/lib/python3.12/site-packages/control_msgs-5.2.0-py3.12.egg-info/top_level.txt
[1.042s] -- Up-to-date symlink: /home/ravik/ros2_rolling/install/control_msgs/lib/python3.12/site-packages/control_msgs/__init__.py
[1.042s] -- Up-to-date symlink: /home/ravik/ros2_rolling/install/control_msgs/lib/python3.12/site-packages/control_msgs/_control_msgs_s.ep.rosidl_typesupport_c.c
[1.042s] -- Up-to-date symlink: /home/ravik/ros2_rolling/install/control_msgs/lib/python3.12/site-packages/control_msgs/_control_msgs_s.ep.rosidl_typesupport_fastrtps_c.c
[1.042s] -- Up-to-date symlink: /home/ravik/ros2_rolling/install/control_msgs/lib/python3.12/site-packages/control_msgs/_control_msgs_s.ep.rosidl_typesupport_introspection_c.c
[1.042s] -- Up-to-date symlink: /home/ravik/ros2_rolling/install/control_msgs/lib/python3.12/site-packages/control_msgs/action/__init__.py
[1.042s] -- Up-to-date symlink: /home/ravik/ros2_rolling/install/control_msgs/lib/python3.12/site-packages/control_msgs/action/_follow_joint_trajectory.py
[1.042s] -- Up-to-date symlink: /home/ravik/ros2_rolling/install/control_msgs/lib/python3.12/site-packages/control_msgs/action/_follow_joint_trajectory_s.c
[1.042s] -- Up-to-date symlink: /home/ravik/ros2_rolling/install/control_msgs/lib/python3.12/site-packages/control_msgs/action/_gripper_command.py
[1.042s] -- Up-to-date symlink: /home/ravik/ros2_rolling/install/control_msgs/lib/python3.12/site-packages/control_msgs/action/_gripper_command_s.c
[1.042s] -- Up-to-date symlink: /home/ravik/ros2_rolling/install/control_msgs/lib/python3.12/site-packages/control_msgs/action/_joint_trajectory.py
[1.042s] -- Up-to-date symlink: /home/ravik/ros2_rolling/install/control_msgs/lib/python3.12/site-packages/control_msgs/action/_joint_trajectory_s.c
[1.042s] -- Up-to-date symlink: /home/ravik/ros2_rolling/install/control_msgs/lib/python3.12/site-packages/control_msgs/action/_parallel_gripper_command.py
[1.042s] -- Up-to-date symlink: /home/ravik/ros2_rolling/install/control_msgs/lib/python3.12/site-packages/control_msgs/action/_parallel_gripper_command_s.c
[1.042s] -- Up-to-date symlink: /home/ravik/ros2_rolling/install/control_msgs/lib/python3.12/site-packages/control_msgs/action/_point_head.py
[1.043s] -- Up-to-date symlink: /home/ravik/ros2_rolling/install/control_msgs/lib/python3.12/site-packages/control_msgs/action/_point_head_s.c
[1.043s] -- Up-to-date symlink: /home/ravik/ros2_rolling/install/control_msgs/lib/python3.12/site-packages/control_msgs/action/_single_joint_position.py
[1.043s] -- Up-to-date symlink: /home/ravik/ros2_rolling/install/control_msgs/lib/python3.12/site-packages/control_msgs/action/_single_joint_position_s.c
[1.043s] -- Up-to-date symlink: /home/ravik/ros2_rolling/install/control_msgs/lib/python3.12/site-packages/control_msgs/control_msgs_s__rosidl_typesupport_c.so
[1.043s] -- Up-to-date symlink: /home/ravik/ros2_rolling/install/control_msgs/lib/python3.12/site-packages/control_msgs/control_msgs_s__rosidl_typesupport_fastrtps_c.so
[1.043s] -- Up-to-date symlink: /home/ravik/ros2_rolling/install/control_msgs/lib/python3.12/site-packages/control_msgs/control_msgs_s__rosidl_typesupport_introspection_c.so
[1.043s] -- Up-to-date symlink: /home/ravik/ros2_rolling/install/control_msgs/lib/python3.12/site-packages/control_msgs/msg/__init__.py
[1.043s] -- Up-to-date symlink: /home/ravik/ros2_rolling/install/control_msgs/lib/python3.12/site-packages/control_msgs/msg/_admittance_controller_state.py
[1.043s] -- Up-to-date symlink: /home/ravik/ros2_rolling/install/control_msgs/lib/python3.12/site-packages/control_msgs/msg/_admittance_controller_state_s.c
[1.043s] -- Up-to-date symlink: /home/ravik/ros2_rolling/install/control_msgs/lib/python3.12/site-packages/control_msgs/msg/_dynamic_interface_values.py
[1.043s] -- Up-to-date symlink: /home/ravik/ros2_rolling/install/control_msgs/lib/python3.12/site-packages/control_msgs/msg/_dynamic_interface_values_s.c
[1.043s] -- Up-to-date symlink: /home/ravik/ros2_rolling/install/control_msgs/lib/python3.12/site-packages/control_msgs/msg/_dynamic_joint_state.py
[1.043s] -- Up-to-date symlink: /home/ravik/ros2_rolling/install/control_msgs/lib/python3.12/site-packages/control_msgs/msg/_dynamic_joint_state_s.c
[1.043s] -- Up-to-date symlink: /home/ravik/ros2_rolling/install/control_msgs/lib/python3.12/site-packages/control_msgs/msg/_gripper_command.py
[1.043s] -- Up-to-date symlink: /home/ravik/ros2_rolling/install/control_msgs/lib/python3.12/site-packages/control_msgs/msg/_gripper_command_s.c
[1.043s] -- Up-to-date symlink: /home/ravik/ros2_rolling/install/control_msgs/lib/python3.12/site-packages/control_msgs/msg/_interface_value.py
[1.043s] -- Up-to-date symlink: /home/ravik/ros2_rolling/install/control_msgs/lib/python3.12/site-packages/control_msgs/msg/_interface_value_s.c
[1.044s] -- Up-to-date symlink: /home/ravik/ros2_rolling/install/control_msgs/lib/python3.12/site-packages/control_msgs/msg/_joint_component_tolerance.py
[1.044s] -- Up-to-date symlink: /home/ravik/ros2_rolling/install/control_msgs/lib/python3.12/site-packages/control_msgs/msg/_joint_component_tolerance_s.c
[1.044s] -- Up-to-date symlink: /home/ravik/ros2_rolling/install/control_msgs/lib/python3.12/site-packages/control_msgs/msg/_joint_controller_state.py
[1.044s] -- Up-to-date symlink: /home/ravik/ros2_rolling/install/control_msgs/lib/python3.12/site-packages/control_msgs/msg/_joint_controller_state_s.c
[1.044s] -- Up-to-date symlink: /home/ravik/ros2_rolling/install/control_msgs/lib/python3.12/site-packages/control_msgs/msg/_joint_jog.py
[1.044s] -- Up-to-date symlink: /home/ravik/ros2_rolling/install/control_msgs/lib/python3.12/site-packages/control_msgs/msg/_joint_jog_s.c
[1.044s] -- Up-to-date symlink: /home/ravik/ros2_rolling/install/control_msgs/lib/python3.12/site-packages/control_msgs/msg/_joint_tolerance.py
[1.044s] -- Up-to-date symlink: /home/ravik/ros2_rolling/install/control_msgs/lib/python3.12/site-packages/control_msgs/msg/_joint_tolerance_s.c
[1.044s] -- Up-to-date symlink: /home/ravik/ros2_rolling/install/control_msgs/lib/python3.12/site-packages/control_msgs/msg/_joint_trajectory_controller_state.py
[1.044s] -- Up-to-date symlink: /home/ravik/ros2_rolling/install/control_msgs/lib/python3.12/site-packages/control_msgs/msg/_joint_trajectory_controller_state_s.c
[1.044s] -- Up-to-date symlink: /home/ravik/ros2_rolling/install/control_msgs/lib/python3.12/site-packages/control_msgs/msg/_mecanum_drive_controller_state.py
[1.044s] -- Up-to-date symlink: /home/ravik/ros2_rolling/install/control_msgs/lib/python3.12/site-packages/control_msgs/msg/_mecanum_drive_controller_state_s.c
[1.044s] -- Up-to-date symlink: /home/ravik/ros2_rolling/install/control_msgs/lib/python3.12/site-packages/control_msgs/msg/_multi_dof_command.py
[1.044s] -- Up-to-date symlink: /home/ravik/ros2_rolling/install/control_msgs/lib/python3.12/site-packages/control_msgs/msg/_multi_dof_command_s.c
[1.044s] -- Up-to-date symlink: /home/ravik/ros2_rolling/install/control_msgs/lib/python3.12/site-packages/control_msgs/msg/_multi_dof_state_stamped.py
[1.044s] -- Up-to-date symlink: /home/ravik/ros2_rolling/install/control_msgs/lib/python3.12/site-packages/control_msgs/msg/_multi_dof_state_stamped_s.c
[1.044s] -- Up-to-date symlink: /home/ravik/ros2_rolling/install/control_msgs/lib/python3.12/site-packages/control_msgs/msg/_pid_state.py
[1.044s] -- Up-to-date symlink: /home/ravik/ros2_rolling/install/control_msgs/lib/python3.12/site-packages/control_msgs/msg/_pid_state_s.c
[1.045s] -- Up-to-date symlink: /home/ravik/ros2_rolling/install/control_msgs/lib/python3.12/site-packages/control_msgs/msg/_single_dof_state.py
[1.045s] -- Up-to-date symlink: /home/ravik/ros2_rolling/install/control_msgs/lib/python3.12/site-packages/control_msgs/msg/_single_dof_state_s.c
[1.045s] -- Up-to-date symlink: /home/ravik/ros2_rolling/install/control_msgs/lib/python3.12/site-packages/control_msgs/msg/_single_dof_state_stamped.py
[1.045s] -- Up-to-date symlink: /home/ravik/ros2_rolling/install/control_msgs/lib/python3.12/site-packages/control_msgs/msg/_single_dof_state_stamped_s.c
[1.045s] -- Up-to-date symlink: /home/ravik/ros2_rolling/install/control_msgs/lib/python3.12/site-packages/control_msgs/msg/_speed_scaling_factor.py
[1.045s] -- Up-to-date symlink: /home/ravik/ros2_rolling/install/control_msgs/lib/python3.12/site-packages/control_msgs/msg/_speed_scaling_factor_s.c
[1.045s] -- Up-to-date symlink: /home/ravik/ros2_rolling/install/control_msgs/lib/python3.12/site-packages/control_msgs/msg/_steering_controller_status.py
[1.045s] -- Up-to-date symlink: /home/ravik/ros2_rolling/install/control_msgs/lib/python3.12/site-packages/control_msgs/msg/_steering_controller_status_s.c
[1.045s] -- Up-to-date symlink: /home/ravik/ros2_rolling/install/control_msgs/lib/python3.12/site-packages/control_msgs/srv/__init__.py
[1.045s] -- Up-to-date symlink: /home/ravik/ros2_rolling/install/control_msgs/lib/python3.12/site-packages/control_msgs/srv/_query_calibration_state.py
[1.045s] -- Up-to-date symlink: /home/ravik/ros2_rolling/install/control_msgs/lib/python3.12/site-packages/control_msgs/srv/_query_calibration_state_s.c
[1.045s] -- Up-to-date symlink: /home/ravik/ros2_rolling/install/control_msgs/lib/python3.12/site-packages/control_msgs/srv/_query_trajectory_state.py
[1.045s] -- Up-to-date symlink: /home/ravik/ros2_rolling/install/control_msgs/lib/python3.12/site-packages/control_msgs/srv/_query_trajectory_state_s.c
[1.045s] -- Up-to-date symlink: /home/ravik/ros2_rolling/install/control_msgs/lib/python3.12/site-packages/control_msgs/control_msgs_s__rosidl_typesupport_fastrtps_c.so
[1.046s] -- Up-to-date symlink: /home/ravik/ros2_rolling/install/control_msgs/lib/python3.12/site-packages/control_msgs/control_msgs_s__rosidl_typesupport_introspection_c.so
[1.046s] -- Up-to-date symlink: /home/ravik/ros2_rolling/install/control_msgs/lib/python3.12/site-packages/control_msgs/control_msgs_s__rosidl_typesupport_c.so
[1.046s] -- Up-to-date symlink: /home/ravik/ros2_rolling/install/control_msgs/share/control_msgs/action/ParallelGripperCommand.idl
[1.046s] -- Up-to-date symlink: /home/ravik/ros2_rolling/install/control_msgs/share/control_msgs/action/FollowJointTrajectory.idl
[1.046s] -- Up-to-date symlink: /home/ravik/ros2_rolling/install/control_msgs/share/control_msgs/action/GripperCommand.idl
[1.046s] -- Up-to-date symlink: /home/ravik/ros2_rolling/install/control_msgs/share/control_msgs/action/JointTrajectory.idl
[1.046s] -- Up-to-date symlink: /home/ravik/ros2_rolling/install/control_msgs/share/control_msgs/action/PointHead.idl
[1.046s] -- Up-to-date symlink: /home/ravik/ros2_rolling/install/control_msgs/share/control_msgs/action/SingleJointPosition.idl
[1.046s] -- Up-to-date symlink: /home/ravik/ros2_rolling/install/control_msgs/share/control_msgs/msg/AdmittanceControllerState.idl
[1.046s] -- Up-to-date symlink: /home/ravik/ros2_rolling/install/control_msgs/share/control_msgs/msg/DynamicInterfaceValues.idl
[1.046s] -- Up-to-date symlink: /home/ravik/ros2_rolling/install/control_msgs/share/control_msgs/msg/DynamicJointState.idl
[1.047s] -- Up-to-date symlink: /home/ravik/ros2_rolling/install/control_msgs/share/control_msgs/msg/GripperCommand.idl
[1.047s] -- Up-to-date symlink: /home/ravik/ros2_rolling/install/control_msgs/share/control_msgs/msg/InterfaceValue.idl
[1.047s] -- Up-to-date symlink: /home/ravik/ros2_rolling/install/control_msgs/share/control_msgs/msg/JointComponentTolerance.idl
[1.047s] -- Up-to-date symlink: /home/ravik/ros2_rolling/install/control_msgs/share/control_msgs/msg/JointControllerState.idl
[1.047s] -- Up-to-date symlink: /home/ravik/ros2_rolling/install/control_msgs/share/control_msgs/msg/JointJog.idl
[1.047s] -- Up-to-date symlink: /home/ravik/ros2_rolling/install/control_msgs/share/control_msgs/msg/JointTolerance.idl
[1.047s] -- Up-to-date symlink: /home/ravik/ros2_rolling/install/control_msgs/share/control_msgs/msg/JointTrajectoryControllerState.idl
[1.047s] -- Up-to-date symlink: /home/ravik/ros2_rolling/install/control_msgs/share/control_msgs/msg/MecanumDriveControllerState.idl
[1.047s] -- Up-to-date symlink: /home/ravik/ros2_rolling/install/control_msgs/share/control_msgs/msg/MultiDOFCommand.idl
[1.047s] -- Up-to-date symlink: /home/ravik/ros2_rolling/install/control_msgs/share/control_msgs/msg/MultiDOFStateStamped.idl
[1.047s] -- Up-to-date symlink: /home/ravik/ros2_rolling/install/control_msgs/share/control_msgs/msg/PidState.idl
[1.048s] -- Up-to-date symlink: /home/ravik/ros2_rolling/install/control_msgs/share/control_msgs/msg/SingleDOFState.idl
[1.048s] -- Up-to-date symlink: /home/ravik/ros2_rolling/install/control_msgs/share/control_msgs/msg/SingleDOFStateStamped.idl
[1.048s] -- Up-to-date symlink: /home/ravik/ros2_rolling/install/control_msgs/share/control_msgs/msg/SteeringControllerStatus.idl
[1.048s] -- Up-to-date symlink: /home/ravik/ros2_rolling/install/control_msgs/share/control_msgs/msg/SpeedScalingFactor.idl
[1.048s] -- Up-to-date symlink: /home/ravik/ros2_rolling/install/control_msgs/share/control_msgs/srv/QueryCalibrationState.idl
[1.048s] -- Up-to-date symlink: /home/ravik/ros2_rolling/install/control_msgs/share/control_msgs/srv/QueryTrajectoryState.idl
[1.048s] -- Up-to-date symlink: /home/ravik/ros2_rolling/install/control_msgs/share/control_msgs/action/ParallelGripperCommand.action
[1.048s] -- Up-to-date symlink: /home/ravik/ros2_rolling/install/control_msgs/share/control_msgs/action/FollowJointTrajectory.action
[1.048s] -- Up-to-date symlink: /home/ravik/ros2_rolling/install/control_msgs/share/control_msgs/action/GripperCommand.action
[1.048s] -- Up-to-date symlink: /home/ravik/ros2_rolling/install/control_msgs/share/control_msgs/action/JointTrajectory.action
[1.048s] -- Up-to-date symlink: /home/ravik/ros2_rolling/install/control_msgs/share/control_msgs/action/PointHead.action
[1.048s] -- Up-to-date symlink: /home/ravik/ros2_rolling/install/control_msgs/share/control_msgs/action/SingleJointPosition.action
[1.048s] -- Up-to-date symlink: /home/ravik/ros2_rolling/install/control_msgs/share/control_msgs/msg/AdmittanceControllerState.msg
[1.048s] -- Up-to-date symlink: /home/ravik/ros2_rolling/install/control_msgs/share/control_msgs/msg/DynamicInterfaceValues.msg
[1.049s] -- Up-to-date symlink: /home/ravik/ros2_rolling/install/control_msgs/share/control_msgs/msg/DynamicJointState.msg
[1.049s] -- Up-to-date symlink: /home/ravik/ros2_rolling/install/control_msgs/share/control_msgs/msg/GripperCommand.msg
[1.049s] -- Up-to-date symlink: /home/ravik/ros2_rolling/install/control_msgs/share/control_msgs/msg/InterfaceValue.msg
[1.049s] -- Up-to-date symlink: /home/ravik/ros2_rolling/install/control_msgs/share/control_msgs/msg/JointComponentTolerance.msg
[1.049s] -- Up-to-date symlink: /home/ravik/ros2_rolling/install/control_msgs/share/control_msgs/msg/JointControllerState.msg
[1.049s] -- Up-to-date symlink: /home/ravik/ros2_rolling/install/control_msgs/share/control_msgs/msg/JointJog.msg
[1.049s] -- Up-to-date symlink: /home/ravik/ros2_rolling/install/control_msgs/share/control_msgs/msg/JointTolerance.msg
[1.049s] -- Up-to-date symlink: /home/ravik/ros2_rolling/install/control_msgs/share/control_msgs/msg/JointTrajectoryControllerState.msg
[1.049s] -- Up-to-date symlink: /home/ravik/ros2_rolling/install/control_msgs/share/control_msgs/msg/MecanumDriveControllerState.msg
[1.049s] -- Up-to-date symlink: /home/ravik/ros2_rolling/install/control_msgs/share/control_msgs/msg/MultiDOFCommand.msg
[1.049s] -- Up-to-date symlink: /home/ravik/ros2_rolling/install/control_msgs/share/control_msgs/msg/MultiDOFStateStamped.msg
[1.049s] -- Up-to-date symlink: /home/ravik/ros2_rolling/install/control_msgs/share/control_msgs/msg/PidState.msg
[1.049s] -- Up-to-date symlink: /home/ravik/ros2_rolling/install/control_msgs/share/control_msgs/msg/SingleDOFState.msg
[1.050s] -- Up-to-date symlink: /home/ravik/ros2_rolling/install/control_msgs/share/control_msgs/msg/SingleDOFStateStamped.msg
[1.050s] -- Up-to-date symlink: /home/ravik/ros2_rolling/install/control_msgs/share/control_msgs/msg/SteeringControllerStatus.msg
[1.050s] -- Up-to-date symlink: /home/ravik/ros2_rolling/install/control_msgs/share/control_msgs/msg/SpeedScalingFactor.msg
[1.050s] -- Up-to-date symlink: /home/ravik/ros2_rolling/install/control_msgs/share/control_msgs/srv/QueryCalibrationState.srv
[1.050s] -- Up-to-date symlink: /home/ravik/ros2_rolling/install/control_msgs/share/control_msgs/srv/QueryTrajectoryState.srv
[1.050s] -- Up-to-date symlink: /home/ravik/ros2_rolling/install/control_msgs/share/ament_index/resource_index/package_run_dependencies/control_msgs
[1.050s] -- Up-to-date symlink: /home/ravik/ros2_rolling/install/control_msgs/share/ament_index/resource_index/parent_prefix_path/control_msgs
[1.050s] -- Up-to-date symlink: /home/ravik/ros2_rolling/install/control_msgs/share/control_msgs/environment/ament_prefix_path.sh
[1.050s] -- Up-to-date symlink: /home/ravik/ros2_rolling/install/control_msgs/share/control_msgs/environment/ament_prefix_path.dsv
[1.050s] -- Up-to-date symlink: /home/ravik/ros2_rolling/install/control_msgs/share/control_msgs/environment/path.sh
[1.050s] -- Up-to-date symlink: /home/ravik/ros2_rolling/install/control_msgs/share/control_msgs/environment/path.dsv
[1.050s] -- Up-to-date symlink: /home/ravik/ros2_rolling/install/control_msgs/share/control_msgs/local_setup.bash
[1.051s] -- Up-to-date symlink: /home/ravik/ros2_rolling/install/control_msgs/share/control_msgs/local_setup.sh
[1.051s] -- Up-to-date symlink: /home/ravik/ros2_rolling/install/control_msgs/share/control_msgs/local_setup.zsh
[1.051s] -- Up-to-date symlink: /home/ravik/ros2_rolling/install/control_msgs/share/control_msgs/local_setup.dsv
[1.051s] -- Symlinking: /home/ravik/ros2_rolling/install/control_msgs/share/control_msgs/package.dsv
[1.060s] -- Up-to-date symlink: /home/ravik/ros2_rolling/install/control_msgs/share/ament_index/resource_index/packages/control_msgs
[1.060s] -- Up-to-date symlink: /home/ravik/ros2_rolling/install/control_msgs/share/control_msgs/cmake/rosidl_cmake-extras.cmake
[1.060s] -- Up-to-date symlink: /home/ravik/ros2_rolling/install/control_msgs/share/control_msgs/cmake/ament_cmake_export_dependencies-extras.cmake
[1.060s] -- Up-to-date symlink: /home/ravik/ros2_rolling/install/control_msgs/share/control_msgs/cmake/ament_cmake_export_include_directories-extras.cmake
[1.060s] -- Up-to-date symlink: /home/ravik/ros2_rolling/install/control_msgs/share/control_msgs/cmake/ament_cmake_export_libraries-extras.cmake
[1.060s] -- Up-to-date symlink: /home/ravik/ros2_rolling/install/control_msgs/share/control_msgs/cmake/ament_cmake_export_targets-extras.cmake
[1.060s] -- Up-to-date symlink: /home/ravik/ros2_rolling/install/control_msgs/share/control_msgs/cmake/rosidl_cmake_export_typesupport_targets-extras.cmake
[1.060s] -- Up-to-date symlink: /home/ravik/ros2_rolling/install/control_msgs/share/control_msgs/cmake/rosidl_cmake_export_typesupport_libraries-extras.cmake
[1.060s] -- Up-to-date symlink: /home/ravik/ros2_rolling/install/control_msgs/share/control_msgs/cmake/control_msgsConfig.cmake
[1.060s] -- Up-to-date symlink: /home/ravik/ros2_rolling/install/control_msgs/share/control_msgs/cmake/control_msgsConfig-version.cmake
[1.060s] -- Up-to-date symlink: /home/ravik/ros2_rolling/install/control_msgs/share/control_msgs/package.xml
[1.061s] -- Up-to-date: /home/ravik/ros2_rolling/install/control_msgs/lib/libcontrol_msgs__rosidl_generator_c.so
[1.061s] -- Up-to-date: /home/ravik/ros2_rolling/install/control_msgs/lib/libcontrol_msgs__rosidl_typesupport_fastrtps_c.so
[1.061s] -- Up-to-date: /home/ravik/ros2_rolling/install/control_msgs/lib/libcontrol_msgs__rosidl_typesupport_fastrtps_cpp.so
[1.061s] -- Up-to-date: /home/ravik/ros2_rolling/install/control_msgs/lib/libcontrol_msgs__rosidl_typesupport_introspection_c.so
[1.061s] -- Up-to-date: /home/ravik/ros2_rolling/install/control_msgs/lib/libcontrol_msgs__rosidl_typesupport_c.so
[1.061s] -- Up-to-date: /home/ravik/ros2_rolling/install/control_msgs/lib/libcontrol_msgs__rosidl_typesupport_introspection_cpp.so
[1.062s] -- Up-to-date: /home/ravik/ros2_rolling/install/control_msgs/lib/libcontrol_msgs__rosidl_typesupport_cpp.so
[1.088s] Listing '/home/ravik/ros2_rolling/install/control_msgs/lib/python3.12/site-packages/control_msgs'...
[1.088s] Listing '/home/ravik/ros2_rolling/install/control_msgs/lib/python3.12/site-packages/control_msgs/action'...
[1.088s] Listing '/home/ravik/ros2_rolling/install/control_msgs/lib/python3.12/site-packages/control_msgs/msg'...
[1.088s] Listing '/home/ravik/ros2_rolling/install/control_msgs/lib/python3.12/site-packages/control_msgs/srv'...
[1.092s] -- Up-to-date: /home/ravik/ros2_rolling/install/control_msgs/lib/libcontrol_msgs__rosidl_generator_py.so
[1.092s] -- Up-to-date: /home/ravik/ros2_rolling/install/control_msgs/share/control_msgs/cmake/export_control_msgs__rosidl_generator_cExport.cmake
[1.092s] -- Up-to-date: /home/ravik/ros2_rolling/install/control_msgs/share/control_msgs/cmake/export_control_msgs__rosidl_generator_cExport-noconfig.cmake
[1.092s] -- Up-to-date: /home/ravik/ros2_rolling/install/control_msgs/share/control_msgs/cmake/export_control_msgs__rosidl_typesupport_fastrtps_cExport.cmake
[1.092s] -- Up-to-date: /home/ravik/ros2_rolling/install/control_msgs/share/control_msgs/cmake/export_control_msgs__rosidl_typesupport_fastrtps_cExport-noconfig.cmake
[1.092s] -- Up-to-date: /home/ravik/ros2_rolling/install/control_msgs/share/control_msgs/cmake/export_control_msgs__rosidl_generator_cppExport.cmake
[1.092s] -- Up-to-date: /home/ravik/ros2_rolling/install/control_msgs/share/control_msgs/cmake/export_control_msgs__rosidl_typesupport_fastrtps_cppExport.cmake
[1.092s] -- Up-to-date: /home/ravik/ros2_rolling/install/control_msgs/share/control_msgs/cmake/export_control_msgs__rosidl_typesupport_fastrtps_cppExport-noconfig.cmake
[1.092s] -- Up-to-date: /home/ravik/ros2_rolling/install/control_msgs/share/control_msgs/cmake/control_msgs__rosidl_typesupport_introspection_cExport.cmake
[1.092s] -- Up-to-date: /home/ravik/ros2_rolling/install/control_msgs/share/control_msgs/cmake/control_msgs__rosidl_typesupport_introspection_cExport-noconfig.cmake
[1.092s] -- Up-to-date: /home/ravik/ros2_rolling/install/control_msgs/share/control_msgs/cmake/control_msgs__rosidl_typesupport_cExport.cmake
[1.092s] -- Up-to-date: /home/ravik/ros2_rolling/install/control_msgs/share/control_msgs/cmake/control_msgs__rosidl_typesupport_cExport-noconfig.cmake
[1.092s] -- Up-to-date: /home/ravik/ros2_rolling/install/control_msgs/share/control_msgs/cmake/control_msgs__rosidl_typesupport_introspection_cppExport.cmake
[1.093s] -- Up-to-date: /home/ravik/ros2_rolling/install/control_msgs/share/control_msgs/cmake/control_msgs__rosidl_typesupport_introspection_cppExport-noconfig.cmake
[1.093s] -- Up-to-date: /home/ravik/ros2_rolling/install/control_msgs/share/control_msgs/cmake/control_msgs__rosidl_typesupport_cppExport.cmake
[1.093s] -- Up-to-date: /home/ravik/ros2_rolling/install/control_msgs/share/control_msgs/cmake/control_msgs__rosidl_typesupport_cppExport-noconfig.cmake
[1.093s] -- Up-to-date: /home/ravik/ros2_rolling/install/control_msgs/share/control_msgs/cmake/export_control_msgs__rosidl_generator_pyExport.cmake
[1.093s] -- Up-to-date: /home/ravik/ros2_rolling/install/control_msgs/share/control_msgs/cmake/export_control_msgs__rosidl_generator_pyExport-noconfig.cmake
[1.094s] Invoked command in '/home/ravik/ros2_rolling/build/control_msgs' returned '0': CMAKE_PREFIX_PATH=${CMAKE_PREFIX_PATH}:/opt/ros/rolling PS1=\[\e]0;$(parse_ros_workspace)\a\]\[\e[1;32m\]\u\[\[\e[0;37m\]@\[\[\e[0;33m\]\h\[\[\e[1;33m\]${text}\[\[\e[0;37m\]:\[$(set_ros_workspace_color)\]$(parse_ros_workspace)\[\[\e[0;32m\]$(parse_git_bracket)\[$(set_git_color)\]$(get_gitbranch)\[\e[0;32m\]>\[\e[1;35m\]\W\[\[\e[1;35m\]$\[\[\e[0m\]\[\e[m\] /usr/bin/cmake --install /home/ravik/ros2_rolling/build/control_msgs
