-- The CXX compiler identification is GNU 13.2.0
-- Detecting CXX compiler ABI info
-- Detecting CXX compiler ABI info - done
-- Check for working CXX compiler: /usr/bin/c++ - skipped
-- Detecting CXX compile features
-- Detecting CXX compile features - done
-- Found ament_cmake: 2.7.0 (/opt/ros/rolling/share/ament_cmake/cmake)
-- Found Python3: /usr/bin/python3 (found version "3.12.3") found components: Interpreter 
-- Override CMake install command with custom implementation using symlinks instead of copying resources
-- Found controller_interface: 4.20.0 (/home/ravik/ros2_rolling/install/controller_interface/share/controller_interface/cmake)
-- Found rosidl_generator_c: 4.8.1 (/opt/ros/rolling/share/rosidl_generator_c/cmake)
-- Found rosidl_generator_cpp: 4.8.1 (/opt/ros/rolling/share/rosidl_generator_cpp/cmake)
-- Using all available rosidl_typesupport_c: rosidl_typesupport_fastrtps_c;rosidl_typesupport_introspection_c
-- Using all available rosidl_typesupport_cpp: rosidl_typesupport_fastrtps_cpp;rosidl_typesupport_introspection_cpp
-- Found TinyXML2 via Config file: /usr/lib/x86_64-linux-gnu/cmake/tinyxml2
-- Found rmw_implementation_cmake: 7.4.3 (/opt/ros/rolling/share/rmw_implementation_cmake/cmake)
-- Found rmw_fastrtps_cpp: 9.0.1 (/opt/ros/rolling/share/rmw_fastrtps_cpp/cmake)
-- Found TinyXML2 via Config file: /usr/lib/x86_64-linux-gnu/cmake/tinyxml2
-- Found OpenSSL: /usr/lib/x86_64-linux-gnu/libcrypto.so (found version "3.0.13")  
-- Found TinyXML2 via Config file: /usr/lib/x86_64-linux-gnu/cmake/tinyxml2
-- Found FastRTPS: /opt/ros/rolling/include (Required is at least version "2.13") 
-- Found TinyXML2 via Config file: /usr/lib/x86_64-linux-gnu/cmake/tinyxml2
-- Found TinyXML2 via Config file: /usr/lib/x86_64-linux-gnu/cmake/tinyxml2
-- Using RMW implementation 'rmw_fastrtps_cpp' as default
-- Found generate_parameter_library: 0.3.9 (/home/ravik/ros2_rolling/install/generate_parameter_library/share/generate_parameter_library/cmake)
-- Found parameter_traits: 0.3.9 (/home/ravik/ros2_rolling/install/parameter_traits/share/parameter_traits/cmake)
-- Found tf2_msgs: 0.38.2 (/opt/ros/rolling/share/tf2_msgs/cmake)
-- Found ament_cmake_gmock: 2.7.0 (/opt/ros/rolling/share/ament_cmake_gmock/cmake)
-- Found controller_manager: 4.20.0 (/home/ravik/ros2_rolling/install/controller_manager/share/controller_manager/cmake)
-- Found ros2_control_test_assets: 4.20.0 (/home/ravik/ros2_rolling/install/ros2_control_test_assets/share/ros2_control_test_assets/cmake)
-- Found gmock sources under '/opt/ros/rolling/src/gmock_vendor': C++ tests using 'Google Mock' will be built
-- The C compiler identification is GNU 13.2.0
-- Detecting C compiler ABI info
-- Detecting C compiler ABI info - done
-- Check for working C compiler: /usr/bin/cc - skipped
-- Detecting C compile features
-- Detecting C compile features - done
-- Found ament_cmake_gtest: 2.7.0 (/opt/ros/rolling/share/ament_cmake_gtest/cmake)
-- Found gtest sources under '/opt/ros/rolling/src/gtest_vendor': C++ tests using 'Google Test' will be built
-- Configuring done (1.8s)
-- Generating done (0.0s)
-- Build files have been written to: /home/ravik/ros2_rolling/build/pose_broadcaster
[  8%] [32mBuilding CXX object gmock/CMakeFiles/gmock_main.dir/src/gmock_main.cc.o[0m
[ 16%] [34m[1mRunning `/home/ravik/ros2_rolling/install/generate_parameter_library_py/bin/generate_parameter_library_cpp /home/ravik/ros2_rolling/build/pose_broadcaster/pose_broadcaster_parameters/include//pose_broadcaster_parameters.hpp /home/ravik/ros2_rolling/src/ros2_controllers/pose_broadcaster/src/pose_broadcaster_parameters.yaml `[0m
[ 25%] [32mBuilding CXX object gmock/CMakeFiles/gmock.dir/opt/ros/rolling/src/gtest_vendor/src/gtest-all.cc.o[0m
[ 33%] [32mBuilding CXX object gmock/CMakeFiles/gmock.dir/src/gmock-all.cc.o[0m
[ 33%] Built target pose_broadcaster_parameters
[ 41%] [32mBuilding CXX object CMakeFiles/pose_broadcaster.dir/src/pose_broadcaster.cpp.o[0m
[ 50%] [32m[1mLinking CXX static library libgmock_main.a[0m
[ 50%] Built target gmock_main
[ 58%] [32m[1mLinking CXX static library libgmock.a[0m
[ 58%] Built target gmock
[ 66%] [32m[1mLinking CXX shared library libpose_broadcaster.so[0m
[ 66%] Built target pose_broadcaster
[ 75%] [32mBuilding CXX object CMakeFiles/test_pose_broadcaster.dir/test/test_pose_broadcaster.cpp.o[0m
[ 83%] [32mBuilding CXX object CMakeFiles/test_load_pose_broadcaster.dir/test/test_load_pose_broadcaster.cpp.o[0m
[ 91%] [32m[1mLinking CXX executable test_load_pose_broadcaster[0m
[ 91%] Built target test_load_pose_broadcaster
[100%] [32m[1mLinking CXX executable test_pose_broadcaster[0m
[100%] Built target test_pose_broadcaster
-- Install configuration: ""
-- Execute custom install script
-- Symlinking: /home/ravik/ros2_rolling/install/pose_broadcaster/include/pose_broadcaster_parameters/pose_broadcaster_parameters.hpp
-- Symlinking: /home/ravik/ros2_rolling/install/pose_broadcaster/share/pose_broadcaster//pose_broadcaster.xml
-- Symlinking: /home/ravik/ros2_rolling/install/pose_broadcaster/include/pose_broadcaster/pose_broadcaster/pose_broadcaster.hpp
-- Symlinking: /home/ravik/ros2_rolling/install/pose_broadcaster/include/pose_broadcaster/pose_broadcaster/visibility_control.h
-- Symlinking: /home/ravik/ros2_rolling/install/pose_broadcaster/share/pose_broadcaster/environment/library_path.sh
-- Symlinking: /home/ravik/ros2_rolling/install/pose_broadcaster/share/pose_broadcaster/environment/library_path.dsv
-- Symlinking: /home/ravik/ros2_rolling/install/pose_broadcaster/share/ament_index/resource_index/package_run_dependencies/pose_broadcaster
-- Symlinking: /home/ravik/ros2_rolling/install/pose_broadcaster/share/ament_index/resource_index/parent_prefix_path/pose_broadcaster
-- Symlinking: /home/ravik/ros2_rolling/install/pose_broadcaster/share/pose_broadcaster/environment/ament_prefix_path.sh
-- Symlinking: /home/ravik/ros2_rolling/install/pose_broadcaster/share/pose_broadcaster/environment/ament_prefix_path.dsv
-- Symlinking: /home/ravik/ros2_rolling/install/pose_broadcaster/share/pose_broadcaster/environment/path.sh
-- Symlinking: /home/ravik/ros2_rolling/install/pose_broadcaster/share/pose_broadcaster/environment/path.dsv
-- Symlinking: /home/ravik/ros2_rolling/install/pose_broadcaster/share/pose_broadcaster/local_setup.bash
-- Symlinking: /home/ravik/ros2_rolling/install/pose_broadcaster/share/pose_broadcaster/local_setup.sh
-- Symlinking: /home/ravik/ros2_rolling/install/pose_broadcaster/share/pose_broadcaster/local_setup.zsh
-- Symlinking: /home/ravik/ros2_rolling/install/pose_broadcaster/share/pose_broadcaster/local_setup.dsv
-- Symlinking: /home/ravik/ros2_rolling/install/pose_broadcaster/share/pose_broadcaster/package.dsv
-- Symlinking: /home/ravik/ros2_rolling/install/pose_broadcaster/share/ament_index/resource_index/packages/pose_broadcaster
-- Symlinking: /home/ravik/ros2_rolling/install/pose_broadcaster/share/ament_index/resource_index/controller_interface__pluginlib__plugin/pose_broadcaster
-- Symlinking: /home/ravik/ros2_rolling/install/pose_broadcaster/share/pose_broadcaster/cmake/ament_cmake_export_targets-extras.cmake
-- Symlinking: /home/ravik/ros2_rolling/install/pose_broadcaster/share/pose_broadcaster/cmake/ament_cmake_export_dependencies-extras.cmake
-- Symlinking: /home/ravik/ros2_rolling/install/pose_broadcaster/share/pose_broadcaster/cmake/pose_broadcasterConfig.cmake
-- Symlinking: /home/ravik/ros2_rolling/install/pose_broadcaster/share/pose_broadcaster/cmake/pose_broadcasterConfig-version.cmake
-- Symlinking: /home/ravik/ros2_rolling/install/pose_broadcaster/share/pose_broadcaster/package.xml
-- Installing: /home/ravik/ros2_rolling/install/pose_broadcaster/lib/libpose_broadcaster.so
-- Set non-toolchain portion of runtime path of "/home/ravik/ros2_rolling/install/pose_broadcaster/lib/libpose_broadcaster.so" to ""
-- Installing: /home/ravik/ros2_rolling/install/pose_broadcaster/share/pose_broadcaster/cmake/export_pose_broadcasterExport.cmake
-- Installing: /home/ravik/ros2_rolling/install/pose_broadcaster/share/pose_broadcaster/cmake/export_pose_broadcasterExport-noconfig.cmake
