-- The CXX compiler identification is GNU 13.2.0
-- Detecting CXX compiler ABI info
-- Detecting CXX compiler ABI info - done
-- Check for working CXX compiler: /usr/bin/c++ - skipped
-- Detecting CXX compile features
-- Detecting CXX compile features - done
-- Found ament_cmake: 2.7.0 (/opt/ros/rolling/share/ament_cmake/cmake)
-- Found Python3: /usr/bin/python3 (found version "3.12.3") found components: Interpreter 
-- Override CMake install command with custom implementation using symlinks instead of copying resources
-- Found control_msgs: 5.2.0 (/home/ravik/ros2_rolling/install/control_msgs/share/control_msgs/cmake)
-- Found rosidl_generator_c: 4.8.1 (/opt/ros/rolling/share/rosidl_generator_c/cmake)
-- Found rosidl_generator_cpp: 4.8.1 (/opt/ros/rolling/share/rosidl_generator_cpp/cmake)
-- Using all available rosidl_typesupport_c: rosidl_typesupport_fastrtps_c;rosidl_typesupport_introspection_c
-- Using all available rosidl_typesupport_cpp: rosidl_typesupport_fastrtps_cpp;rosidl_typesupport_introspection_cpp
-- Found rclcpp: 28.3.3 (/opt/ros/rolling/share/rclcpp/cmake)
-- Found rmw_implementation_cmake: 7.4.3 (/opt/ros/rolling/share/rmw_implementation_cmake/cmake)
-- Found rmw_fastrtps_cpp: 9.0.1 (/opt/ros/rolling/share/rmw_fastrtps_cpp/cmake)
-- Found OpenSSL: /usr/lib/x86_64-linux-gnu/libcrypto.so (found version "3.0.13")  
-- Found FastRTPS: /opt/ros/rolling/include (Required is at least version "2.13") 
-- Using RMW implementation 'rmw_fastrtps_cpp' as default
-- Found realtime_tools: 2.8.1 (/home/ravik/ros2_rolling/install/realtime_tools/share/realtime_tools/cmake)
-- Found filters: 2.1.2 (/opt/ros/rolling/share/filters/cmake)
-- Found generate_parameter_library: 0.3.9 (/home/ravik/ros2_rolling/install/generate_parameter_library/share/generate_parameter_library/cmake)
-- Found parameter_traits: 0.3.9 (/home/ravik/ros2_rolling/install/parameter_traits/share/parameter_traits/cmake)
-- Found rclcpp_lifecycle: 28.3.3 (/opt/ros/rolling/share/rclcpp_lifecycle/cmake)
-- Found ament_cmake_gmock: 2.7.0 (/opt/ros/rolling/share/ament_cmake_gmock/cmake)
-- Found ament_cmake_gtest: 2.7.0 (/opt/ros/rolling/share/ament_cmake_gtest/cmake)
-- Found gmock sources under '/opt/ros/rolling/src/gmock_vendor': C++ tests using 'Google Mock' will be built
-- The C compiler identification is GNU 13.2.0
-- Detecting C compiler ABI info
-- Detecting C compiler ABI info - done
-- Check for working C compiler: /usr/bin/cc - skipped
-- Detecting C compile features
-- Detecting C compile features - done
-- Found gtest sources under '/opt/ros/rolling/src/gtest_vendor': C++ tests using 'Google Test' will be built
-- Found Threads: TRUE  
-- Configuring done (1.2s)
-- Generating done (0.0s)
-- Build files have been written to: /home/ravik/ros2_rolling/build/control_toolbox
[ 10%] [32mBuilding CXX object CMakeFiles/control_toolbox.dir/src/limited_proxy.cpp.o[0m
[ 10%] [32mBuilding CXX object gtest/CMakeFiles/gtest_main.dir/src/gtest_main.cc.o[0m
[ 10%] [32mBuilding CXX object CMakeFiles/control_toolbox.dir/src/dither.cpp.o[0m
[ 13%] [32mBuilding CXX object CMakeFiles/control_toolbox.dir/src/pid_ros.cpp.o[0m
[ 17%] [32mBuilding CXX object gmock/CMakeFiles/gmock_main.dir/src/gmock_main.cc.o[0m
[ 24%] [32mBuilding CXX object CMakeFiles/control_toolbox.dir/src/sinusoid.cpp.o[0m
[ 24%] [34m[1mRunning `/home/ravik/ros2_rolling/install/generate_parameter_library_py/bin/generate_parameter_library_cpp /home/ravik/ros2_rolling/build/control_toolbox/low_pass_filter_parameters/include//low_pass_filter_parameters.hpp /home/ravik/ros2_rolling/src/control_toolbox/src/control_filters/low_pass_filter_parameters.yaml `[0m
[ 27%] [32mBuilding CXX object CMakeFiles/control_toolbox.dir/src/sine_sweep.cpp.o[0m
[ 34%] [32mBuilding CXX object gmock/CMakeFiles/gmock.dir/opt/ros/rolling/src/gtest_vendor/src/gtest-all.cc.o[0m
[ 34%] [32mBuilding CXX object CMakeFiles/control_toolbox.dir/src/pid.cpp.o[0m
[ 37%] [32mBuilding CXX object gtest/CMakeFiles/gtest.dir/src/gtest-all.cc.o[0m
[ 41%] [32mBuilding CXX object gmock/CMakeFiles/gmock.dir/src/gmock-all.cc.o[0m
[ 41%] Built target low_pass_filter_parameters
[ 44%] [32mBuilding CXX object CMakeFiles/low_pass_filter.dir/src/control_filters/low_pass_filter.cpp.o[0m
[ 48%] [32m[1mLinking CXX static library libgtest_main.a[0m
[ 51%] [32m[1mLinking CXX static library libgmock_main.a[0m
[ 51%] Built target gtest_main
[ 51%] Built target gmock_main
[ 55%] [32m[1mLinking CXX shared library libcontrol_toolbox.so[0m
[ 55%] Built target control_toolbox
[ 58%] [32m[1mLinking CXX static library libgtest.a[0m
[ 62%] [32m[1mLinking CXX static library libgmock.a[0m
[ 62%] Built target gtest
[ 65%] [32mBuilding CXX object CMakeFiles/pid_publisher_tests.dir/test/pid_publisher_tests.cpp.o[0m
[ 68%] [32mBuilding CXX object CMakeFiles/pid_parameters_tests.dir/test/pid_parameters_tests.cpp.o[0m
[ 68%] Built target gmock
[ 72%] [32mBuilding CXX object CMakeFiles/pid_tests.dir/test/pid_tests.cpp.o[0m
[ 75%] [32m[1mLinking CXX shared library liblow_pass_filter.so[0m
[ 75%] Built target low_pass_filter
[ 82%] [32mBuilding CXX object CMakeFiles/test_load_low_pass_filter.dir/test/control_filters/test_load_low_pass_filter.cpp.o[0m
[ 82%] [32mBuilding CXX object CMakeFiles/test_low_pass_filter.dir/test/control_filters/test_low_pass_filter.cpp.o[0m
[ 86%] [32m[1mLinking CXX executable pid_tests[0m
[ 86%] Built target pid_tests
[ 89%] [32m[1mLinking CXX executable pid_parameters_tests[0m
[ 89%] Built target pid_parameters_tests
[ 93%] [32m[1mLinking CXX executable test_low_pass_filter[0m
[ 93%] Built target test_low_pass_filter
[ 96%] [32m[1mLinking CXX executable pid_publisher_tests[0m
[ 96%] Built target pid_publisher_tests
[100%] [32m[1mLinking CXX executable test_load_low_pass_filter[0m
[100%] Built target test_load_low_pass_filter
-- Install configuration: ""
-- Execute custom install script
-- Symlinking: /home/ravik/ros2_rolling/install/control_toolbox/include/low_pass_filter_parameters/low_pass_filter_parameters.hpp
-- Symlinking: /home/ravik/ros2_rolling/install/control_toolbox/share/control_toolbox//control_filters.xml
-- Symlinking: /home/ravik/ros2_rolling/install/control_toolbox/include/control_toolbox/control_filters/low_pass_filter.hpp
-- Symlinking: /home/ravik/ros2_rolling/install/control_toolbox/include/control_toolbox/control_toolbox/dither.hpp
-- Symlinking: /home/ravik/ros2_rolling/install/control_toolbox/include/control_toolbox/control_toolbox/filters.hpp
-- Symlinking: /home/ravik/ros2_rolling/install/control_toolbox/include/control_toolbox/control_toolbox/limited_proxy.hpp
-- Symlinking: /home/ravik/ros2_rolling/install/control_toolbox/include/control_toolbox/control_toolbox/low_pass_filter.hpp
-- Symlinking: /home/ravik/ros2_rolling/install/control_toolbox/include/control_toolbox/control_toolbox/pid.hpp
-- Symlinking: /home/ravik/ros2_rolling/install/control_toolbox/include/control_toolbox/control_toolbox/pid_ros.hpp
-- Symlinking: /home/ravik/ros2_rolling/install/control_toolbox/include/control_toolbox/control_toolbox/sine_sweep.hpp
-- Symlinking: /home/ravik/ros2_rolling/install/control_toolbox/include/control_toolbox/control_toolbox/sinusoid.hpp
-- Symlinking: /home/ravik/ros2_rolling/install/control_toolbox/include/control_toolbox/control_toolbox/visibility_control.hpp
-- Symlinking: /home/ravik/ros2_rolling/install/control_toolbox/share/control_toolbox/environment/library_path.sh
-- Symlinking: /home/ravik/ros2_rolling/install/control_toolbox/share/control_toolbox/environment/library_path.dsv
-- Symlinking: /home/ravik/ros2_rolling/install/control_toolbox/share/ament_index/resource_index/package_run_dependencies/control_toolbox
-- Symlinking: /home/ravik/ros2_rolling/install/control_toolbox/share/ament_index/resource_index/parent_prefix_path/control_toolbox
-- Symlinking: /home/ravik/ros2_rolling/install/control_toolbox/share/control_toolbox/environment/ament_prefix_path.sh
-- Symlinking: /home/ravik/ros2_rolling/install/control_toolbox/share/control_toolbox/environment/ament_prefix_path.dsv
-- Symlinking: /home/ravik/ros2_rolling/install/control_toolbox/share/control_toolbox/environment/path.sh
-- Symlinking: /home/ravik/ros2_rolling/install/control_toolbox/share/control_toolbox/environment/path.dsv
-- Symlinking: /home/ravik/ros2_rolling/install/control_toolbox/share/control_toolbox/local_setup.bash
-- Symlinking: /home/ravik/ros2_rolling/install/control_toolbox/share/control_toolbox/local_setup.sh
-- Symlinking: /home/ravik/ros2_rolling/install/control_toolbox/share/control_toolbox/local_setup.zsh
-- Symlinking: /home/ravik/ros2_rolling/install/control_toolbox/share/control_toolbox/local_setup.dsv
-- Symlinking: /home/ravik/ros2_rolling/install/control_toolbox/share/control_toolbox/package.dsv
-- Symlinking: /home/ravik/ros2_rolling/install/control_toolbox/share/ament_index/resource_index/packages/control_toolbox
-- Symlinking: /home/ravik/ros2_rolling/install/control_toolbox/share/ament_index/resource_index/filters__pluginlib__plugin/control_toolbox
-- Symlinking: /home/ravik/ros2_rolling/install/control_toolbox/share/control_toolbox/cmake/ament_cmake_export_targets-extras.cmake
-- Symlinking: /home/ravik/ros2_rolling/install/control_toolbox/share/control_toolbox/cmake/ament_cmake_export_dependencies-extras.cmake
-- Symlinking: /home/ravik/ros2_rolling/install/control_toolbox/share/control_toolbox/cmake/control_toolboxConfig.cmake
-- Symlinking: /home/ravik/ros2_rolling/install/control_toolbox/share/control_toolbox/cmake/control_toolboxConfig-version.cmake
-- Symlinking: /home/ravik/ros2_rolling/install/control_toolbox/share/control_toolbox/package.xml
-- Installing: /home/ravik/ros2_rolling/install/control_toolbox/lib/libcontrol_toolbox.so
-- Set non-toolchain portion of runtime path of "/home/ravik/ros2_rolling/install/control_toolbox/lib/libcontrol_toolbox.so" to ""
-- Installing: /home/ravik/ros2_rolling/install/control_toolbox/lib/liblow_pass_filter.so
-- Set non-toolchain portion of runtime path of "/home/ravik/ros2_rolling/install/control_toolbox/lib/liblow_pass_filter.so" to ""
-- Installing: /home/ravik/ros2_rolling/install/control_toolbox/share/control_toolbox/cmake/export_control_toolboxExport.cmake
-- Installing: /home/ravik/ros2_rolling/install/control_toolbox/share/control_toolbox/cmake/export_control_toolboxExport-noconfig.cmake
