[0.153s] Invoking command in '/home/ravik/ros2_rolling/build/control_toolbox': AMENT_PREFIX_PATH=/home/ravik/ros2_rolling/install/generate_parameter_library:/home/ravik/ros2_rolling/install/realtime_tools:/home/ravik/ros2_rolling/install/parameter_traits:/home/ravik/ros2_rolling/install/generate_parameter_library_py:/home/ravik/ros2_rolling/install/control_msgs:${AMENT_PREFIX_PATH} CMAKE_PREFIX_PATH=/home/ravik/ros2_rolling/install/generate_parameter_library:/home/ravik/ros2_rolling/install/realtime_tools:/home/ravik/ros2_rolling/install/parameter_traits:/home/ravik/ros2_rolling/install/control_msgs:/opt/ros/rolling/opt/gz_math_vendor:/opt/ros/rolling/opt/gz_utils_vendor:/opt/ros/rolling/opt/gz_cmake_vendor:/opt/ros/rolling LD_LIBRARY_PATH=/home/ravik/ros2_rolling/install/realtime_tools/lib:/home/ravik/ros2_rolling/install/parameter_traits/lib:/home/ravik/ros2_rolling/install/control_msgs/lib:${LD_LIBRARY_PATH} PATH=/home/ravik/ros2_rolling/install/generate_parameter_library_py/bin:${PATH} PS1=\[\e]0;$(parse_ros_workspace)\a\]\[\e[1;32m\]\u\[\[\e[0;37m\]@\[\[\e[0;33m\]\h\[\[\e[1;33m\]${text}\[\[\e[0;37m\]:\[$(set_ros_workspace_color)\]$(parse_ros_workspace)\[\[\e[0;32m\]$(parse_git_bracket)\[$(set_git_color)\]$(get_gitbranch)\[\e[0;32m\]>\[\e[1;35m\]\W\[\[\e[1;35m\]$\[\[\e[0m\]\[\e[m\] PYTHONPATH=/home/ravik/ros2_rolling/build/generate_parameter_library_py:/home/ravik/ros2_rolling/install/generate_parameter_library_py/lib/python3.12/site-packages:/home/ravik/ros2_rolling/install/control_msgs/lib/python3.12/site-packages:${PYTHONPATH} /usr/bin/cmake /home/ravik/ros2_rolling/src/control_toolbox -DCMAKE_EXPORT_COMPILE_COMMANDS=ON -DAMENT_CMAKE_SYMLINK_INSTALL=1 -DCMAKE_INSTALL_PREFIX=/home/ravik/ros2_rolling/install/control_toolbox
[0.211s] -- The CXX compiler identification is GNU 13.2.0
[0.225s] -- Detecting CXX compiler ABI info
[0.308s] -- Detecting CXX compiler ABI info - done
[0.319s] -- Check for working CXX compiler: /usr/bin/c++ - skipped
[0.319s] -- Detecting CXX compile features
[0.320s] -- Detecting CXX compile features - done
[0.322s] -- Found ament_cmake: 2.7.0 (/opt/ros/rolling/share/ament_cmake/cmake)
[0.449s] -- Found Python3: /usr/bin/python3 (found version "3.12.3") found components: Interpreter 
[0.503s] -- Override CMake install command with custom implementation using symlinks instead of copying resources
[0.530s] -- Found control_msgs: 5.2.0 (/home/ravik/ros2_rolling/install/control_msgs/share/control_msgs/cmake)
[0.561s] -- Found rosidl_generator_c: 4.8.1 (/opt/ros/rolling/share/rosidl_generator_c/cmake)
[0.571s] -- Found rosidl_generator_cpp: 4.8.1 (/opt/ros/rolling/share/rosidl_generator_cpp/cmake)
[0.584s] -- Using all available rosidl_typesupport_c: rosidl_typesupport_fastrtps_c;rosidl_typesupport_introspection_c
[0.597s] -- Using all available rosidl_typesupport_cpp: rosidl_typesupport_fastrtps_cpp;rosidl_typesupport_introspection_cpp
[0.742s] -- Found rclcpp: 28.3.3 (/opt/ros/rolling/share/rclcpp/cmake)
[0.779s] -- Found rmw_implementation_cmake: 7.4.3 (/opt/ros/rolling/share/rmw_implementation_cmake/cmake)
[0.781s] -- Found rmw_fastrtps_cpp: 9.0.1 (/opt/ros/rolling/share/rmw_fastrtps_cpp/cmake)
[0.852s] -- Found OpenSSL: /usr/lib/x86_64-linux-gnu/libcrypto.so (found version "3.0.13")  
[0.872s] -- Found FastRTPS: /opt/ros/rolling/include (Required is at least version "2.13") 
[0.889s] -- Using RMW implementation 'rmw_fastrtps_cpp' as default
[0.943s] -- Found realtime_tools: 2.8.1 (/home/ravik/ros2_rolling/install/realtime_tools/share/realtime_tools/cmake)
[1.042s] -- Found filters: 2.1.2 (/opt/ros/rolling/share/filters/cmake)
[1.062s] -- Found generate_parameter_library: 0.3.9 (/home/ravik/ros2_rolling/install/generate_parameter_library/share/generate_parameter_library/cmake)
[1.064s] -- Found parameter_traits: 0.3.9 (/home/ravik/ros2_rolling/install/parameter_traits/share/parameter_traits/cmake)
[1.078s] -- Found rclcpp_lifecycle: 28.3.3 (/opt/ros/rolling/share/rclcpp_lifecycle/cmake)
[1.106s] -- Found ament_cmake_gmock: 2.7.0 (/opt/ros/rolling/share/ament_cmake_gmock/cmake)
[1.107s] -- Found ament_cmake_gtest: 2.7.0 (/opt/ros/rolling/share/ament_cmake_gtest/cmake)
[1.109s] -- Found gmock sources under '/opt/ros/rolling/src/gmock_vendor': C++ tests using 'Google Mock' will be built
[1.149s] -- The C compiler identification is GNU 13.2.0
[1.159s] -- Detecting C compiler ABI info
[1.240s] -- Detecting C compiler ABI info - done
[1.246s] -- Check for working C compiler: /usr/bin/cc - skipped
[1.246s] -- Detecting C compile features
[1.247s] -- Detecting C compile features - done
[1.250s] -- Found gtest sources under '/opt/ros/rolling/src/gtest_vendor': C++ tests using 'Google Test' will be built
[1.254s] -- Found Threads: TRUE  
[1.328s] -- Configuring done (1.2s)
[1.361s] -- Generating done (0.0s)
[1.363s] -- Build files have been written to: /home/ravik/ros2_rolling/build/control_toolbox
[1.372s] Invoked command in '/home/ravik/ros2_rolling/build/control_toolbox' returned '0': AMENT_PREFIX_PATH=/home/ravik/ros2_rolling/install/generate_parameter_library:/home/ravik/ros2_rolling/install/realtime_tools:/home/ravik/ros2_rolling/install/parameter_traits:/home/ravik/ros2_rolling/install/generate_parameter_library_py:/home/ravik/ros2_rolling/install/control_msgs:${AMENT_PREFIX_PATH} CMAKE_PREFIX_PATH=/home/ravik/ros2_rolling/install/generate_parameter_library:/home/ravik/ros2_rolling/install/realtime_tools:/home/ravik/ros2_rolling/install/parameter_traits:/home/ravik/ros2_rolling/install/control_msgs:/opt/ros/rolling/opt/gz_math_vendor:/opt/ros/rolling/opt/gz_utils_vendor:/opt/ros/rolling/opt/gz_cmake_vendor:/opt/ros/rolling LD_LIBRARY_PATH=/home/ravik/ros2_rolling/install/realtime_tools/lib:/home/ravik/ros2_rolling/install/parameter_traits/lib:/home/ravik/ros2_rolling/install/control_msgs/lib:${LD_LIBRARY_PATH} PATH=/home/ravik/ros2_rolling/install/generate_parameter_library_py/bin:${PATH} PS1=\[\e]0;$(parse_ros_workspace)\a\]\[\e[1;32m\]\u\[\[\e[0;37m\]@\[\[\e[0;33m\]\h\[\[\e[1;33m\]${text}\[\[\e[0;37m\]:\[$(set_ros_workspace_color)\]$(parse_ros_workspace)\[\[\e[0;32m\]$(parse_git_bracket)\[$(set_git_color)\]$(get_gitbranch)\[\e[0;32m\]>\[\e[1;35m\]\W\[\[\e[1;35m\]$\[\[\e[0m\]\[\e[m\] PYTHONPATH=/home/ravik/ros2_rolling/build/generate_parameter_library_py:/home/ravik/ros2_rolling/install/generate_parameter_library_py/lib/python3.12/site-packages:/home/ravik/ros2_rolling/install/control_msgs/lib/python3.12/site-packages:${PYTHONPATH} /usr/bin/cmake /home/ravik/ros2_rolling/src/control_toolbox -DCMAKE_EXPORT_COMPILE_COMMANDS=ON -DAMENT_CMAKE_SYMLINK_INSTALL=1 -DCMAKE_INSTALL_PREFIX=/home/ravik/ros2_rolling/install/control_toolbox
[1.372s] Invoking command in '/home/ravik/ros2_rolling/build/control_toolbox': AMENT_PREFIX_PATH=/home/ravik/ros2_rolling/install/generate_parameter_library:/home/ravik/ros2_rolling/install/realtime_tools:/home/ravik/ros2_rolling/install/parameter_traits:/home/ravik/ros2_rolling/install/generate_parameter_library_py:/home/ravik/ros2_rolling/install/control_msgs:${AMENT_PREFIX_PATH} CMAKE_PREFIX_PATH=/home/ravik/ros2_rolling/install/generate_parameter_library:/home/ravik/ros2_rolling/install/realtime_tools:/home/ravik/ros2_rolling/install/parameter_traits:/home/ravik/ros2_rolling/install/control_msgs:/opt/ros/rolling/opt/gz_math_vendor:/opt/ros/rolling/opt/gz_utils_vendor:/opt/ros/rolling/opt/gz_cmake_vendor:/opt/ros/rolling LD_LIBRARY_PATH=/home/ravik/ros2_rolling/install/realtime_tools/lib:/home/ravik/ros2_rolling/install/parameter_traits/lib:/home/ravik/ros2_rolling/install/control_msgs/lib:${LD_LIBRARY_PATH} PATH=/home/ravik/ros2_rolling/install/generate_parameter_library_py/bin:${PATH} PS1=\[\e]0;$(parse_ros_workspace)\a\]\[\e[1;32m\]\u\[\[\e[0;37m\]@\[\[\e[0;33m\]\h\[\[\e[1;33m\]${text}\[\[\e[0;37m\]:\[$(set_ros_workspace_color)\]$(parse_ros_workspace)\[\[\e[0;32m\]$(parse_git_bracket)\[$(set_git_color)\]$(get_gitbranch)\[\e[0;32m\]>\[\e[1;35m\]\W\[\[\e[1;35m\]$\[\[\e[0m\]\[\e[m\] PYTHONPATH=/home/ravik/ros2_rolling/build/generate_parameter_library_py:/home/ravik/ros2_rolling/install/generate_parameter_library_py/lib/python3.12/site-packages:/home/ravik/ros2_rolling/install/control_msgs/lib/python3.12/site-packages:${PYTHONPATH} /usr/bin/cmake --build /home/ravik/ros2_rolling/build/control_toolbox -- -j32 -l32
[1.422s] [ 10%] [32mBuilding CXX object CMakeFiles/control_toolbox.dir/src/limited_proxy.cpp.o[0m
[1.422s] [ 10%] [32mBuilding CXX object gtest/CMakeFiles/gtest_main.dir/src/gtest_main.cc.o[0m
[1.422s] [ 10%] [32mBuilding CXX object CMakeFiles/control_toolbox.dir/src/dither.cpp.o[0m
[1.423s] [ 13%] [32mBuilding CXX object CMakeFiles/control_toolbox.dir/src/pid_ros.cpp.o[0m
[1.423s] [ 17%] [32mBuilding CXX object gmock/CMakeFiles/gmock_main.dir/src/gmock_main.cc.o[0m
[1.424s] [ 24%] [32mBuilding CXX object CMakeFiles/control_toolbox.dir/src/sinusoid.cpp.o[0m
[1.424s] [ 24%] [34m[1mRunning `/home/ravik/ros2_rolling/install/generate_parameter_library_py/bin/generate_parameter_library_cpp /home/ravik/ros2_rolling/build/control_toolbox/low_pass_filter_parameters/include//low_pass_filter_parameters.hpp /home/ravik/ros2_rolling/src/control_toolbox/src/control_filters/low_pass_filter_parameters.yaml `[0m
[1.424s] [ 27%] [32mBuilding CXX object CMakeFiles/control_toolbox.dir/src/sine_sweep.cpp.o[0m
[1.424s] [ 34%] [32mBuilding CXX object gmock/CMakeFiles/gmock.dir/opt/ros/rolling/src/gtest_vendor/src/gtest-all.cc.o[0m
[1.424s] [ 34%] [32mBuilding CXX object CMakeFiles/control_toolbox.dir/src/pid.cpp.o[0m
[1.425s] [ 37%] [32mBuilding CXX object gtest/CMakeFiles/gtest.dir/src/gtest-all.cc.o[0m
[1.425s] [ 41%] [32mBuilding CXX object gmock/CMakeFiles/gmock.dir/src/gmock-all.cc.o[0m
[1.831s] [ 41%] Built target low_pass_filter_parameters
[1.852s] [ 44%] [32mBuilding CXX object CMakeFiles/low_pass_filter.dir/src/control_filters/low_pass_filter.cpp.o[0m
[2.153s] [ 48%] [32m[1mLinking CXX static library libgtest_main.a[0m
[2.195s] [ 51%] [32m[1mLinking CXX static library libgmock_main.a[0m
[2.195s] [ 51%] Built target gtest_main
[2.226s] [ 51%] Built target gmock_main
[3.982s] [ 55%] [32m[1mLinking CXX shared library libcontrol_toolbox.so[0m
[4.130s] [ 55%] Built target control_toolbox
[4.528s] [ 58%] [32m[1mLinking CXX static library libgtest.a[0m
[4.540s] [ 62%] [32m[1mLinking CXX static library libgmock.a[0m
[4.580s] [ 62%] Built target gtest
[4.602s] [ 65%] [32mBuilding CXX object CMakeFiles/pid_publisher_tests.dir/test/pid_publisher_tests.cpp.o[0m
[4.603s] [ 68%] [32mBuilding CXX object CMakeFiles/pid_parameters_tests.dir/test/pid_parameters_tests.cpp.o[0m
[4.604s] [ 68%] Built target gmock
[4.627s] [ 72%] [32mBuilding CXX object CMakeFiles/pid_tests.dir/test/pid_tests.cpp.o[0m
[5.392s] [ 75%] [32m[1mLinking CXX shared library liblow_pass_filter.so[0m
[5.511s] [ 75%] Built target low_pass_filter
[5.534s] [ 82%] [32mBuilding CXX object CMakeFiles/test_load_low_pass_filter.dir/test/control_filters/test_load_low_pass_filter.cpp.o[0m
[5.534s] [ 82%] [32mBuilding CXX object CMakeFiles/test_low_pass_filter.dir/test/control_filters/test_low_pass_filter.cpp.o[0m
[5.689s] [ 86%] [32m[1mLinking CXX executable pid_tests[0m
[5.879s] [ 86%] Built target pid_tests
[7.055s] [ 89%] [32m[1mLinking CXX executable pid_parameters_tests[0m
[7.231s] [ 89%] Built target pid_parameters_tests
[9.450s] [ 93%] [32m[1mLinking CXX executable test_low_pass_filter[0m
[9.656s] [ 93%] Built target test_low_pass_filter
[10.348s] [ 96%] [32m[1mLinking CXX executable pid_publisher_tests[0m
[10.688s] [ 96%] Built target pid_publisher_tests
[10.693s] [100%] [32m[1mLinking CXX executable test_load_low_pass_filter[0m
[10.887s] [100%] Built target test_load_low_pass_filter
[10.900s] Invoked command in '/home/ravik/ros2_rolling/build/control_toolbox' returned '0': AMENT_PREFIX_PATH=/home/ravik/ros2_rolling/install/generate_parameter_library:/home/ravik/ros2_rolling/install/realtime_tools:/home/ravik/ros2_rolling/install/parameter_traits:/home/ravik/ros2_rolling/install/generate_parameter_library_py:/home/ravik/ros2_rolling/install/control_msgs:${AMENT_PREFIX_PATH} CMAKE_PREFIX_PATH=/home/ravik/ros2_rolling/install/generate_parameter_library:/home/ravik/ros2_rolling/install/realtime_tools:/home/ravik/ros2_rolling/install/parameter_traits:/home/ravik/ros2_rolling/install/control_msgs:/opt/ros/rolling/opt/gz_math_vendor:/opt/ros/rolling/opt/gz_utils_vendor:/opt/ros/rolling/opt/gz_cmake_vendor:/opt/ros/rolling LD_LIBRARY_PATH=/home/ravik/ros2_rolling/install/realtime_tools/lib:/home/ravik/ros2_rolling/install/parameter_traits/lib:/home/ravik/ros2_rolling/install/control_msgs/lib:${LD_LIBRARY_PATH} PATH=/home/ravik/ros2_rolling/install/generate_parameter_library_py/bin:${PATH} PS1=\[\e]0;$(parse_ros_workspace)\a\]\[\e[1;32m\]\u\[\[\e[0;37m\]@\[\[\e[0;33m\]\h\[\[\e[1;33m\]${text}\[\[\e[0;37m\]:\[$(set_ros_workspace_color)\]$(parse_ros_workspace)\[\[\e[0;32m\]$(parse_git_bracket)\[$(set_git_color)\]$(get_gitbranch)\[\e[0;32m\]>\[\e[1;35m\]\W\[\[\e[1;35m\]$\[\[\e[0m\]\[\e[m\] PYTHONPATH=/home/ravik/ros2_rolling/build/generate_parameter_library_py:/home/ravik/ros2_rolling/install/generate_parameter_library_py/lib/python3.12/site-packages:/home/ravik/ros2_rolling/install/control_msgs/lib/python3.12/site-packages:${PYTHONPATH} /usr/bin/cmake --build /home/ravik/ros2_rolling/build/control_toolbox -- -j32 -l32
[10.958s] Invoking command in '/home/ravik/ros2_rolling/build/control_toolbox': AMENT_PREFIX_PATH=/home/ravik/ros2_rolling/install/generate_parameter_library:/home/ravik/ros2_rolling/install/realtime_tools:/home/ravik/ros2_rolling/install/parameter_traits:/home/ravik/ros2_rolling/install/generate_parameter_library_py:/home/ravik/ros2_rolling/install/control_msgs:${AMENT_PREFIX_PATH} CMAKE_PREFIX_PATH=/home/ravik/ros2_rolling/install/generate_parameter_library:/home/ravik/ros2_rolling/install/realtime_tools:/home/ravik/ros2_rolling/install/parameter_traits:/home/ravik/ros2_rolling/install/control_msgs:/opt/ros/rolling/opt/gz_math_vendor:/opt/ros/rolling/opt/gz_utils_vendor:/opt/ros/rolling/opt/gz_cmake_vendor:/opt/ros/rolling LD_LIBRARY_PATH=/home/ravik/ros2_rolling/install/realtime_tools/lib:/home/ravik/ros2_rolling/install/parameter_traits/lib:/home/ravik/ros2_rolling/install/control_msgs/lib:${LD_LIBRARY_PATH} PATH=/home/ravik/ros2_rolling/install/generate_parameter_library_py/bin:${PATH} PS1=\[\e]0;$(parse_ros_workspace)\a\]\[\e[1;32m\]\u\[\[\e[0;37m\]@\[\[\e[0;33m\]\h\[\[\e[1;33m\]${text}\[\[\e[0;37m\]:\[$(set_ros_workspace_color)\]$(parse_ros_workspace)\[\[\e[0;32m\]$(parse_git_bracket)\[$(set_git_color)\]$(get_gitbranch)\[\e[0;32m\]>\[\e[1;35m\]\W\[\[\e[1;35m\]$\[\[\e[0m\]\[\e[m\] PYTHONPATH=/home/ravik/ros2_rolling/build/generate_parameter_library_py:/home/ravik/ros2_rolling/install/generate_parameter_library_py/lib/python3.12/site-packages:/home/ravik/ros2_rolling/install/control_msgs/lib/python3.12/site-packages:${PYTHONPATH} /usr/bin/cmake --install /home/ravik/ros2_rolling/build/control_toolbox
[10.967s] -- Install configuration: ""
[10.968s] -- Execute custom install script
[10.968s] -- Symlinking: /home/ravik/ros2_rolling/install/control_toolbox/include/low_pass_filter_parameters/low_pass_filter_parameters.hpp
[10.978s] -- Symlinking: /home/ravik/ros2_rolling/install/control_toolbox/share/control_toolbox//control_filters.xml
[10.988s] -- Symlinking: /home/ravik/ros2_rolling/install/control_toolbox/include/control_toolbox/control_filters/low_pass_filter.hpp
[10.996s] -- Symlinking: /home/ravik/ros2_rolling/install/control_toolbox/include/control_toolbox/control_toolbox/dither.hpp
[11.004s] -- Symlinking: /home/ravik/ros2_rolling/install/control_toolbox/include/control_toolbox/control_toolbox/filters.hpp
[11.013s] -- Symlinking: /home/ravik/ros2_rolling/install/control_toolbox/include/control_toolbox/control_toolbox/limited_proxy.hpp
[11.020s] -- Symlinking: /home/ravik/ros2_rolling/install/control_toolbox/include/control_toolbox/control_toolbox/low_pass_filter.hpp
[11.028s] -- Symlinking: /home/ravik/ros2_rolling/install/control_toolbox/include/control_toolbox/control_toolbox/pid.hpp
[11.038s] -- Symlinking: /home/ravik/ros2_rolling/install/control_toolbox/include/control_toolbox/control_toolbox/pid_ros.hpp
[11.047s] -- Symlinking: /home/ravik/ros2_rolling/install/control_toolbox/include/control_toolbox/control_toolbox/sine_sweep.hpp
[11.056s] -- Symlinking: /home/ravik/ros2_rolling/install/control_toolbox/include/control_toolbox/control_toolbox/sinusoid.hpp
[11.064s] -- Symlinking: /home/ravik/ros2_rolling/install/control_toolbox/include/control_toolbox/control_toolbox/visibility_control.hpp
[11.074s] -- Symlinking: /home/ravik/ros2_rolling/install/control_toolbox/share/control_toolbox/environment/library_path.sh
[11.083s] -- Symlinking: /home/ravik/ros2_rolling/install/control_toolbox/share/control_toolbox/environment/library_path.dsv
[11.092s] -- Symlinking: /home/ravik/ros2_rolling/install/control_toolbox/share/ament_index/resource_index/package_run_dependencies/control_toolbox
[11.099s] -- Symlinking: /home/ravik/ros2_rolling/install/control_toolbox/share/ament_index/resource_index/parent_prefix_path/control_toolbox
[11.108s] -- Symlinking: /home/ravik/ros2_rolling/install/control_toolbox/share/control_toolbox/environment/ament_prefix_path.sh
[11.117s] -- Symlinking: /home/ravik/ros2_rolling/install/control_toolbox/share/control_toolbox/environment/ament_prefix_path.dsv
[11.127s] -- Symlinking: /home/ravik/ros2_rolling/install/control_toolbox/share/control_toolbox/environment/path.sh
[11.136s] -- Symlinking: /home/ravik/ros2_rolling/install/control_toolbox/share/control_toolbox/environment/path.dsv
[11.145s] -- Symlinking: /home/ravik/ros2_rolling/install/control_toolbox/share/control_toolbox/local_setup.bash
[11.154s] -- Symlinking: /home/ravik/ros2_rolling/install/control_toolbox/share/control_toolbox/local_setup.sh
[11.164s] -- Symlinking: /home/ravik/ros2_rolling/install/control_toolbox/share/control_toolbox/local_setup.zsh
[11.171s] -- Symlinking: /home/ravik/ros2_rolling/install/control_toolbox/share/control_toolbox/local_setup.dsv
[11.182s] -- Symlinking: /home/ravik/ros2_rolling/install/control_toolbox/share/control_toolbox/package.dsv
[11.191s] -- Symlinking: /home/ravik/ros2_rolling/install/control_toolbox/share/ament_index/resource_index/packages/control_toolbox
[11.201s] -- Symlinking: /home/ravik/ros2_rolling/install/control_toolbox/share/ament_index/resource_index/filters__pluginlib__plugin/control_toolbox
[11.210s] -- Symlinking: /home/ravik/ros2_rolling/install/control_toolbox/share/control_toolbox/cmake/ament_cmake_export_targets-extras.cmake
[11.219s] -- Symlinking: /home/ravik/ros2_rolling/install/control_toolbox/share/control_toolbox/cmake/ament_cmake_export_dependencies-extras.cmake
[11.228s] -- Symlinking: /home/ravik/ros2_rolling/install/control_toolbox/share/control_toolbox/cmake/control_toolboxConfig.cmake
[11.234s] -- Symlinking: /home/ravik/ros2_rolling/install/control_toolbox/share/control_toolbox/cmake/control_toolboxConfig-version.cmake
[11.244s] -- Symlinking: /home/ravik/ros2_rolling/install/control_toolbox/share/control_toolbox/package.xml
[11.251s] -- Installing: /home/ravik/ros2_rolling/install/control_toolbox/lib/libcontrol_toolbox.so
[11.253s] -- Set non-toolchain portion of runtime path of "/home/ravik/ros2_rolling/install/control_toolbox/lib/libcontrol_toolbox.so" to ""
[11.253s] -- Installing: /home/ravik/ros2_rolling/install/control_toolbox/lib/liblow_pass_filter.so
[11.254s] -- Set non-toolchain portion of runtime path of "/home/ravik/ros2_rolling/install/control_toolbox/lib/liblow_pass_filter.so" to ""
[11.255s] -- Installing: /home/ravik/ros2_rolling/install/control_toolbox/share/control_toolbox/cmake/export_control_toolboxExport.cmake
[11.255s] -- Installing: /home/ravik/ros2_rolling/install/control_toolbox/share/control_toolbox/cmake/export_control_toolboxExport-noconfig.cmake
[11.257s] Invoked command in '/home/ravik/ros2_rolling/build/control_toolbox' returned '0': AMENT_PREFIX_PATH=/home/ravik/ros2_rolling/install/generate_parameter_library:/home/ravik/ros2_rolling/install/realtime_tools:/home/ravik/ros2_rolling/install/parameter_traits:/home/ravik/ros2_rolling/install/generate_parameter_library_py:/home/ravik/ros2_rolling/install/control_msgs:${AMENT_PREFIX_PATH} CMAKE_PREFIX_PATH=/home/ravik/ros2_rolling/install/generate_parameter_library:/home/ravik/ros2_rolling/install/realtime_tools:/home/ravik/ros2_rolling/install/parameter_traits:/home/ravik/ros2_rolling/install/control_msgs:/opt/ros/rolling/opt/gz_math_vendor:/opt/ros/rolling/opt/gz_utils_vendor:/opt/ros/rolling/opt/gz_cmake_vendor:/opt/ros/rolling LD_LIBRARY_PATH=/home/ravik/ros2_rolling/install/realtime_tools/lib:/home/ravik/ros2_rolling/install/parameter_traits/lib:/home/ravik/ros2_rolling/install/control_msgs/lib:${LD_LIBRARY_PATH} PATH=/home/ravik/ros2_rolling/install/generate_parameter_library_py/bin:${PATH} PS1=\[\e]0;$(parse_ros_workspace)\a\]\[\e[1;32m\]\u\[\[\e[0;37m\]@\[\[\e[0;33m\]\h\[\[\e[1;33m\]${text}\[\[\e[0;37m\]:\[$(set_ros_workspace_color)\]$(parse_ros_workspace)\[\[\e[0;32m\]$(parse_git_bracket)\[$(set_git_color)\]$(get_gitbranch)\[\e[0;32m\]>\[\e[1;35m\]\W\[\[\e[1;35m\]$\[\[\e[0m\]\[\e[m\] PYTHONPATH=/home/ravik/ros2_rolling/build/generate_parameter_library_py:/home/ravik/ros2_rolling/install/generate_parameter_library_py/lib/python3.12/site-packages:/home/ravik/ros2_rolling/install/control_msgs/lib/python3.12/site-packages:${PYTHONPATH} /usr/bin/cmake --install /home/ravik/ros2_rolling/build/control_toolbox
