[0.000000] (-) TimerEvent: {}
[0.000175] (-) JobUnselected: {'identifier': 'ackermann_steering_controller'}
[0.000202] (-) JobUnselected: {'identifier': 'admittance_controller'}
[0.000215] (-) JobUnselected: {'identifier': 'bicycle_steering_controller'}
[0.000223] (-) JobUnselected: {'identifier': 'cmake_generate_parameter_module_example'}
[0.000231] (-) JobUnselected: {'identifier': 'control_msgs'}
[0.000239] (-) JobUnselected: {'identifier': 'control_toolbox'}
[0.000247] (-) JobUnselected: {'identifier': 'controller_interface'}
[0.000254] (-) JobUnselected: {'identifier': 'controller_manager'}
[0.000261] (-) JobUnselected: {'identifier': 'controller_manager_msgs'}
[0.000268] (-) JobUnselected: {'identifier': 'diff_drive_controller'}
[0.000275] (-) JobUnselected: {'identifier': 'effort_controllers'}
[0.000282] (-) JobUnselected: {'identifier': 'force_torque_sensor_broadcaster'}
[0.000289] (-) JobUnselected: {'identifier': 'forward_command_controller'}
[0.000296] (-) JobUnselected: {'identifier': 'generate_parameter_library'}
[0.000303] (-) JobUnselected: {'identifier': 'generate_parameter_library_example'}
[0.000310] (-) JobUnselected: {'identifier': 'generate_parameter_library_py'}
[0.000317] (-) JobUnselected: {'identifier': 'generate_parameter_module_example'}
[0.000325] (-) JobUnselected: {'identifier': 'gripper_controllers'}
[0.000331] (-) JobUnselected: {'identifier': 'hardware_interface'}
[0.000341] (-) JobUnselected: {'identifier': 'hardware_interface_testing'}
[0.000347] (-) JobUnselected: {'identifier': 'imu_sensor_broadcaster'}
[0.000354] (-) JobUnselected: {'identifier': 'joint_limits'}
[0.000361] (-) JobUnselected: {'identifier': 'joint_state_broadcaster'}
[0.000368] (-) JobUnselected: {'identifier': 'joint_trajectory_controller'}
[0.000375] (-) JobUnselected: {'identifier': 'kinematics_interface'}
[0.000381] (-) JobUnselected: {'identifier': 'kinematics_interface_kdl'}
[0.000388] (-) JobUnselected: {'identifier': 'parallel_gripper_controller'}
[0.000395] (-) JobUnselected: {'identifier': 'parameter_traits'}
[0.000402] (-) JobUnselected: {'identifier': 'pid_controller'}
[0.000409] (-) JobUnselected: {'identifier': 'pose_broadcaster'}
[0.000415] (-) JobUnselected: {'identifier': 'position_controllers'}
[0.000422] (-) JobUnselected: {'identifier': 'range_sensor_broadcaster'}
[0.000428] (-) JobUnselected: {'identifier': 'realtime_tools'}
[0.000435] (-) JobUnselected: {'identifier': 'ros2_control'}
[0.000442] (-) JobUnselected: {'identifier': 'ros2_control_test_assets'}
[0.000448] (-) JobUnselected: {'identifier': 'ros2_controllers'}
[0.000454] (-) JobUnselected: {'identifier': 'ros2_controllers_test_nodes'}
[0.000461] (-) JobUnselected: {'identifier': 'ros2controlcli'}
[0.000468] (-) JobUnselected: {'identifier': 'rqt_controller_manager'}
[0.000475] (-) JobUnselected: {'identifier': 'rqt_joint_trajectory_controller'}
[0.000482] (-) JobUnselected: {'identifier': 'steering_controllers_library'}
[0.000489] (-) JobUnselected: {'identifier': 'transmission_interface'}
[0.000495] (-) JobUnselected: {'identifier': 'tricycle_controller'}
[0.000502] (-) JobUnselected: {'identifier': 'tricycle_steering_controller'}
[0.000509] (-) JobUnselected: {'identifier': 'velocity_controllers'}
[0.000614] (-) EventReactorShutdown: {}
