[0.000000] (-) TimerEvent: {}
[0.000201] (-) JobUnselected: {'identifier': 'ackermann_steering_controller'}
[0.000237] (-) JobUnselected: {'identifier': 'admittance_controller'}
[0.000261] (-) JobUnselected: {'identifier': 'bicycle_steering_controller'}
[0.000280] (-) JobUnselected: {'identifier': 'cmake_generate_parameter_module_example'}
[0.000465] (-) JobUnselected: {'identifier': 'control_msgs'}
[0.000507] (-) JobUnselected: {'identifier': 'control_toolbox'}
[0.000516] (-) JobUnselected: {'identifier': 'controller_interface'}
[0.000523] (-) JobUnselected: {'identifier': 'controller_manager'}
[0.000529] (-) JobUnselected: {'identifier': 'controller_manager_msgs'}
[0.000535] (-) JobUnselected: {'identifier': 'diff_drive_controller'}
[0.000542] (-) JobUnselected: {'identifier': 'effort_controllers'}
[0.000548] (-) JobUnselected: {'identifier': 'force_torque_sensor_broadcaster'}
[0.000555] (-) JobUnselected: {'identifier': 'forward_command_controller'}
[0.000561] (-) JobUnselected: {'identifier': 'generate_parameter_library'}
[0.000567] (-) JobUnselected: {'identifier': 'generate_parameter_library_example'}
[0.000573] (-) JobUnselected: {'identifier': 'generate_parameter_library_py'}
[0.000579] (-) JobUnselected: {'identifier': 'generate_parameter_module_example'}
[0.000585] (-) JobUnselected: {'identifier': 'gripper_controllers'}
[0.000591] (-) JobUnselected: {'identifier': 'hardware_interface'}
[0.000602] (-) JobUnselected: {'identifier': 'hardware_interface_testing'}
[0.000609] (-) JobUnselected: {'identifier': 'imu_sensor_broadcaster'}
[0.000615] (-) JobUnselected: {'identifier': 'joint_limits'}
[0.000621] (-) JobUnselected: {'identifier': 'joint_state_broadcaster'}
[0.000627] (-) JobUnselected: {'identifier': 'joint_trajectory_controller'}
[0.000633] (-) JobUnselected: {'identifier': 'kinematics_interface'}
[0.000639] (-) JobUnselected: {'identifier': 'kinematics_interface_kdl'}
[0.000645] (-) JobUnselected: {'identifier': 'parallel_gripper_controller'}
[0.000652] (-) JobUnselected: {'identifier': 'parameter_traits'}
[0.000658] (-) JobUnselected: {'identifier': 'pid_controller'}
[0.000664] (-) JobUnselected: {'identifier': 'pose_broadcaster'}
[0.000670] (-) JobUnselected: {'identifier': 'position_controllers'}
[0.000676] (-) JobUnselected: {'identifier': 'range_sensor_broadcaster'}
[0.000682] (-) JobUnselected: {'identifier': 'realtime_tools'}
[0.000688] (-) JobUnselected: {'identifier': 'ros2_control'}
[0.000695] (-) JobUnselected: {'identifier': 'ros2_control_test_assets'}
[0.000701] (-) JobUnselected: {'identifier': 'ros2_controllers'}
[0.000707] (-) JobUnselected: {'identifier': 'ros2_controllers_test_nodes'}
[0.000713] (-) JobUnselected: {'identifier': 'ros2controlcli'}
[0.000719] (-) JobUnselected: {'identifier': 'rqt_controller_manager'}
[0.000725] (-) JobUnselected: {'identifier': 'rqt_joint_trajectory_controller'}
[0.000731] (-) JobUnselected: {'identifier': 'steering_controllers_library'}
[0.000737] (-) JobUnselected: {'identifier': 'transmission_interface'}
[0.000744] (-) JobUnselected: {'identifier': 'tricycle_controller'}
[0.000750] (-) JobUnselected: {'identifier': 'tricycle_steering_controller'}
[0.000756] (-) JobUnselected: {'identifier': 'velocity_controllers'}
[0.000764] (-) EventReactorShutdown: {}
