-- The CXX compiler identification is GNU 13.2.0
-- Detecting CXX compiler ABI info
-- Detecting CXX compiler ABI info - done
-- Check for working CXX compiler: /usr/bin/c++ - skipped
-- Detecting CXX compile features
-- Detecting CXX compile features - done
-- Found ament_cmake: 2.7.0 (/opt/ros/rolling/share/ament_cmake/cmake)
-- Found Python3: /usr/bin/python3 (found version "3.12.3") found components: Interpreter 
-- Override CMake install command with custom implementation using symlinks instead of copying resources
-- Found forward_command_controller: 4.16.0 (/home/ravik/ros2_rolling/install/forward_command_controller/share/forward_command_controller/cmake)
-- Found rosidl_generator_c: 4.8.1 (/opt/ros/rolling/share/rosidl_generator_c/cmake)
-- Found rosidl_generator_cpp: 4.8.1 (/opt/ros/rolling/share/rosidl_generator_cpp/cmake)
-- Using all available rosidl_typesupport_c: rosidl_typesupport_fastrtps_c;rosidl_typesupport_introspection_c
-- Using all available rosidl_typesupport_cpp: rosidl_typesupport_fastrtps_cpp;rosidl_typesupport_introspection_cpp
-- Found TinyXML2 via Config file: /usr/lib/x86_64-linux-gnu/cmake/tinyxml2
-- Found rmw_implementation_cmake: 7.4.3 (/opt/ros/rolling/share/rmw_implementation_cmake/cmake)
-- Found rmw_fastrtps_cpp: 9.0.1 (/opt/ros/rolling/share/rmw_fastrtps_cpp/cmake)
-- Found TinyXML2 via Config file: /usr/lib/x86_64-linux-gnu/cmake/tinyxml2
-- Found OpenSSL: /usr/lib/x86_64-linux-gnu/libcrypto.so (found version "3.0.13")  
-- Found TinyXML2 via Config file: /usr/lib/x86_64-linux-gnu/cmake/tinyxml2
-- Found FastRTPS: /opt/ros/rolling/include (Required is at least version "2.13") 
-- Found TinyXML2 via Config file: /usr/lib/x86_64-linux-gnu/cmake/tinyxml2
-- Found TinyXML2 via Config file: /usr/lib/x86_64-linux-gnu/cmake/tinyxml2
-- Using RMW implementation 'rmw_fastrtps_cpp' as default
-- Found parameter_traits: 0.3.9 (/home/ravik/ros2_rolling/install/parameter_traits/share/parameter_traits/cmake)
-- Found ament_cmake_gmock: 2.7.0 (/opt/ros/rolling/share/ament_cmake_gmock/cmake)
-- Found controller_manager: 4.20.0 (/home/ravik/ros2_rolling/install/controller_manager/share/controller_manager/cmake)
-- Found ros2_control_test_assets: 4.20.0 (/home/ravik/ros2_rolling/install/ros2_control_test_assets/share/ros2_control_test_assets/cmake)
-- Found gmock sources under '/opt/ros/rolling/src/gmock_vendor': C++ tests using 'Google Mock' will be built
-- The C compiler identification is GNU 13.2.0
-- Detecting C compiler ABI info
-- Detecting C compiler ABI info - done
-- Check for working C compiler: /usr/bin/cc - skipped
-- Detecting C compile features
-- Detecting C compile features - done
-- Found ament_cmake_gtest: 2.7.0 (/opt/ros/rolling/share/ament_cmake_gtest/cmake)
-- Found gtest sources under '/opt/ros/rolling/src/gtest_vendor': C++ tests using 'Google Test' will be built
-- Configuring done (2.2s)
-- Generating done (0.0s)
-- Build files have been written to: /home/ravik/ros2_rolling/build/effort_controllers
[  9%] [32mBuilding CXX object gmock/CMakeFiles/gmock.dir/opt/ros/rolling/src/gtest_vendor/src/gtest-all.cc.o[0m
[ 18%] [32mBuilding CXX object gmock/CMakeFiles/gmock_main.dir/src/gmock_main.cc.o[0m
[ 27%] [32mBuilding CXX object gmock/CMakeFiles/gmock.dir/src/gmock-all.cc.o[0m
[ 36%] [32mBuilding CXX object CMakeFiles/effort_controllers.dir/src/joint_group_effort_controller.cpp.o[0m
[ 45%] [32m[1mLinking CXX static library libgmock_main.a[0m
[ 45%] Built target gmock_main
[ 54%] [32m[1mLinking CXX shared library libeffort_controllers.so[0m
[ 54%] Built target effort_controllers
[ 63%] [32m[1mLinking CXX static library libgmock.a[0m
[ 63%] Built target gmock
[ 72%] [32mBuilding CXX object CMakeFiles/test_joint_group_effort_controller.dir/test/test_joint_group_effort_controller.cpp.o[0m
[ 81%] [32mBuilding CXX object CMakeFiles/test_load_joint_group_effort_controller.dir/test/test_load_joint_group_effort_controller.cpp.o[0m
[ 90%] [32m[1mLinking CXX executable test_joint_group_effort_controller[0m
[ 90%] Built target test_joint_group_effort_controller
[100%] [32m[1mLinking CXX executable test_load_joint_group_effort_controller[0m
[100%] Built target test_load_joint_group_effort_controller
-- Install configuration: ""
-- Execute custom install script
-- Symlinking: /home/ravik/ros2_rolling/install/effort_controllers/share/effort_controllers//effort_controllers_plugins.xml
-- Symlinking: /home/ravik/ros2_rolling/install/effort_controllers/include/effort_controllers/effort_controllers/joint_group_effort_controller.hpp
-- Symlinking: /home/ravik/ros2_rolling/install/effort_controllers/include/effort_controllers/effort_controllers/visibility_control.h
-- Symlinking: /home/ravik/ros2_rolling/install/effort_controllers/share/effort_controllers/environment/library_path.sh
-- Symlinking: /home/ravik/ros2_rolling/install/effort_controllers/share/effort_controllers/environment/library_path.dsv
-- Symlinking: /home/ravik/ros2_rolling/install/effort_controllers/share/ament_index/resource_index/package_run_dependencies/effort_controllers
-- Symlinking: /home/ravik/ros2_rolling/install/effort_controllers/share/ament_index/resource_index/parent_prefix_path/effort_controllers
-- Symlinking: /home/ravik/ros2_rolling/install/effort_controllers/share/effort_controllers/environment/ament_prefix_path.sh
-- Symlinking: /home/ravik/ros2_rolling/install/effort_controllers/share/effort_controllers/environment/ament_prefix_path.dsv
-- Symlinking: /home/ravik/ros2_rolling/install/effort_controllers/share/effort_controllers/environment/path.sh
-- Symlinking: /home/ravik/ros2_rolling/install/effort_controllers/share/effort_controllers/environment/path.dsv
-- Symlinking: /home/ravik/ros2_rolling/install/effort_controllers/share/effort_controllers/local_setup.bash
-- Symlinking: /home/ravik/ros2_rolling/install/effort_controllers/share/effort_controllers/local_setup.sh
-- Symlinking: /home/ravik/ros2_rolling/install/effort_controllers/share/effort_controllers/local_setup.zsh
-- Symlinking: /home/ravik/ros2_rolling/install/effort_controllers/share/effort_controllers/local_setup.dsv
-- Symlinking: /home/ravik/ros2_rolling/install/effort_controllers/share/effort_controllers/package.dsv
-- Symlinking: /home/ravik/ros2_rolling/install/effort_controllers/share/ament_index/resource_index/packages/effort_controllers
-- Symlinking: /home/ravik/ros2_rolling/install/effort_controllers/share/ament_index/resource_index/controller_interface__pluginlib__plugin/effort_controllers
-- Symlinking: /home/ravik/ros2_rolling/install/effort_controllers/share/effort_controllers/cmake/ament_cmake_export_targets-extras.cmake
-- Symlinking: /home/ravik/ros2_rolling/install/effort_controllers/share/effort_controllers/cmake/ament_cmake_export_dependencies-extras.cmake
-- Symlinking: /home/ravik/ros2_rolling/install/effort_controllers/share/effort_controllers/cmake/effort_controllersConfig.cmake
-- Symlinking: /home/ravik/ros2_rolling/install/effort_controllers/share/effort_controllers/cmake/effort_controllersConfig-version.cmake
-- Symlinking: /home/ravik/ros2_rolling/install/effort_controllers/share/effort_controllers/package.xml
-- Installing: /home/ravik/ros2_rolling/install/effort_controllers/lib/libeffort_controllers.so
-- Set non-toolchain portion of runtime path of "/home/ravik/ros2_rolling/install/effort_controllers/lib/libeffort_controllers.so" to ""
-- Installing: /home/ravik/ros2_rolling/install/effort_controllers/share/effort_controllers/cmake/export_effort_controllersExport.cmake
-- Installing: /home/ravik/ros2_rolling/install/effort_controllers/share/effort_controllers/cmake/export_effort_controllersExport-noconfig.cmake
