[0.156s] Invoking command in '/home/ravik/ros2_rolling/build/control_toolbox': AMENT_PREFIX_PATH=/home/ravik/ros2_rolling/install/generate_parameter_library:/home/ravik/ros2_rolling/install/realtime_tools:/home/ravik/ros2_rolling/install/parameter_traits:/home/ravik/ros2_rolling/install/generate_parameter_library_py:/home/ravik/ros2_rolling/install/control_msgs:${AMENT_PREFIX_PATH} CMAKE_PREFIX_PATH=/home/ravik/ros2_rolling/install/generate_parameter_library:/home/ravik/ros2_rolling/install/realtime_tools:/home/ravik/ros2_rolling/install/parameter_traits:/home/ravik/ros2_rolling/install/control_msgs:/opt/ros/rolling/opt/gz_math_vendor:/opt/ros/rolling/opt/gz_utils_vendor:/opt/ros/rolling/opt/gz_cmake_vendor:/opt/ros/rolling LD_LIBRARY_PATH=/home/ravik/ros2_rolling/install/realtime_tools/lib:/home/ravik/ros2_rolling/install/parameter_traits/lib:/home/ravik/ros2_rolling/install/control_msgs/lib:${LD_LIBRARY_PATH} PATH=/home/ravik/ros2_rolling/install/generate_parameter_library_py/bin:${PATH} PS1=\[\e]0;$(parse_ros_workspace)\a\]\[\e[1;32m\]\u\[\[\e[0;37m\]@\[\[\e[0;33m\]\h\[\[\e[1;33m\]${text}\[\[\e[0;37m\]:\[$(set_ros_workspace_color)\]$(parse_ros_workspace)\[\[\e[0;32m\]$(parse_git_bracket)\[$(set_git_color)\]$(get_gitbranch)\[\e[0;32m\]>\[\e[1;35m\]\W\[\[\e[1;35m\]$\[\[\e[0m\]\[\e[m\] PYTHONPATH=/home/ravik/ros2_rolling/build/generate_parameter_library_py:/home/ravik/ros2_rolling/install/generate_parameter_library_py/lib/python3.12/site-packages:/home/ravik/ros2_rolling/install/control_msgs/lib/python3.12/site-packages:${PYTHONPATH} /usr/bin/cmake --build /home/ravik/ros2_rolling/build/control_toolbox -- -j32 -l32
[0.206s] [  3%] Built target low_pass_filter_parameters
[0.206s] [ 13%] Built target gtest_main
[0.207s] [ 17%] Built target gmock_main
[0.209s] [ 24%] Built target gtest
[0.209s] [ 48%] Built target control_toolbox
[0.211s] [ 58%] Built target gmock
[0.230s] [ 65%] Built target low_pass_filter
[0.232s] [ 72%] Built target pid_tests
[0.233s] [ 79%] Built target pid_publisher_tests
[0.234s] [ 86%] Built target pid_parameters_tests
[0.258s] [ 93%] Built target test_load_low_pass_filter
[0.258s] [100%] Built target test_low_pass_filter
[0.266s] Invoked command in '/home/ravik/ros2_rolling/build/control_toolbox' returned '0': AMENT_PREFIX_PATH=/home/ravik/ros2_rolling/install/generate_parameter_library:/home/ravik/ros2_rolling/install/realtime_tools:/home/ravik/ros2_rolling/install/parameter_traits:/home/ravik/ros2_rolling/install/generate_parameter_library_py:/home/ravik/ros2_rolling/install/control_msgs:${AMENT_PREFIX_PATH} CMAKE_PREFIX_PATH=/home/ravik/ros2_rolling/install/generate_parameter_library:/home/ravik/ros2_rolling/install/realtime_tools:/home/ravik/ros2_rolling/install/parameter_traits:/home/ravik/ros2_rolling/install/control_msgs:/opt/ros/rolling/opt/gz_math_vendor:/opt/ros/rolling/opt/gz_utils_vendor:/opt/ros/rolling/opt/gz_cmake_vendor:/opt/ros/rolling LD_LIBRARY_PATH=/home/ravik/ros2_rolling/install/realtime_tools/lib:/home/ravik/ros2_rolling/install/parameter_traits/lib:/home/ravik/ros2_rolling/install/control_msgs/lib:${LD_LIBRARY_PATH} PATH=/home/ravik/ros2_rolling/install/generate_parameter_library_py/bin:${PATH} PS1=\[\e]0;$(parse_ros_workspace)\a\]\[\e[1;32m\]\u\[\[\e[0;37m\]@\[\[\e[0;33m\]\h\[\[\e[1;33m\]${text}\[\[\e[0;37m\]:\[$(set_ros_workspace_color)\]$(parse_ros_workspace)\[\[\e[0;32m\]$(parse_git_bracket)\[$(set_git_color)\]$(get_gitbranch)\[\e[0;32m\]>\[\e[1;35m\]\W\[\[\e[1;35m\]$\[\[\e[0m\]\[\e[m\] PYTHONPATH=/home/ravik/ros2_rolling/build/generate_parameter_library_py:/home/ravik/ros2_rolling/install/generate_parameter_library_py/lib/python3.12/site-packages:/home/ravik/ros2_rolling/install/control_msgs/lib/python3.12/site-packages:${PYTHONPATH} /usr/bin/cmake --build /home/ravik/ros2_rolling/build/control_toolbox -- -j32 -l32
[0.321s] Invoking command in '/home/ravik/ros2_rolling/build/control_toolbox': AMENT_PREFIX_PATH=/home/ravik/ros2_rolling/install/generate_parameter_library:/home/ravik/ros2_rolling/install/realtime_tools:/home/ravik/ros2_rolling/install/parameter_traits:/home/ravik/ros2_rolling/install/generate_parameter_library_py:/home/ravik/ros2_rolling/install/control_msgs:${AMENT_PREFIX_PATH} CMAKE_PREFIX_PATH=/home/ravik/ros2_rolling/install/generate_parameter_library:/home/ravik/ros2_rolling/install/realtime_tools:/home/ravik/ros2_rolling/install/parameter_traits:/home/ravik/ros2_rolling/install/control_msgs:/opt/ros/rolling/opt/gz_math_vendor:/opt/ros/rolling/opt/gz_utils_vendor:/opt/ros/rolling/opt/gz_cmake_vendor:/opt/ros/rolling LD_LIBRARY_PATH=/home/ravik/ros2_rolling/install/realtime_tools/lib:/home/ravik/ros2_rolling/install/parameter_traits/lib:/home/ravik/ros2_rolling/install/control_msgs/lib:${LD_LIBRARY_PATH} PATH=/home/ravik/ros2_rolling/install/generate_parameter_library_py/bin:${PATH} PS1=\[\e]0;$(parse_ros_workspace)\a\]\[\e[1;32m\]\u\[\[\e[0;37m\]@\[\[\e[0;33m\]\h\[\[\e[1;33m\]${text}\[\[\e[0;37m\]:\[$(set_ros_workspace_color)\]$(parse_ros_workspace)\[\[\e[0;32m\]$(parse_git_bracket)\[$(set_git_color)\]$(get_gitbranch)\[\e[0;32m\]>\[\e[1;35m\]\W\[\[\e[1;35m\]$\[\[\e[0m\]\[\e[m\] PYTHONPATH=/home/ravik/ros2_rolling/build/generate_parameter_library_py:/home/ravik/ros2_rolling/install/generate_parameter_library_py/lib/python3.12/site-packages:/home/ravik/ros2_rolling/install/control_msgs/lib/python3.12/site-packages:${PYTHONPATH} /usr/bin/cmake --install /home/ravik/ros2_rolling/build/control_toolbox
[0.326s] -- Install configuration: ""
[0.327s] -- Execute custom install script
[0.327s] -- Up-to-date symlink: /home/ravik/ros2_rolling/install/control_toolbox/include/low_pass_filter_parameters/low_pass_filter_parameters.hpp
[0.327s] -- Up-to-date symlink: /home/ravik/ros2_rolling/install/control_toolbox/share/control_toolbox//control_filters.xml
[0.328s] -- Up-to-date symlink: /home/ravik/ros2_rolling/install/control_toolbox/include/control_toolbox/control_filters/low_pass_filter.hpp
[0.328s] -- Up-to-date symlink: /home/ravik/ros2_rolling/install/control_toolbox/include/control_toolbox/control_toolbox/dither.hpp
[0.328s] -- Up-to-date symlink: /home/ravik/ros2_rolling/install/control_toolbox/include/control_toolbox/control_toolbox/filters.hpp
[0.328s] -- Up-to-date symlink: /home/ravik/ros2_rolling/install/control_toolbox/include/control_toolbox/control_toolbox/limited_proxy.hpp
[0.328s] -- Up-to-date symlink: /home/ravik/ros2_rolling/install/control_toolbox/include/control_toolbox/control_toolbox/low_pass_filter.hpp
[0.328s] -- Up-to-date symlink: /home/ravik/ros2_rolling/install/control_toolbox/include/control_toolbox/control_toolbox/pid.hpp
[0.328s] -- Up-to-date symlink: /home/ravik/ros2_rolling/install/control_toolbox/include/control_toolbox/control_toolbox/pid_ros.hpp
[0.328s] -- Up-to-date symlink: /home/ravik/ros2_rolling/install/control_toolbox/include/control_toolbox/control_toolbox/sine_sweep.hpp
[0.328s] -- Up-to-date symlink: /home/ravik/ros2_rolling/install/control_toolbox/include/control_toolbox/control_toolbox/sinusoid.hpp
[0.329s] -- Up-to-date symlink: /home/ravik/ros2_rolling/install/control_toolbox/include/control_toolbox/control_toolbox/visibility_control.hpp
[0.329s] -- Up-to-date symlink: /home/ravik/ros2_rolling/install/control_toolbox/share/control_toolbox/environment/library_path.sh
[0.329s] -- Up-to-date symlink: /home/ravik/ros2_rolling/install/control_toolbox/share/control_toolbox/environment/library_path.dsv
[0.329s] -- Up-to-date symlink: /home/ravik/ros2_rolling/install/control_toolbox/share/ament_index/resource_index/package_run_dependencies/control_toolbox
[0.329s] -- Up-to-date symlink: /home/ravik/ros2_rolling/install/control_toolbox/share/ament_index/resource_index/parent_prefix_path/control_toolbox
[0.329s] -- Up-to-date symlink: /home/ravik/ros2_rolling/install/control_toolbox/share/control_toolbox/environment/ament_prefix_path.sh
[0.329s] -- Up-to-date symlink: /home/ravik/ros2_rolling/install/control_toolbox/share/control_toolbox/environment/ament_prefix_path.dsv
[0.329s] -- Up-to-date symlink: /home/ravik/ros2_rolling/install/control_toolbox/share/control_toolbox/environment/path.sh
[0.329s] -- Up-to-date symlink: /home/ravik/ros2_rolling/install/control_toolbox/share/control_toolbox/environment/path.dsv
[0.329s] -- Up-to-date symlink: /home/ravik/ros2_rolling/install/control_toolbox/share/control_toolbox/local_setup.bash
[0.330s] -- Up-to-date symlink: /home/ravik/ros2_rolling/install/control_toolbox/share/control_toolbox/local_setup.sh
[0.330s] -- Up-to-date symlink: /home/ravik/ros2_rolling/install/control_toolbox/share/control_toolbox/local_setup.zsh
[0.330s] -- Up-to-date symlink: /home/ravik/ros2_rolling/install/control_toolbox/share/control_toolbox/local_setup.dsv
[0.330s] -- Symlinking: /home/ravik/ros2_rolling/install/control_toolbox/share/control_toolbox/package.dsv
[0.336s] -- Up-to-date symlink: /home/ravik/ros2_rolling/install/control_toolbox/share/ament_index/resource_index/packages/control_toolbox
[0.336s] -- Up-to-date symlink: /home/ravik/ros2_rolling/install/control_toolbox/share/ament_index/resource_index/filters__pluginlib__plugin/control_toolbox
[0.336s] -- Up-to-date symlink: /home/ravik/ros2_rolling/install/control_toolbox/share/control_toolbox/cmake/ament_cmake_export_targets-extras.cmake
[0.336s] -- Up-to-date symlink: /home/ravik/ros2_rolling/install/control_toolbox/share/control_toolbox/cmake/ament_cmake_export_dependencies-extras.cmake
[0.337s] -- Up-to-date symlink: /home/ravik/ros2_rolling/install/control_toolbox/share/control_toolbox/cmake/control_toolboxConfig.cmake
[0.337s] -- Up-to-date symlink: /home/ravik/ros2_rolling/install/control_toolbox/share/control_toolbox/cmake/control_toolboxConfig-version.cmake
[0.337s] -- Up-to-date symlink: /home/ravik/ros2_rolling/install/control_toolbox/share/control_toolbox/package.xml
[0.337s] -- Up-to-date: /home/ravik/ros2_rolling/install/control_toolbox/lib/libcontrol_toolbox.so
[0.337s] -- Up-to-date: /home/ravik/ros2_rolling/install/control_toolbox/lib/liblow_pass_filter.so
[0.337s] -- Up-to-date: /home/ravik/ros2_rolling/install/control_toolbox/share/control_toolbox/cmake/export_control_toolboxExport.cmake
[0.337s] -- Up-to-date: /home/ravik/ros2_rolling/install/control_toolbox/share/control_toolbox/cmake/export_control_toolboxExport-noconfig.cmake
[0.339s] Invoked command in '/home/ravik/ros2_rolling/build/control_toolbox' returned '0': AMENT_PREFIX_PATH=/home/ravik/ros2_rolling/install/generate_parameter_library:/home/ravik/ros2_rolling/install/realtime_tools:/home/ravik/ros2_rolling/install/parameter_traits:/home/ravik/ros2_rolling/install/generate_parameter_library_py:/home/ravik/ros2_rolling/install/control_msgs:${AMENT_PREFIX_PATH} CMAKE_PREFIX_PATH=/home/ravik/ros2_rolling/install/generate_parameter_library:/home/ravik/ros2_rolling/install/realtime_tools:/home/ravik/ros2_rolling/install/parameter_traits:/home/ravik/ros2_rolling/install/control_msgs:/opt/ros/rolling/opt/gz_math_vendor:/opt/ros/rolling/opt/gz_utils_vendor:/opt/ros/rolling/opt/gz_cmake_vendor:/opt/ros/rolling LD_LIBRARY_PATH=/home/ravik/ros2_rolling/install/realtime_tools/lib:/home/ravik/ros2_rolling/install/parameter_traits/lib:/home/ravik/ros2_rolling/install/control_msgs/lib:${LD_LIBRARY_PATH} PATH=/home/ravik/ros2_rolling/install/generate_parameter_library_py/bin:${PATH} PS1=\[\e]0;$(parse_ros_workspace)\a\]\[\e[1;32m\]\u\[\[\e[0;37m\]@\[\[\e[0;33m\]\h\[\[\e[1;33m\]${text}\[\[\e[0;37m\]:\[$(set_ros_workspace_color)\]$(parse_ros_workspace)\[\[\e[0;32m\]$(parse_git_bracket)\[$(set_git_color)\]$(get_gitbranch)\[\e[0;32m\]>\[\e[1;35m\]\W\[\[\e[1;35m\]$\[\[\e[0m\]\[\e[m\] PYTHONPATH=/home/ravik/ros2_rolling/build/generate_parameter_library_py:/home/ravik/ros2_rolling/install/generate_parameter_library_py/lib/python3.12/site-packages:/home/ravik/ros2_rolling/install/control_msgs/lib/python3.12/site-packages:${PYTHONPATH} /usr/bin/cmake --install /home/ravik/ros2_rolling/build/control_toolbox
