[0.000000] (-) TimerEvent: {}
[0.000434] (-) JobUnselected: {'identifier': 'ackermann_steering_controller'}
[0.000473] (-) JobUnselected: {'identifier': 'admittance_controller'}
[0.000495] (-) JobUnselected: {'identifier': 'bicycle_steering_controller'}
[0.000512] (-) JobUnselected: {'identifier': 'cmake_generate_parameter_module_example'}
[0.000529] (-) JobUnselected: {'identifier': 'control_msgs'}
[0.000545] (-) JobUnselected: {'identifier': 'control_toolbox'}
[0.000560] (-) JobUnselected: {'identifier': 'controller_interface'}
[0.000575] (-) JobUnselected: {'identifier': 'controller_manager'}
[0.000590] (-) JobUnselected: {'identifier': 'controller_manager_msgs'}
[0.000604] (-) JobUnselected: {'identifier': 'diff_drive_controller'}
[0.000619] (-) JobUnselected: {'identifier': 'effort_controllers'}
[0.000634] (-) JobUnselected: {'identifier': 'force_torque_sensor_broadcaster'}
[0.000649] (-) JobUnselected: {'identifier': 'forward_command_controller'}
[0.000663] (-) JobUnselected: {'identifier': 'generate_parameter_library'}
[0.000678] (-) JobUnselected: {'identifier': 'generate_parameter_library_example'}
[0.000692] (-) JobUnselected: {'identifier': 'generate_parameter_library_py'}
[0.000706] (-) JobUnselected: {'identifier': 'generate_parameter_module_example'}
[0.000721] (-) JobUnselected: {'identifier': 'gripper_controllers'}
[0.000735] (-) JobUnselected: {'identifier': 'hardware_interface'}
[0.000756] (-) JobUnselected: {'identifier': 'hardware_interface_testing'}
[0.000771] (-) JobUnselected: {'identifier': 'imu_sensor_broadcaster'}
[0.000786] (-) JobUnselected: {'identifier': 'joint_limits'}
[0.000800] (-) JobUnselected: {'identifier': 'joint_state_broadcaster'}
[0.000814] (-) JobUnselected: {'identifier': 'joint_trajectory_controller'}
[0.000828] (-) JobUnselected: {'identifier': 'kinematics_interface'}
[0.000842] (-) JobUnselected: {'identifier': 'kinematics_interface_kdl'}
[0.000856] (-) JobUnselected: {'identifier': 'parallel_gripper_controller'}
[0.000871] (-) JobUnselected: {'identifier': 'parameter_traits'}
[0.000885] (-) JobUnselected: {'identifier': 'pid_controller'}
[0.000898] (-) JobUnselected: {'identifier': 'pose_broadcaster'}
[0.000912] (-) JobUnselected: {'identifier': 'position_controllers'}
[0.000926] (-) JobUnselected: {'identifier': 'range_sensor_broadcaster'}
[0.000940] (-) JobUnselected: {'identifier': 'realtime_tools'}
[0.000954] (-) JobUnselected: {'identifier': 'ros2_control'}
[0.000968] (-) JobUnselected: {'identifier': 'ros2_control_test_assets'}
[0.000982] (-) JobUnselected: {'identifier': 'ros2_controllers'}
[0.000996] (-) JobUnselected: {'identifier': 'ros2_controllers_test_nodes'}
[0.001010] (-) JobUnselected: {'identifier': 'ros2controlcli'}
[0.001024] (-) JobUnselected: {'identifier': 'rqt_controller_manager'}
[0.001048] (-) JobUnselected: {'identifier': 'rqt_joint_trajectory_controller'}
[0.001095] (-) JobUnselected: {'identifier': 'steering_controllers_library'}
[0.001113] (-) JobUnselected: {'identifier': 'transmission_interface'}
[0.001122] (-) JobUnselected: {'identifier': 'tricycle_controller'}
[0.001131] (-) JobUnselected: {'identifier': 'tricycle_steering_controller'}
[0.001139] (-) JobUnselected: {'identifier': 'velocity_controllers'}
[0.001147] (-) EventReactorShutdown: {}
