[0.872s] Invoking command in '/home/ravik/ros2_rolling/build/rqt_controller_manager': AMENT_PREFIX_PATH=/home/ravik/ros2_rolling/install/controller_manager:/home/ravik/ros2_rolling/install/hardware_interface_testing:/home/ravik/ros2_rolling/install/controller_interface:/home/ravik/ros2_rolling/install/hardware_interface:/home/ravik/ros2_rolling/install/joint_limits:/home/ravik/ros2_rolling/install/generate_parameter_library:/home/ravik/ros2_rolling/install/ros2_control_test_assets:/home/ravik/ros2_rolling/install/realtime_tools:/home/ravik/ros2_rolling/install/parameter_traits:/home/ravik/ros2_rolling/install/generate_parameter_library_py:/home/ravik/ros2_rolling/install/controller_manager_msgs:/home/ravik/ros2_rolling/install/control_msgs:${AMENT_PREFIX_PATH} CMAKE_PREFIX_PATH=/home/ravik/ros2_rolling/install/controller_manager:/home/ravik/ros2_rolling/install/hardware_interface_testing:/home/ravik/ros2_rolling/install/controller_interface:/home/ravik/ros2_rolling/install/hardware_interface:/home/ravik/ros2_rolling/install/joint_limits:/home/ravik/ros2_rolling/install/generate_parameter_library:/home/ravik/ros2_rolling/install/ros2_control_test_assets:/home/ravik/ros2_rolling/install/realtime_tools:/home/ravik/ros2_rolling/install/parameter_traits:/home/ravik/ros2_rolling/install/controller_manager_msgs:/home/ravik/ros2_rolling/install/control_msgs:${CMAKE_PREFIX_PATH} LD_LIBRARY_PATH=/home/ravik/ros2_rolling/install/controller_manager/lib:/home/ravik/ros2_rolling/install/hardware_interface_testing/lib:/home/ravik/ros2_rolling/install/controller_interface/lib:/home/ravik/ros2_rolling/install/hardware_interface/lib:/home/ravik/ros2_rolling/install/joint_limits/lib:/home/ravik/ros2_rolling/install/ros2_control_test_assets/lib:/home/ravik/ros2_rolling/install/realtime_tools/lib:/home/ravik/ros2_rolling/install/parameter_traits/lib:/home/ravik/ros2_rolling/install/controller_manager_msgs/lib:/home/ravik/ros2_rolling/install/control_msgs/lib:${LD_LIBRARY_PATH} PATH=/home/ravik/ros2_rolling/install/generate_parameter_library_py/bin:${PATH} PS1=\[\e]0;$(parse_ros_workspace)\a\]\[\e[1;32m\]\u\[\[\e[0;37m\]@\[\[\e[0;33m\]\h\[\[\e[1;33m\]${text}\[\[\e[0;37m\]:\[$(set_ros_workspace_color)\]$(parse_ros_workspace)\[\[\e[0;32m\]$(parse_git_bracket)\[$(set_git_color)\]$(get_gitbranch)\[\e[0;32m\]>\[\e[1;35m\]\W\[\[\e[1;35m\]$\[\[\e[0m\]\[\e[m\] PYTHONPATH=/home/ravik/ros2_rolling/build/rqt_controller_manager/prefix_override:/usr/lib/python3/dist-packages/colcon_core/task/python/colcon_distutils_commands:/home/ravik/ros2_rolling/install/rqt_controller_manager/lib/python3.12/site-packages:/home/ravik/ros2_rolling/install/controller_manager/lib/python3.12/site-packages:/home/ravik/ros2_rolling/build/generate_parameter_library_py:/home/ravik/ros2_rolling/install/generate_parameter_library_py/lib/python3.12/site-packages:/home/ravik/ros2_rolling/install/controller_manager_msgs/lib/python3.12/site-packages:/home/ravik/ros2_rolling/install/control_msgs/lib/python3.12/site-packages:${PYTHONPATH} /usr/bin/python3 -W ignore:setup.py install is deprecated setup.py develop --editable --build-directory /home/ravik/ros2_rolling/build/rqt_controller_manager/build --no-deps symlink_data
[1.093s] running develop
[1.093s] /usr/lib/python3/dist-packages/setuptools/command/develop.py:40: EasyInstallDeprecationWarning: easy_install command is deprecated.
[1.093s] !!
[1.093s] 
[1.093s]         ********************************************************************************
[1.094s]         Please avoid running ``setup.py`` and ``easy_install``.
[1.094s]         Instead, use pypa/build, pypa/installer or other
[1.094s]         standards-based tools.
[1.094s] 
[1.094s]         See https://github.com/pypa/setuptools/issues/917 for details.
[1.094s]         ********************************************************************************
[1.094s] 
[1.094s] !!
[1.094s]   easy_install.initialize_options(self)
[1.214s] running egg_info
[1.226s] writing rqt_controller_manager.egg-info/PKG-INFO
[1.226s] writing dependency_links to rqt_controller_manager.egg-info/dependency_links.txt
[1.227s] writing entry points to rqt_controller_manager.egg-info/entry_points.txt
[1.227s] writing requirements to rqt_controller_manager.egg-info/requires.txt
[1.227s] writing top-level names to rqt_controller_manager.egg-info/top_level.txt
[1.249s] reading manifest file 'rqt_controller_manager.egg-info/SOURCES.txt'
[1.250s] writing manifest file 'rqt_controller_manager.egg-info/SOURCES.txt'
[1.262s] running build_ext
[1.263s] Creating /home/ravik/ros2_rolling/install/rqt_controller_manager/lib/python3.12/site-packages/rqt-controller-manager.egg-link (link to .)
[1.263s] Installing rqt_controller_manager script to /home/ravik/ros2_rolling/install/rqt_controller_manager/lib/rqt_controller_manager
[1.263s] 
[1.263s] Installed /home/ravik/ros2_rolling/build/rqt_controller_manager
[1.263s] running symlink_data
[1.284s] Invoked command in '/home/ravik/ros2_rolling/build/rqt_controller_manager' returned '0': AMENT_PREFIX_PATH=/home/ravik/ros2_rolling/install/controller_manager:/home/ravik/ros2_rolling/install/hardware_interface_testing:/home/ravik/ros2_rolling/install/controller_interface:/home/ravik/ros2_rolling/install/hardware_interface:/home/ravik/ros2_rolling/install/joint_limits:/home/ravik/ros2_rolling/install/generate_parameter_library:/home/ravik/ros2_rolling/install/ros2_control_test_assets:/home/ravik/ros2_rolling/install/realtime_tools:/home/ravik/ros2_rolling/install/parameter_traits:/home/ravik/ros2_rolling/install/generate_parameter_library_py:/home/ravik/ros2_rolling/install/controller_manager_msgs:/home/ravik/ros2_rolling/install/control_msgs:${AMENT_PREFIX_PATH} CMAKE_PREFIX_PATH=/home/ravik/ros2_rolling/install/controller_manager:/home/ravik/ros2_rolling/install/hardware_interface_testing:/home/ravik/ros2_rolling/install/controller_interface:/home/ravik/ros2_rolling/install/hardware_interface:/home/ravik/ros2_rolling/install/joint_limits:/home/ravik/ros2_rolling/install/generate_parameter_library:/home/ravik/ros2_rolling/install/ros2_control_test_assets:/home/ravik/ros2_rolling/install/realtime_tools:/home/ravik/ros2_rolling/install/parameter_traits:/home/ravik/ros2_rolling/install/controller_manager_msgs:/home/ravik/ros2_rolling/install/control_msgs:${CMAKE_PREFIX_PATH} LD_LIBRARY_PATH=/home/ravik/ros2_rolling/install/controller_manager/lib:/home/ravik/ros2_rolling/install/hardware_interface_testing/lib:/home/ravik/ros2_rolling/install/controller_interface/lib:/home/ravik/ros2_rolling/install/hardware_interface/lib:/home/ravik/ros2_rolling/install/joint_limits/lib:/home/ravik/ros2_rolling/install/ros2_control_test_assets/lib:/home/ravik/ros2_rolling/install/realtime_tools/lib:/home/ravik/ros2_rolling/install/parameter_traits/lib:/home/ravik/ros2_rolling/install/controller_manager_msgs/lib:/home/ravik/ros2_rolling/install/control_msgs/lib:${LD_LIBRARY_PATH} PATH=/home/ravik/ros2_rolling/install/generate_parameter_library_py/bin:${PATH} PS1=\[\e]0;$(parse_ros_workspace)\a\]\[\e[1;32m\]\u\[\[\e[0;37m\]@\[\[\e[0;33m\]\h\[\[\e[1;33m\]${text}\[\[\e[0;37m\]:\[$(set_ros_workspace_color)\]$(parse_ros_workspace)\[\[\e[0;32m\]$(parse_git_bracket)\[$(set_git_color)\]$(get_gitbranch)\[\e[0;32m\]>\[\e[1;35m\]\W\[\[\e[1;35m\]$\[\[\e[0m\]\[\e[m\] PYTHONPATH=/home/ravik/ros2_rolling/build/rqt_controller_manager/prefix_override:/usr/lib/python3/dist-packages/colcon_core/task/python/colcon_distutils_commands:/home/ravik/ros2_rolling/install/rqt_controller_manager/lib/python3.12/site-packages:/home/ravik/ros2_rolling/install/controller_manager/lib/python3.12/site-packages:/home/ravik/ros2_rolling/build/generate_parameter_library_py:/home/ravik/ros2_rolling/install/generate_parameter_library_py/lib/python3.12/site-packages:/home/ravik/ros2_rolling/install/controller_manager_msgs/lib/python3.12/site-packages:/home/ravik/ros2_rolling/install/control_msgs/lib/python3.12/site-packages:${PYTHONPATH} /usr/bin/python3 -W ignore:setup.py install is deprecated setup.py develop --editable --build-directory /home/ravik/ros2_rolling/build/rqt_controller_manager/build --no-deps symlink_data
