[0.046s] Invoking command in '/home/ravik/ros2_rolling/build/joint_state_broadcaster': AMENT_PREFIX_PATH=/home/ravik/ros2_rolling/install/controller_manager:/home/ravik/ros2_rolling/install/hardware_interface_testing:/home/ravik/ros2_rolling/install/controller_interface:/home/ravik/ros2_rolling/install/hardware_interface:/home/ravik/ros2_rolling/install/joint_limits:/home/ravik/ros2_rolling/install/generate_parameter_library:/home/ravik/ros2_rolling/install/ros2_control_test_assets:/home/ravik/ros2_rolling/install/realtime_tools:/home/ravik/ros2_rolling/install/parameter_traits:/home/ravik/ros2_rolling/install/generate_parameter_library_py:/home/ravik/ros2_rolling/install/controller_manager_msgs:/home/ravik/ros2_rolling/install/control_msgs:${AMENT_PREFIX_PATH} CMAKE_PREFIX_PATH=/home/ravik/ros2_rolling/install/controller_manager:/home/ravik/ros2_rolling/install/hardware_interface_testing:/home/ravik/ros2_rolling/install/controller_interface:/home/ravik/ros2_rolling/install/hardware_interface:/home/ravik/ros2_rolling/install/joint_limits:/home/ravik/ros2_rolling/install/generate_parameter_library:/home/ravik/ros2_rolling/install/ros2_control_test_assets:/home/ravik/ros2_rolling/install/realtime_tools:/home/ravik/ros2_rolling/install/parameter_traits:/home/ravik/ros2_rolling/install/controller_manager_msgs:/home/ravik/ros2_rolling/install/control_msgs:/opt/ros/rolling/opt/gz_math_vendor:/opt/ros/rolling/opt/gz_utils_vendor:/opt/ros/rolling/opt/gz_cmake_vendor:/opt/ros/rolling LD_LIBRARY_PATH=/home/ravik/ros2_rolling/install/controller_manager/lib:/home/ravik/ros2_rolling/install/hardware_interface_testing/lib:/home/ravik/ros2_rolling/install/controller_interface/lib:/home/ravik/ros2_rolling/install/hardware_interface/lib:/home/ravik/ros2_rolling/install/joint_limits/lib:/home/ravik/ros2_rolling/install/ros2_control_test_assets/lib:/home/ravik/ros2_rolling/install/realtime_tools/lib:/home/ravik/ros2_rolling/install/parameter_traits/lib:/home/ravik/ros2_rolling/install/controller_manager_msgs/lib:/home/ravik/ros2_rolling/install/control_msgs/lib:${LD_LIBRARY_PATH} PATH=/home/ravik/ros2_rolling/install/generate_parameter_library_py/bin:${PATH} PS1=\[\e]0;$(parse_ros_workspace)\a\]\[\e[1;32m\]\u\[\[\e[0;37m\]@\[\[\e[0;33m\]\h\[\[\e[1;33m\]${text}\[\[\e[0;37m\]:\[$(set_ros_workspace_color)\]$(parse_ros_workspace)\[\[\e[0;32m\]$(parse_git_bracket)\[$(set_git_color)\]$(get_gitbranch)\[\e[0;32m\]>\[\e[1;35m\]\W\[\[\e[1;35m\]$\[\[\e[0m\]\[\e[m\] PYTHONPATH=/home/ravik/ros2_rolling/install/controller_manager/lib/python3.12/site-packages:/home/ravik/ros2_rolling/build/generate_parameter_library_py:/home/ravik/ros2_rolling/install/generate_parameter_library_py/lib/python3.12/site-packages:/home/ravik/ros2_rolling/install/controller_manager_msgs/lib/python3.12/site-packages:/home/ravik/ros2_rolling/install/control_msgs/lib/python3.12/site-packages:${PYTHONPATH} /usr/bin/cmake /home/ravik/ros2_rolling/src/ros2_controllers/joint_state_broadcaster -DCMAKE_EXPORT_COMPILE_COMMANDS=ON -DAMENT_CMAKE_SYMLINK_INSTALL=1 -DCMAKE_INSTALL_PREFIX=/home/ravik/ros2_rolling/install/joint_state_broadcaster
[0.104s] -- The CXX compiler identification is GNU 13.2.0
[0.119s] -- Detecting CXX compiler ABI info
[0.211s] -- Detecting CXX compiler ABI info - done
[0.222s] -- Check for working CXX compiler: /usr/bin/c++ - skipped
[0.222s] -- Detecting CXX compile features
[0.222s] -- Detecting CXX compile features - done
[0.227s] -- Found ament_cmake: 2.7.0 (/opt/ros/rolling/share/ament_cmake/cmake)
[0.392s] -- Found Python3: /usr/bin/python3 (found version "3.12.3") found components: Interpreter 
[0.455s] -- Override CMake install command with custom implementation using symlinks instead of copying resources
[0.513s] -- Found builtin_interfaces: 2.2.0 (/opt/ros/rolling/share/builtin_interfaces/cmake)
[0.564s] -- Found rosidl_generator_c: 4.8.1 (/opt/ros/rolling/share/rosidl_generator_c/cmake)
[0.585s] -- Found rosidl_generator_cpp: 4.8.1 (/opt/ros/rolling/share/rosidl_generator_cpp/cmake)
[0.605s] -- Using all available rosidl_typesupport_c: rosidl_typesupport_fastrtps_c;rosidl_typesupport_introspection_c
[0.623s] -- Using all available rosidl_typesupport_cpp: rosidl_typesupport_fastrtps_cpp;rosidl_typesupport_introspection_cpp
[0.638s] -- Found control_msgs: 5.2.0 (/home/ravik/ros2_rolling/install/control_msgs/share/control_msgs/cmake)
[0.875s] -- Found controller_interface: 4.20.0 (/home/ravik/ros2_rolling/install/controller_interface/share/controller_interface/cmake)
[0.931s] -- Found TinyXML2 via Config file: /usr/lib/x86_64-linux-gnu/cmake/tinyxml2
[1.000s] -- Found rmw_implementation_cmake: 7.4.3 (/opt/ros/rolling/share/rmw_implementation_cmake/cmake)
[1.003s] -- Found rmw_fastrtps_cpp: 9.0.1 (/opt/ros/rolling/share/rmw_fastrtps_cpp/cmake)
[1.027s] -- Found TinyXML2 via Config file: /usr/lib/x86_64-linux-gnu/cmake/tinyxml2
[1.074s] -- Found OpenSSL: /usr/lib/x86_64-linux-gnu/libcrypto.so (found version "3.0.13")  
[1.077s] -- Found TinyXML2 via Config file: /usr/lib/x86_64-linux-gnu/cmake/tinyxml2
[1.092s] -- Found FastRTPS: /opt/ros/rolling/include (Required is at least version "2.13") 
[1.096s] -- Found TinyXML2 via Config file: /usr/lib/x86_64-linux-gnu/cmake/tinyxml2
[1.105s] -- Found TinyXML2 via Config file: /usr/lib/x86_64-linux-gnu/cmake/tinyxml2
[1.114s] -- Using RMW implementation 'rmw_fastrtps_cpp' as default
[1.338s] -- Found generate_parameter_library: 0.3.9 (/home/ravik/ros2_rolling/install/generate_parameter_library/share/generate_parameter_library/cmake)
[1.344s] -- Found parameter_traits: 0.3.9 (/home/ravik/ros2_rolling/install/parameter_traits/share/parameter_traits/cmake)
[1.382s] -- Found ament_cmake_gmock: 2.7.0 (/opt/ros/rolling/share/ament_cmake_gmock/cmake)
[1.384s] -- Found controller_manager: 4.20.0 (/home/ravik/ros2_rolling/install/controller_manager/share/controller_manager/cmake)
[1.463s] -- Found ros2_control_test_assets: 4.20.0 (/home/ravik/ros2_rolling/install/ros2_control_test_assets/share/ros2_control_test_assets/cmake)
[1.466s] -- Found gmock sources under '/opt/ros/rolling/src/gmock_vendor': C++ tests using 'Google Mock' will be built
[1.505s] -- The C compiler identification is GNU 13.2.0
[1.520s] -- Detecting C compiler ABI info
[1.603s] -- Detecting C compiler ABI info - done
[1.614s] -- Check for working C compiler: /usr/bin/cc - skipped
[1.615s] -- Detecting C compile features
[1.615s] -- Detecting C compile features - done
[1.623s] -- Found ament_cmake_gtest: 2.7.0 (/opt/ros/rolling/share/ament_cmake_gtest/cmake)
[1.625s] -- Found gtest sources under '/opt/ros/rolling/src/gtest_vendor': C++ tests using 'Google Test' will be built
[1.716s] -- Configuring done (1.7s)
[1.769s] -- Generating done (0.0s)
[1.773s] -- Build files have been written to: /home/ravik/ros2_rolling/build/joint_state_broadcaster
[1.792s] Invoked command in '/home/ravik/ros2_rolling/build/joint_state_broadcaster' returned '0': AMENT_PREFIX_PATH=/home/ravik/ros2_rolling/install/controller_manager:/home/ravik/ros2_rolling/install/hardware_interface_testing:/home/ravik/ros2_rolling/install/controller_interface:/home/ravik/ros2_rolling/install/hardware_interface:/home/ravik/ros2_rolling/install/joint_limits:/home/ravik/ros2_rolling/install/generate_parameter_library:/home/ravik/ros2_rolling/install/ros2_control_test_assets:/home/ravik/ros2_rolling/install/realtime_tools:/home/ravik/ros2_rolling/install/parameter_traits:/home/ravik/ros2_rolling/install/generate_parameter_library_py:/home/ravik/ros2_rolling/install/controller_manager_msgs:/home/ravik/ros2_rolling/install/control_msgs:${AMENT_PREFIX_PATH} CMAKE_PREFIX_PATH=/home/ravik/ros2_rolling/install/controller_manager:/home/ravik/ros2_rolling/install/hardware_interface_testing:/home/ravik/ros2_rolling/install/controller_interface:/home/ravik/ros2_rolling/install/hardware_interface:/home/ravik/ros2_rolling/install/joint_limits:/home/ravik/ros2_rolling/install/generate_parameter_library:/home/ravik/ros2_rolling/install/ros2_control_test_assets:/home/ravik/ros2_rolling/install/realtime_tools:/home/ravik/ros2_rolling/install/parameter_traits:/home/ravik/ros2_rolling/install/controller_manager_msgs:/home/ravik/ros2_rolling/install/control_msgs:/opt/ros/rolling/opt/gz_math_vendor:/opt/ros/rolling/opt/gz_utils_vendor:/opt/ros/rolling/opt/gz_cmake_vendor:/opt/ros/rolling LD_LIBRARY_PATH=/home/ravik/ros2_rolling/install/controller_manager/lib:/home/ravik/ros2_rolling/install/hardware_interface_testing/lib:/home/ravik/ros2_rolling/install/controller_interface/lib:/home/ravik/ros2_rolling/install/hardware_interface/lib:/home/ravik/ros2_rolling/install/joint_limits/lib:/home/ravik/ros2_rolling/install/ros2_control_test_assets/lib:/home/ravik/ros2_rolling/install/realtime_tools/lib:/home/ravik/ros2_rolling/install/parameter_traits/lib:/home/ravik/ros2_rolling/install/controller_manager_msgs/lib:/home/ravik/ros2_rolling/install/control_msgs/lib:${LD_LIBRARY_PATH} PATH=/home/ravik/ros2_rolling/install/generate_parameter_library_py/bin:${PATH} PS1=\[\e]0;$(parse_ros_workspace)\a\]\[\e[1;32m\]\u\[\[\e[0;37m\]@\[\[\e[0;33m\]\h\[\[\e[1;33m\]${text}\[\[\e[0;37m\]:\[$(set_ros_workspace_color)\]$(parse_ros_workspace)\[\[\e[0;32m\]$(parse_git_bracket)\[$(set_git_color)\]$(get_gitbranch)\[\e[0;32m\]>\[\e[1;35m\]\W\[\[\e[1;35m\]$\[\[\e[0m\]\[\e[m\] PYTHONPATH=/home/ravik/ros2_rolling/install/controller_manager/lib/python3.12/site-packages:/home/ravik/ros2_rolling/build/generate_parameter_library_py:/home/ravik/ros2_rolling/install/generate_parameter_library_py/lib/python3.12/site-packages:/home/ravik/ros2_rolling/install/controller_manager_msgs/lib/python3.12/site-packages:/home/ravik/ros2_rolling/install/control_msgs/lib/python3.12/site-packages:${PYTHONPATH} /usr/bin/cmake /home/ravik/ros2_rolling/src/ros2_controllers/joint_state_broadcaster -DCMAKE_EXPORT_COMPILE_COMMANDS=ON -DAMENT_CMAKE_SYMLINK_INSTALL=1 -DCMAKE_INSTALL_PREFIX=/home/ravik/ros2_rolling/install/joint_state_broadcaster
[1.793s] Invoking command in '/home/ravik/ros2_rolling/build/joint_state_broadcaster': AMENT_PREFIX_PATH=/home/ravik/ros2_rolling/install/controller_manager:/home/ravik/ros2_rolling/install/hardware_interface_testing:/home/ravik/ros2_rolling/install/controller_interface:/home/ravik/ros2_rolling/install/hardware_interface:/home/ravik/ros2_rolling/install/joint_limits:/home/ravik/ros2_rolling/install/generate_parameter_library:/home/ravik/ros2_rolling/install/ros2_control_test_assets:/home/ravik/ros2_rolling/install/realtime_tools:/home/ravik/ros2_rolling/install/parameter_traits:/home/ravik/ros2_rolling/install/generate_parameter_library_py:/home/ravik/ros2_rolling/install/controller_manager_msgs:/home/ravik/ros2_rolling/install/control_msgs:${AMENT_PREFIX_PATH} CMAKE_PREFIX_PATH=/home/ravik/ros2_rolling/install/controller_manager:/home/ravik/ros2_rolling/install/hardware_interface_testing:/home/ravik/ros2_rolling/install/controller_interface:/home/ravik/ros2_rolling/install/hardware_interface:/home/ravik/ros2_rolling/install/joint_limits:/home/ravik/ros2_rolling/install/generate_parameter_library:/home/ravik/ros2_rolling/install/ros2_control_test_assets:/home/ravik/ros2_rolling/install/realtime_tools:/home/ravik/ros2_rolling/install/parameter_traits:/home/ravik/ros2_rolling/install/controller_manager_msgs:/home/ravik/ros2_rolling/install/control_msgs:/opt/ros/rolling/opt/gz_math_vendor:/opt/ros/rolling/opt/gz_utils_vendor:/opt/ros/rolling/opt/gz_cmake_vendor:/opt/ros/rolling LD_LIBRARY_PATH=/home/ravik/ros2_rolling/install/controller_manager/lib:/home/ravik/ros2_rolling/install/hardware_interface_testing/lib:/home/ravik/ros2_rolling/install/controller_interface/lib:/home/ravik/ros2_rolling/install/hardware_interface/lib:/home/ravik/ros2_rolling/install/joint_limits/lib:/home/ravik/ros2_rolling/install/ros2_control_test_assets/lib:/home/ravik/ros2_rolling/install/realtime_tools/lib:/home/ravik/ros2_rolling/install/parameter_traits/lib:/home/ravik/ros2_rolling/install/controller_manager_msgs/lib:/home/ravik/ros2_rolling/install/control_msgs/lib:${LD_LIBRARY_PATH} PATH=/home/ravik/ros2_rolling/install/generate_parameter_library_py/bin:${PATH} PS1=\[\e]0;$(parse_ros_workspace)\a\]\[\e[1;32m\]\u\[\[\e[0;37m\]@\[\[\e[0;33m\]\h\[\[\e[1;33m\]${text}\[\[\e[0;37m\]:\[$(set_ros_workspace_color)\]$(parse_ros_workspace)\[\[\e[0;32m\]$(parse_git_bracket)\[$(set_git_color)\]$(get_gitbranch)\[\e[0;32m\]>\[\e[1;35m\]\W\[\[\e[1;35m\]$\[\[\e[0m\]\[\e[m\] PYTHONPATH=/home/ravik/ros2_rolling/install/controller_manager/lib/python3.12/site-packages:/home/ravik/ros2_rolling/build/generate_parameter_library_py:/home/ravik/ros2_rolling/install/generate_parameter_library_py/lib/python3.12/site-packages:/home/ravik/ros2_rolling/install/controller_manager_msgs/lib/python3.12/site-packages:/home/ravik/ros2_rolling/install/control_msgs/lib/python3.12/site-packages:${PYTHONPATH} /usr/bin/cmake --build /home/ravik/ros2_rolling/build/joint_state_broadcaster -- -j32 -l32
[1.864s] [ 16%] [32mBuilding CXX object gmock/CMakeFiles/gmock.dir/opt/ros/rolling/src/gtest_vendor/src/gtest-all.cc.o[0m
[1.864s] [ 16%] [34m[1mRunning `/home/ravik/ros2_rolling/install/generate_parameter_library_py/bin/generate_parameter_library_cpp /home/ravik/ros2_rolling/build/joint_state_broadcaster/joint_state_broadcaster_parameters/include//joint_state_broadcaster_parameters.hpp /home/ravik/ros2_rolling/src/ros2_controllers/joint_state_broadcaster/src/joint_state_broadcaster_parameters.yaml `[0m
[1.865s] [ 25%] [32mBuilding CXX object gmock/CMakeFiles/gmock_main.dir/src/gmock_main.cc.o[0m
[1.871s] [ 33%] [32mBuilding CXX object gmock/CMakeFiles/gmock.dir/src/gmock-all.cc.o[0m
[3.696s] [ 33%] Built target joint_state_broadcaster_parameters
[3.764s] [ 41%] [32mBuilding CXX object CMakeFiles/joint_state_broadcaster.dir/src/joint_state_broadcaster.cpp.o[0m
[4.472s] In file included from [01m[K/home/ravik/ros2_rolling/src/ros2_controllers/joint_state_broadcaster/include/joint_state_broadcaster/joint_state_broadcaster.hpp:30[m[K,
[4.473s]                  from [01m[K/home/ravik/ros2_rolling/src/ros2_controllers/joint_state_broadcaster/src/joint_state_broadcaster.cpp:15[m[K:
[4.473s] [01m[K/opt/ros/rolling/include/urdf/urdf/model.h:35:2:[m[K [01;35m[Kwarning: [m[K#warning This header is obsolete, please include urdf/model.hpp instead [[01;35m[K]8;;https://gcc.gnu.org/onlinedocs/gcc/Warning-Options.html#index-Wcpp-Wcpp]8;;[m[K]
[4.474s]    35 | #[01;35m[Kwarning[m[K \
[4.475s]       |  [01;35m[K^~~~~~~[m[K
[4.498s] [ 50%] [32m[1mLinking CXX static library libgmock_main.a[0m
[4.597s] [ 50%] Built target gmock_main
[9.190s] [ 58%] [32m[1mLinking CXX static library libgmock.a[0m
[9.244s] [ 58%] Built target gmock
[12.230s] [ 66%] [32m[1mLinking CXX shared library libjoint_state_broadcaster.so[0m
[12.518s] [ 66%] Built target joint_state_broadcaster
[12.547s] [ 83%] [32mBuilding CXX object CMakeFiles/test_load_joint_state_broadcaster.dir/test/test_load_joint_state_broadcaster.cpp.o[0m
[12.547s] [ 83%] [32mBuilding CXX object CMakeFiles/test_joint_state_broadcaster.dir/test/test_joint_state_broadcaster.cpp.o[0m
[13.023s] In file included from [01m[K/home/ravik/ros2_rolling/src/ros2_controllers/joint_state_broadcaster/include/joint_state_broadcaster/joint_state_broadcaster.hpp:30[m[K,
[13.023s]                  from [01m[K/home/ravik/ros2_rolling/src/ros2_controllers/joint_state_broadcaster/test/test_joint_state_broadcaster.hpp:24[m[K,
[13.023s]                  from [01m[K/home/ravik/ros2_rolling/src/ros2_controllers/joint_state_broadcaster/test/test_joint_state_broadcaster.cpp:32[m[K:
[13.023s] [01m[K/opt/ros/rolling/include/urdf/urdf/model.h:35:2:[m[K [01;35m[Kwarning: [m[K#warning This header is obsolete, please include urdf/model.hpp instead [[01;35m[K]8;;https://gcc.gnu.org/onlinedocs/gcc/Warning-Options.html#index-Wcpp-Wcpp]8;;[m[K]
[13.023s]    35 | #[01;35m[Kwarning[m[K \
[13.023s]       |  [01;35m[K^~~~~~~[m[K
[17.657s] [ 91%] [32m[1mLinking CXX executable test_load_joint_state_broadcaster[0m
[18.189s] [ 91%] Built target test_load_joint_state_broadcaster
[28.694s] [100%] [32m[1mLinking CXX executable test_joint_state_broadcaster[0m
[29.413s] [100%] Built target test_joint_state_broadcaster
[29.430s] Invoked command in '/home/ravik/ros2_rolling/build/joint_state_broadcaster' returned '0': AMENT_PREFIX_PATH=/home/ravik/ros2_rolling/install/controller_manager:/home/ravik/ros2_rolling/install/hardware_interface_testing:/home/ravik/ros2_rolling/install/controller_interface:/home/ravik/ros2_rolling/install/hardware_interface:/home/ravik/ros2_rolling/install/joint_limits:/home/ravik/ros2_rolling/install/generate_parameter_library:/home/ravik/ros2_rolling/install/ros2_control_test_assets:/home/ravik/ros2_rolling/install/realtime_tools:/home/ravik/ros2_rolling/install/parameter_traits:/home/ravik/ros2_rolling/install/generate_parameter_library_py:/home/ravik/ros2_rolling/install/controller_manager_msgs:/home/ravik/ros2_rolling/install/control_msgs:${AMENT_PREFIX_PATH} CMAKE_PREFIX_PATH=/home/ravik/ros2_rolling/install/controller_manager:/home/ravik/ros2_rolling/install/hardware_interface_testing:/home/ravik/ros2_rolling/install/controller_interface:/home/ravik/ros2_rolling/install/hardware_interface:/home/ravik/ros2_rolling/install/joint_limits:/home/ravik/ros2_rolling/install/generate_parameter_library:/home/ravik/ros2_rolling/install/ros2_control_test_assets:/home/ravik/ros2_rolling/install/realtime_tools:/home/ravik/ros2_rolling/install/parameter_traits:/home/ravik/ros2_rolling/install/controller_manager_msgs:/home/ravik/ros2_rolling/install/control_msgs:/opt/ros/rolling/opt/gz_math_vendor:/opt/ros/rolling/opt/gz_utils_vendor:/opt/ros/rolling/opt/gz_cmake_vendor:/opt/ros/rolling LD_LIBRARY_PATH=/home/ravik/ros2_rolling/install/controller_manager/lib:/home/ravik/ros2_rolling/install/hardware_interface_testing/lib:/home/ravik/ros2_rolling/install/controller_interface/lib:/home/ravik/ros2_rolling/install/hardware_interface/lib:/home/ravik/ros2_rolling/install/joint_limits/lib:/home/ravik/ros2_rolling/install/ros2_control_test_assets/lib:/home/ravik/ros2_rolling/install/realtime_tools/lib:/home/ravik/ros2_rolling/install/parameter_traits/lib:/home/ravik/ros2_rolling/install/controller_manager_msgs/lib:/home/ravik/ros2_rolling/install/control_msgs/lib:${LD_LIBRARY_PATH} PATH=/home/ravik/ros2_rolling/install/generate_parameter_library_py/bin:${PATH} PS1=\[\e]0;$(parse_ros_workspace)\a\]\[\e[1;32m\]\u\[\[\e[0;37m\]@\[\[\e[0;33m\]\h\[\[\e[1;33m\]${text}\[\[\e[0;37m\]:\[$(set_ros_workspace_color)\]$(parse_ros_workspace)\[\[\e[0;32m\]$(parse_git_bracket)\[$(set_git_color)\]$(get_gitbranch)\[\e[0;32m\]>\[\e[1;35m\]\W\[\[\e[1;35m\]$\[\[\e[0m\]\[\e[m\] PYTHONPATH=/home/ravik/ros2_rolling/install/controller_manager/lib/python3.12/site-packages:/home/ravik/ros2_rolling/build/generate_parameter_library_py:/home/ravik/ros2_rolling/install/generate_parameter_library_py/lib/python3.12/site-packages:/home/ravik/ros2_rolling/install/controller_manager_msgs/lib/python3.12/site-packages:/home/ravik/ros2_rolling/install/control_msgs/lib/python3.12/site-packages:${PYTHONPATH} /usr/bin/cmake --build /home/ravik/ros2_rolling/build/joint_state_broadcaster -- -j32 -l32
[29.474s] Invoking command in '/home/ravik/ros2_rolling/build/joint_state_broadcaster': AMENT_PREFIX_PATH=/home/ravik/ros2_rolling/install/controller_manager:/home/ravik/ros2_rolling/install/hardware_interface_testing:/home/ravik/ros2_rolling/install/controller_interface:/home/ravik/ros2_rolling/install/hardware_interface:/home/ravik/ros2_rolling/install/joint_limits:/home/ravik/ros2_rolling/install/generate_parameter_library:/home/ravik/ros2_rolling/install/ros2_control_test_assets:/home/ravik/ros2_rolling/install/realtime_tools:/home/ravik/ros2_rolling/install/parameter_traits:/home/ravik/ros2_rolling/install/generate_parameter_library_py:/home/ravik/ros2_rolling/install/controller_manager_msgs:/home/ravik/ros2_rolling/install/control_msgs:${AMENT_PREFIX_PATH} CMAKE_PREFIX_PATH=/home/ravik/ros2_rolling/install/controller_manager:/home/ravik/ros2_rolling/install/hardware_interface_testing:/home/ravik/ros2_rolling/install/controller_interface:/home/ravik/ros2_rolling/install/hardware_interface:/home/ravik/ros2_rolling/install/joint_limits:/home/ravik/ros2_rolling/install/generate_parameter_library:/home/ravik/ros2_rolling/install/ros2_control_test_assets:/home/ravik/ros2_rolling/install/realtime_tools:/home/ravik/ros2_rolling/install/parameter_traits:/home/ravik/ros2_rolling/install/controller_manager_msgs:/home/ravik/ros2_rolling/install/control_msgs:/opt/ros/rolling/opt/gz_math_vendor:/opt/ros/rolling/opt/gz_utils_vendor:/opt/ros/rolling/opt/gz_cmake_vendor:/opt/ros/rolling LD_LIBRARY_PATH=/home/ravik/ros2_rolling/install/controller_manager/lib:/home/ravik/ros2_rolling/install/hardware_interface_testing/lib:/home/ravik/ros2_rolling/install/controller_interface/lib:/home/ravik/ros2_rolling/install/hardware_interface/lib:/home/ravik/ros2_rolling/install/joint_limits/lib:/home/ravik/ros2_rolling/install/ros2_control_test_assets/lib:/home/ravik/ros2_rolling/install/realtime_tools/lib:/home/ravik/ros2_rolling/install/parameter_traits/lib:/home/ravik/ros2_rolling/install/controller_manager_msgs/lib:/home/ravik/ros2_rolling/install/control_msgs/lib:${LD_LIBRARY_PATH} PATH=/home/ravik/ros2_rolling/install/generate_parameter_library_py/bin:${PATH} PS1=\[\e]0;$(parse_ros_workspace)\a\]\[\e[1;32m\]\u\[\[\e[0;37m\]@\[\[\e[0;33m\]\h\[\[\e[1;33m\]${text}\[\[\e[0;37m\]:\[$(set_ros_workspace_color)\]$(parse_ros_workspace)\[\[\e[0;32m\]$(parse_git_bracket)\[$(set_git_color)\]$(get_gitbranch)\[\e[0;32m\]>\[\e[1;35m\]\W\[\[\e[1;35m\]$\[\[\e[0m\]\[\e[m\] PYTHONPATH=/home/ravik/ros2_rolling/install/controller_manager/lib/python3.12/site-packages:/home/ravik/ros2_rolling/build/generate_parameter_library_py:/home/ravik/ros2_rolling/install/generate_parameter_library_py/lib/python3.12/site-packages:/home/ravik/ros2_rolling/install/controller_manager_msgs/lib/python3.12/site-packages:/home/ravik/ros2_rolling/install/control_msgs/lib/python3.12/site-packages:${PYTHONPATH} /usr/bin/cmake --install /home/ravik/ros2_rolling/build/joint_state_broadcaster
[29.485s] -- Install configuration: ""
[29.486s] -- Execute custom install script
[29.486s] -- Symlinking: /home/ravik/ros2_rolling/install/joint_state_broadcaster/include/joint_state_broadcaster_parameters/joint_state_broadcaster_parameters.hpp
[29.501s] -- Symlinking: /home/ravik/ros2_rolling/install/joint_state_broadcaster/share/joint_state_broadcaster//joint_state_plugin.xml
[29.511s] -- Symlinking: /home/ravik/ros2_rolling/install/joint_state_broadcaster/include/joint_state_broadcaster/joint_state_broadcaster/joint_state_broadcaster.hpp
[29.524s] -- Symlinking: /home/ravik/ros2_rolling/install/joint_state_broadcaster/include/joint_state_broadcaster/joint_state_broadcaster/visibility_control.h
[29.537s] -- Symlinking: /home/ravik/ros2_rolling/install/joint_state_broadcaster/share/joint_state_broadcaster/environment/library_path.sh
[29.549s] -- Symlinking: /home/ravik/ros2_rolling/install/joint_state_broadcaster/share/joint_state_broadcaster/environment/library_path.dsv
[29.559s] -- Symlinking: /home/ravik/ros2_rolling/install/joint_state_broadcaster/share/ament_index/resource_index/package_run_dependencies/joint_state_broadcaster
[29.569s] -- Symlinking: /home/ravik/ros2_rolling/install/joint_state_broadcaster/share/ament_index/resource_index/parent_prefix_path/joint_state_broadcaster
[29.581s] -- Symlinking: /home/ravik/ros2_rolling/install/joint_state_broadcaster/share/joint_state_broadcaster/environment/ament_prefix_path.sh
[29.593s] -- Symlinking: /home/ravik/ros2_rolling/install/joint_state_broadcaster/share/joint_state_broadcaster/environment/ament_prefix_path.dsv
[29.606s] -- Symlinking: /home/ravik/ros2_rolling/install/joint_state_broadcaster/share/joint_state_broadcaster/environment/path.sh
[29.618s] -- Symlinking: /home/ravik/ros2_rolling/install/joint_state_broadcaster/share/joint_state_broadcaster/environment/path.dsv
[29.631s] -- Symlinking: /home/ravik/ros2_rolling/install/joint_state_broadcaster/share/joint_state_broadcaster/local_setup.bash
[29.644s] -- Symlinking: /home/ravik/ros2_rolling/install/joint_state_broadcaster/share/joint_state_broadcaster/local_setup.sh
[29.657s] -- Symlinking: /home/ravik/ros2_rolling/install/joint_state_broadcaster/share/joint_state_broadcaster/local_setup.zsh
[29.669s] -- Symlinking: /home/ravik/ros2_rolling/install/joint_state_broadcaster/share/joint_state_broadcaster/local_setup.dsv
[29.679s] -- Symlinking: /home/ravik/ros2_rolling/install/joint_state_broadcaster/share/joint_state_broadcaster/package.dsv
[29.690s] -- Symlinking: /home/ravik/ros2_rolling/install/joint_state_broadcaster/share/ament_index/resource_index/packages/joint_state_broadcaster
[29.704s] -- Symlinking: /home/ravik/ros2_rolling/install/joint_state_broadcaster/share/ament_index/resource_index/controller_interface__pluginlib__plugin/joint_state_broadcaster
[29.717s] -- Symlinking: /home/ravik/ros2_rolling/install/joint_state_broadcaster/share/joint_state_broadcaster/cmake/ament_cmake_export_targets-extras.cmake
[29.729s] -- Symlinking: /home/ravik/ros2_rolling/install/joint_state_broadcaster/share/joint_state_broadcaster/cmake/ament_cmake_export_dependencies-extras.cmake
[29.742s] -- Symlinking: /home/ravik/ros2_rolling/install/joint_state_broadcaster/share/joint_state_broadcaster/cmake/joint_state_broadcasterConfig.cmake
[29.755s] -- Symlinking: /home/ravik/ros2_rolling/install/joint_state_broadcaster/share/joint_state_broadcaster/cmake/joint_state_broadcasterConfig-version.cmake
[29.767s] -- Symlinking: /home/ravik/ros2_rolling/install/joint_state_broadcaster/share/joint_state_broadcaster/package.xml
[29.779s] -- Installing: /home/ravik/ros2_rolling/install/joint_state_broadcaster/lib/libjoint_state_broadcaster.so
[29.783s] -- Set non-toolchain portion of runtime path of "/home/ravik/ros2_rolling/install/joint_state_broadcaster/lib/libjoint_state_broadcaster.so" to ""
[29.783s] -- Installing: /home/ravik/ros2_rolling/install/joint_state_broadcaster/share/joint_state_broadcaster/cmake/export_joint_state_broadcasterExport.cmake
[29.784s] -- Installing: /home/ravik/ros2_rolling/install/joint_state_broadcaster/share/joint_state_broadcaster/cmake/export_joint_state_broadcasterExport-noconfig.cmake
[29.787s] Invoked command in '/home/ravik/ros2_rolling/build/joint_state_broadcaster' returned '0': AMENT_PREFIX_PATH=/home/ravik/ros2_rolling/install/controller_manager:/home/ravik/ros2_rolling/install/hardware_interface_testing:/home/ravik/ros2_rolling/install/controller_interface:/home/ravik/ros2_rolling/install/hardware_interface:/home/ravik/ros2_rolling/install/joint_limits:/home/ravik/ros2_rolling/install/generate_parameter_library:/home/ravik/ros2_rolling/install/ros2_control_test_assets:/home/ravik/ros2_rolling/install/realtime_tools:/home/ravik/ros2_rolling/install/parameter_traits:/home/ravik/ros2_rolling/install/generate_parameter_library_py:/home/ravik/ros2_rolling/install/controller_manager_msgs:/home/ravik/ros2_rolling/install/control_msgs:${AMENT_PREFIX_PATH} CMAKE_PREFIX_PATH=/home/ravik/ros2_rolling/install/controller_manager:/home/ravik/ros2_rolling/install/hardware_interface_testing:/home/ravik/ros2_rolling/install/controller_interface:/home/ravik/ros2_rolling/install/hardware_interface:/home/ravik/ros2_rolling/install/joint_limits:/home/ravik/ros2_rolling/install/generate_parameter_library:/home/ravik/ros2_rolling/install/ros2_control_test_assets:/home/ravik/ros2_rolling/install/realtime_tools:/home/ravik/ros2_rolling/install/parameter_traits:/home/ravik/ros2_rolling/install/controller_manager_msgs:/home/ravik/ros2_rolling/install/control_msgs:/opt/ros/rolling/opt/gz_math_vendor:/opt/ros/rolling/opt/gz_utils_vendor:/opt/ros/rolling/opt/gz_cmake_vendor:/opt/ros/rolling LD_LIBRARY_PATH=/home/ravik/ros2_rolling/install/controller_manager/lib:/home/ravik/ros2_rolling/install/hardware_interface_testing/lib:/home/ravik/ros2_rolling/install/controller_interface/lib:/home/ravik/ros2_rolling/install/hardware_interface/lib:/home/ravik/ros2_rolling/install/joint_limits/lib:/home/ravik/ros2_rolling/install/ros2_control_test_assets/lib:/home/ravik/ros2_rolling/install/realtime_tools/lib:/home/ravik/ros2_rolling/install/parameter_traits/lib:/home/ravik/ros2_rolling/install/controller_manager_msgs/lib:/home/ravik/ros2_rolling/install/control_msgs/lib:${LD_LIBRARY_PATH} PATH=/home/ravik/ros2_rolling/install/generate_parameter_library_py/bin:${PATH} PS1=\[\e]0;$(parse_ros_workspace)\a\]\[\e[1;32m\]\u\[\[\e[0;37m\]@\[\[\e[0;33m\]\h\[\[\e[1;33m\]${text}\[\[\e[0;37m\]:\[$(set_ros_workspace_color)\]$(parse_ros_workspace)\[\[\e[0;32m\]$(parse_git_bracket)\[$(set_git_color)\]$(get_gitbranch)\[\e[0;32m\]>\[\e[1;35m\]\W\[\[\e[1;35m\]$\[\[\e[0m\]\[\e[m\] PYTHONPATH=/home/ravik/ros2_rolling/install/controller_manager/lib/python3.12/site-packages:/home/ravik/ros2_rolling/build/generate_parameter_library_py:/home/ravik/ros2_rolling/install/generate_parameter_library_py/lib/python3.12/site-packages:/home/ravik/ros2_rolling/install/controller_manager_msgs/lib/python3.12/site-packages:/home/ravik/ros2_rolling/install/control_msgs/lib/python3.12/site-packages:${PYTHONPATH} /usr/bin/cmake --install /home/ravik/ros2_rolling/build/joint_state_broadcaster
