[0.016s] Invoking command in '/home/ravik/ros2_rolling/build/joint_limits': AMENT_PREFIX_PATH=/home/ravik/ros2_rolling/install/generate_parameter_library:/home/ravik/ros2_rolling/install/realtime_tools:/home/ravik/ros2_rolling/install/parameter_traits:/home/ravik/ros2_rolling/install/generate_parameter_library_py:${AMENT_PREFIX_PATH} CMAKE_PREFIX_PATH=/home/ravik/ros2_rolling/install/generate_parameter_library:/home/ravik/ros2_rolling/install/realtime_tools:/home/ravik/ros2_rolling/install/parameter_traits:/opt/ros/rolling/opt/gz_math_vendor:/opt/ros/rolling/opt/gz_utils_vendor:/opt/ros/rolling/opt/gz_cmake_vendor:/opt/ros/rolling LD_LIBRARY_PATH=/home/ravik/ros2_rolling/install/realtime_tools/lib:/home/ravik/ros2_rolling/install/parameter_traits/lib:${LD_LIBRARY_PATH} PATH=/home/ravik/ros2_rolling/install/generate_parameter_library_py/bin:${PATH} PS1=\[\e]0;$(parse_ros_workspace)\a\]\[\e[1;32m\]\u\[\[\e[0;37m\]@\[\[\e[0;33m\]\h\[\[\e[1;33m\]${text}\[\[\e[0;37m\]:\[$(set_ros_workspace_color)\]$(parse_ros_workspace)\[\[\e[0;32m\]$(parse_git_bracket)\[$(set_git_color)\]$(get_gitbranch)\[\e[0;32m\]>\[\e[1;35m\]\W\[\[\e[1;35m\]$\[\[\e[0m\]\[\e[m\] PYTHONPATH=/home/ravik/ros2_rolling/build/generate_parameter_library_py:/home/ravik/ros2_rolling/install/generate_parameter_library_py/lib/python3.12/site-packages:${PYTHONPATH} /usr/bin/cmake /home/ravik/ros2_rolling/src/ros2_control/joint_limits -DCMAKE_EXPORT_COMPILE_COMMANDS=ON -DAMENT_CMAKE_SYMLINK_INSTALL=1 -DCMAKE_INSTALL_PREFIX=/home/ravik/ros2_rolling/install/joint_limits
[0.095s] -- The CXX compiler identification is GNU 13.2.0
[0.115s] -- Detecting CXX compiler ABI info
[0.241s] -- Detecting CXX compiler ABI info - done
[0.256s] -- Check for working CXX compiler: /usr/bin/c++ - skipped
[0.256s] -- Detecting CXX compile features
[0.257s] -- Detecting CXX compile features - done
[0.262s] -- Found ament_cmake: 2.7.0 (/opt/ros/rolling/share/ament_cmake/cmake)
[0.445s] -- Found Python3: /usr/bin/python3 (found version "3.12.3") found components: Interpreter 
[0.527s] -- Override CMake install command with custom implementation using symlinks instead of copying resources
[0.569s] -- Found pluginlib: 5.5.1 (/opt/ros/rolling/share/pluginlib/cmake)
[0.605s] -- Found TinyXML2 via Config file: /usr/lib/x86_64-linux-gnu/cmake/tinyxml2
[0.606s] -- Found realtime_tools: 2.8.1 (/home/ravik/ros2_rolling/install/realtime_tools/share/realtime_tools/cmake)
[0.644s] -- Found rosidl_generator_c: 4.8.1 (/opt/ros/rolling/share/rosidl_generator_c/cmake)
[0.661s] -- Found rosidl_generator_cpp: 4.8.1 (/opt/ros/rolling/share/rosidl_generator_cpp/cmake)
[0.680s] -- Using all available rosidl_typesupport_c: rosidl_typesupport_fastrtps_c;rosidl_typesupport_introspection_c
[0.697s] -- Using all available rosidl_typesupport_cpp: rosidl_typesupport_fastrtps_cpp;rosidl_typesupport_introspection_cpp
[0.793s] -- Found rmw_implementation_cmake: 7.4.3 (/opt/ros/rolling/share/rmw_implementation_cmake/cmake)
[0.797s] -- Found rmw_fastrtps_cpp: 9.0.1 (/opt/ros/rolling/share/rmw_fastrtps_cpp/cmake)
[0.826s] -- Found TinyXML2 via Config file: /usr/lib/x86_64-linux-gnu/cmake/tinyxml2
[0.889s] -- Found OpenSSL: /usr/lib/x86_64-linux-gnu/libcrypto.so (found version "3.0.13")  
[0.893s] -- Found TinyXML2 via Config file: /usr/lib/x86_64-linux-gnu/cmake/tinyxml2
[0.911s] -- Found FastRTPS: /opt/ros/rolling/include (Required is at least version "2.13") 
[0.915s] -- Found TinyXML2 via Config file: /usr/lib/x86_64-linux-gnu/cmake/tinyxml2
[0.927s] -- Found TinyXML2 via Config file: /usr/lib/x86_64-linux-gnu/cmake/tinyxml2
[0.940s] -- Using RMW implementation 'rmw_fastrtps_cpp' as default
[1.212s] -- Found rclcpp_lifecycle: 28.3.3 (/opt/ros/rolling/share/rclcpp_lifecycle/cmake)
[1.255s] -- Found trajectory_msgs: 5.4.1 (/opt/ros/rolling/share/trajectory_msgs/cmake)
[1.332s] -- Found urdf: 2.12.0 (/opt/ros/rolling/share/urdf/cmake)
[1.354s] -- Found ament_cmake_gtest: 2.7.0 (/opt/ros/rolling/share/ament_cmake_gtest/cmake)
[1.357s] -- Found ament_cmake_gmock: 2.7.0 (/opt/ros/rolling/share/ament_cmake_gmock/cmake)
[1.358s] -- Found generate_parameter_library: 0.3.9 (/home/ravik/ros2_rolling/install/generate_parameter_library/share/generate_parameter_library/cmake)
[1.362s] -- Found parameter_traits: 0.3.9 (/home/ravik/ros2_rolling/install/parameter_traits/share/parameter_traits/cmake)
[1.387s] -- Found launch_testing_ament_cmake: 3.6.1 (/opt/ros/rolling/share/launch_testing_ament_cmake/cmake)
[1.389s] -- Found python_cmake_module: 0.12.0 (/opt/ros/rolling/share/python_cmake_module/cmake)
[1.570s] -- Found PythonExtra: /usr/bin/python3  
[1.574s] -- Found gtest sources under '/opt/ros/rolling/src/gtest_vendor': C++ tests using 'Google Test' will be built
[1.627s] -- The C compiler identification is GNU 13.2.0
[1.643s] -- Detecting C compiler ABI info
[1.754s] -- Detecting C compiler ABI info - done
[1.770s] -- Check for working C compiler: /usr/bin/cc - skipped
[1.770s] -- Detecting C compile features
[1.772s] -- Detecting C compile features - done
[1.775s] -- Found Threads: TRUE  
[1.784s] -- Found gmock sources under '/opt/ros/rolling/src/gmock_vendor': C++ tests using 'Google Mock' will be built
[1.909s] -- Configuring done (1.9s)
[1.954s] -- Generating done (0.0s)
[1.957s] -- Build files have been written to: /home/ravik/ros2_rolling/build/joint_limits
[1.970s] Invoked command in '/home/ravik/ros2_rolling/build/joint_limits' returned '0': AMENT_PREFIX_PATH=/home/ravik/ros2_rolling/install/generate_parameter_library:/home/ravik/ros2_rolling/install/realtime_tools:/home/ravik/ros2_rolling/install/parameter_traits:/home/ravik/ros2_rolling/install/generate_parameter_library_py:${AMENT_PREFIX_PATH} CMAKE_PREFIX_PATH=/home/ravik/ros2_rolling/install/generate_parameter_library:/home/ravik/ros2_rolling/install/realtime_tools:/home/ravik/ros2_rolling/install/parameter_traits:/opt/ros/rolling/opt/gz_math_vendor:/opt/ros/rolling/opt/gz_utils_vendor:/opt/ros/rolling/opt/gz_cmake_vendor:/opt/ros/rolling LD_LIBRARY_PATH=/home/ravik/ros2_rolling/install/realtime_tools/lib:/home/ravik/ros2_rolling/install/parameter_traits/lib:${LD_LIBRARY_PATH} PATH=/home/ravik/ros2_rolling/install/generate_parameter_library_py/bin:${PATH} PS1=\[\e]0;$(parse_ros_workspace)\a\]\[\e[1;32m\]\u\[\[\e[0;37m\]@\[\[\e[0;33m\]\h\[\[\e[1;33m\]${text}\[\[\e[0;37m\]:\[$(set_ros_workspace_color)\]$(parse_ros_workspace)\[\[\e[0;32m\]$(parse_git_bracket)\[$(set_git_color)\]$(get_gitbranch)\[\e[0;32m\]>\[\e[1;35m\]\W\[\[\e[1;35m\]$\[\[\e[0m\]\[\e[m\] PYTHONPATH=/home/ravik/ros2_rolling/build/generate_parameter_library_py:/home/ravik/ros2_rolling/install/generate_parameter_library_py/lib/python3.12/site-packages:${PYTHONPATH} /usr/bin/cmake /home/ravik/ros2_rolling/src/ros2_control/joint_limits -DCMAKE_EXPORT_COMPILE_COMMANDS=ON -DAMENT_CMAKE_SYMLINK_INSTALL=1 -DCMAKE_INSTALL_PREFIX=/home/ravik/ros2_rolling/install/joint_limits
[1.971s] Invoking command in '/home/ravik/ros2_rolling/build/joint_limits': AMENT_PREFIX_PATH=/home/ravik/ros2_rolling/install/generate_parameter_library:/home/ravik/ros2_rolling/install/realtime_tools:/home/ravik/ros2_rolling/install/parameter_traits:/home/ravik/ros2_rolling/install/generate_parameter_library_py:${AMENT_PREFIX_PATH} CMAKE_PREFIX_PATH=/home/ravik/ros2_rolling/install/generate_parameter_library:/home/ravik/ros2_rolling/install/realtime_tools:/home/ravik/ros2_rolling/install/parameter_traits:/opt/ros/rolling/opt/gz_math_vendor:/opt/ros/rolling/opt/gz_utils_vendor:/opt/ros/rolling/opt/gz_cmake_vendor:/opt/ros/rolling LD_LIBRARY_PATH=/home/ravik/ros2_rolling/install/realtime_tools/lib:/home/ravik/ros2_rolling/install/parameter_traits/lib:${LD_LIBRARY_PATH} PATH=/home/ravik/ros2_rolling/install/generate_parameter_library_py/bin:${PATH} PS1=\[\e]0;$(parse_ros_workspace)\a\]\[\e[1;32m\]\u\[\[\e[0;37m\]@\[\[\e[0;33m\]\h\[\[\e[1;33m\]${text}\[\[\e[0;37m\]:\[$(set_ros_workspace_color)\]$(parse_ros_workspace)\[\[\e[0;32m\]$(parse_git_bracket)\[$(set_git_color)\]$(get_gitbranch)\[\e[0;32m\]>\[\e[1;35m\]\W\[\[\e[1;35m\]$\[\[\e[0m\]\[\e[m\] PYTHONPATH=/home/ravik/ros2_rolling/build/generate_parameter_library_py:/home/ravik/ros2_rolling/install/generate_parameter_library_py/lib/python3.12/site-packages:${PYTHONPATH} /usr/bin/cmake --build /home/ravik/ros2_rolling/build/joint_limits -- -j32 -l32
[2.042s] [  5%] [32mBuilding CXX object CMakeFiles/joint_limiter_interface.dir/src/joint_limiter_interface.cpp.o[0m
[2.042s] [ 11%] [32mBuilding CXX object gtest/CMakeFiles/gtest_main.dir/src/gtest_main.cc.o[0m
[2.042s] [ 16%] [34m[1mGenerating joint_limits/version.h[0m
[2.043s] [ 27%] [32mBuilding CXX object gtest/CMakeFiles/gtest.dir/src/gtest-all.cc.o[0m
[2.043s] [ 27%] [32mBuilding CXX object CMakeFiles/joint_saturation_limiter.dir/src/joint_saturation_limiter.cpp.o[0m
[2.043s] [ 38%] [32mBuilding CXX object gmock/CMakeFiles/gmock.dir/src/gmock-all.cc.o[0m
[2.044s] [ 38%] [32mBuilding CXX object gmock/CMakeFiles/gmock.dir/opt/ros/rolling/src/gtest_vendor/src/gtest-all.cc.o[0m
[2.065s] [ 38%] Built target ament_generate_version_header__joint_limits
[3.203s] [ 44%] [32m[1mLinking CXX static library libgtest_main.a[0m
[3.248s] [ 44%] Built target gtest_main
[4.833s] [ 50%] [32m[1mLinking CXX shared library libjoint_limiter_interface.so[0m
[4.967s] [ 50%] Built target joint_limiter_interface
[5.654s] [ 55%] [32m[1mLinking CXX shared library libjoint_saturation_limiter.so[0m
[5.814s] [ 55%] Built target joint_saturation_limiter
[6.870s] [ 61%] [32m[1mLinking CXX static library libgtest.a[0m
[6.938s] [ 61%] Built target gtest
[6.963s] [ 66%] [32mBuilding CXX object CMakeFiles/joint_limits_rosparam_test.dir/test/joint_limits_rosparam_test.cpp.o[0m
[6.965s] [ 72%] [32mBuilding CXX object CMakeFiles/joint_limits_urdf_test.dir/test/joint_limits_urdf_test.cpp.o[0m
[7.137s] [ 77%] [32m[1mLinking CXX static library libgmock.a[0m
[7.219s] [ 77%] Built target gmock
[7.244s] [ 83%] [32mBuilding CXX object CMakeFiles/test_joint_saturation_limiter.dir/test/test_joint_saturation_limiter.cpp.o[0m
[8.436s] [ 88%] [32m[1mLinking CXX executable joint_limits_urdf_test[0m
[8.725s] [ 88%] Built target joint_limits_urdf_test
[10.181s] [ 94%] [32m[1mLinking CXX executable joint_limits_rosparam_test[0m
[10.326s] [ 94%] Built target joint_limits_rosparam_test
[12.084s] [100%] [32m[1mLinking CXX executable test_joint_saturation_limiter[0m
[12.288s] [100%] Built target test_joint_saturation_limiter
[12.300s] Invoked command in '/home/ravik/ros2_rolling/build/joint_limits' returned '0': AMENT_PREFIX_PATH=/home/ravik/ros2_rolling/install/generate_parameter_library:/home/ravik/ros2_rolling/install/realtime_tools:/home/ravik/ros2_rolling/install/parameter_traits:/home/ravik/ros2_rolling/install/generate_parameter_library_py:${AMENT_PREFIX_PATH} CMAKE_PREFIX_PATH=/home/ravik/ros2_rolling/install/generate_parameter_library:/home/ravik/ros2_rolling/install/realtime_tools:/home/ravik/ros2_rolling/install/parameter_traits:/opt/ros/rolling/opt/gz_math_vendor:/opt/ros/rolling/opt/gz_utils_vendor:/opt/ros/rolling/opt/gz_cmake_vendor:/opt/ros/rolling LD_LIBRARY_PATH=/home/ravik/ros2_rolling/install/realtime_tools/lib:/home/ravik/ros2_rolling/install/parameter_traits/lib:${LD_LIBRARY_PATH} PATH=/home/ravik/ros2_rolling/install/generate_parameter_library_py/bin:${PATH} PS1=\[\e]0;$(parse_ros_workspace)\a\]\[\e[1;32m\]\u\[\[\e[0;37m\]@\[\[\e[0;33m\]\h\[\[\e[1;33m\]${text}\[\[\e[0;37m\]:\[$(set_ros_workspace_color)\]$(parse_ros_workspace)\[\[\e[0;32m\]$(parse_git_bracket)\[$(set_git_color)\]$(get_gitbranch)\[\e[0;32m\]>\[\e[1;35m\]\W\[\[\e[1;35m\]$\[\[\e[0m\]\[\e[m\] PYTHONPATH=/home/ravik/ros2_rolling/build/generate_parameter_library_py:/home/ravik/ros2_rolling/install/generate_parameter_library_py/lib/python3.12/site-packages:${PYTHONPATH} /usr/bin/cmake --build /home/ravik/ros2_rolling/build/joint_limits -- -j32 -l32
[12.333s] Invoking command in '/home/ravik/ros2_rolling/build/joint_limits': AMENT_PREFIX_PATH=/home/ravik/ros2_rolling/install/generate_parameter_library:/home/ravik/ros2_rolling/install/realtime_tools:/home/ravik/ros2_rolling/install/parameter_traits:/home/ravik/ros2_rolling/install/generate_parameter_library_py:${AMENT_PREFIX_PATH} CMAKE_PREFIX_PATH=/home/ravik/ros2_rolling/install/generate_parameter_library:/home/ravik/ros2_rolling/install/realtime_tools:/home/ravik/ros2_rolling/install/parameter_traits:/opt/ros/rolling/opt/gz_math_vendor:/opt/ros/rolling/opt/gz_utils_vendor:/opt/ros/rolling/opt/gz_cmake_vendor:/opt/ros/rolling LD_LIBRARY_PATH=/home/ravik/ros2_rolling/install/realtime_tools/lib:/home/ravik/ros2_rolling/install/parameter_traits/lib:${LD_LIBRARY_PATH} PATH=/home/ravik/ros2_rolling/install/generate_parameter_library_py/bin:${PATH} PS1=\[\e]0;$(parse_ros_workspace)\a\]\[\e[1;32m\]\u\[\[\e[0;37m\]@\[\[\e[0;33m\]\h\[\[\e[1;33m\]${text}\[\[\e[0;37m\]:\[$(set_ros_workspace_color)\]$(parse_ros_workspace)\[\[\e[0;32m\]$(parse_git_bracket)\[$(set_git_color)\]$(get_gitbranch)\[\e[0;32m\]>\[\e[1;35m\]\W\[\[\e[1;35m\]$\[\[\e[0m\]\[\e[m\] PYTHONPATH=/home/ravik/ros2_rolling/build/generate_parameter_library_py:/home/ravik/ros2_rolling/install/generate_parameter_library_py/lib/python3.12/site-packages:${PYTHONPATH} /usr/bin/cmake --install /home/ravik/ros2_rolling/build/joint_limits
[12.340s] -- Install configuration: ""
[12.340s] -- Execute custom install script
[12.340s] -- Symlinking: /home/ravik/ros2_rolling/install/joint_limits/share/joint_limits//joint_limiters.xml
[12.347s] -- Symlinking: /home/ravik/ros2_rolling/install/joint_limits/lib/joint_limits/joint_limits_rosparam_test
[12.356s] -- Symlinking: /home/ravik/ros2_rolling/install/joint_limits/share/joint_limits/test/joint_limits_rosparam.yaml
[12.365s] -- Symlinking: /home/ravik/ros2_rolling/install/joint_limits/share/joint_limits/test/joint_saturation_limiter_param.yaml
[12.375s] -- Symlinking: /home/ravik/ros2_rolling/install/joint_limits/include/joint_limits/joint_limits/joint_limiter_interface.hpp
[12.383s] -- Symlinking: /home/ravik/ros2_rolling/install/joint_limits/include/joint_limits/joint_limits/joint_limits.hpp
[12.392s] -- Symlinking: /home/ravik/ros2_rolling/install/joint_limits/include/joint_limits/joint_limits/joint_limits_rosparam.hpp
[12.400s] -- Symlinking: /home/ravik/ros2_rolling/install/joint_limits/include/joint_limits/joint_limits/joint_limits_urdf.hpp
[12.410s] -- Symlinking: /home/ravik/ros2_rolling/install/joint_limits/include/joint_limits/joint_limits/joint_saturation_limiter.hpp
[12.420s] -- Symlinking: /home/ravik/ros2_rolling/install/joint_limits/include/joint_limits/joint_limits/visibility_control.h
[12.430s] -- Symlinking: /home/ravik/ros2_rolling/install/joint_limits/share/joint_limits/environment/library_path.sh
[12.439s] -- Symlinking: /home/ravik/ros2_rolling/install/joint_limits/share/joint_limits/environment/library_path.dsv
[12.448s] -- Symlinking: /home/ravik/ros2_rolling/install/joint_limits/share/ament_index/resource_index/package_run_dependencies/joint_limits
[12.457s] -- Symlinking: /home/ravik/ros2_rolling/install/joint_limits/share/ament_index/resource_index/parent_prefix_path/joint_limits
[12.467s] -- Symlinking: /home/ravik/ros2_rolling/install/joint_limits/share/joint_limits/environment/ament_prefix_path.sh
[12.474s] -- Symlinking: /home/ravik/ros2_rolling/install/joint_limits/share/joint_limits/environment/ament_prefix_path.dsv
[12.483s] -- Symlinking: /home/ravik/ros2_rolling/install/joint_limits/share/joint_limits/environment/path.sh
[12.492s] -- Symlinking: /home/ravik/ros2_rolling/install/joint_limits/share/joint_limits/environment/path.dsv
[12.502s] -- Symlinking: /home/ravik/ros2_rolling/install/joint_limits/share/joint_limits/local_setup.bash
[12.511s] -- Symlinking: /home/ravik/ros2_rolling/install/joint_limits/share/joint_limits/local_setup.sh
[12.519s] -- Symlinking: /home/ravik/ros2_rolling/install/joint_limits/share/joint_limits/local_setup.zsh
[12.528s] -- Symlinking: /home/ravik/ros2_rolling/install/joint_limits/share/joint_limits/local_setup.dsv
[12.536s] -- Symlinking: /home/ravik/ros2_rolling/install/joint_limits/share/joint_limits/package.dsv
[12.544s] -- Symlinking: /home/ravik/ros2_rolling/install/joint_limits/share/ament_index/resource_index/packages/joint_limits
[12.551s] -- Symlinking: /home/ravik/ros2_rolling/install/joint_limits/share/ament_index/resource_index/joint_limits__pluginlib__plugin/joint_limits
[12.561s] -- Symlinking: /home/ravik/ros2_rolling/install/joint_limits/share/joint_limits/cmake/ament_cmake_export_targets-extras.cmake
[12.570s] -- Symlinking: /home/ravik/ros2_rolling/install/joint_limits/share/joint_limits/cmake/ament_cmake_export_dependencies-extras.cmake
[12.577s] -- Symlinking: /home/ravik/ros2_rolling/install/joint_limits/share/joint_limits/cmake/joint_limitsConfig.cmake
[12.586s] -- Symlinking: /home/ravik/ros2_rolling/install/joint_limits/share/joint_limits/cmake/joint_limitsConfig-version.cmake
[12.593s] -- Symlinking: /home/ravik/ros2_rolling/install/joint_limits/share/joint_limits/package.xml
[12.603s] -- Symlinking: /home/ravik/ros2_rolling/install/joint_limits/include/joint_limits/joint_limits/version.h
[12.610s] -- Installing: /home/ravik/ros2_rolling/install/joint_limits/lib/libjoint_limiter_interface.so
[12.610s] -- Set non-toolchain portion of runtime path of "/home/ravik/ros2_rolling/install/joint_limits/lib/libjoint_limiter_interface.so" to ""
[12.610s] -- Installing: /home/ravik/ros2_rolling/install/joint_limits/lib/libjoint_saturation_limiter.so
[12.611s] -- Set non-toolchain portion of runtime path of "/home/ravik/ros2_rolling/install/joint_limits/lib/libjoint_saturation_limiter.so" to ""
[12.611s] -- Installing: /home/ravik/ros2_rolling/install/joint_limits/share/joint_limits/cmake/export_joint_limitsExport.cmake
[12.611s] -- Installing: /home/ravik/ros2_rolling/install/joint_limits/share/joint_limits/cmake/export_joint_limitsExport-noconfig.cmake
[12.613s] Invoked command in '/home/ravik/ros2_rolling/build/joint_limits' returned '0': AMENT_PREFIX_PATH=/home/ravik/ros2_rolling/install/generate_parameter_library:/home/ravik/ros2_rolling/install/realtime_tools:/home/ravik/ros2_rolling/install/parameter_traits:/home/ravik/ros2_rolling/install/generate_parameter_library_py:${AMENT_PREFIX_PATH} CMAKE_PREFIX_PATH=/home/ravik/ros2_rolling/install/generate_parameter_library:/home/ravik/ros2_rolling/install/realtime_tools:/home/ravik/ros2_rolling/install/parameter_traits:/opt/ros/rolling/opt/gz_math_vendor:/opt/ros/rolling/opt/gz_utils_vendor:/opt/ros/rolling/opt/gz_cmake_vendor:/opt/ros/rolling LD_LIBRARY_PATH=/home/ravik/ros2_rolling/install/realtime_tools/lib:/home/ravik/ros2_rolling/install/parameter_traits/lib:${LD_LIBRARY_PATH} PATH=/home/ravik/ros2_rolling/install/generate_parameter_library_py/bin:${PATH} PS1=\[\e]0;$(parse_ros_workspace)\a\]\[\e[1;32m\]\u\[\[\e[0;37m\]@\[\[\e[0;33m\]\h\[\[\e[1;33m\]${text}\[\[\e[0;37m\]:\[$(set_ros_workspace_color)\]$(parse_ros_workspace)\[\[\e[0;32m\]$(parse_git_bracket)\[$(set_git_color)\]$(get_gitbranch)\[\e[0;32m\]>\[\e[1;35m\]\W\[\[\e[1;35m\]$\[\[\e[0m\]\[\e[m\] PYTHONPATH=/home/ravik/ros2_rolling/build/generate_parameter_library_py:/home/ravik/ros2_rolling/install/generate_parameter_library_py/lib/python3.12/site-packages:${PYTHONPATH} /usr/bin/cmake --install /home/ravik/ros2_rolling/build/joint_limits
