[0.162s] Invoking command in '/home/ravik/ros2_rolling/build/controller_manager_msgs': CMAKE_PREFIX_PATH=${CMAKE_PREFIX_PATH}:/opt/ros/rolling PS1=\[\e]0;$(parse_ros_workspace)\a\]\[\e[1;32m\]\u\[\[\e[0;37m\]@\[\[\e[0;33m\]\h\[\[\e[1;33m\]${text}\[\[\e[0;37m\]:\[$(set_ros_workspace_color)\]$(parse_ros_workspace)\[\[\e[0;32m\]$(parse_git_bracket)\[$(set_git_color)\]$(get_gitbranch)\[\e[0;32m\]>\[\e[1;35m\]\W\[\[\e[1;35m\]$\[\[\e[0m\]\[\e[m\] /usr/bin/cmake --build /home/ravik/ros2_rolling/build/controller_manager_msgs -- -j32 -l32
[0.208s] [  0%] Built target controller_manager_msgs__rosidl_generator_type_description
[0.216s] [  0%] Built target ament_cmake_python_symlink_controller_manager_msgs
[0.225s] [  0%] Built target controller_manager_msgs__cpp
[0.239s] [ 27%] Built target controller_manager_msgs__rosidl_generator_c
[0.261s] [ 37%] Built target controller_manager_msgs__rosidl_typesupport_introspection_c
[0.268s] [ 47%] Built target controller_manager_msgs__rosidl_typesupport_introspection_cpp
[0.270s] [ 57%] Built target controller_manager_msgs__rosidl_typesupport_c
[0.273s] [ 67%] Built target controller_manager_msgs__rosidl_typesupport_cpp
[0.274s] [ 76%] Built target controller_manager_msgs__rosidl_typesupport_fastrtps_cpp
[0.275s] [ 86%] Built target controller_manager_msgs__rosidl_typesupport_fastrtps_c
[0.293s] [ 86%] Built target controller_manager_msgs
[0.312s] [ 87%] Built target controller_manager_msgs__py
[0.348s] [ 96%] Built target controller_manager_msgs__rosidl_generator_py
[0.366s] [ 97%] Built target controller_manager_msgs_s__rosidl_typesupport_fastrtps_c
[0.369s] [ 98%] Built target controller_manager_msgs_s__rosidl_typesupport_c
[0.371s] [100%] Built target controller_manager_msgs_s__rosidl_typesupport_introspection_c
[0.386s] running egg_info
[0.408s] writing controller_manager_msgs.egg-info/PKG-INFO
[0.408s] writing dependency_links to controller_manager_msgs.egg-info/dependency_links.txt
[0.408s] writing top-level names to controller_manager_msgs.egg-info/top_level.txt
[0.467s] reading manifest file 'controller_manager_msgs.egg-info/SOURCES.txt'
[0.468s] writing manifest file 'controller_manager_msgs.egg-info/SOURCES.txt'
[0.491s] [100%] Built target ament_cmake_python_build_controller_manager_msgs_egg
[0.500s] Invoked command in '/home/ravik/ros2_rolling/build/controller_manager_msgs' returned '0': CMAKE_PREFIX_PATH=${CMAKE_PREFIX_PATH}:/opt/ros/rolling PS1=\[\e]0;$(parse_ros_workspace)\a\]\[\e[1;32m\]\u\[\[\e[0;37m\]@\[\[\e[0;33m\]\h\[\[\e[1;33m\]${text}\[\[\e[0;37m\]:\[$(set_ros_workspace_color)\]$(parse_ros_workspace)\[\[\e[0;32m\]$(parse_git_bracket)\[$(set_git_color)\]$(get_gitbranch)\[\e[0;32m\]>\[\e[1;35m\]\W\[\[\e[1;35m\]$\[\[\e[0m\]\[\e[m\] /usr/bin/cmake --build /home/ravik/ros2_rolling/build/controller_manager_msgs -- -j32 -l32
[0.803s] Invoking command in '/home/ravik/ros2_rolling/build/controller_manager_msgs': CMAKE_PREFIX_PATH=${CMAKE_PREFIX_PATH}:/opt/ros/rolling PS1=\[\e]0;$(parse_ros_workspace)\a\]\[\e[1;32m\]\u\[\[\e[0;37m\]@\[\[\e[0;33m\]\h\[\[\e[1;33m\]${text}\[\[\e[0;37m\]:\[$(set_ros_workspace_color)\]$(parse_ros_workspace)\[\[\e[0;32m\]$(parse_git_bracket)\[$(set_git_color)\]$(get_gitbranch)\[\e[0;32m\]>\[\e[1;35m\]\W\[\[\e[1;35m\]$\[\[\e[0m\]\[\e[m\] /usr/bin/cmake --install /home/ravik/ros2_rolling/build/controller_manager_msgs
[0.809s] -- Install configuration: ""
[0.810s] -- Execute custom install script
[0.810s] -- Up-to-date symlink: /home/ravik/ros2_rolling/install/controller_manager_msgs/share/ament_index/resource_index/rosidl_interfaces/controller_manager_msgs
[0.810s] -- Up-to-date symlink: /home/ravik/ros2_rolling/install/controller_manager_msgs/share/controller_manager_msgs/msg/ControllerState.json
[0.810s] -- Up-to-date symlink: /home/ravik/ros2_rolling/install/controller_manager_msgs/share/controller_manager_msgs/msg/ChainConnection.json
[0.810s] -- Up-to-date symlink: /home/ravik/ros2_rolling/install/controller_manager_msgs/share/controller_manager_msgs/msg/HardwareComponentState.json
[0.810s] -- Up-to-date symlink: /home/ravik/ros2_rolling/install/controller_manager_msgs/share/controller_manager_msgs/msg/HardwareInterface.json
[0.811s] -- Up-to-date symlink: /home/ravik/ros2_rolling/install/controller_manager_msgs/share/controller_manager_msgs/srv/ConfigureController.json
[0.811s] -- Up-to-date symlink: /home/ravik/ros2_rolling/install/controller_manager_msgs/share/controller_manager_msgs/srv/ListControllers.json
[0.811s] -- Up-to-date symlink: /home/ravik/ros2_rolling/install/controller_manager_msgs/share/controller_manager_msgs/srv/ListControllerTypes.json
[0.811s] -- Up-to-date symlink: /home/ravik/ros2_rolling/install/controller_manager_msgs/share/controller_manager_msgs/srv/ListHardwareComponents.json
[0.811s] -- Up-to-date symlink: /home/ravik/ros2_rolling/install/controller_manager_msgs/share/controller_manager_msgs/srv/ListHardwareInterfaces.json
[0.811s] -- Up-to-date symlink: /home/ravik/ros2_rolling/install/controller_manager_msgs/share/controller_manager_msgs/srv/LoadController.json
[0.811s] -- Up-to-date symlink: /home/ravik/ros2_rolling/install/controller_manager_msgs/share/controller_manager_msgs/srv/ReloadControllerLibraries.json
[0.811s] -- Up-to-date symlink: /home/ravik/ros2_rolling/install/controller_manager_msgs/share/controller_manager_msgs/srv/SetHardwareComponentState.json
[0.811s] -- Up-to-date symlink: /home/ravik/ros2_rolling/install/controller_manager_msgs/share/controller_manager_msgs/srv/SwitchController.json
[0.811s] -- Up-to-date symlink: /home/ravik/ros2_rolling/install/controller_manager_msgs/share/controller_manager_msgs/srv/UnloadController.json
[0.812s] -- Up-to-date symlink: /home/ravik/ros2_rolling/install/controller_manager_msgs/include/controller_manager_msgs/controller_manager_msgs/msg/chain_connection.h
[0.812s] -- Up-to-date symlink: /home/ravik/ros2_rolling/install/controller_manager_msgs/include/controller_manager_msgs/controller_manager_msgs/msg/controller_state.h
[0.812s] -- Up-to-date symlink: /home/ravik/ros2_rolling/install/controller_manager_msgs/include/controller_manager_msgs/controller_manager_msgs/msg/detail/chain_connection__functions.h
[0.812s] -- Up-to-date symlink: /home/ravik/ros2_rolling/install/controller_manager_msgs/include/controller_manager_msgs/controller_manager_msgs/msg/detail/chain_connection__struct.h
[0.812s] -- Up-to-date symlink: /home/ravik/ros2_rolling/install/controller_manager_msgs/include/controller_manager_msgs/controller_manager_msgs/msg/detail/chain_connection__type_support.h
[0.812s] -- Up-to-date symlink: /home/ravik/ros2_rolling/install/controller_manager_msgs/include/controller_manager_msgs/controller_manager_msgs/msg/detail/controller_state__functions.h
[0.812s] -- Up-to-date symlink: /home/ravik/ros2_rolling/install/controller_manager_msgs/include/controller_manager_msgs/controller_manager_msgs/msg/detail/controller_state__struct.h
[0.812s] -- Up-to-date symlink: /home/ravik/ros2_rolling/install/controller_manager_msgs/include/controller_manager_msgs/controller_manager_msgs/msg/detail/controller_state__type_support.h
[0.812s] -- Up-to-date symlink: /home/ravik/ros2_rolling/install/controller_manager_msgs/include/controller_manager_msgs/controller_manager_msgs/msg/detail/hardware_component_state__functions.h
[0.813s] -- Up-to-date symlink: /home/ravik/ros2_rolling/install/controller_manager_msgs/include/controller_manager_msgs/controller_manager_msgs/msg/detail/hardware_component_state__struct.h
[0.813s] -- Up-to-date symlink: /home/ravik/ros2_rolling/install/controller_manager_msgs/include/controller_manager_msgs/controller_manager_msgs/msg/detail/hardware_component_state__type_support.h
[0.813s] -- Up-to-date symlink: /home/ravik/ros2_rolling/install/controller_manager_msgs/include/controller_manager_msgs/controller_manager_msgs/msg/detail/hardware_interface__functions.h
[0.813s] -- Up-to-date symlink: /home/ravik/ros2_rolling/install/controller_manager_msgs/include/controller_manager_msgs/controller_manager_msgs/msg/detail/hardware_interface__struct.h
[0.813s] -- Up-to-date symlink: /home/ravik/ros2_rolling/install/controller_manager_msgs/include/controller_manager_msgs/controller_manager_msgs/msg/detail/hardware_interface__type_support.h
[0.813s] -- Up-to-date symlink: /home/ravik/ros2_rolling/install/controller_manager_msgs/include/controller_manager_msgs/controller_manager_msgs/msg/hardware_component_state.h
[0.813s] -- Up-to-date symlink: /home/ravik/ros2_rolling/install/controller_manager_msgs/include/controller_manager_msgs/controller_manager_msgs/msg/hardware_interface.h
[0.813s] -- Up-to-date symlink: /home/ravik/ros2_rolling/install/controller_manager_msgs/include/controller_manager_msgs/controller_manager_msgs/msg/rosidl_generator_c__visibility_control.h
[0.813s] -- Up-to-date symlink: /home/ravik/ros2_rolling/install/controller_manager_msgs/include/controller_manager_msgs/controller_manager_msgs/srv/configure_controller.h
[0.813s] -- Up-to-date symlink: /home/ravik/ros2_rolling/install/controller_manager_msgs/include/controller_manager_msgs/controller_manager_msgs/srv/detail/configure_controller__functions.h
[0.814s] -- Up-to-date symlink: /home/ravik/ros2_rolling/install/controller_manager_msgs/include/controller_manager_msgs/controller_manager_msgs/srv/detail/configure_controller__struct.h
[0.814s] -- Up-to-date symlink: /home/ravik/ros2_rolling/install/controller_manager_msgs/include/controller_manager_msgs/controller_manager_msgs/srv/detail/configure_controller__type_support.h
[0.814s] -- Up-to-date symlink: /home/ravik/ros2_rolling/install/controller_manager_msgs/include/controller_manager_msgs/controller_manager_msgs/srv/detail/list_controller_types__functions.h
[0.814s] -- Up-to-date symlink: /home/ravik/ros2_rolling/install/controller_manager_msgs/include/controller_manager_msgs/controller_manager_msgs/srv/detail/list_controller_types__struct.h
[0.814s] -- Up-to-date symlink: /home/ravik/ros2_rolling/install/controller_manager_msgs/include/controller_manager_msgs/controller_manager_msgs/srv/detail/list_controller_types__type_support.h
[0.814s] -- Up-to-date symlink: /home/ravik/ros2_rolling/install/controller_manager_msgs/include/controller_manager_msgs/controller_manager_msgs/srv/detail/list_controllers__functions.h
[0.814s] -- Up-to-date symlink: /home/ravik/ros2_rolling/install/controller_manager_msgs/include/controller_manager_msgs/controller_manager_msgs/srv/detail/list_controllers__struct.h
[0.814s] -- Up-to-date symlink: /home/ravik/ros2_rolling/install/controller_manager_msgs/include/controller_manager_msgs/controller_manager_msgs/srv/detail/list_controllers__type_support.h
[0.814s] -- Up-to-date symlink: /home/ravik/ros2_rolling/install/controller_manager_msgs/include/controller_manager_msgs/controller_manager_msgs/srv/detail/list_hardware_components__functions.h
[0.814s] -- Up-to-date symlink: /home/ravik/ros2_rolling/install/controller_manager_msgs/include/controller_manager_msgs/controller_manager_msgs/srv/detail/list_hardware_components__struct.h
[0.815s] -- Up-to-date symlink: /home/ravik/ros2_rolling/install/controller_manager_msgs/include/controller_manager_msgs/controller_manager_msgs/srv/detail/list_hardware_components__type_support.h
[0.815s] -- Up-to-date symlink: /home/ravik/ros2_rolling/install/controller_manager_msgs/include/controller_manager_msgs/controller_manager_msgs/srv/detail/list_hardware_interfaces__functions.h
[0.815s] -- Up-to-date symlink: /home/ravik/ros2_rolling/install/controller_manager_msgs/include/controller_manager_msgs/controller_manager_msgs/srv/detail/list_hardware_interfaces__struct.h
[0.815s] -- Up-to-date symlink: /home/ravik/ros2_rolling/install/controller_manager_msgs/include/controller_manager_msgs/controller_manager_msgs/srv/detail/list_hardware_interfaces__type_support.h
[0.815s] -- Up-to-date symlink: /home/ravik/ros2_rolling/install/controller_manager_msgs/include/controller_manager_msgs/controller_manager_msgs/srv/detail/load_controller__functions.h
[0.815s] -- Up-to-date symlink: /home/ravik/ros2_rolling/install/controller_manager_msgs/include/controller_manager_msgs/controller_manager_msgs/srv/detail/load_controller__struct.h
[0.815s] -- Up-to-date symlink: /home/ravik/ros2_rolling/install/controller_manager_msgs/include/controller_manager_msgs/controller_manager_msgs/srv/detail/load_controller__type_support.h
[0.815s] -- Up-to-date symlink: /home/ravik/ros2_rolling/install/controller_manager_msgs/include/controller_manager_msgs/controller_manager_msgs/srv/detail/reload_controller_libraries__functions.h
[0.815s] -- Up-to-date symlink: /home/ravik/ros2_rolling/install/controller_manager_msgs/include/controller_manager_msgs/controller_manager_msgs/srv/detail/reload_controller_libraries__struct.h
[0.815s] -- Up-to-date symlink: /home/ravik/ros2_rolling/install/controller_manager_msgs/include/controller_manager_msgs/controller_manager_msgs/srv/detail/reload_controller_libraries__type_support.h
[0.816s] -- Up-to-date symlink: /home/ravik/ros2_rolling/install/controller_manager_msgs/include/controller_manager_msgs/controller_manager_msgs/srv/detail/set_hardware_component_state__functions.h
[0.816s] -- Up-to-date symlink: /home/ravik/ros2_rolling/install/controller_manager_msgs/include/controller_manager_msgs/controller_manager_msgs/srv/detail/set_hardware_component_state__struct.h
[0.816s] -- Up-to-date symlink: /home/ravik/ros2_rolling/install/controller_manager_msgs/include/controller_manager_msgs/controller_manager_msgs/srv/detail/set_hardware_component_state__type_support.h
[0.816s] -- Up-to-date symlink: /home/ravik/ros2_rolling/install/controller_manager_msgs/include/controller_manager_msgs/controller_manager_msgs/srv/detail/switch_controller__functions.h
[0.816s] -- Up-to-date symlink: /home/ravik/ros2_rolling/install/controller_manager_msgs/include/controller_manager_msgs/controller_manager_msgs/srv/detail/switch_controller__struct.h
[0.816s] -- Up-to-date symlink: /home/ravik/ros2_rolling/install/controller_manager_msgs/include/controller_manager_msgs/controller_manager_msgs/srv/detail/switch_controller__type_support.h
[0.817s] -- Up-to-date symlink: /home/ravik/ros2_rolling/install/controller_manager_msgs/include/controller_manager_msgs/controller_manager_msgs/srv/detail/unload_controller__functions.h
[0.817s] -- Up-to-date symlink: /home/ravik/ros2_rolling/install/controller_manager_msgs/include/controller_manager_msgs/controller_manager_msgs/srv/detail/unload_controller__struct.h
[0.817s] -- Up-to-date symlink: /home/ravik/ros2_rolling/install/controller_manager_msgs/include/controller_manager_msgs/controller_manager_msgs/srv/detail/unload_controller__type_support.h
[0.817s] -- Up-to-date symlink: /home/ravik/ros2_rolling/install/controller_manager_msgs/include/controller_manager_msgs/controller_manager_msgs/srv/list_controller_types.h
[0.817s] -- Up-to-date symlink: /home/ravik/ros2_rolling/install/controller_manager_msgs/include/controller_manager_msgs/controller_manager_msgs/srv/list_controllers.h
[0.817s] -- Up-to-date symlink: /home/ravik/ros2_rolling/install/controller_manager_msgs/include/controller_manager_msgs/controller_manager_msgs/srv/list_hardware_components.h
[0.817s] -- Up-to-date symlink: /home/ravik/ros2_rolling/install/controller_manager_msgs/include/controller_manager_msgs/controller_manager_msgs/srv/list_hardware_interfaces.h
[0.817s] -- Up-to-date symlink: /home/ravik/ros2_rolling/install/controller_manager_msgs/include/controller_manager_msgs/controller_manager_msgs/srv/load_controller.h
[0.817s] -- Up-to-date symlink: /home/ravik/ros2_rolling/install/controller_manager_msgs/include/controller_manager_msgs/controller_manager_msgs/srv/reload_controller_libraries.h
[0.817s] -- Up-to-date symlink: /home/ravik/ros2_rolling/install/controller_manager_msgs/include/controller_manager_msgs/controller_manager_msgs/srv/set_hardware_component_state.h
[0.817s] -- Up-to-date symlink: /home/ravik/ros2_rolling/install/controller_manager_msgs/include/controller_manager_msgs/controller_manager_msgs/srv/switch_controller.h
[0.818s] -- Up-to-date symlink: /home/ravik/ros2_rolling/install/controller_manager_msgs/include/controller_manager_msgs/controller_manager_msgs/srv/unload_controller.h
[0.818s] -- Up-to-date symlink: /home/ravik/ros2_rolling/install/controller_manager_msgs/share/controller_manager_msgs/environment/library_path.sh
[0.818s] -- Up-to-date symlink: /home/ravik/ros2_rolling/install/controller_manager_msgs/share/controller_manager_msgs/environment/library_path.dsv
[0.818s] -- Up-to-date symlink: /home/ravik/ros2_rolling/install/controller_manager_msgs/include/controller_manager_msgs/controller_manager_msgs/msg/detail/chain_connection__rosidl_typesupport_fastrtps_c.h
[0.818s] -- Up-to-date symlink: /home/ravik/ros2_rolling/install/controller_manager_msgs/include/controller_manager_msgs/controller_manager_msgs/msg/detail/controller_state__rosidl_typesupport_fastrtps_c.h
[0.818s] -- Up-to-date symlink: /home/ravik/ros2_rolling/install/controller_manager_msgs/include/controller_manager_msgs/controller_manager_msgs/msg/detail/hardware_component_state__rosidl_typesupport_fastrtps_c.h
[0.818s] -- Up-to-date symlink: /home/ravik/ros2_rolling/install/controller_manager_msgs/include/controller_manager_msgs/controller_manager_msgs/msg/detail/hardware_interface__rosidl_typesupport_fastrtps_c.h
[0.818s] -- Up-to-date symlink: /home/ravik/ros2_rolling/install/controller_manager_msgs/include/controller_manager_msgs/controller_manager_msgs/msg/rosidl_typesupport_fastrtps_c__visibility_control.h
[0.818s] -- Up-to-date symlink: /home/ravik/ros2_rolling/install/controller_manager_msgs/include/controller_manager_msgs/controller_manager_msgs/srv/detail/configure_controller__rosidl_typesupport_fastrtps_c.h
[0.819s] -- Up-to-date symlink: /home/ravik/ros2_rolling/install/controller_manager_msgs/include/controller_manager_msgs/controller_manager_msgs/srv/detail/list_controller_types__rosidl_typesupport_fastrtps_c.h
[0.819s] -- Up-to-date symlink: /home/ravik/ros2_rolling/install/controller_manager_msgs/include/controller_manager_msgs/controller_manager_msgs/srv/detail/list_controllers__rosidl_typesupport_fastrtps_c.h
[0.819s] -- Up-to-date symlink: /home/ravik/ros2_rolling/install/controller_manager_msgs/include/controller_manager_msgs/controller_manager_msgs/srv/detail/list_hardware_components__rosidl_typesupport_fastrtps_c.h
[0.819s] -- Up-to-date symlink: /home/ravik/ros2_rolling/install/controller_manager_msgs/include/controller_manager_msgs/controller_manager_msgs/srv/detail/list_hardware_interfaces__rosidl_typesupport_fastrtps_c.h
[0.819s] -- Up-to-date symlink: /home/ravik/ros2_rolling/install/controller_manager_msgs/include/controller_manager_msgs/controller_manager_msgs/srv/detail/load_controller__rosidl_typesupport_fastrtps_c.h
[0.819s] -- Up-to-date symlink: /home/ravik/ros2_rolling/install/controller_manager_msgs/include/controller_manager_msgs/controller_manager_msgs/srv/detail/reload_controller_libraries__rosidl_typesupport_fastrtps_c.h
[0.819s] -- Up-to-date symlink: /home/ravik/ros2_rolling/install/controller_manager_msgs/include/controller_manager_msgs/controller_manager_msgs/srv/detail/set_hardware_component_state__rosidl_typesupport_fastrtps_c.h
[0.819s] -- Up-to-date symlink: /home/ravik/ros2_rolling/install/controller_manager_msgs/include/controller_manager_msgs/controller_manager_msgs/srv/detail/switch_controller__rosidl_typesupport_fastrtps_c.h
[0.819s] -- Up-to-date symlink: /home/ravik/ros2_rolling/install/controller_manager_msgs/include/controller_manager_msgs/controller_manager_msgs/srv/detail/unload_controller__rosidl_typesupport_fastrtps_c.h
[0.819s] -- Up-to-date symlink: /home/ravik/ros2_rolling/install/controller_manager_msgs/include/controller_manager_msgs/controller_manager_msgs/msg/chain_connection.hpp
[0.819s] -- Up-to-date symlink: /home/ravik/ros2_rolling/install/controller_manager_msgs/include/controller_manager_msgs/controller_manager_msgs/msg/controller_state.hpp
[0.820s] -- Up-to-date symlink: /home/ravik/ros2_rolling/install/controller_manager_msgs/include/controller_manager_msgs/controller_manager_msgs/msg/detail/chain_connection__builder.hpp
[0.820s] -- Up-to-date symlink: /home/ravik/ros2_rolling/install/controller_manager_msgs/include/controller_manager_msgs/controller_manager_msgs/msg/detail/chain_connection__struct.hpp
[0.820s] -- Up-to-date symlink: /home/ravik/ros2_rolling/install/controller_manager_msgs/include/controller_manager_msgs/controller_manager_msgs/msg/detail/chain_connection__traits.hpp
[0.820s] -- Up-to-date symlink: /home/ravik/ros2_rolling/install/controller_manager_msgs/include/controller_manager_msgs/controller_manager_msgs/msg/detail/chain_connection__type_support.hpp
[0.820s] -- Up-to-date symlink: /home/ravik/ros2_rolling/install/controller_manager_msgs/include/controller_manager_msgs/controller_manager_msgs/msg/detail/controller_state__builder.hpp
[0.820s] -- Up-to-date symlink: /home/ravik/ros2_rolling/install/controller_manager_msgs/include/controller_manager_msgs/controller_manager_msgs/msg/detail/controller_state__struct.hpp
[0.820s] -- Up-to-date symlink: /home/ravik/ros2_rolling/install/controller_manager_msgs/include/controller_manager_msgs/controller_manager_msgs/msg/detail/controller_state__traits.hpp
[0.820s] -- Up-to-date symlink: /home/ravik/ros2_rolling/install/controller_manager_msgs/include/controller_manager_msgs/controller_manager_msgs/msg/detail/controller_state__type_support.hpp
[0.820s] -- Up-to-date symlink: /home/ravik/ros2_rolling/install/controller_manager_msgs/include/controller_manager_msgs/controller_manager_msgs/msg/detail/hardware_component_state__builder.hpp
[0.820s] -- Up-to-date symlink: /home/ravik/ros2_rolling/install/controller_manager_msgs/include/controller_manager_msgs/controller_manager_msgs/msg/detail/hardware_component_state__struct.hpp
[0.821s] -- Up-to-date symlink: /home/ravik/ros2_rolling/install/controller_manager_msgs/include/controller_manager_msgs/controller_manager_msgs/msg/detail/hardware_component_state__traits.hpp
[0.821s] -- Up-to-date symlink: /home/ravik/ros2_rolling/install/controller_manager_msgs/include/controller_manager_msgs/controller_manager_msgs/msg/detail/hardware_component_state__type_support.hpp
[0.821s] -- Up-to-date symlink: /home/ravik/ros2_rolling/install/controller_manager_msgs/include/controller_manager_msgs/controller_manager_msgs/msg/detail/hardware_interface__builder.hpp
[0.821s] -- Up-to-date symlink: /home/ravik/ros2_rolling/install/controller_manager_msgs/include/controller_manager_msgs/controller_manager_msgs/msg/detail/hardware_interface__struct.hpp
[0.821s] -- Up-to-date symlink: /home/ravik/ros2_rolling/install/controller_manager_msgs/include/controller_manager_msgs/controller_manager_msgs/msg/detail/hardware_interface__traits.hpp
[0.821s] -- Up-to-date symlink: /home/ravik/ros2_rolling/install/controller_manager_msgs/include/controller_manager_msgs/controller_manager_msgs/msg/detail/hardware_interface__type_support.hpp
[0.821s] -- Up-to-date symlink: /home/ravik/ros2_rolling/install/controller_manager_msgs/include/controller_manager_msgs/controller_manager_msgs/msg/hardware_component_state.hpp
[0.821s] -- Up-to-date symlink: /home/ravik/ros2_rolling/install/controller_manager_msgs/include/controller_manager_msgs/controller_manager_msgs/msg/hardware_interface.hpp
[0.821s] -- Up-to-date symlink: /home/ravik/ros2_rolling/install/controller_manager_msgs/include/controller_manager_msgs/controller_manager_msgs/msg/rosidl_generator_cpp__visibility_control.hpp
[0.821s] -- Up-to-date symlink: /home/ravik/ros2_rolling/install/controller_manager_msgs/include/controller_manager_msgs/controller_manager_msgs/srv/configure_controller.hpp
[0.822s] -- Up-to-date symlink: /home/ravik/ros2_rolling/install/controller_manager_msgs/include/controller_manager_msgs/controller_manager_msgs/srv/detail/configure_controller__builder.hpp
[0.822s] -- Up-to-date symlink: /home/ravik/ros2_rolling/install/controller_manager_msgs/include/controller_manager_msgs/controller_manager_msgs/srv/detail/configure_controller__struct.hpp
[0.822s] -- Up-to-date symlink: /home/ravik/ros2_rolling/install/controller_manager_msgs/include/controller_manager_msgs/controller_manager_msgs/srv/detail/configure_controller__traits.hpp
[0.822s] -- Up-to-date symlink: /home/ravik/ros2_rolling/install/controller_manager_msgs/include/controller_manager_msgs/controller_manager_msgs/srv/detail/configure_controller__type_support.hpp
[0.822s] -- Up-to-date symlink: /home/ravik/ros2_rolling/install/controller_manager_msgs/include/controller_manager_msgs/controller_manager_msgs/srv/detail/list_controller_types__builder.hpp
[0.822s] -- Up-to-date symlink: /home/ravik/ros2_rolling/install/controller_manager_msgs/include/controller_manager_msgs/controller_manager_msgs/srv/detail/list_controller_types__struct.hpp
[0.822s] -- Up-to-date symlink: /home/ravik/ros2_rolling/install/controller_manager_msgs/include/controller_manager_msgs/controller_manager_msgs/srv/detail/list_controller_types__traits.hpp
[0.822s] -- Up-to-date symlink: /home/ravik/ros2_rolling/install/controller_manager_msgs/include/controller_manager_msgs/controller_manager_msgs/srv/detail/list_controller_types__type_support.hpp
[0.822s] -- Up-to-date symlink: /home/ravik/ros2_rolling/install/controller_manager_msgs/include/controller_manager_msgs/controller_manager_msgs/srv/detail/list_controllers__builder.hpp
[0.822s] -- Up-to-date symlink: /home/ravik/ros2_rolling/install/controller_manager_msgs/include/controller_manager_msgs/controller_manager_msgs/srv/detail/list_controllers__struct.hpp
[0.822s] -- Up-to-date symlink: /home/ravik/ros2_rolling/install/controller_manager_msgs/include/controller_manager_msgs/controller_manager_msgs/srv/detail/list_controllers__traits.hpp
[0.823s] -- Up-to-date symlink: /home/ravik/ros2_rolling/install/controller_manager_msgs/include/controller_manager_msgs/controller_manager_msgs/srv/detail/list_controllers__type_support.hpp
[0.823s] -- Up-to-date symlink: /home/ravik/ros2_rolling/install/controller_manager_msgs/include/controller_manager_msgs/controller_manager_msgs/srv/detail/list_hardware_components__builder.hpp
[0.823s] -- Up-to-date symlink: /home/ravik/ros2_rolling/install/controller_manager_msgs/include/controller_manager_msgs/controller_manager_msgs/srv/detail/list_hardware_components__struct.hpp
[0.823s] -- Up-to-date symlink: /home/ravik/ros2_rolling/install/controller_manager_msgs/include/controller_manager_msgs/controller_manager_msgs/srv/detail/list_hardware_components__traits.hpp
[0.823s] -- Up-to-date symlink: /home/ravik/ros2_rolling/install/controller_manager_msgs/include/controller_manager_msgs/controller_manager_msgs/srv/detail/list_hardware_components__type_support.hpp
[0.823s] -- Up-to-date symlink: /home/ravik/ros2_rolling/install/controller_manager_msgs/include/controller_manager_msgs/controller_manager_msgs/srv/detail/list_hardware_interfaces__builder.hpp
[0.823s] -- Up-to-date symlink: /home/ravik/ros2_rolling/install/controller_manager_msgs/include/controller_manager_msgs/controller_manager_msgs/srv/detail/list_hardware_interfaces__struct.hpp
[0.823s] -- Up-to-date symlink: /home/ravik/ros2_rolling/install/controller_manager_msgs/include/controller_manager_msgs/controller_manager_msgs/srv/detail/list_hardware_interfaces__traits.hpp
[0.823s] -- Up-to-date symlink: /home/ravik/ros2_rolling/install/controller_manager_msgs/include/controller_manager_msgs/controller_manager_msgs/srv/detail/list_hardware_interfaces__type_support.hpp
[0.823s] -- Up-to-date symlink: /home/ravik/ros2_rolling/install/controller_manager_msgs/include/controller_manager_msgs/controller_manager_msgs/srv/detail/load_controller__builder.hpp
[0.823s] -- Up-to-date symlink: /home/ravik/ros2_rolling/install/controller_manager_msgs/include/controller_manager_msgs/controller_manager_msgs/srv/detail/load_controller__struct.hpp
[0.824s] -- Up-to-date symlink: /home/ravik/ros2_rolling/install/controller_manager_msgs/include/controller_manager_msgs/controller_manager_msgs/srv/detail/load_controller__traits.hpp
[0.824s] -- Up-to-date symlink: /home/ravik/ros2_rolling/install/controller_manager_msgs/include/controller_manager_msgs/controller_manager_msgs/srv/detail/load_controller__type_support.hpp
[0.824s] -- Up-to-date symlink: /home/ravik/ros2_rolling/install/controller_manager_msgs/include/controller_manager_msgs/controller_manager_msgs/srv/detail/reload_controller_libraries__builder.hpp
[0.824s] -- Up-to-date symlink: /home/ravik/ros2_rolling/install/controller_manager_msgs/include/controller_manager_msgs/controller_manager_msgs/srv/detail/reload_controller_libraries__struct.hpp
[0.824s] -- Up-to-date symlink: /home/ravik/ros2_rolling/install/controller_manager_msgs/include/controller_manager_msgs/controller_manager_msgs/srv/detail/reload_controller_libraries__traits.hpp
[0.824s] -- Up-to-date symlink: /home/ravik/ros2_rolling/install/controller_manager_msgs/include/controller_manager_msgs/controller_manager_msgs/srv/detail/reload_controller_libraries__type_support.hpp
[0.824s] -- Up-to-date symlink: /home/ravik/ros2_rolling/install/controller_manager_msgs/include/controller_manager_msgs/controller_manager_msgs/srv/detail/set_hardware_component_state__builder.hpp
[0.824s] -- Up-to-date symlink: /home/ravik/ros2_rolling/install/controller_manager_msgs/include/controller_manager_msgs/controller_manager_msgs/srv/detail/set_hardware_component_state__struct.hpp
[0.825s] -- Up-to-date symlink: /home/ravik/ros2_rolling/install/controller_manager_msgs/include/controller_manager_msgs/controller_manager_msgs/srv/detail/set_hardware_component_state__traits.hpp
[0.825s] -- Up-to-date symlink: /home/ravik/ros2_rolling/install/controller_manager_msgs/include/controller_manager_msgs/controller_manager_msgs/srv/detail/set_hardware_component_state__type_support.hpp
[0.825s] -- Up-to-date symlink: /home/ravik/ros2_rolling/install/controller_manager_msgs/include/controller_manager_msgs/controller_manager_msgs/srv/detail/switch_controller__builder.hpp
[0.825s] -- Up-to-date symlink: /home/ravik/ros2_rolling/install/controller_manager_msgs/include/controller_manager_msgs/controller_manager_msgs/srv/detail/switch_controller__struct.hpp
[0.825s] -- Up-to-date symlink: /home/ravik/ros2_rolling/install/controller_manager_msgs/include/controller_manager_msgs/controller_manager_msgs/srv/detail/switch_controller__traits.hpp
[0.825s] -- Up-to-date symlink: /home/ravik/ros2_rolling/install/controller_manager_msgs/include/controller_manager_msgs/controller_manager_msgs/srv/detail/switch_controller__type_support.hpp
[0.825s] -- Up-to-date symlink: /home/ravik/ros2_rolling/install/controller_manager_msgs/include/controller_manager_msgs/controller_manager_msgs/srv/detail/unload_controller__builder.hpp
[0.825s] -- Up-to-date symlink: /home/ravik/ros2_rolling/install/controller_manager_msgs/include/controller_manager_msgs/controller_manager_msgs/srv/detail/unload_controller__struct.hpp
[0.825s] -- Up-to-date symlink: /home/ravik/ros2_rolling/install/controller_manager_msgs/include/controller_manager_msgs/controller_manager_msgs/srv/detail/unload_controller__traits.hpp
[0.825s] -- Up-to-date symlink: /home/ravik/ros2_rolling/install/controller_manager_msgs/include/controller_manager_msgs/controller_manager_msgs/srv/detail/unload_controller__type_support.hpp
[0.825s] -- Up-to-date symlink: /home/ravik/ros2_rolling/install/controller_manager_msgs/include/controller_manager_msgs/controller_manager_msgs/srv/list_controller_types.hpp
[0.825s] -- Up-to-date symlink: /home/ravik/ros2_rolling/install/controller_manager_msgs/include/controller_manager_msgs/controller_manager_msgs/srv/list_controllers.hpp
[0.825s] -- Up-to-date symlink: /home/ravik/ros2_rolling/install/controller_manager_msgs/include/controller_manager_msgs/controller_manager_msgs/srv/list_hardware_components.hpp
[0.825s] -- Up-to-date symlink: /home/ravik/ros2_rolling/install/controller_manager_msgs/include/controller_manager_msgs/controller_manager_msgs/srv/list_hardware_interfaces.hpp
[0.825s] -- Up-to-date symlink: /home/ravik/ros2_rolling/install/controller_manager_msgs/include/controller_manager_msgs/controller_manager_msgs/srv/load_controller.hpp
[0.825s] -- Up-to-date symlink: /home/ravik/ros2_rolling/install/controller_manager_msgs/include/controller_manager_msgs/controller_manager_msgs/srv/reload_controller_libraries.hpp
[0.825s] -- Up-to-date symlink: /home/ravik/ros2_rolling/install/controller_manager_msgs/include/controller_manager_msgs/controller_manager_msgs/srv/set_hardware_component_state.hpp
[0.825s] -- Up-to-date symlink: /home/ravik/ros2_rolling/install/controller_manager_msgs/include/controller_manager_msgs/controller_manager_msgs/srv/switch_controller.hpp
[0.825s] -- Up-to-date symlink: /home/ravik/ros2_rolling/install/controller_manager_msgs/include/controller_manager_msgs/controller_manager_msgs/srv/unload_controller.hpp
[0.825s] -- Up-to-date symlink: /home/ravik/ros2_rolling/install/controller_manager_msgs/include/controller_manager_msgs/controller_manager_msgs/msg/detail/chain_connection__rosidl_typesupport_fastrtps_cpp.hpp
[0.825s] -- Up-to-date symlink: /home/ravik/ros2_rolling/install/controller_manager_msgs/include/controller_manager_msgs/controller_manager_msgs/msg/detail/controller_state__rosidl_typesupport_fastrtps_cpp.hpp
[0.825s] -- Up-to-date symlink: /home/ravik/ros2_rolling/install/controller_manager_msgs/include/controller_manager_msgs/controller_manager_msgs/msg/detail/hardware_component_state__rosidl_typesupport_fastrtps_cpp.hpp
[0.825s] -- Up-to-date symlink: /home/ravik/ros2_rolling/install/controller_manager_msgs/include/controller_manager_msgs/controller_manager_msgs/msg/detail/hardware_interface__rosidl_typesupport_fastrtps_cpp.hpp
[0.826s] -- Up-to-date symlink: /home/ravik/ros2_rolling/install/controller_manager_msgs/include/controller_manager_msgs/controller_manager_msgs/msg/rosidl_typesupport_fastrtps_cpp__visibility_control.h
[0.826s] -- Up-to-date symlink: /home/ravik/ros2_rolling/install/controller_manager_msgs/include/controller_manager_msgs/controller_manager_msgs/srv/detail/configure_controller__rosidl_typesupport_fastrtps_cpp.hpp
[0.826s] -- Up-to-date symlink: /home/ravik/ros2_rolling/install/controller_manager_msgs/include/controller_manager_msgs/controller_manager_msgs/srv/detail/list_controller_types__rosidl_typesupport_fastrtps_cpp.hpp
[0.826s] -- Up-to-date symlink: /home/ravik/ros2_rolling/install/controller_manager_msgs/include/controller_manager_msgs/controller_manager_msgs/srv/detail/list_controllers__rosidl_typesupport_fastrtps_cpp.hpp
[0.826s] -- Up-to-date symlink: /home/ravik/ros2_rolling/install/controller_manager_msgs/include/controller_manager_msgs/controller_manager_msgs/srv/detail/list_hardware_components__rosidl_typesupport_fastrtps_cpp.hpp
[0.826s] -- Up-to-date symlink: /home/ravik/ros2_rolling/install/controller_manager_msgs/include/controller_manager_msgs/controller_manager_msgs/srv/detail/list_hardware_interfaces__rosidl_typesupport_fastrtps_cpp.hpp
[0.826s] -- Up-to-date symlink: /home/ravik/ros2_rolling/install/controller_manager_msgs/include/controller_manager_msgs/controller_manager_msgs/srv/detail/load_controller__rosidl_typesupport_fastrtps_cpp.hpp
[0.826s] -- Up-to-date symlink: /home/ravik/ros2_rolling/install/controller_manager_msgs/include/controller_manager_msgs/controller_manager_msgs/srv/detail/reload_controller_libraries__rosidl_typesupport_fastrtps_cpp.hpp
[0.826s] -- Up-to-date symlink: /home/ravik/ros2_rolling/install/controller_manager_msgs/include/controller_manager_msgs/controller_manager_msgs/srv/detail/set_hardware_component_state__rosidl_typesupport_fastrtps_cpp.hpp
[0.826s] -- Up-to-date symlink: /home/ravik/ros2_rolling/install/controller_manager_msgs/include/controller_manager_msgs/controller_manager_msgs/srv/detail/switch_controller__rosidl_typesupport_fastrtps_cpp.hpp
[0.826s] -- Up-to-date symlink: /home/ravik/ros2_rolling/install/controller_manager_msgs/include/controller_manager_msgs/controller_manager_msgs/srv/detail/unload_controller__rosidl_typesupport_fastrtps_cpp.hpp
[0.826s] -- Up-to-date symlink: /home/ravik/ros2_rolling/install/controller_manager_msgs/include/controller_manager_msgs/controller_manager_msgs/msg/detail/chain_connection__rosidl_typesupport_introspection_c.h
[0.826s] -- Up-to-date symlink: /home/ravik/ros2_rolling/install/controller_manager_msgs/include/controller_manager_msgs/controller_manager_msgs/msg/detail/controller_state__rosidl_typesupport_introspection_c.h
[0.826s] -- Up-to-date symlink: /home/ravik/ros2_rolling/install/controller_manager_msgs/include/controller_manager_msgs/controller_manager_msgs/msg/detail/hardware_component_state__rosidl_typesupport_introspection_c.h
[0.826s] -- Up-to-date symlink: /home/ravik/ros2_rolling/install/controller_manager_msgs/include/controller_manager_msgs/controller_manager_msgs/msg/detail/hardware_interface__rosidl_typesupport_introspection_c.h
[0.826s] -- Up-to-date symlink: /home/ravik/ros2_rolling/install/controller_manager_msgs/include/controller_manager_msgs/controller_manager_msgs/msg/rosidl_typesupport_introspection_c__visibility_control.h
[0.826s] -- Up-to-date symlink: /home/ravik/ros2_rolling/install/controller_manager_msgs/include/controller_manager_msgs/controller_manager_msgs/srv/detail/configure_controller__rosidl_typesupport_introspection_c.h
[0.826s] -- Up-to-date symlink: /home/ravik/ros2_rolling/install/controller_manager_msgs/include/controller_manager_msgs/controller_manager_msgs/srv/detail/list_controller_types__rosidl_typesupport_introspection_c.h
[0.826s] -- Up-to-date symlink: /home/ravik/ros2_rolling/install/controller_manager_msgs/include/controller_manager_msgs/controller_manager_msgs/srv/detail/list_controllers__rosidl_typesupport_introspection_c.h
[0.826s] -- Up-to-date symlink: /home/ravik/ros2_rolling/install/controller_manager_msgs/include/controller_manager_msgs/controller_manager_msgs/srv/detail/list_hardware_components__rosidl_typesupport_introspection_c.h
[0.826s] -- Up-to-date symlink: /home/ravik/ros2_rolling/install/controller_manager_msgs/include/controller_manager_msgs/controller_manager_msgs/srv/detail/list_hardware_interfaces__rosidl_typesupport_introspection_c.h
[0.826s] -- Up-to-date symlink: /home/ravik/ros2_rolling/install/controller_manager_msgs/include/controller_manager_msgs/controller_manager_msgs/srv/detail/load_controller__rosidl_typesupport_introspection_c.h
[0.826s] -- Up-to-date symlink: /home/ravik/ros2_rolling/install/controller_manager_msgs/include/controller_manager_msgs/controller_manager_msgs/srv/detail/reload_controller_libraries__rosidl_typesupport_introspection_c.h
[0.826s] -- Up-to-date symlink: /home/ravik/ros2_rolling/install/controller_manager_msgs/include/controller_manager_msgs/controller_manager_msgs/srv/detail/set_hardware_component_state__rosidl_typesupport_introspection_c.h
[0.826s] -- Up-to-date symlink: /home/ravik/ros2_rolling/install/controller_manager_msgs/include/controller_manager_msgs/controller_manager_msgs/srv/detail/switch_controller__rosidl_typesupport_introspection_c.h
[0.827s] -- Up-to-date symlink: /home/ravik/ros2_rolling/install/controller_manager_msgs/include/controller_manager_msgs/controller_manager_msgs/srv/detail/unload_controller__rosidl_typesupport_introspection_c.h
[0.827s] -- Up-to-date symlink: /home/ravik/ros2_rolling/install/controller_manager_msgs/include/controller_manager_msgs/controller_manager_msgs/msg/detail/chain_connection__rosidl_typesupport_introspection_cpp.hpp
[0.827s] -- Up-to-date symlink: /home/ravik/ros2_rolling/install/controller_manager_msgs/include/controller_manager_msgs/controller_manager_msgs/msg/detail/controller_state__rosidl_typesupport_introspection_cpp.hpp
[0.827s] -- Up-to-date symlink: /home/ravik/ros2_rolling/install/controller_manager_msgs/include/controller_manager_msgs/controller_manager_msgs/msg/detail/hardware_component_state__rosidl_typesupport_introspection_cpp.hpp
[0.827s] -- Up-to-date symlink: /home/ravik/ros2_rolling/install/controller_manager_msgs/include/controller_manager_msgs/controller_manager_msgs/msg/detail/hardware_interface__rosidl_typesupport_introspection_cpp.hpp
[0.827s] -- Up-to-date symlink: /home/ravik/ros2_rolling/install/controller_manager_msgs/include/controller_manager_msgs/controller_manager_msgs/srv/detail/configure_controller__rosidl_typesupport_introspection_cpp.hpp
[0.827s] -- Up-to-date symlink: /home/ravik/ros2_rolling/install/controller_manager_msgs/include/controller_manager_msgs/controller_manager_msgs/srv/detail/list_controller_types__rosidl_typesupport_introspection_cpp.hpp
[0.827s] -- Up-to-date symlink: /home/ravik/ros2_rolling/install/controller_manager_msgs/include/controller_manager_msgs/controller_manager_msgs/srv/detail/list_controllers__rosidl_typesupport_introspection_cpp.hpp
[0.827s] -- Up-to-date symlink: /home/ravik/ros2_rolling/install/controller_manager_msgs/include/controller_manager_msgs/controller_manager_msgs/srv/detail/list_hardware_components__rosidl_typesupport_introspection_cpp.hpp
[0.827s] -- Up-to-date symlink: /home/ravik/ros2_rolling/install/controller_manager_msgs/include/controller_manager_msgs/controller_manager_msgs/srv/detail/list_hardware_interfaces__rosidl_typesupport_introspection_cpp.hpp
[0.827s] -- Up-to-date symlink: /home/ravik/ros2_rolling/install/controller_manager_msgs/include/controller_manager_msgs/controller_manager_msgs/srv/detail/load_controller__rosidl_typesupport_introspection_cpp.hpp
[0.827s] -- Up-to-date symlink: /home/ravik/ros2_rolling/install/controller_manager_msgs/include/controller_manager_msgs/controller_manager_msgs/srv/detail/reload_controller_libraries__rosidl_typesupport_introspection_cpp.hpp
[0.827s] -- Up-to-date symlink: /home/ravik/ros2_rolling/install/controller_manager_msgs/include/controller_manager_msgs/controller_manager_msgs/srv/detail/set_hardware_component_state__rosidl_typesupport_introspection_cpp.hpp
[0.827s] -- Up-to-date symlink: /home/ravik/ros2_rolling/install/controller_manager_msgs/include/controller_manager_msgs/controller_manager_msgs/srv/detail/switch_controller__rosidl_typesupport_introspection_cpp.hpp
[0.827s] -- Up-to-date symlink: /home/ravik/ros2_rolling/install/controller_manager_msgs/include/controller_manager_msgs/controller_manager_msgs/srv/detail/unload_controller__rosidl_typesupport_introspection_cpp.hpp
[0.827s] -- Up-to-date symlink: /home/ravik/ros2_rolling/install/controller_manager_msgs/share/controller_manager_msgs/environment/pythonpath.sh
[0.827s] -- Up-to-date symlink: /home/ravik/ros2_rolling/install/controller_manager_msgs/share/controller_manager_msgs/environment/pythonpath.dsv
[0.827s] -- Up-to-date symlink: /home/ravik/ros2_rolling/install/controller_manager_msgs/lib/python3.12/site-packages/controller_manager_msgs-4.20.0-py3.12.egg-info/PKG-INFO
[0.827s] -- Up-to-date symlink: /home/ravik/ros2_rolling/install/controller_manager_msgs/lib/python3.12/site-packages/controller_manager_msgs-4.20.0-py3.12.egg-info/SOURCES.txt
[0.827s] -- Up-to-date symlink: /home/ravik/ros2_rolling/install/controller_manager_msgs/lib/python3.12/site-packages/controller_manager_msgs-4.20.0-py3.12.egg-info/dependency_links.txt
[0.828s] -- Up-to-date symlink: /home/ravik/ros2_rolling/install/controller_manager_msgs/lib/python3.12/site-packages/controller_manager_msgs-4.20.0-py3.12.egg-info/top_level.txt
[0.828s] -- Up-to-date symlink: /home/ravik/ros2_rolling/install/controller_manager_msgs/lib/python3.12/site-packages/controller_manager_msgs/__init__.py
[0.828s] -- Up-to-date symlink: /home/ravik/ros2_rolling/install/controller_manager_msgs/lib/python3.12/site-packages/controller_manager_msgs/_controller_manager_msgs_s.ep.rosidl_typesupport_c.c
[0.828s] -- Up-to-date symlink: /home/ravik/ros2_rolling/install/controller_manager_msgs/lib/python3.12/site-packages/controller_manager_msgs/_controller_manager_msgs_s.ep.rosidl_typesupport_fastrtps_c.c
[0.828s] -- Up-to-date symlink: /home/ravik/ros2_rolling/install/controller_manager_msgs/lib/python3.12/site-packages/controller_manager_msgs/_controller_manager_msgs_s.ep.rosidl_typesupport_introspection_c.c
[0.828s] -- Up-to-date symlink: /home/ravik/ros2_rolling/install/controller_manager_msgs/lib/python3.12/site-packages/controller_manager_msgs/controller_manager_msgs_s__rosidl_typesupport_c.so
[0.828s] -- Up-to-date symlink: /home/ravik/ros2_rolling/install/controller_manager_msgs/lib/python3.12/site-packages/controller_manager_msgs/controller_manager_msgs_s__rosidl_typesupport_fastrtps_c.so
[0.828s] -- Up-to-date symlink: /home/ravik/ros2_rolling/install/controller_manager_msgs/lib/python3.12/site-packages/controller_manager_msgs/controller_manager_msgs_s__rosidl_typesupport_introspection_c.so
[0.828s] -- Up-to-date symlink: /home/ravik/ros2_rolling/install/controller_manager_msgs/lib/python3.12/site-packages/controller_manager_msgs/msg/__init__.py
[0.828s] -- Up-to-date symlink: /home/ravik/ros2_rolling/install/controller_manager_msgs/lib/python3.12/site-packages/controller_manager_msgs/msg/_chain_connection.py
[0.828s] -- Up-to-date symlink: /home/ravik/ros2_rolling/install/controller_manager_msgs/lib/python3.12/site-packages/controller_manager_msgs/msg/_chain_connection_s.c
[0.828s] -- Up-to-date symlink: /home/ravik/ros2_rolling/install/controller_manager_msgs/lib/python3.12/site-packages/controller_manager_msgs/msg/_controller_state.py
[0.828s] -- Up-to-date symlink: /home/ravik/ros2_rolling/install/controller_manager_msgs/lib/python3.12/site-packages/controller_manager_msgs/msg/_controller_state_s.c
[0.828s] -- Up-to-date symlink: /home/ravik/ros2_rolling/install/controller_manager_msgs/lib/python3.12/site-packages/controller_manager_msgs/msg/_hardware_component_state.py
[0.828s] -- Up-to-date symlink: /home/ravik/ros2_rolling/install/controller_manager_msgs/lib/python3.12/site-packages/controller_manager_msgs/msg/_hardware_component_state_s.c
[0.828s] -- Up-to-date symlink: /home/ravik/ros2_rolling/install/controller_manager_msgs/lib/python3.12/site-packages/controller_manager_msgs/msg/_hardware_interface.py
[0.828s] -- Up-to-date symlink: /home/ravik/ros2_rolling/install/controller_manager_msgs/lib/python3.12/site-packages/controller_manager_msgs/msg/_hardware_interface_s.c
[0.828s] -- Up-to-date symlink: /home/ravik/ros2_rolling/install/controller_manager_msgs/lib/python3.12/site-packages/controller_manager_msgs/srv/__init__.py
[0.828s] -- Up-to-date symlink: /home/ravik/ros2_rolling/install/controller_manager_msgs/lib/python3.12/site-packages/controller_manager_msgs/srv/_configure_controller.py
[0.828s] -- Up-to-date symlink: /home/ravik/ros2_rolling/install/controller_manager_msgs/lib/python3.12/site-packages/controller_manager_msgs/srv/_configure_controller_s.c
[0.828s] -- Up-to-date symlink: /home/ravik/ros2_rolling/install/controller_manager_msgs/lib/python3.12/site-packages/controller_manager_msgs/srv/_list_controller_types.py
[0.829s] -- Up-to-date symlink: /home/ravik/ros2_rolling/install/controller_manager_msgs/lib/python3.12/site-packages/controller_manager_msgs/srv/_list_controller_types_s.c
[0.829s] -- Up-to-date symlink: /home/ravik/ros2_rolling/install/controller_manager_msgs/lib/python3.12/site-packages/controller_manager_msgs/srv/_list_controllers.py
[0.829s] -- Up-to-date symlink: /home/ravik/ros2_rolling/install/controller_manager_msgs/lib/python3.12/site-packages/controller_manager_msgs/srv/_list_controllers_s.c
[0.829s] -- Up-to-date symlink: /home/ravik/ros2_rolling/install/controller_manager_msgs/lib/python3.12/site-packages/controller_manager_msgs/srv/_list_hardware_components.py
[0.829s] -- Up-to-date symlink: /home/ravik/ros2_rolling/install/controller_manager_msgs/lib/python3.12/site-packages/controller_manager_msgs/srv/_list_hardware_components_s.c
[0.829s] -- Up-to-date symlink: /home/ravik/ros2_rolling/install/controller_manager_msgs/lib/python3.12/site-packages/controller_manager_msgs/srv/_list_hardware_interfaces.py
[0.829s] -- Up-to-date symlink: /home/ravik/ros2_rolling/install/controller_manager_msgs/lib/python3.12/site-packages/controller_manager_msgs/srv/_list_hardware_interfaces_s.c
[0.829s] -- Up-to-date symlink: /home/ravik/ros2_rolling/install/controller_manager_msgs/lib/python3.12/site-packages/controller_manager_msgs/srv/_load_controller.py
[0.829s] -- Up-to-date symlink: /home/ravik/ros2_rolling/install/controller_manager_msgs/lib/python3.12/site-packages/controller_manager_msgs/srv/_load_controller_s.c
[0.829s] -- Up-to-date symlink: /home/ravik/ros2_rolling/install/controller_manager_msgs/lib/python3.12/site-packages/controller_manager_msgs/srv/_reload_controller_libraries.py
[0.829s] -- Up-to-date symlink: /home/ravik/ros2_rolling/install/controller_manager_msgs/lib/python3.12/site-packages/controller_manager_msgs/srv/_reload_controller_libraries_s.c
[0.829s] -- Up-to-date symlink: /home/ravik/ros2_rolling/install/controller_manager_msgs/lib/python3.12/site-packages/controller_manager_msgs/srv/_set_hardware_component_state.py
[0.830s] -- Up-to-date symlink: /home/ravik/ros2_rolling/install/controller_manager_msgs/lib/python3.12/site-packages/controller_manager_msgs/srv/_set_hardware_component_state_s.c
[0.830s] -- Up-to-date symlink: /home/ravik/ros2_rolling/install/controller_manager_msgs/lib/python3.12/site-packages/controller_manager_msgs/srv/_switch_controller.py
[0.830s] -- Up-to-date symlink: /home/ravik/ros2_rolling/install/controller_manager_msgs/lib/python3.12/site-packages/controller_manager_msgs/srv/_switch_controller_s.c
[0.830s] -- Up-to-date symlink: /home/ravik/ros2_rolling/install/controller_manager_msgs/lib/python3.12/site-packages/controller_manager_msgs/srv/_unload_controller.py
[0.830s] -- Up-to-date symlink: /home/ravik/ros2_rolling/install/controller_manager_msgs/lib/python3.12/site-packages/controller_manager_msgs/srv/_unload_controller_s.c
[0.830s] -- Up-to-date symlink: /home/ravik/ros2_rolling/install/controller_manager_msgs/lib/python3.12/site-packages/controller_manager_msgs/controller_manager_msgs_s__rosidl_typesupport_fastrtps_c.so
[0.830s] -- Up-to-date symlink: /home/ravik/ros2_rolling/install/controller_manager_msgs/lib/python3.12/site-packages/controller_manager_msgs/controller_manager_msgs_s__rosidl_typesupport_introspection_c.so
[0.830s] -- Up-to-date symlink: /home/ravik/ros2_rolling/install/controller_manager_msgs/lib/python3.12/site-packages/controller_manager_msgs/controller_manager_msgs_s__rosidl_typesupport_c.so
[0.830s] -- Up-to-date symlink: /home/ravik/ros2_rolling/install/controller_manager_msgs/share/controller_manager_msgs/msg/ControllerState.idl
[0.830s] -- Up-to-date symlink: /home/ravik/ros2_rolling/install/controller_manager_msgs/share/controller_manager_msgs/msg/ChainConnection.idl
[0.831s] -- Up-to-date symlink: /home/ravik/ros2_rolling/install/controller_manager_msgs/share/controller_manager_msgs/msg/HardwareComponentState.idl
[0.831s] -- Up-to-date symlink: /home/ravik/ros2_rolling/install/controller_manager_msgs/share/controller_manager_msgs/msg/HardwareInterface.idl
[0.831s] -- Up-to-date symlink: /home/ravik/ros2_rolling/install/controller_manager_msgs/share/controller_manager_msgs/srv/ConfigureController.idl
[0.831s] -- Up-to-date symlink: /home/ravik/ros2_rolling/install/controller_manager_msgs/share/controller_manager_msgs/srv/ListControllers.idl
[0.831s] -- Up-to-date symlink: /home/ravik/ros2_rolling/install/controller_manager_msgs/share/controller_manager_msgs/srv/ListControllerTypes.idl
[0.831s] -- Up-to-date symlink: /home/ravik/ros2_rolling/install/controller_manager_msgs/share/controller_manager_msgs/srv/ListHardwareComponents.idl
[0.831s] -- Up-to-date symlink: /home/ravik/ros2_rolling/install/controller_manager_msgs/share/controller_manager_msgs/srv/ListHardwareInterfaces.idl
[0.831s] -- Up-to-date symlink: /home/ravik/ros2_rolling/install/controller_manager_msgs/share/controller_manager_msgs/srv/LoadController.idl
[0.831s] -- Up-to-date symlink: /home/ravik/ros2_rolling/install/controller_manager_msgs/share/controller_manager_msgs/srv/ReloadControllerLibraries.idl
[0.831s] -- Up-to-date symlink: /home/ravik/ros2_rolling/install/controller_manager_msgs/share/controller_manager_msgs/srv/SetHardwareComponentState.idl
[0.831s] -- Up-to-date symlink: /home/ravik/ros2_rolling/install/controller_manager_msgs/share/controller_manager_msgs/srv/SwitchController.idl
[0.832s] -- Up-to-date symlink: /home/ravik/ros2_rolling/install/controller_manager_msgs/share/controller_manager_msgs/srv/UnloadController.idl
[0.832s] -- Up-to-date symlink: /home/ravik/ros2_rolling/install/controller_manager_msgs/share/controller_manager_msgs/msg/ControllerState.msg
[0.832s] -- Up-to-date symlink: /home/ravik/ros2_rolling/install/controller_manager_msgs/share/controller_manager_msgs/msg/ChainConnection.msg
[0.832s] -- Up-to-date symlink: /home/ravik/ros2_rolling/install/controller_manager_msgs/share/controller_manager_msgs/msg/HardwareComponentState.msg
[0.832s] -- Up-to-date symlink: /home/ravik/ros2_rolling/install/controller_manager_msgs/share/controller_manager_msgs/msg/HardwareInterface.msg
[0.832s] -- Up-to-date symlink: /home/ravik/ros2_rolling/install/controller_manager_msgs/share/controller_manager_msgs/srv/ConfigureController.srv
[0.832s] -- Up-to-date symlink: /home/ravik/ros2_rolling/install/controller_manager_msgs/share/controller_manager_msgs/srv/ListControllers.srv
[0.832s] -- Up-to-date symlink: /home/ravik/ros2_rolling/install/controller_manager_msgs/share/controller_manager_msgs/srv/ListControllerTypes.srv
[0.832s] -- Up-to-date symlink: /home/ravik/ros2_rolling/install/controller_manager_msgs/share/controller_manager_msgs/srv/ListHardwareComponents.srv
[0.832s] -- Up-to-date symlink: /home/ravik/ros2_rolling/install/controller_manager_msgs/share/controller_manager_msgs/srv/ListHardwareInterfaces.srv
[0.832s] -- Up-to-date symlink: /home/ravik/ros2_rolling/install/controller_manager_msgs/share/controller_manager_msgs/srv/LoadController.srv
[0.833s] -- Up-to-date symlink: /home/ravik/ros2_rolling/install/controller_manager_msgs/share/controller_manager_msgs/srv/ReloadControllerLibraries.srv
[0.833s] -- Up-to-date symlink: /home/ravik/ros2_rolling/install/controller_manager_msgs/share/controller_manager_msgs/srv/SetHardwareComponentState.srv
[0.833s] -- Up-to-date symlink: /home/ravik/ros2_rolling/install/controller_manager_msgs/share/controller_manager_msgs/srv/SwitchController.srv
[0.833s] -- Up-to-date symlink: /home/ravik/ros2_rolling/install/controller_manager_msgs/share/controller_manager_msgs/srv/UnloadController.srv
[0.833s] -- Up-to-date symlink: /home/ravik/ros2_rolling/install/controller_manager_msgs/share/ament_index/resource_index/package_run_dependencies/controller_manager_msgs
[0.833s] -- Up-to-date symlink: /home/ravik/ros2_rolling/install/controller_manager_msgs/share/ament_index/resource_index/parent_prefix_path/controller_manager_msgs
[0.833s] -- Up-to-date symlink: /home/ravik/ros2_rolling/install/controller_manager_msgs/share/controller_manager_msgs/environment/ament_prefix_path.sh
[0.833s] -- Up-to-date symlink: /home/ravik/ros2_rolling/install/controller_manager_msgs/share/controller_manager_msgs/environment/ament_prefix_path.dsv
[0.833s] -- Up-to-date symlink: /home/ravik/ros2_rolling/install/controller_manager_msgs/share/controller_manager_msgs/environment/path.sh
[0.833s] -- Up-to-date symlink: /home/ravik/ros2_rolling/install/controller_manager_msgs/share/controller_manager_msgs/environment/path.dsv
[0.833s] -- Up-to-date symlink: /home/ravik/ros2_rolling/install/controller_manager_msgs/share/controller_manager_msgs/local_setup.bash
[0.833s] -- Up-to-date symlink: /home/ravik/ros2_rolling/install/controller_manager_msgs/share/controller_manager_msgs/local_setup.sh
[0.833s] -- Up-to-date symlink: /home/ravik/ros2_rolling/install/controller_manager_msgs/share/controller_manager_msgs/local_setup.zsh
[0.834s] -- Up-to-date symlink: /home/ravik/ros2_rolling/install/controller_manager_msgs/share/controller_manager_msgs/local_setup.dsv
[0.834s] -- Symlinking: /home/ravik/ros2_rolling/install/controller_manager_msgs/share/controller_manager_msgs/package.dsv
[0.839s] -- Up-to-date symlink: /home/ravik/ros2_rolling/install/controller_manager_msgs/share/ament_index/resource_index/packages/controller_manager_msgs
[0.840s] -- Up-to-date symlink: /home/ravik/ros2_rolling/install/controller_manager_msgs/share/controller_manager_msgs/cmake/rosidl_cmake-extras.cmake
[0.840s] -- Up-to-date symlink: /home/ravik/ros2_rolling/install/controller_manager_msgs/share/controller_manager_msgs/cmake/ament_cmake_export_dependencies-extras.cmake
[0.840s] -- Up-to-date symlink: /home/ravik/ros2_rolling/install/controller_manager_msgs/share/controller_manager_msgs/cmake/ament_cmake_export_include_directories-extras.cmake
[0.840s] -- Up-to-date symlink: /home/ravik/ros2_rolling/install/controller_manager_msgs/share/controller_manager_msgs/cmake/ament_cmake_export_libraries-extras.cmake
[0.840s] -- Up-to-date symlink: /home/ravik/ros2_rolling/install/controller_manager_msgs/share/controller_manager_msgs/cmake/ament_cmake_export_targets-extras.cmake
[0.840s] -- Up-to-date symlink: /home/ravik/ros2_rolling/install/controller_manager_msgs/share/controller_manager_msgs/cmake/rosidl_cmake_export_typesupport_targets-extras.cmake
[0.840s] -- Up-to-date symlink: /home/ravik/ros2_rolling/install/controller_manager_msgs/share/controller_manager_msgs/cmake/rosidl_cmake_export_typesupport_libraries-extras.cmake
[0.840s] -- Up-to-date symlink: /home/ravik/ros2_rolling/install/controller_manager_msgs/share/controller_manager_msgs/cmake/controller_manager_msgsConfig.cmake
[0.840s] -- Up-to-date symlink: /home/ravik/ros2_rolling/install/controller_manager_msgs/share/controller_manager_msgs/cmake/controller_manager_msgsConfig-version.cmake
[0.840s] -- Up-to-date symlink: /home/ravik/ros2_rolling/install/controller_manager_msgs/share/controller_manager_msgs/package.xml
[0.840s] -- Up-to-date: /home/ravik/ros2_rolling/install/controller_manager_msgs/lib/libcontroller_manager_msgs__rosidl_generator_c.so
[0.841s] -- Up-to-date: /home/ravik/ros2_rolling/install/controller_manager_msgs/lib/libcontroller_manager_msgs__rosidl_typesupport_fastrtps_c.so
[0.841s] -- Up-to-date: /home/ravik/ros2_rolling/install/controller_manager_msgs/lib/libcontroller_manager_msgs__rosidl_typesupport_fastrtps_cpp.so
[0.841s] -- Up-to-date: /home/ravik/ros2_rolling/install/controller_manager_msgs/lib/libcontroller_manager_msgs__rosidl_typesupport_introspection_c.so
[0.841s] -- Up-to-date: /home/ravik/ros2_rolling/install/controller_manager_msgs/lib/libcontroller_manager_msgs__rosidl_typesupport_c.so
[0.841s] -- Up-to-date: /home/ravik/ros2_rolling/install/controller_manager_msgs/lib/libcontroller_manager_msgs__rosidl_typesupport_introspection_cpp.so
[0.841s] -- Up-to-date: /home/ravik/ros2_rolling/install/controller_manager_msgs/lib/libcontroller_manager_msgs__rosidl_typesupport_cpp.so
[0.877s] Listing '/home/ravik/ros2_rolling/install/controller_manager_msgs/lib/python3.12/site-packages/controller_manager_msgs'...
[0.877s] Listing '/home/ravik/ros2_rolling/install/controller_manager_msgs/lib/python3.12/site-packages/controller_manager_msgs/msg'...
[0.877s] Listing '/home/ravik/ros2_rolling/install/controller_manager_msgs/lib/python3.12/site-packages/controller_manager_msgs/srv'...
[0.881s] -- Up-to-date: /home/ravik/ros2_rolling/install/controller_manager_msgs/lib/libcontroller_manager_msgs__rosidl_generator_py.so
[0.881s] -- Up-to-date: /home/ravik/ros2_rolling/install/controller_manager_msgs/share/controller_manager_msgs/cmake/export_controller_manager_msgs__rosidl_generator_cExport.cmake
[0.881s] -- Up-to-date: /home/ravik/ros2_rolling/install/controller_manager_msgs/share/controller_manager_msgs/cmake/export_controller_manager_msgs__rosidl_generator_cExport-noconfig.cmake
[0.881s] -- Up-to-date: /home/ravik/ros2_rolling/install/controller_manager_msgs/share/controller_manager_msgs/cmake/export_controller_manager_msgs__rosidl_typesupport_fastrtps_cExport.cmake
[0.882s] -- Up-to-date: /home/ravik/ros2_rolling/install/controller_manager_msgs/share/controller_manager_msgs/cmake/export_controller_manager_msgs__rosidl_typesupport_fastrtps_cExport-noconfig.cmake
[0.882s] -- Up-to-date: /home/ravik/ros2_rolling/install/controller_manager_msgs/share/controller_manager_msgs/cmake/export_controller_manager_msgs__rosidl_generator_cppExport.cmake
[0.882s] -- Up-to-date: /home/ravik/ros2_rolling/install/controller_manager_msgs/share/controller_manager_msgs/cmake/export_controller_manager_msgs__rosidl_typesupport_fastrtps_cppExport.cmake
[0.882s] -- Up-to-date: /home/ravik/ros2_rolling/install/controller_manager_msgs/share/controller_manager_msgs/cmake/export_controller_manager_msgs__rosidl_typesupport_fastrtps_cppExport-noconfig.cmake
[0.882s] -- Up-to-date: /home/ravik/ros2_rolling/install/controller_manager_msgs/share/controller_manager_msgs/cmake/controller_manager_msgs__rosidl_typesupport_introspection_cExport.cmake
[0.882s] -- Up-to-date: /home/ravik/ros2_rolling/install/controller_manager_msgs/share/controller_manager_msgs/cmake/controller_manager_msgs__rosidl_typesupport_introspection_cExport-noconfig.cmake
[0.882s] -- Up-to-date: /home/ravik/ros2_rolling/install/controller_manager_msgs/share/controller_manager_msgs/cmake/controller_manager_msgs__rosidl_typesupport_cExport.cmake
[0.882s] -- Up-to-date: /home/ravik/ros2_rolling/install/controller_manager_msgs/share/controller_manager_msgs/cmake/controller_manager_msgs__rosidl_typesupport_cExport-noconfig.cmake
[0.882s] -- Up-to-date: /home/ravik/ros2_rolling/install/controller_manager_msgs/share/controller_manager_msgs/cmake/controller_manager_msgs__rosidl_typesupport_introspection_cppExport.cmake
[0.882s] -- Up-to-date: /home/ravik/ros2_rolling/install/controller_manager_msgs/share/controller_manager_msgs/cmake/controller_manager_msgs__rosidl_typesupport_introspection_cppExport-noconfig.cmake
[0.882s] -- Up-to-date: /home/ravik/ros2_rolling/install/controller_manager_msgs/share/controller_manager_msgs/cmake/controller_manager_msgs__rosidl_typesupport_cppExport.cmake
[0.882s] -- Up-to-date: /home/ravik/ros2_rolling/install/controller_manager_msgs/share/controller_manager_msgs/cmake/controller_manager_msgs__rosidl_typesupport_cppExport-noconfig.cmake
[0.882s] -- Up-to-date: /home/ravik/ros2_rolling/install/controller_manager_msgs/share/controller_manager_msgs/cmake/export_controller_manager_msgs__rosidl_generator_pyExport.cmake
[0.882s] -- Up-to-date: /home/ravik/ros2_rolling/install/controller_manager_msgs/share/controller_manager_msgs/cmake/export_controller_manager_msgs__rosidl_generator_pyExport-noconfig.cmake
[0.884s] Invoked command in '/home/ravik/ros2_rolling/build/controller_manager_msgs' returned '0': CMAKE_PREFIX_PATH=${CMAKE_PREFIX_PATH}:/opt/ros/rolling PS1=\[\e]0;$(parse_ros_workspace)\a\]\[\e[1;32m\]\u\[\[\e[0;37m\]@\[\[\e[0;33m\]\h\[\[\e[1;33m\]${text}\[\[\e[0;37m\]:\[$(set_ros_workspace_color)\]$(parse_ros_workspace)\[\[\e[0;32m\]$(parse_git_bracket)\[$(set_git_color)\]$(get_gitbranch)\[\e[0;32m\]>\[\e[1;35m\]\W\[\[\e[1;35m\]$\[\[\e[0m\]\[\e[m\] /usr/bin/cmake --install /home/ravik/ros2_rolling/build/controller_manager_msgs
