[0.025s] Invoking command in '/home/ravik/ros2_rolling/build/transmission_interface': AMENT_PREFIX_PATH=/home/ravik/ros2_rolling/install/hardware_interface:/home/ravik/ros2_rolling/install/joint_limits:/home/ravik/ros2_rolling/install/generate_parameter_library:/home/ravik/ros2_rolling/install/ros2_control_test_assets:/home/ravik/ros2_rolling/install/realtime_tools:/home/ravik/ros2_rolling/install/parameter_traits:/home/ravik/ros2_rolling/install/generate_parameter_library_py:/home/ravik/ros2_rolling/install/control_msgs:${AMENT_PREFIX_PATH} CMAKE_PREFIX_PATH=/home/ravik/ros2_rolling/install/hardware_interface:/home/ravik/ros2_rolling/install/joint_limits:/home/ravik/ros2_rolling/install/generate_parameter_library:/home/ravik/ros2_rolling/install/ros2_control_test_assets:/home/ravik/ros2_rolling/install/realtime_tools:/home/ravik/ros2_rolling/install/parameter_traits:/home/ravik/ros2_rolling/install/control_msgs:/opt/ros/rolling/opt/gz_math_vendor:/opt/ros/rolling/opt/gz_utils_vendor:/opt/ros/rolling/opt/gz_cmake_vendor:/opt/ros/rolling LD_LIBRARY_PATH=/home/ravik/ros2_rolling/install/hardware_interface/lib:/home/ravik/ros2_rolling/install/joint_limits/lib:/home/ravik/ros2_rolling/install/ros2_control_test_assets/lib:/home/ravik/ros2_rolling/install/realtime_tools/lib:/home/ravik/ros2_rolling/install/parameter_traits/lib:/home/ravik/ros2_rolling/install/control_msgs/lib:${LD_LIBRARY_PATH} PATH=/home/ravik/ros2_rolling/install/generate_parameter_library_py/bin:${PATH} PS1=\[\e]0;$(parse_ros_workspace)\a\]\[\e[1;32m\]\u\[\[\e[0;37m\]@\[\[\e[0;33m\]\h\[\[\e[1;33m\]${text}\[\[\e[0;37m\]:\[$(set_ros_workspace_color)\]$(parse_ros_workspace)\[\[\e[0;32m\]$(parse_git_bracket)\[$(set_git_color)\]$(get_gitbranch)\[\e[0;32m\]>\[\e[1;35m\]\W\[\[\e[1;35m\]$\[\[\e[0m\]\[\e[m\] PYTHONPATH=/home/ravik/ros2_rolling/build/generate_parameter_library_py:/home/ravik/ros2_rolling/install/generate_parameter_library_py/lib/python3.12/site-packages:/home/ravik/ros2_rolling/install/control_msgs/lib/python3.12/site-packages:${PYTHONPATH} /usr/bin/cmake --build /home/ravik/ros2_rolling/build/transmission_interface -- -j32 -l32
[0.072s] [ 12%] Built target gmock
[0.074s] [ 16%] Built target ament_generate_version_header__transmission_interface
[0.076s] [ 25%] Built target gmock_main
[0.096s] [ 41%] Built target transmission_interface
[0.098s] [ 50%] Built target test_utils
[0.116s] [ 58%] Built target test_simple_transmission
[0.118s] [ 66%] Built target test_differential_transmission
[0.119s] [ 75%] Built target test_differential_transmission_loader
[0.120s] [ 83%] Built target test_simple_transmission_loader
[0.121s] [ 91%] Built target test_four_bar_linkage_transmission
[0.122s] [100%] Built target test_four_bar_linkage_transmission_loader
[0.132s] Invoked command in '/home/ravik/ros2_rolling/build/transmission_interface' returned '0': AMENT_PREFIX_PATH=/home/ravik/ros2_rolling/install/hardware_interface:/home/ravik/ros2_rolling/install/joint_limits:/home/ravik/ros2_rolling/install/generate_parameter_library:/home/ravik/ros2_rolling/install/ros2_control_test_assets:/home/ravik/ros2_rolling/install/realtime_tools:/home/ravik/ros2_rolling/install/parameter_traits:/home/ravik/ros2_rolling/install/generate_parameter_library_py:/home/ravik/ros2_rolling/install/control_msgs:${AMENT_PREFIX_PATH} CMAKE_PREFIX_PATH=/home/ravik/ros2_rolling/install/hardware_interface:/home/ravik/ros2_rolling/install/joint_limits:/home/ravik/ros2_rolling/install/generate_parameter_library:/home/ravik/ros2_rolling/install/ros2_control_test_assets:/home/ravik/ros2_rolling/install/realtime_tools:/home/ravik/ros2_rolling/install/parameter_traits:/home/ravik/ros2_rolling/install/control_msgs:/opt/ros/rolling/opt/gz_math_vendor:/opt/ros/rolling/opt/gz_utils_vendor:/opt/ros/rolling/opt/gz_cmake_vendor:/opt/ros/rolling LD_LIBRARY_PATH=/home/ravik/ros2_rolling/install/hardware_interface/lib:/home/ravik/ros2_rolling/install/joint_limits/lib:/home/ravik/ros2_rolling/install/ros2_control_test_assets/lib:/home/ravik/ros2_rolling/install/realtime_tools/lib:/home/ravik/ros2_rolling/install/parameter_traits/lib:/home/ravik/ros2_rolling/install/control_msgs/lib:${LD_LIBRARY_PATH} PATH=/home/ravik/ros2_rolling/install/generate_parameter_library_py/bin:${PATH} PS1=\[\e]0;$(parse_ros_workspace)\a\]\[\e[1;32m\]\u\[\[\e[0;37m\]@\[\[\e[0;33m\]\h\[\[\e[1;33m\]${text}\[\[\e[0;37m\]:\[$(set_ros_workspace_color)\]$(parse_ros_workspace)\[\[\e[0;32m\]$(parse_git_bracket)\[$(set_git_color)\]$(get_gitbranch)\[\e[0;32m\]>\[\e[1;35m\]\W\[\[\e[1;35m\]$\[\[\e[0m\]\[\e[m\] PYTHONPATH=/home/ravik/ros2_rolling/build/generate_parameter_library_py:/home/ravik/ros2_rolling/install/generate_parameter_library_py/lib/python3.12/site-packages:/home/ravik/ros2_rolling/install/control_msgs/lib/python3.12/site-packages:${PYTHONPATH} /usr/bin/cmake --build /home/ravik/ros2_rolling/build/transmission_interface -- -j32 -l32
[0.178s] Invoking command in '/home/ravik/ros2_rolling/build/transmission_interface': AMENT_PREFIX_PATH=/home/ravik/ros2_rolling/install/hardware_interface:/home/ravik/ros2_rolling/install/joint_limits:/home/ravik/ros2_rolling/install/generate_parameter_library:/home/ravik/ros2_rolling/install/ros2_control_test_assets:/home/ravik/ros2_rolling/install/realtime_tools:/home/ravik/ros2_rolling/install/parameter_traits:/home/ravik/ros2_rolling/install/generate_parameter_library_py:/home/ravik/ros2_rolling/install/control_msgs:${AMENT_PREFIX_PATH} CMAKE_PREFIX_PATH=/home/ravik/ros2_rolling/install/hardware_interface:/home/ravik/ros2_rolling/install/joint_limits:/home/ravik/ros2_rolling/install/generate_parameter_library:/home/ravik/ros2_rolling/install/ros2_control_test_assets:/home/ravik/ros2_rolling/install/realtime_tools:/home/ravik/ros2_rolling/install/parameter_traits:/home/ravik/ros2_rolling/install/control_msgs:/opt/ros/rolling/opt/gz_math_vendor:/opt/ros/rolling/opt/gz_utils_vendor:/opt/ros/rolling/opt/gz_cmake_vendor:/opt/ros/rolling LD_LIBRARY_PATH=/home/ravik/ros2_rolling/install/hardware_interface/lib:/home/ravik/ros2_rolling/install/joint_limits/lib:/home/ravik/ros2_rolling/install/ros2_control_test_assets/lib:/home/ravik/ros2_rolling/install/realtime_tools/lib:/home/ravik/ros2_rolling/install/parameter_traits/lib:/home/ravik/ros2_rolling/install/control_msgs/lib:${LD_LIBRARY_PATH} PATH=/home/ravik/ros2_rolling/install/generate_parameter_library_py/bin:${PATH} PS1=\[\e]0;$(parse_ros_workspace)\a\]\[\e[1;32m\]\u\[\[\e[0;37m\]@\[\[\e[0;33m\]\h\[\[\e[1;33m\]${text}\[\[\e[0;37m\]:\[$(set_ros_workspace_color)\]$(parse_ros_workspace)\[\[\e[0;32m\]$(parse_git_bracket)\[$(set_git_color)\]$(get_gitbranch)\[\e[0;32m\]>\[\e[1;35m\]\W\[\[\e[1;35m\]$\[\[\e[0m\]\[\e[m\] PYTHONPATH=/home/ravik/ros2_rolling/build/generate_parameter_library_py:/home/ravik/ros2_rolling/install/generate_parameter_library_py/lib/python3.12/site-packages:/home/ravik/ros2_rolling/install/control_msgs/lib/python3.12/site-packages:${PYTHONPATH} /usr/bin/cmake --install /home/ravik/ros2_rolling/build/transmission_interface
[0.185s] -- Install configuration: ""
[0.186s] -- Execute custom install script
[0.186s] -- Up-to-date symlink: /home/ravik/ros2_rolling/install/transmission_interface/share/transmission_interface//ros2_control_plugins.xml
[0.187s] -- Up-to-date symlink: /home/ravik/ros2_rolling/install/transmission_interface/include/transmission_interface/transmission_interface/accessor.hpp
[0.187s] -- Up-to-date symlink: /home/ravik/ros2_rolling/install/transmission_interface/include/transmission_interface/transmission_interface/differential_transmission.hpp
[0.187s] -- Up-to-date symlink: /home/ravik/ros2_rolling/install/transmission_interface/include/transmission_interface/transmission_interface/differential_transmission_loader.hpp
[0.187s] -- Up-to-date symlink: /home/ravik/ros2_rolling/install/transmission_interface/include/transmission_interface/transmission_interface/exception.hpp
[0.187s] -- Up-to-date symlink: /home/ravik/ros2_rolling/install/transmission_interface/include/transmission_interface/transmission_interface/four_bar_linkage_transmission.hpp
[0.187s] -- Up-to-date symlink: /home/ravik/ros2_rolling/install/transmission_interface/include/transmission_interface/transmission_interface/four_bar_linkage_transmission_loader.hpp
[0.187s] -- Up-to-date symlink: /home/ravik/ros2_rolling/install/transmission_interface/include/transmission_interface/transmission_interface/handle.hpp
[0.188s] -- Up-to-date symlink: /home/ravik/ros2_rolling/install/transmission_interface/include/transmission_interface/transmission_interface/simple_transmission.hpp
[0.188s] -- Up-to-date symlink: /home/ravik/ros2_rolling/install/transmission_interface/include/transmission_interface/transmission_interface/simple_transmission_loader.hpp
[0.188s] -- Up-to-date symlink: /home/ravik/ros2_rolling/install/transmission_interface/include/transmission_interface/transmission_interface/transmission.hpp
[0.188s] -- Up-to-date symlink: /home/ravik/ros2_rolling/install/transmission_interface/include/transmission_interface/transmission_interface/transmission_interface_exception.hpp
[0.188s] -- Up-to-date symlink: /home/ravik/ros2_rolling/install/transmission_interface/include/transmission_interface/transmission_interface/transmission_loader.hpp
[0.188s] -- Up-to-date symlink: /home/ravik/ros2_rolling/install/transmission_interface/include/transmission_interface/transmission_interface/visibility_control.h
[0.188s] -- Up-to-date symlink: /home/ravik/ros2_rolling/install/transmission_interface/share/transmission_interface/environment/library_path.sh
[0.189s] -- Up-to-date symlink: /home/ravik/ros2_rolling/install/transmission_interface/share/transmission_interface/environment/library_path.dsv
[0.189s] -- Up-to-date symlink: /home/ravik/ros2_rolling/install/transmission_interface/share/ament_index/resource_index/package_run_dependencies/transmission_interface
[0.189s] -- Up-to-date symlink: /home/ravik/ros2_rolling/install/transmission_interface/share/ament_index/resource_index/parent_prefix_path/transmission_interface
[0.190s] -- Up-to-date symlink: /home/ravik/ros2_rolling/install/transmission_interface/share/transmission_interface/environment/ament_prefix_path.sh
[0.190s] -- Up-to-date symlink: /home/ravik/ros2_rolling/install/transmission_interface/share/transmission_interface/environment/ament_prefix_path.dsv
[0.190s] -- Up-to-date symlink: /home/ravik/ros2_rolling/install/transmission_interface/share/transmission_interface/environment/path.sh
[0.190s] -- Up-to-date symlink: /home/ravik/ros2_rolling/install/transmission_interface/share/transmission_interface/environment/path.dsv
[0.190s] -- Up-to-date symlink: /home/ravik/ros2_rolling/install/transmission_interface/share/transmission_interface/local_setup.bash
[0.190s] -- Up-to-date symlink: /home/ravik/ros2_rolling/install/transmission_interface/share/transmission_interface/local_setup.sh
[0.191s] -- Up-to-date symlink: /home/ravik/ros2_rolling/install/transmission_interface/share/transmission_interface/local_setup.zsh
[0.191s] -- Up-to-date symlink: /home/ravik/ros2_rolling/install/transmission_interface/share/transmission_interface/local_setup.dsv
[0.191s] -- Symlinking: /home/ravik/ros2_rolling/install/transmission_interface/share/transmission_interface/package.dsv
[0.196s] -- Up-to-date symlink: /home/ravik/ros2_rolling/install/transmission_interface/share/ament_index/resource_index/packages/transmission_interface
[0.196s] -- Up-to-date symlink: /home/ravik/ros2_rolling/install/transmission_interface/share/ament_index/resource_index/transmission_interface__pluginlib__plugin/transmission_interface
[0.196s] -- Up-to-date symlink: /home/ravik/ros2_rolling/install/transmission_interface/share/transmission_interface/cmake/ament_cmake_export_targets-extras.cmake
[0.196s] -- Up-to-date symlink: /home/ravik/ros2_rolling/install/transmission_interface/share/transmission_interface/cmake/ament_cmake_export_dependencies-extras.cmake
[0.197s] -- Up-to-date symlink: /home/ravik/ros2_rolling/install/transmission_interface/share/transmission_interface/cmake/transmission_interfaceConfig.cmake
[0.197s] -- Up-to-date symlink: /home/ravik/ros2_rolling/install/transmission_interface/share/transmission_interface/cmake/transmission_interfaceConfig-version.cmake
[0.197s] -- Up-to-date symlink: /home/ravik/ros2_rolling/install/transmission_interface/share/transmission_interface/package.xml
[0.197s] -- Up-to-date symlink: /home/ravik/ros2_rolling/install/transmission_interface/include/transmission_interface/transmission_interface/version.h
[0.197s] -- Up-to-date: /home/ravik/ros2_rolling/install/transmission_interface/lib/libtransmission_interface.so
[0.198s] -- Up-to-date: /home/ravik/ros2_rolling/install/transmission_interface/share/transmission_interface/cmake/export_transmission_interfaceExport.cmake
[0.198s] -- Up-to-date: /home/ravik/ros2_rolling/install/transmission_interface/share/transmission_interface/cmake/export_transmission_interfaceExport-noconfig.cmake
[0.207s] Invoked command in '/home/ravik/ros2_rolling/build/transmission_interface' returned '0': AMENT_PREFIX_PATH=/home/ravik/ros2_rolling/install/hardware_interface:/home/ravik/ros2_rolling/install/joint_limits:/home/ravik/ros2_rolling/install/generate_parameter_library:/home/ravik/ros2_rolling/install/ros2_control_test_assets:/home/ravik/ros2_rolling/install/realtime_tools:/home/ravik/ros2_rolling/install/parameter_traits:/home/ravik/ros2_rolling/install/generate_parameter_library_py:/home/ravik/ros2_rolling/install/control_msgs:${AMENT_PREFIX_PATH} CMAKE_PREFIX_PATH=/home/ravik/ros2_rolling/install/hardware_interface:/home/ravik/ros2_rolling/install/joint_limits:/home/ravik/ros2_rolling/install/generate_parameter_library:/home/ravik/ros2_rolling/install/ros2_control_test_assets:/home/ravik/ros2_rolling/install/realtime_tools:/home/ravik/ros2_rolling/install/parameter_traits:/home/ravik/ros2_rolling/install/control_msgs:/opt/ros/rolling/opt/gz_math_vendor:/opt/ros/rolling/opt/gz_utils_vendor:/opt/ros/rolling/opt/gz_cmake_vendor:/opt/ros/rolling LD_LIBRARY_PATH=/home/ravik/ros2_rolling/install/hardware_interface/lib:/home/ravik/ros2_rolling/install/joint_limits/lib:/home/ravik/ros2_rolling/install/ros2_control_test_assets/lib:/home/ravik/ros2_rolling/install/realtime_tools/lib:/home/ravik/ros2_rolling/install/parameter_traits/lib:/home/ravik/ros2_rolling/install/control_msgs/lib:${LD_LIBRARY_PATH} PATH=/home/ravik/ros2_rolling/install/generate_parameter_library_py/bin:${PATH} PS1=\[\e]0;$(parse_ros_workspace)\a\]\[\e[1;32m\]\u\[\[\e[0;37m\]@\[\[\e[0;33m\]\h\[\[\e[1;33m\]${text}\[\[\e[0;37m\]:\[$(set_ros_workspace_color)\]$(parse_ros_workspace)\[\[\e[0;32m\]$(parse_git_bracket)\[$(set_git_color)\]$(get_gitbranch)\[\e[0;32m\]>\[\e[1;35m\]\W\[\[\e[1;35m\]$\[\[\e[0m\]\[\e[m\] PYTHONPATH=/home/ravik/ros2_rolling/build/generate_parameter_library_py:/home/ravik/ros2_rolling/install/generate_parameter_library_py/lib/python3.12/site-packages:/home/ravik/ros2_rolling/install/control_msgs/lib/python3.12/site-packages:${PYTHONPATH} /usr/bin/cmake --install /home/ravik/ros2_rolling/build/transmission_interface
