[  0%] [34m[1mGenerating type hashes for ROS interfaces[0m
[  0%] Built target ament_cmake_python_symlink_controller_manager_msgs
running egg_info
creating controller_manager_msgs.egg-info
writing controller_manager_msgs.egg-info/PKG-INFO
writing dependency_links to controller_manager_msgs.egg-info/dependency_links.txt
writing top-level names to controller_manager_msgs.egg-info/top_level.txt
writing manifest file 'controller_manager_msgs.egg-info/SOURCES.txt'
reading manifest file 'controller_manager_msgs.egg-info/SOURCES.txt'
writing manifest file 'controller_manager_msgs.egg-info/SOURCES.txt'
[  0%] Built target ament_cmake_python_build_controller_manager_msgs_egg
[  0%] Built target controller_manager_msgs__rosidl_generator_type_description
[  0%] [34m[1mGenerating C code for ROS interfaces[0m
[  0%] [34m[1mGenerating C++ code for ROS interfaces[0m
[  1%] [32mBuilding C object CMakeFiles/controller_manager_msgs__rosidl_generator_c.dir/rosidl_generator_c/controller_manager_msgs/msg/detail/controller_state__description.c.o[0m
[  2%] [32mBuilding C object CMakeFiles/controller_manager_msgs__rosidl_generator_c.dir/rosidl_generator_c/controller_manager_msgs/msg/detail/controller_state__functions.c.o[0m
[  2%] [32mBuilding C object CMakeFiles/controller_manager_msgs__rosidl_generator_c.dir/rosidl_generator_c/controller_manager_msgs/msg/detail/controller_state__type_support.c.o[0m
[  3%] [32mBuilding C object CMakeFiles/controller_manager_msgs__rosidl_generator_c.dir/rosidl_generator_c/controller_manager_msgs/msg/detail/chain_connection__description.c.o[0m
[  3%] [32mBuilding C object CMakeFiles/controller_manager_msgs__rosidl_generator_c.dir/rosidl_generator_c/controller_manager_msgs/msg/detail/chain_connection__functions.c.o[0m
[  4%] [32mBuilding C object CMakeFiles/controller_manager_msgs__rosidl_generator_c.dir/rosidl_generator_c/controller_manager_msgs/msg/detail/hardware_component_state__description.c.o[0m
[  5%] [32mBuilding C object CMakeFiles/controller_manager_msgs__rosidl_generator_c.dir/rosidl_generator_c/controller_manager_msgs/msg/detail/chain_connection__type_support.c.o[0m
[  5%] [32mBuilding C object CMakeFiles/controller_manager_msgs__rosidl_generator_c.dir/rosidl_generator_c/controller_manager_msgs/msg/detail/hardware_component_state__functions.c.o[0m
[  5%] [32mBuilding C object CMakeFiles/controller_manager_msgs__rosidl_generator_c.dir/rosidl_generator_c/controller_manager_msgs/msg/detail/hardware_interface__description.c.o[0m
[  6%] [32mBuilding C object CMakeFiles/controller_manager_msgs__rosidl_generator_c.dir/rosidl_generator_c/controller_manager_msgs/msg/detail/hardware_interface__functions.c.o[0m
[  8%] [32mBuilding C object CMakeFiles/controller_manager_msgs__rosidl_generator_c.dir/rosidl_generator_c/controller_manager_msgs/srv/detail/configure_controller__description.c.o[0m
[  8%] [32mBuilding C object CMakeFiles/controller_manager_msgs__rosidl_generator_c.dir/rosidl_generator_c/controller_manager_msgs/srv/detail/configure_controller__functions.c.o[0m
[  8%] [32mBuilding C object CMakeFiles/controller_manager_msgs__rosidl_generator_c.dir/rosidl_generator_c/controller_manager_msgs/msg/detail/hardware_interface__type_support.c.o[0m
[  8%] [32mBuilding C object CMakeFiles/controller_manager_msgs__rosidl_generator_c.dir/rosidl_generator_c/controller_manager_msgs/srv/detail/configure_controller__type_support.c.o[0m
[  9%] [32mBuilding C object CMakeFiles/controller_manager_msgs__rosidl_generator_c.dir/rosidl_generator_c/controller_manager_msgs/msg/detail/hardware_component_state__type_support.c.o[0m
[ 10%] [32mBuilding C object CMakeFiles/controller_manager_msgs__rosidl_generator_c.dir/rosidl_generator_c/controller_manager_msgs/srv/detail/list_controllers__description.c.o[0m
[ 11%] [32mBuilding C object CMakeFiles/controller_manager_msgs__rosidl_generator_c.dir/rosidl_generator_c/controller_manager_msgs/srv/detail/list_controllers__functions.c.o[0m
[ 12%] [32mBuilding C object CMakeFiles/controller_manager_msgs__rosidl_generator_c.dir/rosidl_generator_c/controller_manager_msgs/srv/detail/list_controller_types__description.c.o[0m
[ 12%] [32mBuilding C object CMakeFiles/controller_manager_msgs__rosidl_generator_c.dir/rosidl_generator_c/controller_manager_msgs/srv/detail/list_controllers__type_support.c.o[0m
[ 13%] [32mBuilding C object CMakeFiles/controller_manager_msgs__rosidl_generator_c.dir/rosidl_generator_c/controller_manager_msgs/srv/detail/list_controller_types__functions.c.o[0m
[ 14%] [32mBuilding C object CMakeFiles/controller_manager_msgs__rosidl_generator_c.dir/rosidl_generator_c/controller_manager_msgs/srv/detail/list_hardware_interfaces__description.c.o[0m
[ 14%] [32mBuilding C object CMakeFiles/controller_manager_msgs__rosidl_generator_c.dir/rosidl_generator_c/controller_manager_msgs/srv/detail/list_hardware_interfaces__functions.c.o[0m
[ 14%] [32mBuilding C object CMakeFiles/controller_manager_msgs__rosidl_generator_c.dir/rosidl_generator_c/controller_manager_msgs/srv/detail/list_controller_types__type_support.c.o[0m
[ 15%] [32mBuilding C object CMakeFiles/controller_manager_msgs__rosidl_generator_c.dir/rosidl_generator_c/controller_manager_msgs/srv/detail/list_hardware_interfaces__type_support.c.o[0m
[ 17%] [32mBuilding C object CMakeFiles/controller_manager_msgs__rosidl_generator_c.dir/rosidl_generator_c/controller_manager_msgs/srv/detail/list_hardware_components__description.c.o[0m
[ 17%] [32mBuilding C object CMakeFiles/controller_manager_msgs__rosidl_generator_c.dir/rosidl_generator_c/controller_manager_msgs/srv/detail/list_hardware_components__type_support.c.o[0m
[ 17%] [32mBuilding C object CMakeFiles/controller_manager_msgs__rosidl_generator_c.dir/rosidl_generator_c/controller_manager_msgs/srv/detail/list_hardware_components__functions.c.o[0m
[ 17%] [32mBuilding C object CMakeFiles/controller_manager_msgs__rosidl_generator_c.dir/rosidl_generator_c/controller_manager_msgs/srv/detail/load_controller__description.c.o[0m
[ 18%] [32mBuilding C object CMakeFiles/controller_manager_msgs__rosidl_generator_c.dir/rosidl_generator_c/controller_manager_msgs/srv/detail/load_controller__functions.c.o[0m
[ 19%] [32mBuilding C object CMakeFiles/controller_manager_msgs__rosidl_generator_c.dir/rosidl_generator_c/controller_manager_msgs/srv/detail/load_controller__type_support.c.o[0m
[ 19%] [32mBuilding C object CMakeFiles/controller_manager_msgs__rosidl_generator_c.dir/rosidl_generator_c/controller_manager_msgs/srv/detail/reload_controller_libraries__description.c.o[0m
[ 19%] [32mBuilding C object CMakeFiles/controller_manager_msgs__rosidl_generator_c.dir/rosidl_generator_c/controller_manager_msgs/srv/detail/reload_controller_libraries__type_support.c.o[0m
[ 20%] [32mBuilding C object CMakeFiles/controller_manager_msgs__rosidl_generator_c.dir/rosidl_generator_c/controller_manager_msgs/srv/detail/set_hardware_component_state__description.c.o[0m
[ 21%] [32mBuilding C object CMakeFiles/controller_manager_msgs__rosidl_generator_c.dir/rosidl_generator_c/controller_manager_msgs/srv/detail/switch_controller__description.c.o[0m
[ 22%] [32mBuilding C object CMakeFiles/controller_manager_msgs__rosidl_generator_c.dir/rosidl_generator_c/controller_manager_msgs/srv/detail/set_hardware_component_state__functions.c.o[0m
[ 23%] [32mBuilding C object CMakeFiles/controller_manager_msgs__rosidl_generator_c.dir/rosidl_generator_c/controller_manager_msgs/srv/detail/reload_controller_libraries__functions.c.o[0m
[ 23%] [32mBuilding C object CMakeFiles/controller_manager_msgs__rosidl_generator_c.dir/rosidl_generator_c/controller_manager_msgs/srv/detail/set_hardware_component_state__type_support.c.o[0m
[ 23%] [32mBuilding C object CMakeFiles/controller_manager_msgs__rosidl_generator_c.dir/rosidl_generator_c/controller_manager_msgs/srv/detail/switch_controller__type_support.c.o[0m
[ 24%] [32mBuilding C object CMakeFiles/controller_manager_msgs__rosidl_generator_c.dir/rosidl_generator_c/controller_manager_msgs/srv/detail/switch_controller__functions.c.o[0m
[ 25%] [32mBuilding C object CMakeFiles/controller_manager_msgs__rosidl_generator_c.dir/rosidl_generator_c/controller_manager_msgs/srv/detail/unload_controller__description.c.o[0m
[ 25%] [32mBuilding C object CMakeFiles/controller_manager_msgs__rosidl_generator_c.dir/rosidl_generator_c/controller_manager_msgs/srv/detail/unload_controller__functions.c.o[0m
[ 26%] [32mBuilding C object CMakeFiles/controller_manager_msgs__rosidl_generator_c.dir/rosidl_generator_c/controller_manager_msgs/srv/detail/unload_controller__type_support.c.o[0m
[ 26%] Built target controller_manager_msgs__cpp
[ 27%] [32m[1mLinking C shared library libcontroller_manager_msgs__rosidl_generator_c.so[0m
[ 27%] Built target controller_manager_msgs__rosidl_generator_c
[ 27%] [34m[1mGenerating C++ type support for eProsima Fast-RTPS[0m
[ 28%] [34m[1mGenerating C++ introspection for ROS interfaces[0m
[ 29%] [34m[1mGenerating C++ type support dispatch for ROS interfaces[0m
[ 28%] [34m[1mGenerating C type support for eProsima Fast-RTPS[0m
[ 30%] [34m[1mGenerating C introspection for ROS interfaces[0m
[ 31%] [34m[1mGenerating C type support dispatch for ROS interfaces[0m
[ 33%] [32mBuilding CXX object CMakeFiles/controller_manager_msgs__rosidl_typesupport_c.dir/rosidl_typesupport_c/controller_manager_msgs/srv/list_hardware_components__type_support.cpp.o[0m
[ 33%] [32mBuilding CXX object CMakeFiles/controller_manager_msgs__rosidl_typesupport_c.dir/rosidl_typesupport_c/controller_manager_msgs/srv/list_controllers__type_support.cpp.o[0m
[ 35%] [32mBuilding CXX object CMakeFiles/controller_manager_msgs__rosidl_typesupport_c.dir/rosidl_typesupport_c/controller_manager_msgs/msg/controller_state__type_support.cpp.o[0m
[ 35%] [32mBuilding CXX object CMakeFiles/controller_manager_msgs__rosidl_typesupport_c.dir/rosidl_typesupport_c/controller_manager_msgs/msg/hardware_component_state__type_support.cpp.o[0m
[ 35%] [32mBuilding CXX object CMakeFiles/controller_manager_msgs__rosidl_typesupport_c.dir/rosidl_typesupport_c/controller_manager_msgs/msg/chain_connection__type_support.cpp.o[0m
[ 35%] [32mBuilding CXX object CMakeFiles/controller_manager_msgs__rosidl_typesupport_c.dir/rosidl_typesupport_c/controller_manager_msgs/msg/hardware_interface__type_support.cpp.o[0m
[ 36%] [32mBuilding CXX object CMakeFiles/controller_manager_msgs__rosidl_typesupport_c.dir/rosidl_typesupport_c/controller_manager_msgs/srv/configure_controller__type_support.cpp.o[0m
[ 36%] [32mBuilding CXX object CMakeFiles/controller_manager_msgs__rosidl_typesupport_c.dir/rosidl_typesupport_c/controller_manager_msgs/srv/list_hardware_interfaces__type_support.cpp.o[0m
[ 37%] [32mBuilding CXX object CMakeFiles/controller_manager_msgs__rosidl_typesupport_c.dir/rosidl_typesupport_c/controller_manager_msgs/srv/load_controller__type_support.cpp.o[0m
[ 38%] [32mBuilding CXX object CMakeFiles/controller_manager_msgs__rosidl_typesupport_c.dir/rosidl_typesupport_c/controller_manager_msgs/srv/list_controller_types__type_support.cpp.o[0m
[ 38%] [32mBuilding CXX object CMakeFiles/controller_manager_msgs__rosidl_typesupport_c.dir/rosidl_typesupport_c/controller_manager_msgs/srv/switch_controller__type_support.cpp.o[0m
[ 38%] [32mBuilding CXX object CMakeFiles/controller_manager_msgs__rosidl_typesupport_c.dir/rosidl_typesupport_c/controller_manager_msgs/srv/unload_controller__type_support.cpp.o[0m
[ 39%] [32mBuilding CXX object CMakeFiles/controller_manager_msgs__rosidl_typesupport_c.dir/rosidl_typesupport_c/controller_manager_msgs/srv/reload_controller_libraries__type_support.cpp.o[0m
[ 39%] [32mBuilding CXX object CMakeFiles/controller_manager_msgs__rosidl_typesupport_c.dir/rosidl_typesupport_c/controller_manager_msgs/srv/set_hardware_component_state__type_support.cpp.o[0m
[ 40%] [32mBuilding CXX object CMakeFiles/controller_manager_msgs__rosidl_typesupport_cpp.dir/rosidl_typesupport_cpp/controller_manager_msgs/msg/hardware_interface__type_support.cpp.o[0m
[ 40%] [32mBuilding CXX object CMakeFiles/controller_manager_msgs__rosidl_typesupport_cpp.dir/rosidl_typesupport_cpp/controller_manager_msgs/srv/reload_controller_libraries__type_support.cpp.o[0m
[ 40%] [32mBuilding CXX object CMakeFiles/controller_manager_msgs__rosidl_typesupport_cpp.dir/rosidl_typesupport_cpp/controller_manager_msgs/srv/list_controllers__type_support.cpp.o[0m
[ 40%] [32mBuilding CXX object CMakeFiles/controller_manager_msgs__rosidl_typesupport_cpp.dir/rosidl_typesupport_cpp/controller_manager_msgs/srv/configure_controller__type_support.cpp.o[0m
[ 41%] [32mBuilding CXX object CMakeFiles/controller_manager_msgs__rosidl_typesupport_cpp.dir/rosidl_typesupport_cpp/controller_manager_msgs/msg/chain_connection__type_support.cpp.o[0m
[ 41%] [32mBuilding CXX object CMakeFiles/controller_manager_msgs__rosidl_typesupport_cpp.dir/rosidl_typesupport_cpp/controller_manager_msgs/msg/controller_state__type_support.cpp.o[0m
[ 43%] [32mBuilding CXX object CMakeFiles/controller_manager_msgs__rosidl_typesupport_cpp.dir/rosidl_typesupport_cpp/controller_manager_msgs/srv/list_hardware_components__type_support.cpp.o[0m
[ 43%] [32mBuilding CXX object CMakeFiles/controller_manager_msgs__rosidl_typesupport_cpp.dir/rosidl_typesupport_cpp/controller_manager_msgs/msg/hardware_component_state__type_support.cpp.o[0m
[ 44%] [32mBuilding CXX object CMakeFiles/controller_manager_msgs__rosidl_typesupport_cpp.dir/rosidl_typesupport_cpp/controller_manager_msgs/srv/list_controller_types__type_support.cpp.o[0m
[ 45%] [32mBuilding CXX object CMakeFiles/controller_manager_msgs__rosidl_typesupport_cpp.dir/rosidl_typesupport_cpp/controller_manager_msgs/srv/load_controller__type_support.cpp.o[0m
[ 46%] [32mBuilding CXX object CMakeFiles/controller_manager_msgs__rosidl_typesupport_cpp.dir/rosidl_typesupport_cpp/controller_manager_msgs/srv/list_hardware_interfaces__type_support.cpp.o[0m
[ 46%] [32m[1mLinking CXX shared library libcontroller_manager_msgs__rosidl_typesupport_c.so[0m
[ 47%] [32mBuilding CXX object CMakeFiles/controller_manager_msgs__rosidl_typesupport_cpp.dir/rosidl_typesupport_cpp/controller_manager_msgs/srv/set_hardware_component_state__type_support.cpp.o[0m
[ 48%] [32mBuilding CXX object CMakeFiles/controller_manager_msgs__rosidl_typesupport_cpp.dir/rosidl_typesupport_cpp/controller_manager_msgs/srv/switch_controller__type_support.cpp.o[0m
[ 48%] [32mBuilding CXX object CMakeFiles/controller_manager_msgs__rosidl_typesupport_cpp.dir/rosidl_typesupport_cpp/controller_manager_msgs/srv/unload_controller__type_support.cpp.o[0m
[ 48%] Built target controller_manager_msgs__rosidl_typesupport_c
[ 48%] [32mBuilding CXX object CMakeFiles/controller_manager_msgs__rosidl_typesupport_introspection_cpp.dir/rosidl_typesupport_introspection_cpp/controller_manager_msgs/msg/detail/hardware_interface__type_support.cpp.o[0m
[ 50%] [32mBuilding CXX object CMakeFiles/controller_manager_msgs__rosidl_typesupport_introspection_cpp.dir/rosidl_typesupport_introspection_cpp/controller_manager_msgs/msg/detail/chain_connection__type_support.cpp.o[0m
[ 50%] [32mBuilding CXX object CMakeFiles/controller_manager_msgs__rosidl_typesupport_introspection_cpp.dir/rosidl_typesupport_introspection_cpp/controller_manager_msgs/msg/detail/controller_state__type_support.cpp.o[0m
[ 50%] [32mBuilding CXX object CMakeFiles/controller_manager_msgs__rosidl_typesupport_introspection_cpp.dir/rosidl_typesupport_introspection_cpp/controller_manager_msgs/msg/detail/hardware_component_state__type_support.cpp.o[0m
[ 51%] [32mBuilding CXX object CMakeFiles/controller_manager_msgs__rosidl_typesupport_introspection_cpp.dir/rosidl_typesupport_introspection_cpp/controller_manager_msgs/srv/detail/configure_controller__type_support.cpp.o[0m
[ 51%] [32mBuilding CXX object CMakeFiles/controller_manager_msgs__rosidl_typesupport_introspection_cpp.dir/rosidl_typesupport_introspection_cpp/controller_manager_msgs/srv/detail/list_controllers__type_support.cpp.o[0m
[ 52%] [32mBuilding CXX object CMakeFiles/controller_manager_msgs__rosidl_typesupport_introspection_cpp.dir/rosidl_typesupport_introspection_cpp/controller_manager_msgs/srv/detail/list_controller_types__type_support.cpp.o[0m
[ 53%] [32mBuilding CXX object CMakeFiles/controller_manager_msgs__rosidl_typesupport_introspection_cpp.dir/rosidl_typesupport_introspection_cpp/controller_manager_msgs/srv/detail/list_hardware_components__type_support.cpp.o[0m
[ 54%] [32mBuilding CXX object CMakeFiles/controller_manager_msgs__rosidl_typesupport_introspection_cpp.dir/rosidl_typesupport_introspection_cpp/controller_manager_msgs/srv/detail/list_hardware_interfaces__type_support.cpp.o[0m
[ 54%] [32mBuilding CXX object CMakeFiles/controller_manager_msgs__rosidl_typesupport_introspection_cpp.dir/rosidl_typesupport_introspection_cpp/controller_manager_msgs/srv/detail/load_controller__type_support.cpp.o[0m
[ 54%] [32mBuilding CXX object CMakeFiles/controller_manager_msgs__rosidl_typesupport_introspection_cpp.dir/rosidl_typesupport_introspection_cpp/controller_manager_msgs/srv/detail/reload_controller_libraries__type_support.cpp.o[0m
[ 54%] [32mBuilding CXX object CMakeFiles/controller_manager_msgs__rosidl_typesupport_introspection_cpp.dir/rosidl_typesupport_introspection_cpp/controller_manager_msgs/srv/detail/unload_controller__type_support.cpp.o[0m
[ 55%] [32mBuilding CXX object CMakeFiles/controller_manager_msgs__rosidl_typesupport_introspection_cpp.dir/rosidl_typesupport_introspection_cpp/controller_manager_msgs/srv/detail/switch_controller__type_support.cpp.o[0m
[ 56%] [32mBuilding CXX object CMakeFiles/controller_manager_msgs__rosidl_typesupport_introspection_cpp.dir/rosidl_typesupport_introspection_cpp/controller_manager_msgs/srv/detail/set_hardware_component_state__type_support.cpp.o[0m
[ 57%] [32mBuilding CXX object CMakeFiles/controller_manager_msgs__rosidl_typesupport_fastrtps_cpp.dir/rosidl_typesupport_fastrtps_cpp/controller_manager_msgs/msg/detail/dds_fastrtps/controller_state__type_support.cpp.o[0m
[ 57%] [32mBuilding CXX object CMakeFiles/controller_manager_msgs__rosidl_typesupport_fastrtps_cpp.dir/rosidl_typesupport_fastrtps_cpp/controller_manager_msgs/msg/detail/dds_fastrtps/chain_connection__type_support.cpp.o[0m
[ 58%] [32mBuilding CXX object CMakeFiles/controller_manager_msgs__rosidl_typesupport_fastrtps_cpp.dir/rosidl_typesupport_fastrtps_cpp/controller_manager_msgs/msg/detail/dds_fastrtps/hardware_component_state__type_support.cpp.o[0m
[ 59%] [32mBuilding CXX object CMakeFiles/controller_manager_msgs__rosidl_typesupport_fastrtps_cpp.dir/rosidl_typesupport_fastrtps_cpp/controller_manager_msgs/msg/detail/dds_fastrtps/hardware_interface__type_support.cpp.o[0m
[ 59%] [32mBuilding CXX object CMakeFiles/controller_manager_msgs__rosidl_typesupport_fastrtps_cpp.dir/rosidl_typesupport_fastrtps_cpp/controller_manager_msgs/srv/detail/dds_fastrtps/configure_controller__type_support.cpp.o[0m
[ 60%] [32mBuilding CXX object CMakeFiles/controller_manager_msgs__rosidl_typesupport_fastrtps_cpp.dir/rosidl_typesupport_fastrtps_cpp/controller_manager_msgs/srv/detail/dds_fastrtps/list_controllers__type_support.cpp.o[0m
[ 60%] [32mBuilding CXX object CMakeFiles/controller_manager_msgs__rosidl_typesupport_fastrtps_cpp.dir/rosidl_typesupport_fastrtps_cpp/controller_manager_msgs/srv/detail/dds_fastrtps/list_controller_types__type_support.cpp.o[0m
[ 61%] [32mBuilding CXX object CMakeFiles/controller_manager_msgs__rosidl_typesupport_fastrtps_cpp.dir/rosidl_typesupport_fastrtps_cpp/controller_manager_msgs/srv/detail/dds_fastrtps/list_hardware_components__type_support.cpp.o[0m
[ 62%] [32mBuilding CXX object CMakeFiles/controller_manager_msgs__rosidl_typesupport_fastrtps_cpp.dir/rosidl_typesupport_fastrtps_cpp/controller_manager_msgs/srv/detail/dds_fastrtps/list_hardware_interfaces__type_support.cpp.o[0m
[ 62%] [32mBuilding CXX object CMakeFiles/controller_manager_msgs__rosidl_typesupport_fastrtps_cpp.dir/rosidl_typesupport_fastrtps_cpp/controller_manager_msgs/srv/detail/dds_fastrtps/load_controller__type_support.cpp.o[0m
[ 63%] [32mBuilding C object CMakeFiles/controller_manager_msgs__rosidl_typesupport_introspection_c.dir/rosidl_typesupport_introspection_c/controller_manager_msgs/msg/detail/controller_state__type_support.c.o[0m
[ 63%] [32mBuilding C object CMakeFiles/controller_manager_msgs__rosidl_typesupport_introspection_c.dir/rosidl_typesupport_introspection_c/controller_manager_msgs/msg/detail/chain_connection__type_support.c.o[0m
[ 64%] [32mBuilding CXX object CMakeFiles/controller_manager_msgs__rosidl_typesupport_fastrtps_cpp.dir/rosidl_typesupport_fastrtps_cpp/controller_manager_msgs/srv/detail/dds_fastrtps/set_hardware_component_state__type_support.cpp.o[0m
[ 65%] [32mBuilding CXX object CMakeFiles/controller_manager_msgs__rosidl_typesupport_fastrtps_cpp.dir/rosidl_typesupport_fastrtps_cpp/controller_manager_msgs/srv/detail/dds_fastrtps/reload_controller_libraries__type_support.cpp.o[0m
[ 66%] [32mBuilding C object CMakeFiles/controller_manager_msgs__rosidl_typesupport_introspection_c.dir/rosidl_typesupport_introspection_c/controller_manager_msgs/msg/detail/hardware_component_state__type_support.c.o[0m
[ 66%] [32mBuilding C object CMakeFiles/controller_manager_msgs__rosidl_typesupport_introspection_c.dir/rosidl_typesupport_introspection_c/controller_manager_msgs/msg/detail/hardware_interface__type_support.c.o[0m
[ 67%] [32mBuilding C object CMakeFiles/controller_manager_msgs__rosidl_typesupport_introspection_c.dir/rosidl_typesupport_introspection_c/controller_manager_msgs/srv/detail/configure_controller__type_support.c.o[0m
[ 68%] [32mBuilding CXX object CMakeFiles/controller_manager_msgs__rosidl_typesupport_fastrtps_cpp.dir/rosidl_typesupport_fastrtps_cpp/controller_manager_msgs/srv/detail/dds_fastrtps/unload_controller__type_support.cpp.o[0m
[ 69%] [32mBuilding C object CMakeFiles/controller_manager_msgs__rosidl_typesupport_introspection_c.dir/rosidl_typesupport_introspection_c/controller_manager_msgs/srv/detail/list_controllers__type_support.c.o[0m
[ 69%] [32mBuilding CXX object CMakeFiles/controller_manager_msgs__rosidl_typesupport_fastrtps_cpp.dir/rosidl_typesupport_fastrtps_cpp/controller_manager_msgs/srv/detail/dds_fastrtps/switch_controller__type_support.cpp.o[0m
[ 69%] [32mBuilding C object CMakeFiles/controller_manager_msgs__rosidl_typesupport_introspection_c.dir/rosidl_typesupport_introspection_c/controller_manager_msgs/srv/detail/list_controller_types__type_support.c.o[0m
[ 70%] [32m[1mLinking CXX shared library libcontroller_manager_msgs__rosidl_typesupport_cpp.so[0m
[ 71%] [32mBuilding C object CMakeFiles/controller_manager_msgs__rosidl_typesupport_introspection_c.dir/rosidl_typesupport_introspection_c/controller_manager_msgs/srv/detail/list_hardware_components__type_support.c.o[0m
[ 71%] [32mBuilding C object CMakeFiles/controller_manager_msgs__rosidl_typesupport_introspection_c.dir/rosidl_typesupport_introspection_c/controller_manager_msgs/srv/detail/list_hardware_interfaces__type_support.c.o[0m
[ 72%] [32mBuilding C object CMakeFiles/controller_manager_msgs__rosidl_typesupport_introspection_c.dir/rosidl_typesupport_introspection_c/controller_manager_msgs/srv/detail/load_controller__type_support.c.o[0m
[ 73%] [32mBuilding C object CMakeFiles/controller_manager_msgs__rosidl_typesupport_introspection_c.dir/rosidl_typesupport_introspection_c/controller_manager_msgs/srv/detail/reload_controller_libraries__type_support.c.o[0m
[ 73%] [32mBuilding C object CMakeFiles/controller_manager_msgs__rosidl_typesupport_introspection_c.dir/rosidl_typesupport_introspection_c/controller_manager_msgs/srv/detail/set_hardware_component_state__type_support.c.o[0m
[ 74%] [32mBuilding C object CMakeFiles/controller_manager_msgs__rosidl_typesupport_introspection_c.dir/rosidl_typesupport_introspection_c/controller_manager_msgs/srv/detail/switch_controller__type_support.c.o[0m
[ 74%] [32mBuilding C object CMakeFiles/controller_manager_msgs__rosidl_typesupport_introspection_c.dir/rosidl_typesupport_introspection_c/controller_manager_msgs/srv/detail/unload_controller__type_support.c.o[0m
[ 74%] Built target controller_manager_msgs__rosidl_typesupport_cpp
[ 75%] [32mBuilding CXX object CMakeFiles/controller_manager_msgs__rosidl_typesupport_fastrtps_c.dir/rosidl_typesupport_fastrtps_c/controller_manager_msgs/msg/detail/controller_state__type_support_c.cpp.o[0m
[ 76%] [32mBuilding CXX object CMakeFiles/controller_manager_msgs__rosidl_typesupport_fastrtps_c.dir/rosidl_typesupport_fastrtps_c/controller_manager_msgs/msg/detail/chain_connection__type_support_c.cpp.o[0m
[ 77%] [32mBuilding CXX object CMakeFiles/controller_manager_msgs__rosidl_typesupport_fastrtps_c.dir/rosidl_typesupport_fastrtps_c/controller_manager_msgs/srv/detail/list_controllers__type_support_c.cpp.o[0m
[ 78%] [32mBuilding CXX object CMakeFiles/controller_manager_msgs__rosidl_typesupport_fastrtps_c.dir/rosidl_typesupport_fastrtps_c/controller_manager_msgs/msg/detail/hardware_component_state__type_support_c.cpp.o[0m
[ 78%] [32mBuilding CXX object CMakeFiles/controller_manager_msgs__rosidl_typesupport_fastrtps_c.dir/rosidl_typesupport_fastrtps_c/controller_manager_msgs/srv/detail/list_hardware_components__type_support_c.cpp.o[0m
[ 79%] [32m[1mLinking C shared library libcontroller_manager_msgs__rosidl_typesupport_introspection_c.so[0m
[ 78%] [32mBuilding CXX object CMakeFiles/controller_manager_msgs__rosidl_typesupport_fastrtps_c.dir/rosidl_typesupport_fastrtps_c/controller_manager_msgs/msg/detail/hardware_interface__type_support_c.cpp.o[0m
[ 80%] [32mBuilding CXX object CMakeFiles/controller_manager_msgs__rosidl_typesupport_fastrtps_c.dir/rosidl_typesupport_fastrtps_c/controller_manager_msgs/srv/detail/list_hardware_interfaces__type_support_c.cpp.o[0m
[ 81%] [32mBuilding CXX object CMakeFiles/controller_manager_msgs__rosidl_typesupport_fastrtps_c.dir/rosidl_typesupport_fastrtps_c/controller_manager_msgs/srv/detail/list_controller_types__type_support_c.cpp.o[0m
[ 82%] [32mBuilding CXX object CMakeFiles/controller_manager_msgs__rosidl_typesupport_fastrtps_c.dir/rosidl_typesupport_fastrtps_c/controller_manager_msgs/srv/detail/load_controller__type_support_c.cpp.o[0m
[ 83%] [32mBuilding CXX object CMakeFiles/controller_manager_msgs__rosidl_typesupport_fastrtps_c.dir/rosidl_typesupport_fastrtps_c/controller_manager_msgs/srv/detail/set_hardware_component_state__type_support_c.cpp.o[0m
[ 83%] [32mBuilding CXX object CMakeFiles/controller_manager_msgs__rosidl_typesupport_fastrtps_c.dir/rosidl_typesupport_fastrtps_c/controller_manager_msgs/srv/detail/configure_controller__type_support_c.cpp.o[0m
[ 83%] [32mBuilding CXX object CMakeFiles/controller_manager_msgs__rosidl_typesupport_fastrtps_c.dir/rosidl_typesupport_fastrtps_c/controller_manager_msgs/srv/detail/switch_controller__type_support_c.cpp.o[0m
[ 83%] [32mBuilding CXX object CMakeFiles/controller_manager_msgs__rosidl_typesupport_fastrtps_c.dir/rosidl_typesupport_fastrtps_c/controller_manager_msgs/srv/detail/reload_controller_libraries__type_support_c.cpp.o[0m
[ 84%] [32mBuilding CXX object CMakeFiles/controller_manager_msgs__rosidl_typesupport_fastrtps_c.dir/rosidl_typesupport_fastrtps_c/controller_manager_msgs/srv/detail/unload_controller__type_support_c.cpp.o[0m
[ 85%] [32m[1mLinking CXX shared library libcontroller_manager_msgs__rosidl_typesupport_introspection_cpp.so[0m
[ 85%] Built target controller_manager_msgs__rosidl_typesupport_introspection_c
[ 85%] Built target controller_manager_msgs__rosidl_typesupport_introspection_cpp
[ 85%] [32m[1mLinking CXX shared library libcontroller_manager_msgs__rosidl_typesupport_fastrtps_cpp.so[0m
[ 86%] [32m[1mLinking CXX shared library libcontroller_manager_msgs__rosidl_typesupport_fastrtps_c.so[0m
[ 86%] Built target controller_manager_msgs__rosidl_typesupport_fastrtps_cpp
[ 86%] Built target controller_manager_msgs__rosidl_typesupport_fastrtps_c
[ 86%] Built target controller_manager_msgs
[ 87%] [34m[1mGenerating Python code for ROS interfaces[0m
[ 87%] Built target controller_manager_msgs__py
[ 87%] [32mBuilding C object CMakeFiles/controller_manager_msgs__rosidl_generator_py.dir/rosidl_generator_py/controller_manager_msgs/msg/_controller_state_s.c.o[0m
[ 88%] [32mBuilding C object CMakeFiles/controller_manager_msgs__rosidl_generator_py.dir/rosidl_generator_py/controller_manager_msgs/msg/_chain_connection_s.c.o[0m
[ 88%] [32mBuilding C object CMakeFiles/controller_manager_msgs__rosidl_generator_py.dir/rosidl_generator_py/controller_manager_msgs/msg/_hardware_component_state_s.c.o[0m
[ 89%] [32mBuilding C object CMakeFiles/controller_manager_msgs__rosidl_generator_py.dir/rosidl_generator_py/controller_manager_msgs/msg/_hardware_interface_s.c.o[0m
[ 90%] [32mBuilding C object CMakeFiles/controller_manager_msgs__rosidl_generator_py.dir/rosidl_generator_py/controller_manager_msgs/srv/_configure_controller_s.c.o[0m
[ 90%] [32mBuilding C object CMakeFiles/controller_manager_msgs__rosidl_generator_py.dir/rosidl_generator_py/controller_manager_msgs/srv/_list_controllers_s.c.o[0m
[ 90%] [32mBuilding C object CMakeFiles/controller_manager_msgs__rosidl_generator_py.dir/rosidl_generator_py/controller_manager_msgs/srv/_list_hardware_components_s.c.o[0m
[ 91%] [32mBuilding C object CMakeFiles/controller_manager_msgs__rosidl_generator_py.dir/rosidl_generator_py/controller_manager_msgs/srv/_list_hardware_interfaces_s.c.o[0m
[ 92%] [32mBuilding C object CMakeFiles/controller_manager_msgs__rosidl_generator_py.dir/rosidl_generator_py/controller_manager_msgs/srv/_load_controller_s.c.o[0m
[ 93%] [32mBuilding C object CMakeFiles/controller_manager_msgs__rosidl_generator_py.dir/rosidl_generator_py/controller_manager_msgs/srv/_list_controller_types_s.c.o[0m
[ 94%] [32mBuilding C object CMakeFiles/controller_manager_msgs__rosidl_generator_py.dir/rosidl_generator_py/controller_manager_msgs/srv/_set_hardware_component_state_s.c.o[0m
[ 94%] [32mBuilding C object CMakeFiles/controller_manager_msgs__rosidl_generator_py.dir/rosidl_generator_py/controller_manager_msgs/srv/_reload_controller_libraries_s.c.o[0m
[ 94%] [32mBuilding C object CMakeFiles/controller_manager_msgs__rosidl_generator_py.dir/rosidl_generator_py/controller_manager_msgs/srv/_switch_controller_s.c.o[0m
[ 95%] [32mBuilding C object CMakeFiles/controller_manager_msgs__rosidl_generator_py.dir/rosidl_generator_py/controller_manager_msgs/srv/_unload_controller_s.c.o[0m
[ 96%] [32m[1mLinking C shared library libcontroller_manager_msgs__rosidl_generator_py.so[0m
[ 96%] Built target controller_manager_msgs__rosidl_generator_py
[ 97%] [32mBuilding C object CMakeFiles/controller_manager_msgs_s__rosidl_typesupport_introspection_c.dir/rosidl_generator_py/controller_manager_msgs/_controller_manager_msgs_s.ep.rosidl_typesupport_introspection_c.c.o[0m
[ 98%] [32mBuilding C object CMakeFiles/controller_manager_msgs_s__rosidl_typesupport_fastrtps_c.dir/rosidl_generator_py/controller_manager_msgs/_controller_manager_msgs_s.ep.rosidl_typesupport_fastrtps_c.c.o[0m
[ 98%] [32mBuilding C object CMakeFiles/controller_manager_msgs_s__rosidl_typesupport_c.dir/rosidl_generator_py/controller_manager_msgs/_controller_manager_msgs_s.ep.rosidl_typesupport_c.c.o[0m
[ 98%] [32m[1mLinking C shared module rosidl_generator_py/controller_manager_msgs/controller_manager_msgs_s__rosidl_typesupport_fastrtps_c.so[0m
[ 99%] [32m[1mLinking C shared module rosidl_generator_py/controller_manager_msgs/controller_manager_msgs_s__rosidl_typesupport_c.so[0m
[ 99%] Built target controller_manager_msgs_s__rosidl_typesupport_fastrtps_c
[ 99%] Built target controller_manager_msgs_s__rosidl_typesupport_c
[100%] [32m[1mLinking C shared module rosidl_generator_py/controller_manager_msgs/controller_manager_msgs_s__rosidl_typesupport_introspection_c.so[0m
[100%] Built target controller_manager_msgs_s__rosidl_typesupport_introspection_c
-- Install configuration: ""
-- Execute custom install script
-- Symlinking: /home/ravik/ros2_rolling/install/controller_manager_msgs/share/ament_index/resource_index/rosidl_interfaces/controller_manager_msgs
-- Symlinking: /home/ravik/ros2_rolling/install/controller_manager_msgs/share/controller_manager_msgs/msg/ControllerState.json
-- Symlinking: /home/ravik/ros2_rolling/install/controller_manager_msgs/share/controller_manager_msgs/msg/ChainConnection.json
-- Symlinking: /home/ravik/ros2_rolling/install/controller_manager_msgs/share/controller_manager_msgs/msg/HardwareComponentState.json
-- Symlinking: /home/ravik/ros2_rolling/install/controller_manager_msgs/share/controller_manager_msgs/msg/HardwareInterface.json
-- Symlinking: /home/ravik/ros2_rolling/install/controller_manager_msgs/share/controller_manager_msgs/srv/ConfigureController.json
-- Symlinking: /home/ravik/ros2_rolling/install/controller_manager_msgs/share/controller_manager_msgs/srv/ListControllers.json
-- Symlinking: /home/ravik/ros2_rolling/install/controller_manager_msgs/share/controller_manager_msgs/srv/ListControllerTypes.json
-- Symlinking: /home/ravik/ros2_rolling/install/controller_manager_msgs/share/controller_manager_msgs/srv/ListHardwareComponents.json
-- Symlinking: /home/ravik/ros2_rolling/install/controller_manager_msgs/share/controller_manager_msgs/srv/ListHardwareInterfaces.json
-- Symlinking: /home/ravik/ros2_rolling/install/controller_manager_msgs/share/controller_manager_msgs/srv/LoadController.json
-- Symlinking: /home/ravik/ros2_rolling/install/controller_manager_msgs/share/controller_manager_msgs/srv/ReloadControllerLibraries.json
-- Symlinking: /home/ravik/ros2_rolling/install/controller_manager_msgs/share/controller_manager_msgs/srv/SetHardwareComponentState.json
-- Symlinking: /home/ravik/ros2_rolling/install/controller_manager_msgs/share/controller_manager_msgs/srv/SwitchController.json
-- Symlinking: /home/ravik/ros2_rolling/install/controller_manager_msgs/share/controller_manager_msgs/srv/UnloadController.json
-- Symlinking: /home/ravik/ros2_rolling/install/controller_manager_msgs/include/controller_manager_msgs/controller_manager_msgs/msg/chain_connection.h
-- Symlinking: /home/ravik/ros2_rolling/install/controller_manager_msgs/include/controller_manager_msgs/controller_manager_msgs/msg/controller_state.h
-- Symlinking: /home/ravik/ros2_rolling/install/controller_manager_msgs/include/controller_manager_msgs/controller_manager_msgs/msg/detail/chain_connection__functions.h
-- Symlinking: /home/ravik/ros2_rolling/install/controller_manager_msgs/include/controller_manager_msgs/controller_manager_msgs/msg/detail/chain_connection__struct.h
-- Symlinking: /home/ravik/ros2_rolling/install/controller_manager_msgs/include/controller_manager_msgs/controller_manager_msgs/msg/detail/chain_connection__type_support.h
-- Symlinking: /home/ravik/ros2_rolling/install/controller_manager_msgs/include/controller_manager_msgs/controller_manager_msgs/msg/detail/controller_state__functions.h
-- Symlinking: /home/ravik/ros2_rolling/install/controller_manager_msgs/include/controller_manager_msgs/controller_manager_msgs/msg/detail/controller_state__struct.h
-- Symlinking: /home/ravik/ros2_rolling/install/controller_manager_msgs/include/controller_manager_msgs/controller_manager_msgs/msg/detail/controller_state__type_support.h
-- Symlinking: /home/ravik/ros2_rolling/install/controller_manager_msgs/include/controller_manager_msgs/controller_manager_msgs/msg/detail/hardware_component_state__functions.h
-- Symlinking: /home/ravik/ros2_rolling/install/controller_manager_msgs/include/controller_manager_msgs/controller_manager_msgs/msg/detail/hardware_component_state__struct.h
-- Symlinking: /home/ravik/ros2_rolling/install/controller_manager_msgs/include/controller_manager_msgs/controller_manager_msgs/msg/detail/hardware_component_state__type_support.h
-- Symlinking: /home/ravik/ros2_rolling/install/controller_manager_msgs/include/controller_manager_msgs/controller_manager_msgs/msg/detail/hardware_interface__functions.h
-- Symlinking: /home/ravik/ros2_rolling/install/controller_manager_msgs/include/controller_manager_msgs/controller_manager_msgs/msg/detail/hardware_interface__struct.h
-- Symlinking: /home/ravik/ros2_rolling/install/controller_manager_msgs/include/controller_manager_msgs/controller_manager_msgs/msg/detail/hardware_interface__type_support.h
-- Symlinking: /home/ravik/ros2_rolling/install/controller_manager_msgs/include/controller_manager_msgs/controller_manager_msgs/msg/hardware_component_state.h
-- Symlinking: /home/ravik/ros2_rolling/install/controller_manager_msgs/include/controller_manager_msgs/controller_manager_msgs/msg/hardware_interface.h
-- Symlinking: /home/ravik/ros2_rolling/install/controller_manager_msgs/include/controller_manager_msgs/controller_manager_msgs/msg/rosidl_generator_c__visibility_control.h
-- Symlinking: /home/ravik/ros2_rolling/install/controller_manager_msgs/include/controller_manager_msgs/controller_manager_msgs/srv/configure_controller.h
-- Symlinking: /home/ravik/ros2_rolling/install/controller_manager_msgs/include/controller_manager_msgs/controller_manager_msgs/srv/detail/configure_controller__functions.h
-- Symlinking: /home/ravik/ros2_rolling/install/controller_manager_msgs/include/controller_manager_msgs/controller_manager_msgs/srv/detail/configure_controller__struct.h
-- Symlinking: /home/ravik/ros2_rolling/install/controller_manager_msgs/include/controller_manager_msgs/controller_manager_msgs/srv/detail/configure_controller__type_support.h
-- Symlinking: /home/ravik/ros2_rolling/install/controller_manager_msgs/include/controller_manager_msgs/controller_manager_msgs/srv/detail/list_controller_types__functions.h
-- Symlinking: /home/ravik/ros2_rolling/install/controller_manager_msgs/include/controller_manager_msgs/controller_manager_msgs/srv/detail/list_controller_types__struct.h
-- Symlinking: /home/ravik/ros2_rolling/install/controller_manager_msgs/include/controller_manager_msgs/controller_manager_msgs/srv/detail/list_controller_types__type_support.h
-- Symlinking: /home/ravik/ros2_rolling/install/controller_manager_msgs/include/controller_manager_msgs/controller_manager_msgs/srv/detail/list_controllers__functions.h
-- Symlinking: /home/ravik/ros2_rolling/install/controller_manager_msgs/include/controller_manager_msgs/controller_manager_msgs/srv/detail/list_controllers__struct.h
-- Symlinking: /home/ravik/ros2_rolling/install/controller_manager_msgs/include/controller_manager_msgs/controller_manager_msgs/srv/detail/list_controllers__type_support.h
-- Symlinking: /home/ravik/ros2_rolling/install/controller_manager_msgs/include/controller_manager_msgs/controller_manager_msgs/srv/detail/list_hardware_components__functions.h
-- Symlinking: /home/ravik/ros2_rolling/install/controller_manager_msgs/include/controller_manager_msgs/controller_manager_msgs/srv/detail/list_hardware_components__struct.h
-- Symlinking: /home/ravik/ros2_rolling/install/controller_manager_msgs/include/controller_manager_msgs/controller_manager_msgs/srv/detail/list_hardware_components__type_support.h
-- Symlinking: /home/ravik/ros2_rolling/install/controller_manager_msgs/include/controller_manager_msgs/controller_manager_msgs/srv/detail/list_hardware_interfaces__functions.h
-- Symlinking: /home/ravik/ros2_rolling/install/controller_manager_msgs/include/controller_manager_msgs/controller_manager_msgs/srv/detail/list_hardware_interfaces__struct.h
-- Symlinking: /home/ravik/ros2_rolling/install/controller_manager_msgs/include/controller_manager_msgs/controller_manager_msgs/srv/detail/list_hardware_interfaces__type_support.h
-- Symlinking: /home/ravik/ros2_rolling/install/controller_manager_msgs/include/controller_manager_msgs/controller_manager_msgs/srv/detail/load_controller__functions.h
-- Symlinking: /home/ravik/ros2_rolling/install/controller_manager_msgs/include/controller_manager_msgs/controller_manager_msgs/srv/detail/load_controller__struct.h
-- Symlinking: /home/ravik/ros2_rolling/install/controller_manager_msgs/include/controller_manager_msgs/controller_manager_msgs/srv/detail/load_controller__type_support.h
-- Symlinking: /home/ravik/ros2_rolling/install/controller_manager_msgs/include/controller_manager_msgs/controller_manager_msgs/srv/detail/reload_controller_libraries__functions.h
-- Symlinking: /home/ravik/ros2_rolling/install/controller_manager_msgs/include/controller_manager_msgs/controller_manager_msgs/srv/detail/reload_controller_libraries__struct.h
-- Symlinking: /home/ravik/ros2_rolling/install/controller_manager_msgs/include/controller_manager_msgs/controller_manager_msgs/srv/detail/reload_controller_libraries__type_support.h
-- Symlinking: /home/ravik/ros2_rolling/install/controller_manager_msgs/include/controller_manager_msgs/controller_manager_msgs/srv/detail/set_hardware_component_state__functions.h
-- Symlinking: /home/ravik/ros2_rolling/install/controller_manager_msgs/include/controller_manager_msgs/controller_manager_msgs/srv/detail/set_hardware_component_state__struct.h
-- Symlinking: /home/ravik/ros2_rolling/install/controller_manager_msgs/include/controller_manager_msgs/controller_manager_msgs/srv/detail/set_hardware_component_state__type_support.h
-- Symlinking: /home/ravik/ros2_rolling/install/controller_manager_msgs/include/controller_manager_msgs/controller_manager_msgs/srv/detail/switch_controller__functions.h
-- Symlinking: /home/ravik/ros2_rolling/install/controller_manager_msgs/include/controller_manager_msgs/controller_manager_msgs/srv/detail/switch_controller__struct.h
-- Symlinking: /home/ravik/ros2_rolling/install/controller_manager_msgs/include/controller_manager_msgs/controller_manager_msgs/srv/detail/switch_controller__type_support.h
-- Symlinking: /home/ravik/ros2_rolling/install/controller_manager_msgs/include/controller_manager_msgs/controller_manager_msgs/srv/detail/unload_controller__functions.h
-- Symlinking: /home/ravik/ros2_rolling/install/controller_manager_msgs/include/controller_manager_msgs/controller_manager_msgs/srv/detail/unload_controller__struct.h
-- Symlinking: /home/ravik/ros2_rolling/install/controller_manager_msgs/include/controller_manager_msgs/controller_manager_msgs/srv/detail/unload_controller__type_support.h
-- Symlinking: /home/ravik/ros2_rolling/install/controller_manager_msgs/include/controller_manager_msgs/controller_manager_msgs/srv/list_controller_types.h
-- Symlinking: /home/ravik/ros2_rolling/install/controller_manager_msgs/include/controller_manager_msgs/controller_manager_msgs/srv/list_controllers.h
-- Symlinking: /home/ravik/ros2_rolling/install/controller_manager_msgs/include/controller_manager_msgs/controller_manager_msgs/srv/list_hardware_components.h
-- Symlinking: /home/ravik/ros2_rolling/install/controller_manager_msgs/include/controller_manager_msgs/controller_manager_msgs/srv/list_hardware_interfaces.h
-- Symlinking: /home/ravik/ros2_rolling/install/controller_manager_msgs/include/controller_manager_msgs/controller_manager_msgs/srv/load_controller.h
-- Symlinking: /home/ravik/ros2_rolling/install/controller_manager_msgs/include/controller_manager_msgs/controller_manager_msgs/srv/reload_controller_libraries.h
-- Symlinking: /home/ravik/ros2_rolling/install/controller_manager_msgs/include/controller_manager_msgs/controller_manager_msgs/srv/set_hardware_component_state.h
-- Symlinking: /home/ravik/ros2_rolling/install/controller_manager_msgs/include/controller_manager_msgs/controller_manager_msgs/srv/switch_controller.h
-- Symlinking: /home/ravik/ros2_rolling/install/controller_manager_msgs/include/controller_manager_msgs/controller_manager_msgs/srv/unload_controller.h
-- Symlinking: /home/ravik/ros2_rolling/install/controller_manager_msgs/share/controller_manager_msgs/environment/library_path.sh
-- Symlinking: /home/ravik/ros2_rolling/install/controller_manager_msgs/share/controller_manager_msgs/environment/library_path.dsv
-- Symlinking: /home/ravik/ros2_rolling/install/controller_manager_msgs/include/controller_manager_msgs/controller_manager_msgs/msg/detail/chain_connection__rosidl_typesupport_fastrtps_c.h
-- Symlinking: /home/ravik/ros2_rolling/install/controller_manager_msgs/include/controller_manager_msgs/controller_manager_msgs/msg/detail/controller_state__rosidl_typesupport_fastrtps_c.h
-- Symlinking: /home/ravik/ros2_rolling/install/controller_manager_msgs/include/controller_manager_msgs/controller_manager_msgs/msg/detail/hardware_component_state__rosidl_typesupport_fastrtps_c.h
-- Symlinking: /home/ravik/ros2_rolling/install/controller_manager_msgs/include/controller_manager_msgs/controller_manager_msgs/msg/detail/hardware_interface__rosidl_typesupport_fastrtps_c.h
-- Symlinking: /home/ravik/ros2_rolling/install/controller_manager_msgs/include/controller_manager_msgs/controller_manager_msgs/msg/rosidl_typesupport_fastrtps_c__visibility_control.h
-- Symlinking: /home/ravik/ros2_rolling/install/controller_manager_msgs/include/controller_manager_msgs/controller_manager_msgs/srv/detail/configure_controller__rosidl_typesupport_fastrtps_c.h
-- Symlinking: /home/ravik/ros2_rolling/install/controller_manager_msgs/include/controller_manager_msgs/controller_manager_msgs/srv/detail/list_controller_types__rosidl_typesupport_fastrtps_c.h
-- Symlinking: /home/ravik/ros2_rolling/install/controller_manager_msgs/include/controller_manager_msgs/controller_manager_msgs/srv/detail/list_controllers__rosidl_typesupport_fastrtps_c.h
-- Symlinking: /home/ravik/ros2_rolling/install/controller_manager_msgs/include/controller_manager_msgs/controller_manager_msgs/srv/detail/list_hardware_components__rosidl_typesupport_fastrtps_c.h
-- Symlinking: /home/ravik/ros2_rolling/install/controller_manager_msgs/include/controller_manager_msgs/controller_manager_msgs/srv/detail/list_hardware_interfaces__rosidl_typesupport_fastrtps_c.h
-- Symlinking: /home/ravik/ros2_rolling/install/controller_manager_msgs/include/controller_manager_msgs/controller_manager_msgs/srv/detail/load_controller__rosidl_typesupport_fastrtps_c.h
-- Symlinking: /home/ravik/ros2_rolling/install/controller_manager_msgs/include/controller_manager_msgs/controller_manager_msgs/srv/detail/reload_controller_libraries__rosidl_typesupport_fastrtps_c.h
-- Symlinking: /home/ravik/ros2_rolling/install/controller_manager_msgs/include/controller_manager_msgs/controller_manager_msgs/srv/detail/set_hardware_component_state__rosidl_typesupport_fastrtps_c.h
-- Symlinking: /home/ravik/ros2_rolling/install/controller_manager_msgs/include/controller_manager_msgs/controller_manager_msgs/srv/detail/switch_controller__rosidl_typesupport_fastrtps_c.h
-- Symlinking: /home/ravik/ros2_rolling/install/controller_manager_msgs/include/controller_manager_msgs/controller_manager_msgs/srv/detail/unload_controller__rosidl_typesupport_fastrtps_c.h
-- Symlinking: /home/ravik/ros2_rolling/install/controller_manager_msgs/include/controller_manager_msgs/controller_manager_msgs/msg/chain_connection.hpp
-- Symlinking: /home/ravik/ros2_rolling/install/controller_manager_msgs/include/controller_manager_msgs/controller_manager_msgs/msg/controller_state.hpp
-- Symlinking: /home/ravik/ros2_rolling/install/controller_manager_msgs/include/controller_manager_msgs/controller_manager_msgs/msg/detail/chain_connection__builder.hpp
-- Symlinking: /home/ravik/ros2_rolling/install/controller_manager_msgs/include/controller_manager_msgs/controller_manager_msgs/msg/detail/chain_connection__struct.hpp
-- Symlinking: /home/ravik/ros2_rolling/install/controller_manager_msgs/include/controller_manager_msgs/controller_manager_msgs/msg/detail/chain_connection__traits.hpp
-- Symlinking: /home/ravik/ros2_rolling/install/controller_manager_msgs/include/controller_manager_msgs/controller_manager_msgs/msg/detail/chain_connection__type_support.hpp
-- Symlinking: /home/ravik/ros2_rolling/install/controller_manager_msgs/include/controller_manager_msgs/controller_manager_msgs/msg/detail/controller_state__builder.hpp
-- Symlinking: /home/ravik/ros2_rolling/install/controller_manager_msgs/include/controller_manager_msgs/controller_manager_msgs/msg/detail/controller_state__struct.hpp
-- Symlinking: /home/ravik/ros2_rolling/install/controller_manager_msgs/include/controller_manager_msgs/controller_manager_msgs/msg/detail/controller_state__traits.hpp
-- Symlinking: /home/ravik/ros2_rolling/install/controller_manager_msgs/include/controller_manager_msgs/controller_manager_msgs/msg/detail/controller_state__type_support.hpp
-- Symlinking: /home/ravik/ros2_rolling/install/controller_manager_msgs/include/controller_manager_msgs/controller_manager_msgs/msg/detail/hardware_component_state__builder.hpp
-- Symlinking: /home/ravik/ros2_rolling/install/controller_manager_msgs/include/controller_manager_msgs/controller_manager_msgs/msg/detail/hardware_component_state__struct.hpp
-- Symlinking: /home/ravik/ros2_rolling/install/controller_manager_msgs/include/controller_manager_msgs/controller_manager_msgs/msg/detail/hardware_component_state__traits.hpp
-- Symlinking: /home/ravik/ros2_rolling/install/controller_manager_msgs/include/controller_manager_msgs/controller_manager_msgs/msg/detail/hardware_component_state__type_support.hpp
-- Symlinking: /home/ravik/ros2_rolling/install/controller_manager_msgs/include/controller_manager_msgs/controller_manager_msgs/msg/detail/hardware_interface__builder.hpp
-- Symlinking: /home/ravik/ros2_rolling/install/controller_manager_msgs/include/controller_manager_msgs/controller_manager_msgs/msg/detail/hardware_interface__struct.hpp
-- Symlinking: /home/ravik/ros2_rolling/install/controller_manager_msgs/include/controller_manager_msgs/controller_manager_msgs/msg/detail/hardware_interface__traits.hpp
-- Symlinking: /home/ravik/ros2_rolling/install/controller_manager_msgs/include/controller_manager_msgs/controller_manager_msgs/msg/detail/hardware_interface__type_support.hpp
-- Symlinking: /home/ravik/ros2_rolling/install/controller_manager_msgs/include/controller_manager_msgs/controller_manager_msgs/msg/hardware_component_state.hpp
-- Symlinking: /home/ravik/ros2_rolling/install/controller_manager_msgs/include/controller_manager_msgs/controller_manager_msgs/msg/hardware_interface.hpp
-- Symlinking: /home/ravik/ros2_rolling/install/controller_manager_msgs/include/controller_manager_msgs/controller_manager_msgs/msg/rosidl_generator_cpp__visibility_control.hpp
-- Symlinking: /home/ravik/ros2_rolling/install/controller_manager_msgs/include/controller_manager_msgs/controller_manager_msgs/srv/configure_controller.hpp
-- Symlinking: /home/ravik/ros2_rolling/install/controller_manager_msgs/include/controller_manager_msgs/controller_manager_msgs/srv/detail/configure_controller__builder.hpp
-- Symlinking: /home/ravik/ros2_rolling/install/controller_manager_msgs/include/controller_manager_msgs/controller_manager_msgs/srv/detail/configure_controller__struct.hpp
-- Symlinking: /home/ravik/ros2_rolling/install/controller_manager_msgs/include/controller_manager_msgs/controller_manager_msgs/srv/detail/configure_controller__traits.hpp
-- Symlinking: /home/ravik/ros2_rolling/install/controller_manager_msgs/include/controller_manager_msgs/controller_manager_msgs/srv/detail/configure_controller__type_support.hpp
-- Symlinking: /home/ravik/ros2_rolling/install/controller_manager_msgs/include/controller_manager_msgs/controller_manager_msgs/srv/detail/list_controller_types__builder.hpp
-- Symlinking: /home/ravik/ros2_rolling/install/controller_manager_msgs/include/controller_manager_msgs/controller_manager_msgs/srv/detail/list_controller_types__struct.hpp
-- Symlinking: /home/ravik/ros2_rolling/install/controller_manager_msgs/include/controller_manager_msgs/controller_manager_msgs/srv/detail/list_controller_types__traits.hpp
-- Symlinking: /home/ravik/ros2_rolling/install/controller_manager_msgs/include/controller_manager_msgs/controller_manager_msgs/srv/detail/list_controller_types__type_support.hpp
-- Symlinking: /home/ravik/ros2_rolling/install/controller_manager_msgs/include/controller_manager_msgs/controller_manager_msgs/srv/detail/list_controllers__builder.hpp
-- Symlinking: /home/ravik/ros2_rolling/install/controller_manager_msgs/include/controller_manager_msgs/controller_manager_msgs/srv/detail/list_controllers__struct.hpp
-- Symlinking: /home/ravik/ros2_rolling/install/controller_manager_msgs/include/controller_manager_msgs/controller_manager_msgs/srv/detail/list_controllers__traits.hpp
-- Symlinking: /home/ravik/ros2_rolling/install/controller_manager_msgs/include/controller_manager_msgs/controller_manager_msgs/srv/detail/list_controllers__type_support.hpp
-- Symlinking: /home/ravik/ros2_rolling/install/controller_manager_msgs/include/controller_manager_msgs/controller_manager_msgs/srv/detail/list_hardware_components__builder.hpp
-- Symlinking: /home/ravik/ros2_rolling/install/controller_manager_msgs/include/controller_manager_msgs/controller_manager_msgs/srv/detail/list_hardware_components__struct.hpp
-- Symlinking: /home/ravik/ros2_rolling/install/controller_manager_msgs/include/controller_manager_msgs/controller_manager_msgs/srv/detail/list_hardware_components__traits.hpp
-- Symlinking: /home/ravik/ros2_rolling/install/controller_manager_msgs/include/controller_manager_msgs/controller_manager_msgs/srv/detail/list_hardware_components__type_support.hpp
-- Symlinking: /home/ravik/ros2_rolling/install/controller_manager_msgs/include/controller_manager_msgs/controller_manager_msgs/srv/detail/list_hardware_interfaces__builder.hpp
-- Symlinking: /home/ravik/ros2_rolling/install/controller_manager_msgs/include/controller_manager_msgs/controller_manager_msgs/srv/detail/list_hardware_interfaces__struct.hpp
-- Symlinking: /home/ravik/ros2_rolling/install/controller_manager_msgs/include/controller_manager_msgs/controller_manager_msgs/srv/detail/list_hardware_interfaces__traits.hpp
-- Symlinking: /home/ravik/ros2_rolling/install/controller_manager_msgs/include/controller_manager_msgs/controller_manager_msgs/srv/detail/list_hardware_interfaces__type_support.hpp
-- Symlinking: /home/ravik/ros2_rolling/install/controller_manager_msgs/include/controller_manager_msgs/controller_manager_msgs/srv/detail/load_controller__builder.hpp
-- Symlinking: /home/ravik/ros2_rolling/install/controller_manager_msgs/include/controller_manager_msgs/controller_manager_msgs/srv/detail/load_controller__struct.hpp
-- Symlinking: /home/ravik/ros2_rolling/install/controller_manager_msgs/include/controller_manager_msgs/controller_manager_msgs/srv/detail/load_controller__traits.hpp
-- Symlinking: /home/ravik/ros2_rolling/install/controller_manager_msgs/include/controller_manager_msgs/controller_manager_msgs/srv/detail/load_controller__type_support.hpp
-- Symlinking: /home/ravik/ros2_rolling/install/controller_manager_msgs/include/controller_manager_msgs/controller_manager_msgs/srv/detail/reload_controller_libraries__builder.hpp
-- Symlinking: /home/ravik/ros2_rolling/install/controller_manager_msgs/include/controller_manager_msgs/controller_manager_msgs/srv/detail/reload_controller_libraries__struct.hpp
-- Symlinking: /home/ravik/ros2_rolling/install/controller_manager_msgs/include/controller_manager_msgs/controller_manager_msgs/srv/detail/reload_controller_libraries__traits.hpp
-- Symlinking: /home/ravik/ros2_rolling/install/controller_manager_msgs/include/controller_manager_msgs/controller_manager_msgs/srv/detail/reload_controller_libraries__type_support.hpp
-- Symlinking: /home/ravik/ros2_rolling/install/controller_manager_msgs/include/controller_manager_msgs/controller_manager_msgs/srv/detail/set_hardware_component_state__builder.hpp
-- Symlinking: /home/ravik/ros2_rolling/install/controller_manager_msgs/include/controller_manager_msgs/controller_manager_msgs/srv/detail/set_hardware_component_state__struct.hpp
-- Symlinking: /home/ravik/ros2_rolling/install/controller_manager_msgs/include/controller_manager_msgs/controller_manager_msgs/srv/detail/set_hardware_component_state__traits.hpp
-- Symlinking: /home/ravik/ros2_rolling/install/controller_manager_msgs/include/controller_manager_msgs/controller_manager_msgs/srv/detail/set_hardware_component_state__type_support.hpp
-- Symlinking: /home/ravik/ros2_rolling/install/controller_manager_msgs/include/controller_manager_msgs/controller_manager_msgs/srv/detail/switch_controller__builder.hpp
-- Symlinking: /home/ravik/ros2_rolling/install/controller_manager_msgs/include/controller_manager_msgs/controller_manager_msgs/srv/detail/switch_controller__struct.hpp
-- Symlinking: /home/ravik/ros2_rolling/install/controller_manager_msgs/include/controller_manager_msgs/controller_manager_msgs/srv/detail/switch_controller__traits.hpp
-- Symlinking: /home/ravik/ros2_rolling/install/controller_manager_msgs/include/controller_manager_msgs/controller_manager_msgs/srv/detail/switch_controller__type_support.hpp
-- Symlinking: /home/ravik/ros2_rolling/install/controller_manager_msgs/include/controller_manager_msgs/controller_manager_msgs/srv/detail/unload_controller__builder.hpp
-- Symlinking: /home/ravik/ros2_rolling/install/controller_manager_msgs/include/controller_manager_msgs/controller_manager_msgs/srv/detail/unload_controller__struct.hpp
-- Symlinking: /home/ravik/ros2_rolling/install/controller_manager_msgs/include/controller_manager_msgs/controller_manager_msgs/srv/detail/unload_controller__traits.hpp
-- Symlinking: /home/ravik/ros2_rolling/install/controller_manager_msgs/include/controller_manager_msgs/controller_manager_msgs/srv/detail/unload_controller__type_support.hpp
-- Symlinking: /home/ravik/ros2_rolling/install/controller_manager_msgs/include/controller_manager_msgs/controller_manager_msgs/srv/list_controller_types.hpp
-- Symlinking: /home/ravik/ros2_rolling/install/controller_manager_msgs/include/controller_manager_msgs/controller_manager_msgs/srv/list_controllers.hpp
-- Symlinking: /home/ravik/ros2_rolling/install/controller_manager_msgs/include/controller_manager_msgs/controller_manager_msgs/srv/list_hardware_components.hpp
-- Symlinking: /home/ravik/ros2_rolling/install/controller_manager_msgs/include/controller_manager_msgs/controller_manager_msgs/srv/list_hardware_interfaces.hpp
-- Symlinking: /home/ravik/ros2_rolling/install/controller_manager_msgs/include/controller_manager_msgs/controller_manager_msgs/srv/load_controller.hpp
-- Symlinking: /home/ravik/ros2_rolling/install/controller_manager_msgs/include/controller_manager_msgs/controller_manager_msgs/srv/reload_controller_libraries.hpp
-- Symlinking: /home/ravik/ros2_rolling/install/controller_manager_msgs/include/controller_manager_msgs/controller_manager_msgs/srv/set_hardware_component_state.hpp
-- Symlinking: /home/ravik/ros2_rolling/install/controller_manager_msgs/include/controller_manager_msgs/controller_manager_msgs/srv/switch_controller.hpp
-- Symlinking: /home/ravik/ros2_rolling/install/controller_manager_msgs/include/controller_manager_msgs/controller_manager_msgs/srv/unload_controller.hpp
-- Symlinking: /home/ravik/ros2_rolling/install/controller_manager_msgs/include/controller_manager_msgs/controller_manager_msgs/msg/detail/chain_connection__rosidl_typesupport_fastrtps_cpp.hpp
-- Symlinking: /home/ravik/ros2_rolling/install/controller_manager_msgs/include/controller_manager_msgs/controller_manager_msgs/msg/detail/controller_state__rosidl_typesupport_fastrtps_cpp.hpp
-- Symlinking: /home/ravik/ros2_rolling/install/controller_manager_msgs/include/controller_manager_msgs/controller_manager_msgs/msg/detail/hardware_component_state__rosidl_typesupport_fastrtps_cpp.hpp
-- Symlinking: /home/ravik/ros2_rolling/install/controller_manager_msgs/include/controller_manager_msgs/controller_manager_msgs/msg/detail/hardware_interface__rosidl_typesupport_fastrtps_cpp.hpp
-- Symlinking: /home/ravik/ros2_rolling/install/controller_manager_msgs/include/controller_manager_msgs/controller_manager_msgs/msg/rosidl_typesupport_fastrtps_cpp__visibility_control.h
-- Symlinking: /home/ravik/ros2_rolling/install/controller_manager_msgs/include/controller_manager_msgs/controller_manager_msgs/srv/detail/configure_controller__rosidl_typesupport_fastrtps_cpp.hpp
-- Symlinking: /home/ravik/ros2_rolling/install/controller_manager_msgs/include/controller_manager_msgs/controller_manager_msgs/srv/detail/list_controller_types__rosidl_typesupport_fastrtps_cpp.hpp
-- Symlinking: /home/ravik/ros2_rolling/install/controller_manager_msgs/include/controller_manager_msgs/controller_manager_msgs/srv/detail/list_controllers__rosidl_typesupport_fastrtps_cpp.hpp
-- Symlinking: /home/ravik/ros2_rolling/install/controller_manager_msgs/include/controller_manager_msgs/controller_manager_msgs/srv/detail/list_hardware_components__rosidl_typesupport_fastrtps_cpp.hpp
-- Symlinking: /home/ravik/ros2_rolling/install/controller_manager_msgs/include/controller_manager_msgs/controller_manager_msgs/srv/detail/list_hardware_interfaces__rosidl_typesupport_fastrtps_cpp.hpp
-- Symlinking: /home/ravik/ros2_rolling/install/controller_manager_msgs/include/controller_manager_msgs/controller_manager_msgs/srv/detail/load_controller__rosidl_typesupport_fastrtps_cpp.hpp
-- Symlinking: /home/ravik/ros2_rolling/install/controller_manager_msgs/include/controller_manager_msgs/controller_manager_msgs/srv/detail/reload_controller_libraries__rosidl_typesupport_fastrtps_cpp.hpp
-- Symlinking: /home/ravik/ros2_rolling/install/controller_manager_msgs/include/controller_manager_msgs/controller_manager_msgs/srv/detail/set_hardware_component_state__rosidl_typesupport_fastrtps_cpp.hpp
-- Symlinking: /home/ravik/ros2_rolling/install/controller_manager_msgs/include/controller_manager_msgs/controller_manager_msgs/srv/detail/switch_controller__rosidl_typesupport_fastrtps_cpp.hpp
-- Symlinking: /home/ravik/ros2_rolling/install/controller_manager_msgs/include/controller_manager_msgs/controller_manager_msgs/srv/detail/unload_controller__rosidl_typesupport_fastrtps_cpp.hpp
-- Symlinking: /home/ravik/ros2_rolling/install/controller_manager_msgs/include/controller_manager_msgs/controller_manager_msgs/msg/detail/chain_connection__rosidl_typesupport_introspection_c.h
-- Symlinking: /home/ravik/ros2_rolling/install/controller_manager_msgs/include/controller_manager_msgs/controller_manager_msgs/msg/detail/controller_state__rosidl_typesupport_introspection_c.h
-- Symlinking: /home/ravik/ros2_rolling/install/controller_manager_msgs/include/controller_manager_msgs/controller_manager_msgs/msg/detail/hardware_component_state__rosidl_typesupport_introspection_c.h
-- Symlinking: /home/ravik/ros2_rolling/install/controller_manager_msgs/include/controller_manager_msgs/controller_manager_msgs/msg/detail/hardware_interface__rosidl_typesupport_introspection_c.h
-- Symlinking: /home/ravik/ros2_rolling/install/controller_manager_msgs/include/controller_manager_msgs/controller_manager_msgs/msg/rosidl_typesupport_introspection_c__visibility_control.h
-- Symlinking: /home/ravik/ros2_rolling/install/controller_manager_msgs/include/controller_manager_msgs/controller_manager_msgs/srv/detail/configure_controller__rosidl_typesupport_introspection_c.h
-- Symlinking: /home/ravik/ros2_rolling/install/controller_manager_msgs/include/controller_manager_msgs/controller_manager_msgs/srv/detail/list_controller_types__rosidl_typesupport_introspection_c.h
-- Symlinking: /home/ravik/ros2_rolling/install/controller_manager_msgs/include/controller_manager_msgs/controller_manager_msgs/srv/detail/list_controllers__rosidl_typesupport_introspection_c.h
-- Symlinking: /home/ravik/ros2_rolling/install/controller_manager_msgs/include/controller_manager_msgs/controller_manager_msgs/srv/detail/list_hardware_components__rosidl_typesupport_introspection_c.h
-- Symlinking: /home/ravik/ros2_rolling/install/controller_manager_msgs/include/controller_manager_msgs/controller_manager_msgs/srv/detail/list_hardware_interfaces__rosidl_typesupport_introspection_c.h
-- Symlinking: /home/ravik/ros2_rolling/install/controller_manager_msgs/include/controller_manager_msgs/controller_manager_msgs/srv/detail/load_controller__rosidl_typesupport_introspection_c.h
-- Symlinking: /home/ravik/ros2_rolling/install/controller_manager_msgs/include/controller_manager_msgs/controller_manager_msgs/srv/detail/reload_controller_libraries__rosidl_typesupport_introspection_c.h
-- Symlinking: /home/ravik/ros2_rolling/install/controller_manager_msgs/include/controller_manager_msgs/controller_manager_msgs/srv/detail/set_hardware_component_state__rosidl_typesupport_introspection_c.h
-- Symlinking: /home/ravik/ros2_rolling/install/controller_manager_msgs/include/controller_manager_msgs/controller_manager_msgs/srv/detail/switch_controller__rosidl_typesupport_introspection_c.h
-- Symlinking: /home/ravik/ros2_rolling/install/controller_manager_msgs/include/controller_manager_msgs/controller_manager_msgs/srv/detail/unload_controller__rosidl_typesupport_introspection_c.h
-- Symlinking: /home/ravik/ros2_rolling/install/controller_manager_msgs/include/controller_manager_msgs/controller_manager_msgs/msg/detail/chain_connection__rosidl_typesupport_introspection_cpp.hpp
-- Symlinking: /home/ravik/ros2_rolling/install/controller_manager_msgs/include/controller_manager_msgs/controller_manager_msgs/msg/detail/controller_state__rosidl_typesupport_introspection_cpp.hpp
-- Symlinking: /home/ravik/ros2_rolling/install/controller_manager_msgs/include/controller_manager_msgs/controller_manager_msgs/msg/detail/hardware_component_state__rosidl_typesupport_introspection_cpp.hpp
-- Symlinking: /home/ravik/ros2_rolling/install/controller_manager_msgs/include/controller_manager_msgs/controller_manager_msgs/msg/detail/hardware_interface__rosidl_typesupport_introspection_cpp.hpp
-- Symlinking: /home/ravik/ros2_rolling/install/controller_manager_msgs/include/controller_manager_msgs/controller_manager_msgs/srv/detail/configure_controller__rosidl_typesupport_introspection_cpp.hpp
-- Symlinking: /home/ravik/ros2_rolling/install/controller_manager_msgs/include/controller_manager_msgs/controller_manager_msgs/srv/detail/list_controller_types__rosidl_typesupport_introspection_cpp.hpp
-- Symlinking: /home/ravik/ros2_rolling/install/controller_manager_msgs/include/controller_manager_msgs/controller_manager_msgs/srv/detail/list_controllers__rosidl_typesupport_introspection_cpp.hpp
-- Symlinking: /home/ravik/ros2_rolling/install/controller_manager_msgs/include/controller_manager_msgs/controller_manager_msgs/srv/detail/list_hardware_components__rosidl_typesupport_introspection_cpp.hpp
-- Symlinking: /home/ravik/ros2_rolling/install/controller_manager_msgs/include/controller_manager_msgs/controller_manager_msgs/srv/detail/list_hardware_interfaces__rosidl_typesupport_introspection_cpp.hpp
-- Symlinking: /home/ravik/ros2_rolling/install/controller_manager_msgs/include/controller_manager_msgs/controller_manager_msgs/srv/detail/load_controller__rosidl_typesupport_introspection_cpp.hpp
-- Symlinking: /home/ravik/ros2_rolling/install/controller_manager_msgs/include/controller_manager_msgs/controller_manager_msgs/srv/detail/reload_controller_libraries__rosidl_typesupport_introspection_cpp.hpp
-- Symlinking: /home/ravik/ros2_rolling/install/controller_manager_msgs/include/controller_manager_msgs/controller_manager_msgs/srv/detail/set_hardware_component_state__rosidl_typesupport_introspection_cpp.hpp
-- Symlinking: /home/ravik/ros2_rolling/install/controller_manager_msgs/include/controller_manager_msgs/controller_manager_msgs/srv/detail/switch_controller__rosidl_typesupport_introspection_cpp.hpp
-- Symlinking: /home/ravik/ros2_rolling/install/controller_manager_msgs/include/controller_manager_msgs/controller_manager_msgs/srv/detail/unload_controller__rosidl_typesupport_introspection_cpp.hpp
-- Symlinking: /home/ravik/ros2_rolling/install/controller_manager_msgs/share/controller_manager_msgs/environment/pythonpath.sh
-- Symlinking: /home/ravik/ros2_rolling/install/controller_manager_msgs/share/controller_manager_msgs/environment/pythonpath.dsv
-- Symlinking: /home/ravik/ros2_rolling/install/controller_manager_msgs/lib/python3.12/site-packages/controller_manager_msgs-4.20.0-py3.12.egg-info/PKG-INFO
-- Symlinking: /home/ravik/ros2_rolling/install/controller_manager_msgs/lib/python3.12/site-packages/controller_manager_msgs-4.20.0-py3.12.egg-info/SOURCES.txt
-- Symlinking: /home/ravik/ros2_rolling/install/controller_manager_msgs/lib/python3.12/site-packages/controller_manager_msgs-4.20.0-py3.12.egg-info/dependency_links.txt
-- Symlinking: /home/ravik/ros2_rolling/install/controller_manager_msgs/lib/python3.12/site-packages/controller_manager_msgs-4.20.0-py3.12.egg-info/top_level.txt
-- Symlinking: /home/ravik/ros2_rolling/install/controller_manager_msgs/lib/python3.12/site-packages/controller_manager_msgs/__init__.py
-- Symlinking: /home/ravik/ros2_rolling/install/controller_manager_msgs/lib/python3.12/site-packages/controller_manager_msgs/_controller_manager_msgs_s.ep.rosidl_typesupport_c.c
-- Symlinking: /home/ravik/ros2_rolling/install/controller_manager_msgs/lib/python3.12/site-packages/controller_manager_msgs/_controller_manager_msgs_s.ep.rosidl_typesupport_fastrtps_c.c
-- Symlinking: /home/ravik/ros2_rolling/install/controller_manager_msgs/lib/python3.12/site-packages/controller_manager_msgs/_controller_manager_msgs_s.ep.rosidl_typesupport_introspection_c.c
-- Symlinking: /home/ravik/ros2_rolling/install/controller_manager_msgs/lib/python3.12/site-packages/controller_manager_msgs/controller_manager_msgs_s__rosidl_typesupport_c.so
-- Symlinking: /home/ravik/ros2_rolling/install/controller_manager_msgs/lib/python3.12/site-packages/controller_manager_msgs/controller_manager_msgs_s__rosidl_typesupport_fastrtps_c.so
-- Symlinking: /home/ravik/ros2_rolling/install/controller_manager_msgs/lib/python3.12/site-packages/controller_manager_msgs/controller_manager_msgs_s__rosidl_typesupport_introspection_c.so
-- Symlinking: /home/ravik/ros2_rolling/install/controller_manager_msgs/lib/python3.12/site-packages/controller_manager_msgs/msg/__init__.py
-- Symlinking: /home/ravik/ros2_rolling/install/controller_manager_msgs/lib/python3.12/site-packages/controller_manager_msgs/msg/_chain_connection.py
-- Symlinking: /home/ravik/ros2_rolling/install/controller_manager_msgs/lib/python3.12/site-packages/controller_manager_msgs/msg/_chain_connection_s.c
-- Symlinking: /home/ravik/ros2_rolling/install/controller_manager_msgs/lib/python3.12/site-packages/controller_manager_msgs/msg/_controller_state.py
-- Symlinking: /home/ravik/ros2_rolling/install/controller_manager_msgs/lib/python3.12/site-packages/controller_manager_msgs/msg/_controller_state_s.c
-- Symlinking: /home/ravik/ros2_rolling/install/controller_manager_msgs/lib/python3.12/site-packages/controller_manager_msgs/msg/_hardware_component_state.py
-- Symlinking: /home/ravik/ros2_rolling/install/controller_manager_msgs/lib/python3.12/site-packages/controller_manager_msgs/msg/_hardware_component_state_s.c
-- Symlinking: /home/ravik/ros2_rolling/install/controller_manager_msgs/lib/python3.12/site-packages/controller_manager_msgs/msg/_hardware_interface.py
-- Symlinking: /home/ravik/ros2_rolling/install/controller_manager_msgs/lib/python3.12/site-packages/controller_manager_msgs/msg/_hardware_interface_s.c
-- Symlinking: /home/ravik/ros2_rolling/install/controller_manager_msgs/lib/python3.12/site-packages/controller_manager_msgs/srv/__init__.py
-- Symlinking: /home/ravik/ros2_rolling/install/controller_manager_msgs/lib/python3.12/site-packages/controller_manager_msgs/srv/_configure_controller.py
-- Symlinking: /home/ravik/ros2_rolling/install/controller_manager_msgs/lib/python3.12/site-packages/controller_manager_msgs/srv/_configure_controller_s.c
-- Symlinking: /home/ravik/ros2_rolling/install/controller_manager_msgs/lib/python3.12/site-packages/controller_manager_msgs/srv/_list_controller_types.py
-- Symlinking: /home/ravik/ros2_rolling/install/controller_manager_msgs/lib/python3.12/site-packages/controller_manager_msgs/srv/_list_controller_types_s.c
-- Symlinking: /home/ravik/ros2_rolling/install/controller_manager_msgs/lib/python3.12/site-packages/controller_manager_msgs/srv/_list_controllers.py
-- Symlinking: /home/ravik/ros2_rolling/install/controller_manager_msgs/lib/python3.12/site-packages/controller_manager_msgs/srv/_list_controllers_s.c
-- Symlinking: /home/ravik/ros2_rolling/install/controller_manager_msgs/lib/python3.12/site-packages/controller_manager_msgs/srv/_list_hardware_components.py
-- Symlinking: /home/ravik/ros2_rolling/install/controller_manager_msgs/lib/python3.12/site-packages/controller_manager_msgs/srv/_list_hardware_components_s.c
-- Symlinking: /home/ravik/ros2_rolling/install/controller_manager_msgs/lib/python3.12/site-packages/controller_manager_msgs/srv/_list_hardware_interfaces.py
-- Symlinking: /home/ravik/ros2_rolling/install/controller_manager_msgs/lib/python3.12/site-packages/controller_manager_msgs/srv/_list_hardware_interfaces_s.c
-- Symlinking: /home/ravik/ros2_rolling/install/controller_manager_msgs/lib/python3.12/site-packages/controller_manager_msgs/srv/_load_controller.py
-- Symlinking: /home/ravik/ros2_rolling/install/controller_manager_msgs/lib/python3.12/site-packages/controller_manager_msgs/srv/_load_controller_s.c
-- Symlinking: /home/ravik/ros2_rolling/install/controller_manager_msgs/lib/python3.12/site-packages/controller_manager_msgs/srv/_reload_controller_libraries.py
-- Symlinking: /home/ravik/ros2_rolling/install/controller_manager_msgs/lib/python3.12/site-packages/controller_manager_msgs/srv/_reload_controller_libraries_s.c
-- Symlinking: /home/ravik/ros2_rolling/install/controller_manager_msgs/lib/python3.12/site-packages/controller_manager_msgs/srv/_set_hardware_component_state.py
-- Symlinking: /home/ravik/ros2_rolling/install/controller_manager_msgs/lib/python3.12/site-packages/controller_manager_msgs/srv/_set_hardware_component_state_s.c
-- Symlinking: /home/ravik/ros2_rolling/install/controller_manager_msgs/lib/python3.12/site-packages/controller_manager_msgs/srv/_switch_controller.py
-- Symlinking: /home/ravik/ros2_rolling/install/controller_manager_msgs/lib/python3.12/site-packages/controller_manager_msgs/srv/_switch_controller_s.c
-- Symlinking: /home/ravik/ros2_rolling/install/controller_manager_msgs/lib/python3.12/site-packages/controller_manager_msgs/srv/_unload_controller.py
-- Symlinking: /home/ravik/ros2_rolling/install/controller_manager_msgs/lib/python3.12/site-packages/controller_manager_msgs/srv/_unload_controller_s.c
-- Up-to-date symlink: /home/ravik/ros2_rolling/install/controller_manager_msgs/lib/python3.12/site-packages/controller_manager_msgs/controller_manager_msgs_s__rosidl_typesupport_fastrtps_c.so
-- Up-to-date symlink: /home/ravik/ros2_rolling/install/controller_manager_msgs/lib/python3.12/site-packages/controller_manager_msgs/controller_manager_msgs_s__rosidl_typesupport_introspection_c.so
-- Up-to-date symlink: /home/ravik/ros2_rolling/install/controller_manager_msgs/lib/python3.12/site-packages/controller_manager_msgs/controller_manager_msgs_s__rosidl_typesupport_c.so
-- Symlinking: /home/ravik/ros2_rolling/install/controller_manager_msgs/share/controller_manager_msgs/msg/ControllerState.idl
-- Symlinking: /home/ravik/ros2_rolling/install/controller_manager_msgs/share/controller_manager_msgs/msg/ChainConnection.idl
-- Symlinking: /home/ravik/ros2_rolling/install/controller_manager_msgs/share/controller_manager_msgs/msg/HardwareComponentState.idl
-- Symlinking: /home/ravik/ros2_rolling/install/controller_manager_msgs/share/controller_manager_msgs/msg/HardwareInterface.idl
-- Symlinking: /home/ravik/ros2_rolling/install/controller_manager_msgs/share/controller_manager_msgs/srv/ConfigureController.idl
-- Symlinking: /home/ravik/ros2_rolling/install/controller_manager_msgs/share/controller_manager_msgs/srv/ListControllers.idl
-- Symlinking: /home/ravik/ros2_rolling/install/controller_manager_msgs/share/controller_manager_msgs/srv/ListControllerTypes.idl
-- Symlinking: /home/ravik/ros2_rolling/install/controller_manager_msgs/share/controller_manager_msgs/srv/ListHardwareComponents.idl
-- Symlinking: /home/ravik/ros2_rolling/install/controller_manager_msgs/share/controller_manager_msgs/srv/ListHardwareInterfaces.idl
-- Symlinking: /home/ravik/ros2_rolling/install/controller_manager_msgs/share/controller_manager_msgs/srv/LoadController.idl
-- Symlinking: /home/ravik/ros2_rolling/install/controller_manager_msgs/share/controller_manager_msgs/srv/ReloadControllerLibraries.idl
-- Symlinking: /home/ravik/ros2_rolling/install/controller_manager_msgs/share/controller_manager_msgs/srv/SetHardwareComponentState.idl
-- Symlinking: /home/ravik/ros2_rolling/install/controller_manager_msgs/share/controller_manager_msgs/srv/SwitchController.idl
-- Symlinking: /home/ravik/ros2_rolling/install/controller_manager_msgs/share/controller_manager_msgs/srv/UnloadController.idl
-- Symlinking: /home/ravik/ros2_rolling/install/controller_manager_msgs/share/controller_manager_msgs/msg/ControllerState.msg
-- Symlinking: /home/ravik/ros2_rolling/install/controller_manager_msgs/share/controller_manager_msgs/msg/ChainConnection.msg
-- Symlinking: /home/ravik/ros2_rolling/install/controller_manager_msgs/share/controller_manager_msgs/msg/HardwareComponentState.msg
-- Symlinking: /home/ravik/ros2_rolling/install/controller_manager_msgs/share/controller_manager_msgs/msg/HardwareInterface.msg
-- Symlinking: /home/ravik/ros2_rolling/install/controller_manager_msgs/share/controller_manager_msgs/srv/ConfigureController.srv
-- Symlinking: /home/ravik/ros2_rolling/install/controller_manager_msgs/share/controller_manager_msgs/srv/ListControllers.srv
-- Symlinking: /home/ravik/ros2_rolling/install/controller_manager_msgs/share/controller_manager_msgs/srv/ListControllerTypes.srv
-- Symlinking: /home/ravik/ros2_rolling/install/controller_manager_msgs/share/controller_manager_msgs/srv/ListHardwareComponents.srv
-- Symlinking: /home/ravik/ros2_rolling/install/controller_manager_msgs/share/controller_manager_msgs/srv/ListHardwareInterfaces.srv
-- Symlinking: /home/ravik/ros2_rolling/install/controller_manager_msgs/share/controller_manager_msgs/srv/LoadController.srv
-- Symlinking: /home/ravik/ros2_rolling/install/controller_manager_msgs/share/controller_manager_msgs/srv/ReloadControllerLibraries.srv
-- Symlinking: /home/ravik/ros2_rolling/install/controller_manager_msgs/share/controller_manager_msgs/srv/SetHardwareComponentState.srv
-- Symlinking: /home/ravik/ros2_rolling/install/controller_manager_msgs/share/controller_manager_msgs/srv/SwitchController.srv
-- Symlinking: /home/ravik/ros2_rolling/install/controller_manager_msgs/share/controller_manager_msgs/srv/UnloadController.srv
-- Symlinking: /home/ravik/ros2_rolling/install/controller_manager_msgs/share/ament_index/resource_index/package_run_dependencies/controller_manager_msgs
-- Symlinking: /home/ravik/ros2_rolling/install/controller_manager_msgs/share/ament_index/resource_index/parent_prefix_path/controller_manager_msgs
-- Symlinking: /home/ravik/ros2_rolling/install/controller_manager_msgs/share/controller_manager_msgs/environment/ament_prefix_path.sh
-- Symlinking: /home/ravik/ros2_rolling/install/controller_manager_msgs/share/controller_manager_msgs/environment/ament_prefix_path.dsv
-- Symlinking: /home/ravik/ros2_rolling/install/controller_manager_msgs/share/controller_manager_msgs/environment/path.sh
-- Symlinking: /home/ravik/ros2_rolling/install/controller_manager_msgs/share/controller_manager_msgs/environment/path.dsv
-- Symlinking: /home/ravik/ros2_rolling/install/controller_manager_msgs/share/controller_manager_msgs/local_setup.bash
-- Symlinking: /home/ravik/ros2_rolling/install/controller_manager_msgs/share/controller_manager_msgs/local_setup.sh
-- Symlinking: /home/ravik/ros2_rolling/install/controller_manager_msgs/share/controller_manager_msgs/local_setup.zsh
-- Symlinking: /home/ravik/ros2_rolling/install/controller_manager_msgs/share/controller_manager_msgs/local_setup.dsv
-- Symlinking: /home/ravik/ros2_rolling/install/controller_manager_msgs/share/controller_manager_msgs/package.dsv
-- Symlinking: /home/ravik/ros2_rolling/install/controller_manager_msgs/share/ament_index/resource_index/packages/controller_manager_msgs
-- Symlinking: /home/ravik/ros2_rolling/install/controller_manager_msgs/share/controller_manager_msgs/cmake/rosidl_cmake-extras.cmake
-- Symlinking: /home/ravik/ros2_rolling/install/controller_manager_msgs/share/controller_manager_msgs/cmake/ament_cmake_export_dependencies-extras.cmake
-- Symlinking: /home/ravik/ros2_rolling/install/controller_manager_msgs/share/controller_manager_msgs/cmake/ament_cmake_export_include_directories-extras.cmake
-- Symlinking: /home/ravik/ros2_rolling/install/controller_manager_msgs/share/controller_manager_msgs/cmake/ament_cmake_export_libraries-extras.cmake
-- Symlinking: /home/ravik/ros2_rolling/install/controller_manager_msgs/share/controller_manager_msgs/cmake/ament_cmake_export_targets-extras.cmake
-- Symlinking: /home/ravik/ros2_rolling/install/controller_manager_msgs/share/controller_manager_msgs/cmake/rosidl_cmake_export_typesupport_targets-extras.cmake
-- Symlinking: /home/ravik/ros2_rolling/install/controller_manager_msgs/share/controller_manager_msgs/cmake/rosidl_cmake_export_typesupport_libraries-extras.cmake
-- Symlinking: /home/ravik/ros2_rolling/install/controller_manager_msgs/share/controller_manager_msgs/cmake/controller_manager_msgsConfig.cmake
-- Symlinking: /home/ravik/ros2_rolling/install/controller_manager_msgs/share/controller_manager_msgs/cmake/controller_manager_msgsConfig-version.cmake
-- Symlinking: /home/ravik/ros2_rolling/install/controller_manager_msgs/share/controller_manager_msgs/package.xml
-- Installing: /home/ravik/ros2_rolling/install/controller_manager_msgs/lib/libcontroller_manager_msgs__rosidl_generator_c.so
-- Set non-toolchain portion of runtime path of "/home/ravik/ros2_rolling/install/controller_manager_msgs/lib/libcontroller_manager_msgs__rosidl_generator_c.so" to ""
-- Installing: /home/ravik/ros2_rolling/install/controller_manager_msgs/lib/libcontroller_manager_msgs__rosidl_typesupport_fastrtps_c.so
-- Set non-toolchain portion of runtime path of "/home/ravik/ros2_rolling/install/controller_manager_msgs/lib/libcontroller_manager_msgs__rosidl_typesupport_fastrtps_c.so" to ""
-- Installing: /home/ravik/ros2_rolling/install/controller_manager_msgs/lib/libcontroller_manager_msgs__rosidl_typesupport_fastrtps_cpp.so
-- Set non-toolchain portion of runtime path of "/home/ravik/ros2_rolling/install/controller_manager_msgs/lib/libcontroller_manager_msgs__rosidl_typesupport_fastrtps_cpp.so" to ""
-- Installing: /home/ravik/ros2_rolling/install/controller_manager_msgs/lib/libcontroller_manager_msgs__rosidl_typesupport_introspection_c.so
-- Set non-toolchain portion of runtime path of "/home/ravik/ros2_rolling/install/controller_manager_msgs/lib/libcontroller_manager_msgs__rosidl_typesupport_introspection_c.so" to ""
-- Installing: /home/ravik/ros2_rolling/install/controller_manager_msgs/lib/libcontroller_manager_msgs__rosidl_typesupport_c.so
-- Set non-toolchain portion of runtime path of "/home/ravik/ros2_rolling/install/controller_manager_msgs/lib/libcontroller_manager_msgs__rosidl_typesupport_c.so" to ""
-- Installing: /home/ravik/ros2_rolling/install/controller_manager_msgs/lib/libcontroller_manager_msgs__rosidl_typesupport_introspection_cpp.so
-- Set non-toolchain portion of runtime path of "/home/ravik/ros2_rolling/install/controller_manager_msgs/lib/libcontroller_manager_msgs__rosidl_typesupport_introspection_cpp.so" to ""
-- Installing: /home/ravik/ros2_rolling/install/controller_manager_msgs/lib/libcontroller_manager_msgs__rosidl_typesupport_cpp.so
-- Set non-toolchain portion of runtime path of "/home/ravik/ros2_rolling/install/controller_manager_msgs/lib/libcontroller_manager_msgs__rosidl_typesupport_cpp.so" to ""
Listing '/home/ravik/ros2_rolling/install/controller_manager_msgs/lib/python3.12/site-packages/controller_manager_msgs'...
Compiling '/home/ravik/ros2_rolling/install/controller_manager_msgs/lib/python3.12/site-packages/controller_manager_msgs/__init__.py'...
Listing '/home/ravik/ros2_rolling/install/controller_manager_msgs/lib/python3.12/site-packages/controller_manager_msgs/msg'...
Compiling '/home/ravik/ros2_rolling/install/controller_manager_msgs/lib/python3.12/site-packages/controller_manager_msgs/msg/__init__.py'...
Compiling '/home/ravik/ros2_rolling/install/controller_manager_msgs/lib/python3.12/site-packages/controller_manager_msgs/msg/_chain_connection.py'...
Compiling '/home/ravik/ros2_rolling/install/controller_manager_msgs/lib/python3.12/site-packages/controller_manager_msgs/msg/_controller_state.py'...
Compiling '/home/ravik/ros2_rolling/install/controller_manager_msgs/lib/python3.12/site-packages/controller_manager_msgs/msg/_hardware_component_state.py'...
Compiling '/home/ravik/ros2_rolling/install/controller_manager_msgs/lib/python3.12/site-packages/controller_manager_msgs/msg/_hardware_interface.py'...
Listing '/home/ravik/ros2_rolling/install/controller_manager_msgs/lib/python3.12/site-packages/controller_manager_msgs/srv'...
Compiling '/home/ravik/ros2_rolling/install/controller_manager_msgs/lib/python3.12/site-packages/controller_manager_msgs/srv/__init__.py'...
Compiling '/home/ravik/ros2_rolling/install/controller_manager_msgs/lib/python3.12/site-packages/controller_manager_msgs/srv/_configure_controller.py'...
Compiling '/home/ravik/ros2_rolling/install/controller_manager_msgs/lib/python3.12/site-packages/controller_manager_msgs/srv/_list_controller_types.py'...
Compiling '/home/ravik/ros2_rolling/install/controller_manager_msgs/lib/python3.12/site-packages/controller_manager_msgs/srv/_list_controllers.py'...
Compiling '/home/ravik/ros2_rolling/install/controller_manager_msgs/lib/python3.12/site-packages/controller_manager_msgs/srv/_list_hardware_components.py'...
Compiling '/home/ravik/ros2_rolling/install/controller_manager_msgs/lib/python3.12/site-packages/controller_manager_msgs/srv/_list_hardware_interfaces.py'...
Compiling '/home/ravik/ros2_rolling/install/controller_manager_msgs/lib/python3.12/site-packages/controller_manager_msgs/srv/_load_controller.py'...
Compiling '/home/ravik/ros2_rolling/install/controller_manager_msgs/lib/python3.12/site-packages/controller_manager_msgs/srv/_reload_controller_libraries.py'...
Compiling '/home/ravik/ros2_rolling/install/controller_manager_msgs/lib/python3.12/site-packages/controller_manager_msgs/srv/_set_hardware_component_state.py'...
Compiling '/home/ravik/ros2_rolling/install/controller_manager_msgs/lib/python3.12/site-packages/controller_manager_msgs/srv/_switch_controller.py'...
Compiling '/home/ravik/ros2_rolling/install/controller_manager_msgs/lib/python3.12/site-packages/controller_manager_msgs/srv/_unload_controller.py'...
-- Installing: /home/ravik/ros2_rolling/install/controller_manager_msgs/lib/libcontroller_manager_msgs__rosidl_generator_py.so
-- Set non-toolchain portion of runtime path of "/home/ravik/ros2_rolling/install/controller_manager_msgs/lib/libcontroller_manager_msgs__rosidl_generator_py.so" to ""
-- Installing: /home/ravik/ros2_rolling/install/controller_manager_msgs/share/controller_manager_msgs/cmake/export_controller_manager_msgs__rosidl_generator_cExport.cmake
-- Installing: /home/ravik/ros2_rolling/install/controller_manager_msgs/share/controller_manager_msgs/cmake/export_controller_manager_msgs__rosidl_generator_cExport-noconfig.cmake
-- Installing: /home/ravik/ros2_rolling/install/controller_manager_msgs/share/controller_manager_msgs/cmake/export_controller_manager_msgs__rosidl_typesupport_fastrtps_cExport.cmake
-- Installing: /home/ravik/ros2_rolling/install/controller_manager_msgs/share/controller_manager_msgs/cmake/export_controller_manager_msgs__rosidl_typesupport_fastrtps_cExport-noconfig.cmake
-- Installing: /home/ravik/ros2_rolling/install/controller_manager_msgs/share/controller_manager_msgs/cmake/export_controller_manager_msgs__rosidl_generator_cppExport.cmake
-- Installing: /home/ravik/ros2_rolling/install/controller_manager_msgs/share/controller_manager_msgs/cmake/export_controller_manager_msgs__rosidl_typesupport_fastrtps_cppExport.cmake
-- Installing: /home/ravik/ros2_rolling/install/controller_manager_msgs/share/controller_manager_msgs/cmake/export_controller_manager_msgs__rosidl_typesupport_fastrtps_cppExport-noconfig.cmake
-- Installing: /home/ravik/ros2_rolling/install/controller_manager_msgs/share/controller_manager_msgs/cmake/controller_manager_msgs__rosidl_typesupport_introspection_cExport.cmake
-- Installing: /home/ravik/ros2_rolling/install/controller_manager_msgs/share/controller_manager_msgs/cmake/controller_manager_msgs__rosidl_typesupport_introspection_cExport-noconfig.cmake
-- Installing: /home/ravik/ros2_rolling/install/controller_manager_msgs/share/controller_manager_msgs/cmake/controller_manager_msgs__rosidl_typesupport_cExport.cmake
-- Installing: /home/ravik/ros2_rolling/install/controller_manager_msgs/share/controller_manager_msgs/cmake/controller_manager_msgs__rosidl_typesupport_cExport-noconfig.cmake
-- Installing: /home/ravik/ros2_rolling/install/controller_manager_msgs/share/controller_manager_msgs/cmake/controller_manager_msgs__rosidl_typesupport_introspection_cppExport.cmake
-- Installing: /home/ravik/ros2_rolling/install/controller_manager_msgs/share/controller_manager_msgs/cmake/controller_manager_msgs__rosidl_typesupport_introspection_cppExport-noconfig.cmake
-- Installing: /home/ravik/ros2_rolling/install/controller_manager_msgs/share/controller_manager_msgs/cmake/controller_manager_msgs__rosidl_typesupport_cppExport.cmake
-- Installing: /home/ravik/ros2_rolling/install/controller_manager_msgs/share/controller_manager_msgs/cmake/controller_manager_msgs__rosidl_typesupport_cppExport-noconfig.cmake
-- Installing: /home/ravik/ros2_rolling/install/controller_manager_msgs/share/controller_manager_msgs/cmake/export_controller_manager_msgs__rosidl_generator_pyExport.cmake
-- Installing: /home/ravik/ros2_rolling/install/controller_manager_msgs/share/controller_manager_msgs/cmake/export_controller_manager_msgs__rosidl_generator_pyExport-noconfig.cmake
