[0.154s] Invoking command in '/home/ravik/ros2_rolling/build/controller_manager_msgs': CMAKE_PREFIX_PATH=${CMAKE_PREFIX_PATH}:/opt/ros/rolling PS1=\[\e]0;$(parse_ros_workspace)\a\]\[\e[1;32m\]\u\[\[\e[0;37m\]@\[\[\e[0;33m\]\h\[\[\e[1;33m\]${text}\[\[\e[0;37m\]:\[$(set_ros_workspace_color)\]$(parse_ros_workspace)\[\[\e[0;32m\]$(parse_git_bracket)\[$(set_git_color)\]$(get_gitbranch)\[\e[0;32m\]>\[\e[1;35m\]\W\[\[\e[1;35m\]$\[\[\e[0m\]\[\e[m\] /usr/bin/cmake --build /home/ravik/ros2_rolling/build/controller_manager_msgs -- -j32 -l32
[0.198s] [  0%] [34m[1mGenerating type hashes for ROS interfaces[0m
[0.201s] [  0%] Built target ament_cmake_python_symlink_controller_manager_msgs
[0.339s] running egg_info
[0.340s] creating controller_manager_msgs.egg-info
[0.351s] writing controller_manager_msgs.egg-info/PKG-INFO
[0.351s] writing dependency_links to controller_manager_msgs.egg-info/dependency_links.txt
[0.351s] writing top-level names to controller_manager_msgs.egg-info/top_level.txt
[0.351s] writing manifest file 'controller_manager_msgs.egg-info/SOURCES.txt'
[0.381s] reading manifest file 'controller_manager_msgs.egg-info/SOURCES.txt'
[0.382s] writing manifest file 'controller_manager_msgs.egg-info/SOURCES.txt'
[0.399s] [  0%] Built target ament_cmake_python_build_controller_manager_msgs_egg
[0.601s] [  0%] Built target controller_manager_msgs__rosidl_generator_type_description
[0.614s] [  0%] [34m[1mGenerating C code for ROS interfaces[0m
[0.626s] [  0%] [34m[1mGenerating C++ code for ROS interfaces[0m
[1.750s] [  1%] [32mBuilding C object CMakeFiles/controller_manager_msgs__rosidl_generator_c.dir/rosidl_generator_c/controller_manager_msgs/msg/detail/controller_state__description.c.o[0m
[1.750s] [  2%] [32mBuilding C object CMakeFiles/controller_manager_msgs__rosidl_generator_c.dir/rosidl_generator_c/controller_manager_msgs/msg/detail/controller_state__functions.c.o[0m
[1.752s] [  2%] [32mBuilding C object CMakeFiles/controller_manager_msgs__rosidl_generator_c.dir/rosidl_generator_c/controller_manager_msgs/msg/detail/controller_state__type_support.c.o[0m
[1.752s] [  3%] [32mBuilding C object CMakeFiles/controller_manager_msgs__rosidl_generator_c.dir/rosidl_generator_c/controller_manager_msgs/msg/detail/chain_connection__description.c.o[0m
[1.752s] [  3%] [32mBuilding C object CMakeFiles/controller_manager_msgs__rosidl_generator_c.dir/rosidl_generator_c/controller_manager_msgs/msg/detail/chain_connection__functions.c.o[0m
[1.753s] [  4%] [32mBuilding C object CMakeFiles/controller_manager_msgs__rosidl_generator_c.dir/rosidl_generator_c/controller_manager_msgs/msg/detail/hardware_component_state__description.c.o[0m
[1.754s] [  5%] [32mBuilding C object CMakeFiles/controller_manager_msgs__rosidl_generator_c.dir/rosidl_generator_c/controller_manager_msgs/msg/detail/chain_connection__type_support.c.o[0m
[1.754s] [  5%] [32mBuilding C object CMakeFiles/controller_manager_msgs__rosidl_generator_c.dir/rosidl_generator_c/controller_manager_msgs/msg/detail/hardware_component_state__functions.c.o[0m
[1.754s] [  5%] [32mBuilding C object CMakeFiles/controller_manager_msgs__rosidl_generator_c.dir/rosidl_generator_c/controller_manager_msgs/msg/detail/hardware_interface__description.c.o[0m
[1.754s] [  6%] [32mBuilding C object CMakeFiles/controller_manager_msgs__rosidl_generator_c.dir/rosidl_generator_c/controller_manager_msgs/msg/detail/hardware_interface__functions.c.o[0m
[1.758s] [  8%] [32mBuilding C object CMakeFiles/controller_manager_msgs__rosidl_generator_c.dir/rosidl_generator_c/controller_manager_msgs/srv/detail/configure_controller__description.c.o[0m
[1.758s] [  8%] [32mBuilding C object CMakeFiles/controller_manager_msgs__rosidl_generator_c.dir/rosidl_generator_c/controller_manager_msgs/srv/detail/configure_controller__functions.c.o[0m
[1.758s] [  8%] [32mBuilding C object CMakeFiles/controller_manager_msgs__rosidl_generator_c.dir/rosidl_generator_c/controller_manager_msgs/msg/detail/hardware_interface__type_support.c.o[0m
[1.758s] [  8%] [32mBuilding C object CMakeFiles/controller_manager_msgs__rosidl_generator_c.dir/rosidl_generator_c/controller_manager_msgs/srv/detail/configure_controller__type_support.c.o[0m
[1.758s] [  9%] [32mBuilding C object CMakeFiles/controller_manager_msgs__rosidl_generator_c.dir/rosidl_generator_c/controller_manager_msgs/msg/detail/hardware_component_state__type_support.c.o[0m
[1.761s] [ 10%] [32mBuilding C object CMakeFiles/controller_manager_msgs__rosidl_generator_c.dir/rosidl_generator_c/controller_manager_msgs/srv/detail/list_controllers__description.c.o[0m
[1.762s] [ 11%] [32mBuilding C object CMakeFiles/controller_manager_msgs__rosidl_generator_c.dir/rosidl_generator_c/controller_manager_msgs/srv/detail/list_controllers__functions.c.o[0m
[1.762s] [ 12%] [32mBuilding C object CMakeFiles/controller_manager_msgs__rosidl_generator_c.dir/rosidl_generator_c/controller_manager_msgs/srv/detail/list_controller_types__description.c.o[0m
[1.763s] [ 12%] [32mBuilding C object CMakeFiles/controller_manager_msgs__rosidl_generator_c.dir/rosidl_generator_c/controller_manager_msgs/srv/detail/list_controllers__type_support.c.o[0m
[1.763s] [ 13%] [32mBuilding C object CMakeFiles/controller_manager_msgs__rosidl_generator_c.dir/rosidl_generator_c/controller_manager_msgs/srv/detail/list_controller_types__functions.c.o[0m
[1.804s] [ 14%] [32mBuilding C object CMakeFiles/controller_manager_msgs__rosidl_generator_c.dir/rosidl_generator_c/controller_manager_msgs/srv/detail/list_hardware_interfaces__description.c.o[0m
[1.804s] [ 14%] [32mBuilding C object CMakeFiles/controller_manager_msgs__rosidl_generator_c.dir/rosidl_generator_c/controller_manager_msgs/srv/detail/list_hardware_interfaces__functions.c.o[0m
[1.804s] [ 14%] [32mBuilding C object CMakeFiles/controller_manager_msgs__rosidl_generator_c.dir/rosidl_generator_c/controller_manager_msgs/srv/detail/list_controller_types__type_support.c.o[0m
[1.805s] [ 15%] [32mBuilding C object CMakeFiles/controller_manager_msgs__rosidl_generator_c.dir/rosidl_generator_c/controller_manager_msgs/srv/detail/list_hardware_interfaces__type_support.c.o[0m
[1.805s] [ 17%] [32mBuilding C object CMakeFiles/controller_manager_msgs__rosidl_generator_c.dir/rosidl_generator_c/controller_manager_msgs/srv/detail/list_hardware_components__description.c.o[0m
[1.806s] [ 17%] [32mBuilding C object CMakeFiles/controller_manager_msgs__rosidl_generator_c.dir/rosidl_generator_c/controller_manager_msgs/srv/detail/list_hardware_components__type_support.c.o[0m
[1.807s] [ 17%] [32mBuilding C object CMakeFiles/controller_manager_msgs__rosidl_generator_c.dir/rosidl_generator_c/controller_manager_msgs/srv/detail/list_hardware_components__functions.c.o[0m
[1.809s] [ 17%] [32mBuilding C object CMakeFiles/controller_manager_msgs__rosidl_generator_c.dir/rosidl_generator_c/controller_manager_msgs/srv/detail/load_controller__description.c.o[0m
[1.812s] [ 18%] [32mBuilding C object CMakeFiles/controller_manager_msgs__rosidl_generator_c.dir/rosidl_generator_c/controller_manager_msgs/srv/detail/load_controller__functions.c.o[0m
[1.816s] [ 19%] [32mBuilding C object CMakeFiles/controller_manager_msgs__rosidl_generator_c.dir/rosidl_generator_c/controller_manager_msgs/srv/detail/load_controller__type_support.c.o[0m
[1.825s] [ 19%] [32mBuilding C object CMakeFiles/controller_manager_msgs__rosidl_generator_c.dir/rosidl_generator_c/controller_manager_msgs/srv/detail/reload_controller_libraries__description.c.o[0m
[1.835s] [ 19%] [32mBuilding C object CMakeFiles/controller_manager_msgs__rosidl_generator_c.dir/rosidl_generator_c/controller_manager_msgs/srv/detail/reload_controller_libraries__type_support.c.o[0m
[1.835s] [ 20%] [32mBuilding C object CMakeFiles/controller_manager_msgs__rosidl_generator_c.dir/rosidl_generator_c/controller_manager_msgs/srv/detail/set_hardware_component_state__description.c.o[0m
[1.836s] [ 21%] [32mBuilding C object CMakeFiles/controller_manager_msgs__rosidl_generator_c.dir/rosidl_generator_c/controller_manager_msgs/srv/detail/switch_controller__description.c.o[0m
[1.838s] [ 22%] [32mBuilding C object CMakeFiles/controller_manager_msgs__rosidl_generator_c.dir/rosidl_generator_c/controller_manager_msgs/srv/detail/set_hardware_component_state__functions.c.o[0m
[1.840s] [ 23%] [32mBuilding C object CMakeFiles/controller_manager_msgs__rosidl_generator_c.dir/rosidl_generator_c/controller_manager_msgs/srv/detail/reload_controller_libraries__functions.c.o[0m
[1.840s] [ 23%] [32mBuilding C object CMakeFiles/controller_manager_msgs__rosidl_generator_c.dir/rosidl_generator_c/controller_manager_msgs/srv/detail/set_hardware_component_state__type_support.c.o[0m
[1.843s] [ 23%] [32mBuilding C object CMakeFiles/controller_manager_msgs__rosidl_generator_c.dir/rosidl_generator_c/controller_manager_msgs/srv/detail/switch_controller__type_support.c.o[0m
[1.845s] [ 24%] [32mBuilding C object CMakeFiles/controller_manager_msgs__rosidl_generator_c.dir/rosidl_generator_c/controller_manager_msgs/srv/detail/switch_controller__functions.c.o[0m
[1.848s] [ 25%] [32mBuilding C object CMakeFiles/controller_manager_msgs__rosidl_generator_c.dir/rosidl_generator_c/controller_manager_msgs/srv/detail/unload_controller__description.c.o[0m
[1.863s] [ 25%] [32mBuilding C object CMakeFiles/controller_manager_msgs__rosidl_generator_c.dir/rosidl_generator_c/controller_manager_msgs/srv/detail/unload_controller__functions.c.o[0m
[1.863s] [ 26%] [32mBuilding C object CMakeFiles/controller_manager_msgs__rosidl_generator_c.dir/rosidl_generator_c/controller_manager_msgs/srv/detail/unload_controller__type_support.c.o[0m
[1.867s] [ 26%] Built target controller_manager_msgs__cpp
[1.938s] [ 27%] [32m[1mLinking C shared library libcontroller_manager_msgs__rosidl_generator_c.so[0m
[1.977s] [ 27%] Built target controller_manager_msgs__rosidl_generator_c
[1.986s] [ 27%] [34m[1mGenerating C++ type support for eProsima Fast-RTPS[0m
[1.986s] [ 28%] [34m[1mGenerating C++ introspection for ROS interfaces[0m
[1.987s] [ 29%] [34m[1mGenerating C++ type support dispatch for ROS interfaces[0m
[1.987s] [ 28%] [34m[1mGenerating C type support for eProsima Fast-RTPS[0m
[1.988s] [ 30%] [34m[1mGenerating C introspection for ROS interfaces[0m
[1.988s] [ 31%] [34m[1mGenerating C type support dispatch for ROS interfaces[0m
[2.860s] [ 33%] [32mBuilding CXX object CMakeFiles/controller_manager_msgs__rosidl_typesupport_c.dir/rosidl_typesupport_c/controller_manager_msgs/srv/list_hardware_components__type_support.cpp.o[0m
[2.861s] [ 33%] [32mBuilding CXX object CMakeFiles/controller_manager_msgs__rosidl_typesupport_c.dir/rosidl_typesupport_c/controller_manager_msgs/srv/list_controllers__type_support.cpp.o[0m
[2.862s] [ 35%] [32mBuilding CXX object CMakeFiles/controller_manager_msgs__rosidl_typesupport_c.dir/rosidl_typesupport_c/controller_manager_msgs/msg/controller_state__type_support.cpp.o[0m
[2.862s] [ 35%] [32mBuilding CXX object CMakeFiles/controller_manager_msgs__rosidl_typesupport_c.dir/rosidl_typesupport_c/controller_manager_msgs/msg/hardware_component_state__type_support.cpp.o[0m
[2.862s] [ 35%] [32mBuilding CXX object CMakeFiles/controller_manager_msgs__rosidl_typesupport_c.dir/rosidl_typesupport_c/controller_manager_msgs/msg/chain_connection__type_support.cpp.o[0m
[2.862s] [ 35%] [32mBuilding CXX object CMakeFiles/controller_manager_msgs__rosidl_typesupport_c.dir/rosidl_typesupport_c/controller_manager_msgs/msg/hardware_interface__type_support.cpp.o[0m
[2.862s] [ 36%] [32mBuilding CXX object CMakeFiles/controller_manager_msgs__rosidl_typesupport_c.dir/rosidl_typesupport_c/controller_manager_msgs/srv/configure_controller__type_support.cpp.o[0m
[2.863s] [ 36%] [32mBuilding CXX object CMakeFiles/controller_manager_msgs__rosidl_typesupport_c.dir/rosidl_typesupport_c/controller_manager_msgs/srv/list_hardware_interfaces__type_support.cpp.o[0m
[2.863s] [ 37%] [32mBuilding CXX object CMakeFiles/controller_manager_msgs__rosidl_typesupport_c.dir/rosidl_typesupport_c/controller_manager_msgs/srv/load_controller__type_support.cpp.o[0m
[2.863s] [ 38%] [32mBuilding CXX object CMakeFiles/controller_manager_msgs__rosidl_typesupport_c.dir/rosidl_typesupport_c/controller_manager_msgs/srv/list_controller_types__type_support.cpp.o[0m
[2.863s] [ 38%] [32mBuilding CXX object CMakeFiles/controller_manager_msgs__rosidl_typesupport_c.dir/rosidl_typesupport_c/controller_manager_msgs/srv/switch_controller__type_support.cpp.o[0m
[2.863s] [ 38%] [32mBuilding CXX object CMakeFiles/controller_manager_msgs__rosidl_typesupport_c.dir/rosidl_typesupport_c/controller_manager_msgs/srv/unload_controller__type_support.cpp.o[0m
[2.863s] [ 39%] [32mBuilding CXX object CMakeFiles/controller_manager_msgs__rosidl_typesupport_c.dir/rosidl_typesupport_c/controller_manager_msgs/srv/reload_controller_libraries__type_support.cpp.o[0m
[2.864s] [ 39%] [32mBuilding CXX object CMakeFiles/controller_manager_msgs__rosidl_typesupport_c.dir/rosidl_typesupport_c/controller_manager_msgs/srv/set_hardware_component_state__type_support.cpp.o[0m
[2.936s] [ 40%] [32mBuilding CXX object CMakeFiles/controller_manager_msgs__rosidl_typesupport_cpp.dir/rosidl_typesupport_cpp/controller_manager_msgs/msg/hardware_interface__type_support.cpp.o[0m
[2.936s] [ 40%] [32mBuilding CXX object CMakeFiles/controller_manager_msgs__rosidl_typesupport_cpp.dir/rosidl_typesupport_cpp/controller_manager_msgs/srv/reload_controller_libraries__type_support.cpp.o[0m
[2.936s] [ 40%] [32mBuilding CXX object CMakeFiles/controller_manager_msgs__rosidl_typesupport_cpp.dir/rosidl_typesupport_cpp/controller_manager_msgs/srv/list_controllers__type_support.cpp.o[0m
[2.936s] [ 40%] [32mBuilding CXX object CMakeFiles/controller_manager_msgs__rosidl_typesupport_cpp.dir/rosidl_typesupport_cpp/controller_manager_msgs/srv/configure_controller__type_support.cpp.o[0m
[2.936s] [ 41%] [32mBuilding CXX object CMakeFiles/controller_manager_msgs__rosidl_typesupport_cpp.dir/rosidl_typesupport_cpp/controller_manager_msgs/msg/chain_connection__type_support.cpp.o[0m
[2.936s] [ 41%] [32mBuilding CXX object CMakeFiles/controller_manager_msgs__rosidl_typesupport_cpp.dir/rosidl_typesupport_cpp/controller_manager_msgs/msg/controller_state__type_support.cpp.o[0m
[2.936s] [ 43%] [32mBuilding CXX object CMakeFiles/controller_manager_msgs__rosidl_typesupport_cpp.dir/rosidl_typesupport_cpp/controller_manager_msgs/srv/list_hardware_components__type_support.cpp.o[0m
[2.936s] [ 43%] [32mBuilding CXX object CMakeFiles/controller_manager_msgs__rosidl_typesupport_cpp.dir/rosidl_typesupport_cpp/controller_manager_msgs/msg/hardware_component_state__type_support.cpp.o[0m
[2.936s] [ 44%] [32mBuilding CXX object CMakeFiles/controller_manager_msgs__rosidl_typesupport_cpp.dir/rosidl_typesupport_cpp/controller_manager_msgs/srv/list_controller_types__type_support.cpp.o[0m
[2.937s] [ 45%] [32mBuilding CXX object CMakeFiles/controller_manager_msgs__rosidl_typesupport_cpp.dir/rosidl_typesupport_cpp/controller_manager_msgs/srv/load_controller__type_support.cpp.o[0m
[2.937s] [ 46%] [32mBuilding CXX object CMakeFiles/controller_manager_msgs__rosidl_typesupport_cpp.dir/rosidl_typesupport_cpp/controller_manager_msgs/srv/list_hardware_interfaces__type_support.cpp.o[0m
[2.937s] [ 46%] [32m[1mLinking CXX shared library libcontroller_manager_msgs__rosidl_typesupport_c.so[0m
[2.938s] [ 47%] [32mBuilding CXX object CMakeFiles/controller_manager_msgs__rosidl_typesupport_cpp.dir/rosidl_typesupport_cpp/controller_manager_msgs/srv/set_hardware_component_state__type_support.cpp.o[0m
[2.939s] [ 48%] [32mBuilding CXX object CMakeFiles/controller_manager_msgs__rosidl_typesupport_cpp.dir/rosidl_typesupport_cpp/controller_manager_msgs/srv/switch_controller__type_support.cpp.o[0m
[2.939s] [ 48%] [32mBuilding CXX object CMakeFiles/controller_manager_msgs__rosidl_typesupport_cpp.dir/rosidl_typesupport_cpp/controller_manager_msgs/srv/unload_controller__type_support.cpp.o[0m
[2.989s] [ 48%] Built target controller_manager_msgs__rosidl_typesupport_c
[3.076s] [ 48%] [32mBuilding CXX object CMakeFiles/controller_manager_msgs__rosidl_typesupport_introspection_cpp.dir/rosidl_typesupport_introspection_cpp/controller_manager_msgs/msg/detail/hardware_interface__type_support.cpp.o[0m
[3.077s] [ 50%] [32mBuilding CXX object CMakeFiles/controller_manager_msgs__rosidl_typesupport_introspection_cpp.dir/rosidl_typesupport_introspection_cpp/controller_manager_msgs/msg/detail/chain_connection__type_support.cpp.o[0m
[3.079s] [ 50%] [32mBuilding CXX object CMakeFiles/controller_manager_msgs__rosidl_typesupport_introspection_cpp.dir/rosidl_typesupport_introspection_cpp/controller_manager_msgs/msg/detail/controller_state__type_support.cpp.o[0m
[3.080s] [ 50%] [32mBuilding CXX object CMakeFiles/controller_manager_msgs__rosidl_typesupport_introspection_cpp.dir/rosidl_typesupport_introspection_cpp/controller_manager_msgs/msg/detail/hardware_component_state__type_support.cpp.o[0m
[3.093s] [ 51%] [32mBuilding CXX object CMakeFiles/controller_manager_msgs__rosidl_typesupport_introspection_cpp.dir/rosidl_typesupport_introspection_cpp/controller_manager_msgs/srv/detail/configure_controller__type_support.cpp.o[0m
[3.097s] [ 51%] [32mBuilding CXX object CMakeFiles/controller_manager_msgs__rosidl_typesupport_introspection_cpp.dir/rosidl_typesupport_introspection_cpp/controller_manager_msgs/srv/detail/list_controllers__type_support.cpp.o[0m
[3.098s] [ 52%] [32mBuilding CXX object CMakeFiles/controller_manager_msgs__rosidl_typesupport_introspection_cpp.dir/rosidl_typesupport_introspection_cpp/controller_manager_msgs/srv/detail/list_controller_types__type_support.cpp.o[0m
[3.119s] [ 53%] [32mBuilding CXX object CMakeFiles/controller_manager_msgs__rosidl_typesupport_introspection_cpp.dir/rosidl_typesupport_introspection_cpp/controller_manager_msgs/srv/detail/list_hardware_components__type_support.cpp.o[0m
[3.126s] [ 54%] [32mBuilding CXX object CMakeFiles/controller_manager_msgs__rosidl_typesupport_introspection_cpp.dir/rosidl_typesupport_introspection_cpp/controller_manager_msgs/srv/detail/list_hardware_interfaces__type_support.cpp.o[0m
[3.128s] [ 54%] [32mBuilding CXX object CMakeFiles/controller_manager_msgs__rosidl_typesupport_introspection_cpp.dir/rosidl_typesupport_introspection_cpp/controller_manager_msgs/srv/detail/load_controller__type_support.cpp.o[0m
[3.155s] [ 54%] [32mBuilding CXX object CMakeFiles/controller_manager_msgs__rosidl_typesupport_introspection_cpp.dir/rosidl_typesupport_introspection_cpp/controller_manager_msgs/srv/detail/reload_controller_libraries__type_support.cpp.o[0m
[3.170s] [ 54%] [32mBuilding CXX object CMakeFiles/controller_manager_msgs__rosidl_typesupport_introspection_cpp.dir/rosidl_typesupport_introspection_cpp/controller_manager_msgs/srv/detail/unload_controller__type_support.cpp.o[0m
[3.176s] [ 55%] [32mBuilding CXX object CMakeFiles/controller_manager_msgs__rosidl_typesupport_introspection_cpp.dir/rosidl_typesupport_introspection_cpp/controller_manager_msgs/srv/detail/switch_controller__type_support.cpp.o[0m
[3.176s] [ 56%] [32mBuilding CXX object CMakeFiles/controller_manager_msgs__rosidl_typesupport_introspection_cpp.dir/rosidl_typesupport_introspection_cpp/controller_manager_msgs/srv/detail/set_hardware_component_state__type_support.cpp.o[0m
[3.199s] [ 57%] [32mBuilding CXX object CMakeFiles/controller_manager_msgs__rosidl_typesupport_fastrtps_cpp.dir/rosidl_typesupport_fastrtps_cpp/controller_manager_msgs/msg/detail/dds_fastrtps/controller_state__type_support.cpp.o[0m
[3.231s] [ 57%] [32mBuilding CXX object CMakeFiles/controller_manager_msgs__rosidl_typesupport_fastrtps_cpp.dir/rosidl_typesupport_fastrtps_cpp/controller_manager_msgs/msg/detail/dds_fastrtps/chain_connection__type_support.cpp.o[0m
[3.429s] [ 58%] [32mBuilding CXX object CMakeFiles/controller_manager_msgs__rosidl_typesupport_fastrtps_cpp.dir/rosidl_typesupport_fastrtps_cpp/controller_manager_msgs/msg/detail/dds_fastrtps/hardware_component_state__type_support.cpp.o[0m
[3.480s] [ 59%] [32mBuilding CXX object CMakeFiles/controller_manager_msgs__rosidl_typesupport_fastrtps_cpp.dir/rosidl_typesupport_fastrtps_cpp/controller_manager_msgs/msg/detail/dds_fastrtps/hardware_interface__type_support.cpp.o[0m
[3.484s] [ 59%] [32mBuilding CXX object CMakeFiles/controller_manager_msgs__rosidl_typesupport_fastrtps_cpp.dir/rosidl_typesupport_fastrtps_cpp/controller_manager_msgs/srv/detail/dds_fastrtps/configure_controller__type_support.cpp.o[0m
[3.558s] [ 60%] [32mBuilding CXX object CMakeFiles/controller_manager_msgs__rosidl_typesupport_fastrtps_cpp.dir/rosidl_typesupport_fastrtps_cpp/controller_manager_msgs/srv/detail/dds_fastrtps/list_controllers__type_support.cpp.o[0m
[3.585s] [ 60%] [32mBuilding CXX object CMakeFiles/controller_manager_msgs__rosidl_typesupport_fastrtps_cpp.dir/rosidl_typesupport_fastrtps_cpp/controller_manager_msgs/srv/detail/dds_fastrtps/list_controller_types__type_support.cpp.o[0m
[3.597s] [ 61%] [32mBuilding CXX object CMakeFiles/controller_manager_msgs__rosidl_typesupport_fastrtps_cpp.dir/rosidl_typesupport_fastrtps_cpp/controller_manager_msgs/srv/detail/dds_fastrtps/list_hardware_components__type_support.cpp.o[0m
[3.603s] [ 62%] [32mBuilding CXX object CMakeFiles/controller_manager_msgs__rosidl_typesupport_fastrtps_cpp.dir/rosidl_typesupport_fastrtps_cpp/controller_manager_msgs/srv/detail/dds_fastrtps/list_hardware_interfaces__type_support.cpp.o[0m
[3.613s] [ 62%] [32mBuilding CXX object CMakeFiles/controller_manager_msgs__rosidl_typesupport_fastrtps_cpp.dir/rosidl_typesupport_fastrtps_cpp/controller_manager_msgs/srv/detail/dds_fastrtps/load_controller__type_support.cpp.o[0m
[3.620s] [ 63%] [32mBuilding C object CMakeFiles/controller_manager_msgs__rosidl_typesupport_introspection_c.dir/rosidl_typesupport_introspection_c/controller_manager_msgs/msg/detail/controller_state__type_support.c.o[0m
[3.643s] [ 63%] [32mBuilding C object CMakeFiles/controller_manager_msgs__rosidl_typesupport_introspection_c.dir/rosidl_typesupport_introspection_c/controller_manager_msgs/msg/detail/chain_connection__type_support.c.o[0m
[3.646s] [ 64%] [32mBuilding CXX object CMakeFiles/controller_manager_msgs__rosidl_typesupport_fastrtps_cpp.dir/rosidl_typesupport_fastrtps_cpp/controller_manager_msgs/srv/detail/dds_fastrtps/set_hardware_component_state__type_support.cpp.o[0m
[3.646s] [ 65%] [32mBuilding CXX object CMakeFiles/controller_manager_msgs__rosidl_typesupport_fastrtps_cpp.dir/rosidl_typesupport_fastrtps_cpp/controller_manager_msgs/srv/detail/dds_fastrtps/reload_controller_libraries__type_support.cpp.o[0m
[3.656s] [ 66%] [32mBuilding C object CMakeFiles/controller_manager_msgs__rosidl_typesupport_introspection_c.dir/rosidl_typesupport_introspection_c/controller_manager_msgs/msg/detail/hardware_component_state__type_support.c.o[0m
[3.692s] [ 66%] [32mBuilding C object CMakeFiles/controller_manager_msgs__rosidl_typesupport_introspection_c.dir/rosidl_typesupport_introspection_c/controller_manager_msgs/msg/detail/hardware_interface__type_support.c.o[0m
[3.709s] [ 67%] [32mBuilding C object CMakeFiles/controller_manager_msgs__rosidl_typesupport_introspection_c.dir/rosidl_typesupport_introspection_c/controller_manager_msgs/srv/detail/configure_controller__type_support.c.o[0m
[3.749s] [ 68%] [32mBuilding CXX object CMakeFiles/controller_manager_msgs__rosidl_typesupport_fastrtps_cpp.dir/rosidl_typesupport_fastrtps_cpp/controller_manager_msgs/srv/detail/dds_fastrtps/unload_controller__type_support.cpp.o[0m
[3.756s] [ 69%] [32mBuilding C object CMakeFiles/controller_manager_msgs__rosidl_typesupport_introspection_c.dir/rosidl_typesupport_introspection_c/controller_manager_msgs/srv/detail/list_controllers__type_support.c.o[0m
[3.756s] [ 69%] [32mBuilding CXX object CMakeFiles/controller_manager_msgs__rosidl_typesupport_fastrtps_cpp.dir/rosidl_typesupport_fastrtps_cpp/controller_manager_msgs/srv/detail/dds_fastrtps/switch_controller__type_support.cpp.o[0m
[3.756s] [ 69%] [32mBuilding C object CMakeFiles/controller_manager_msgs__rosidl_typesupport_introspection_c.dir/rosidl_typesupport_introspection_c/controller_manager_msgs/srv/detail/list_controller_types__type_support.c.o[0m
[3.757s] [ 70%] [32m[1mLinking CXX shared library libcontroller_manager_msgs__rosidl_typesupport_cpp.so[0m
[3.795s] [ 71%] [32mBuilding C object CMakeFiles/controller_manager_msgs__rosidl_typesupport_introspection_c.dir/rosidl_typesupport_introspection_c/controller_manager_msgs/srv/detail/list_hardware_components__type_support.c.o[0m
[3.815s] [ 71%] [32mBuilding C object CMakeFiles/controller_manager_msgs__rosidl_typesupport_introspection_c.dir/rosidl_typesupport_introspection_c/controller_manager_msgs/srv/detail/list_hardware_interfaces__type_support.c.o[0m
[3.832s] [ 72%] [32mBuilding C object CMakeFiles/controller_manager_msgs__rosidl_typesupport_introspection_c.dir/rosidl_typesupport_introspection_c/controller_manager_msgs/srv/detail/load_controller__type_support.c.o[0m
[3.838s] [ 73%] [32mBuilding C object CMakeFiles/controller_manager_msgs__rosidl_typesupport_introspection_c.dir/rosidl_typesupport_introspection_c/controller_manager_msgs/srv/detail/reload_controller_libraries__type_support.c.o[0m
[3.906s] [ 73%] [32mBuilding C object CMakeFiles/controller_manager_msgs__rosidl_typesupport_introspection_c.dir/rosidl_typesupport_introspection_c/controller_manager_msgs/srv/detail/set_hardware_component_state__type_support.c.o[0m
[3.919s] [ 74%] [32mBuilding C object CMakeFiles/controller_manager_msgs__rosidl_typesupport_introspection_c.dir/rosidl_typesupport_introspection_c/controller_manager_msgs/srv/detail/switch_controller__type_support.c.o[0m
[3.945s] [ 74%] [32mBuilding C object CMakeFiles/controller_manager_msgs__rosidl_typesupport_introspection_c.dir/rosidl_typesupport_introspection_c/controller_manager_msgs/srv/detail/unload_controller__type_support.c.o[0m
[3.961s] [ 74%] Built target controller_manager_msgs__rosidl_typesupport_cpp
[4.046s] [ 75%] [32mBuilding CXX object CMakeFiles/controller_manager_msgs__rosidl_typesupport_fastrtps_c.dir/rosidl_typesupport_fastrtps_c/controller_manager_msgs/msg/detail/controller_state__type_support_c.cpp.o[0m
[4.055s] [ 76%] [32mBuilding CXX object CMakeFiles/controller_manager_msgs__rosidl_typesupport_fastrtps_c.dir/rosidl_typesupport_fastrtps_c/controller_manager_msgs/msg/detail/chain_connection__type_support_c.cpp.o[0m
[4.057s] [ 77%] [32mBuilding CXX object CMakeFiles/controller_manager_msgs__rosidl_typesupport_fastrtps_c.dir/rosidl_typesupport_fastrtps_c/controller_manager_msgs/srv/detail/list_controllers__type_support_c.cpp.o[0m
[4.057s] [ 78%] [32mBuilding CXX object CMakeFiles/controller_manager_msgs__rosidl_typesupport_fastrtps_c.dir/rosidl_typesupport_fastrtps_c/controller_manager_msgs/msg/detail/hardware_component_state__type_support_c.cpp.o[0m
[4.061s] [ 78%] [32mBuilding CXX object CMakeFiles/controller_manager_msgs__rosidl_typesupport_fastrtps_c.dir/rosidl_typesupport_fastrtps_c/controller_manager_msgs/srv/detail/list_hardware_components__type_support_c.cpp.o[0m
[4.061s] [ 79%] [32m[1mLinking C shared library libcontroller_manager_msgs__rosidl_typesupport_introspection_c.so[0m
[4.062s] [ 78%] [32mBuilding CXX object CMakeFiles/controller_manager_msgs__rosidl_typesupport_fastrtps_c.dir/rosidl_typesupport_fastrtps_c/controller_manager_msgs/msg/detail/hardware_interface__type_support_c.cpp.o[0m
[4.063s] [ 80%] [32mBuilding CXX object CMakeFiles/controller_manager_msgs__rosidl_typesupport_fastrtps_c.dir/rosidl_typesupport_fastrtps_c/controller_manager_msgs/srv/detail/list_hardware_interfaces__type_support_c.cpp.o[0m
[4.066s] [ 81%] [32mBuilding CXX object CMakeFiles/controller_manager_msgs__rosidl_typesupport_fastrtps_c.dir/rosidl_typesupport_fastrtps_c/controller_manager_msgs/srv/detail/list_controller_types__type_support_c.cpp.o[0m
[4.067s] [ 82%] [32mBuilding CXX object CMakeFiles/controller_manager_msgs__rosidl_typesupport_fastrtps_c.dir/rosidl_typesupport_fastrtps_c/controller_manager_msgs/srv/detail/load_controller__type_support_c.cpp.o[0m
[4.069s] [ 83%] [32mBuilding CXX object CMakeFiles/controller_manager_msgs__rosidl_typesupport_fastrtps_c.dir/rosidl_typesupport_fastrtps_c/controller_manager_msgs/srv/detail/set_hardware_component_state__type_support_c.cpp.o[0m
[4.071s] [ 83%] [32mBuilding CXX object CMakeFiles/controller_manager_msgs__rosidl_typesupport_fastrtps_c.dir/rosidl_typesupport_fastrtps_c/controller_manager_msgs/srv/detail/configure_controller__type_support_c.cpp.o[0m
[4.075s] [ 83%] [32mBuilding CXX object CMakeFiles/controller_manager_msgs__rosidl_typesupport_fastrtps_c.dir/rosidl_typesupport_fastrtps_c/controller_manager_msgs/srv/detail/switch_controller__type_support_c.cpp.o[0m
[4.097s] [ 83%] [32mBuilding CXX object CMakeFiles/controller_manager_msgs__rosidl_typesupport_fastrtps_c.dir/rosidl_typesupport_fastrtps_c/controller_manager_msgs/srv/detail/reload_controller_libraries__type_support_c.cpp.o[0m
[4.108s] [ 84%] [32mBuilding CXX object CMakeFiles/controller_manager_msgs__rosidl_typesupport_fastrtps_c.dir/rosidl_typesupport_fastrtps_c/controller_manager_msgs/srv/detail/unload_controller__type_support_c.cpp.o[0m
[4.163s] [ 85%] [32m[1mLinking CXX shared library libcontroller_manager_msgs__rosidl_typesupport_introspection_cpp.so[0m
[4.187s] [ 85%] Built target controller_manager_msgs__rosidl_typesupport_introspection_c
[4.490s] [ 85%] Built target controller_manager_msgs__rosidl_typesupport_introspection_cpp
[5.005s] [ 85%] [32m[1mLinking CXX shared library libcontroller_manager_msgs__rosidl_typesupport_fastrtps_cpp.so[0m
[5.025s] [ 86%] [32m[1mLinking CXX shared library libcontroller_manager_msgs__rosidl_typesupport_fastrtps_c.so[0m
[5.107s] [ 86%] Built target controller_manager_msgs__rosidl_typesupport_fastrtps_cpp
[5.129s] [ 86%] Built target controller_manager_msgs__rosidl_typesupport_fastrtps_c
[5.152s] [ 86%] Built target controller_manager_msgs
[5.177s] [ 87%] [34m[1mGenerating Python code for ROS interfaces[0m
[8.377s] [ 87%] Built target controller_manager_msgs__py
[8.430s] [ 87%] [32mBuilding C object CMakeFiles/controller_manager_msgs__rosidl_generator_py.dir/rosidl_generator_py/controller_manager_msgs/msg/_controller_state_s.c.o[0m
[8.438s] [ 88%] [32mBuilding C object CMakeFiles/controller_manager_msgs__rosidl_generator_py.dir/rosidl_generator_py/controller_manager_msgs/msg/_chain_connection_s.c.o[0m
[8.440s] [ 88%] [32mBuilding C object CMakeFiles/controller_manager_msgs__rosidl_generator_py.dir/rosidl_generator_py/controller_manager_msgs/msg/_hardware_component_state_s.c.o[0m
[8.444s] [ 89%] [32mBuilding C object CMakeFiles/controller_manager_msgs__rosidl_generator_py.dir/rosidl_generator_py/controller_manager_msgs/msg/_hardware_interface_s.c.o[0m
[8.447s] [ 90%] [32mBuilding C object CMakeFiles/controller_manager_msgs__rosidl_generator_py.dir/rosidl_generator_py/controller_manager_msgs/srv/_configure_controller_s.c.o[0m
[8.447s] [ 90%] [32mBuilding C object CMakeFiles/controller_manager_msgs__rosidl_generator_py.dir/rosidl_generator_py/controller_manager_msgs/srv/_list_controllers_s.c.o[0m
[8.447s] [ 90%] [32mBuilding C object CMakeFiles/controller_manager_msgs__rosidl_generator_py.dir/rosidl_generator_py/controller_manager_msgs/srv/_list_hardware_components_s.c.o[0m
[8.449s] [ 91%] [32mBuilding C object CMakeFiles/controller_manager_msgs__rosidl_generator_py.dir/rosidl_generator_py/controller_manager_msgs/srv/_list_hardware_interfaces_s.c.o[0m
[8.453s] [ 92%] [32mBuilding C object CMakeFiles/controller_manager_msgs__rosidl_generator_py.dir/rosidl_generator_py/controller_manager_msgs/srv/_load_controller_s.c.o[0m
[8.462s] [ 93%] [32mBuilding C object CMakeFiles/controller_manager_msgs__rosidl_generator_py.dir/rosidl_generator_py/controller_manager_msgs/srv/_list_controller_types_s.c.o[0m
[8.470s] [ 94%] [32mBuilding C object CMakeFiles/controller_manager_msgs__rosidl_generator_py.dir/rosidl_generator_py/controller_manager_msgs/srv/_set_hardware_component_state_s.c.o[0m
[8.470s] [ 94%] [32mBuilding C object CMakeFiles/controller_manager_msgs__rosidl_generator_py.dir/rosidl_generator_py/controller_manager_msgs/srv/_reload_controller_libraries_s.c.o[0m
[8.502s] [ 94%] [32mBuilding C object CMakeFiles/controller_manager_msgs__rosidl_generator_py.dir/rosidl_generator_py/controller_manager_msgs/srv/_switch_controller_s.c.o[0m
[8.505s] [ 95%] [32mBuilding C object CMakeFiles/controller_manager_msgs__rosidl_generator_py.dir/rosidl_generator_py/controller_manager_msgs/srv/_unload_controller_s.c.o[0m
[9.223s] [ 96%] [32m[1mLinking C shared library libcontroller_manager_msgs__rosidl_generator_py.so[0m
[9.379s] [ 96%] Built target controller_manager_msgs__rosidl_generator_py
[9.449s] [ 97%] [32mBuilding C object CMakeFiles/controller_manager_msgs_s__rosidl_typesupport_introspection_c.dir/rosidl_generator_py/controller_manager_msgs/_controller_manager_msgs_s.ep.rosidl_typesupport_introspection_c.c.o[0m
[9.456s] [ 98%] [32mBuilding C object CMakeFiles/controller_manager_msgs_s__rosidl_typesupport_fastrtps_c.dir/rosidl_generator_py/controller_manager_msgs/_controller_manager_msgs_s.ep.rosidl_typesupport_fastrtps_c.c.o[0m
[9.462s] [ 98%] [32mBuilding C object CMakeFiles/controller_manager_msgs_s__rosidl_typesupport_c.dir/rosidl_generator_py/controller_manager_msgs/_controller_manager_msgs_s.ep.rosidl_typesupport_c.c.o[0m
[9.856s] [ 98%] [32m[1mLinking C shared module rosidl_generator_py/controller_manager_msgs/controller_manager_msgs_s__rosidl_typesupport_fastrtps_c.so[0m
[9.911s] [ 99%] [32m[1mLinking C shared module rosidl_generator_py/controller_manager_msgs/controller_manager_msgs_s__rosidl_typesupport_c.so[0m
[9.955s] [ 99%] Built target controller_manager_msgs_s__rosidl_typesupport_fastrtps_c
[10.001s] [ 99%] Built target controller_manager_msgs_s__rosidl_typesupport_c
[10.125s] [100%] [32m[1mLinking C shared module rosidl_generator_py/controller_manager_msgs/controller_manager_msgs_s__rosidl_typesupport_introspection_c.so[0m
[10.198s] [100%] Built target controller_manager_msgs_s__rosidl_typesupport_introspection_c
[10.213s] Invoked command in '/home/ravik/ros2_rolling/build/controller_manager_msgs' returned '0': CMAKE_PREFIX_PATH=${CMAKE_PREFIX_PATH}:/opt/ros/rolling PS1=\[\e]0;$(parse_ros_workspace)\a\]\[\e[1;32m\]\u\[\[\e[0;37m\]@\[\[\e[0;33m\]\h\[\[\e[1;33m\]${text}\[\[\e[0;37m\]:\[$(set_ros_workspace_color)\]$(parse_ros_workspace)\[\[\e[0;32m\]$(parse_git_bracket)\[$(set_git_color)\]$(get_gitbranch)\[\e[0;32m\]>\[\e[1;35m\]\W\[\[\e[1;35m\]$\[\[\e[0m\]\[\e[m\] /usr/bin/cmake --build /home/ravik/ros2_rolling/build/controller_manager_msgs -- -j32 -l32
[11.371s] Invoking command in '/home/ravik/ros2_rolling/build/controller_manager_msgs': CMAKE_PREFIX_PATH=${CMAKE_PREFIX_PATH}:/opt/ros/rolling PS1=\[\e]0;$(parse_ros_workspace)\a\]\[\e[1;32m\]\u\[\[\e[0;37m\]@\[\[\e[0;33m\]\h\[\[\e[1;33m\]${text}\[\[\e[0;37m\]:\[$(set_ros_workspace_color)\]$(parse_ros_workspace)\[\[\e[0;32m\]$(parse_git_bracket)\[$(set_git_color)\]$(get_gitbranch)\[\e[0;32m\]>\[\e[1;35m\]\W\[\[\e[1;35m\]$\[\[\e[0m\]\[\e[m\] /usr/bin/cmake --install /home/ravik/ros2_rolling/build/controller_manager_msgs
[11.395s] -- Install configuration: ""
[11.403s] -- Execute custom install script
[11.404s] -- Symlinking: /home/ravik/ros2_rolling/install/controller_manager_msgs/share/ament_index/resource_index/rosidl_interfaces/controller_manager_msgs
[11.429s] -- Symlinking: /home/ravik/ros2_rolling/install/controller_manager_msgs/share/controller_manager_msgs/msg/ControllerState.json
[11.459s] -- Symlinking: /home/ravik/ros2_rolling/install/controller_manager_msgs/share/controller_manager_msgs/msg/ChainConnection.json
[11.492s] -- Symlinking: /home/ravik/ros2_rolling/install/controller_manager_msgs/share/controller_manager_msgs/msg/HardwareComponentState.json
[11.510s] -- Symlinking: /home/ravik/ros2_rolling/install/controller_manager_msgs/share/controller_manager_msgs/msg/HardwareInterface.json
[11.536s] -- Symlinking: /home/ravik/ros2_rolling/install/controller_manager_msgs/share/controller_manager_msgs/srv/ConfigureController.json
[11.565s] -- Symlinking: /home/ravik/ros2_rolling/install/controller_manager_msgs/share/controller_manager_msgs/srv/ListControllers.json
[11.592s] -- Symlinking: /home/ravik/ros2_rolling/install/controller_manager_msgs/share/controller_manager_msgs/srv/ListControllerTypes.json
[11.620s] -- Symlinking: /home/ravik/ros2_rolling/install/controller_manager_msgs/share/controller_manager_msgs/srv/ListHardwareComponents.json
[11.644s] -- Symlinking: /home/ravik/ros2_rolling/install/controller_manager_msgs/share/controller_manager_msgs/srv/ListHardwareInterfaces.json
[11.675s] -- Symlinking: /home/ravik/ros2_rolling/install/controller_manager_msgs/share/controller_manager_msgs/srv/LoadController.json
[11.698s] -- Symlinking: /home/ravik/ros2_rolling/install/controller_manager_msgs/share/controller_manager_msgs/srv/ReloadControllerLibraries.json
[11.723s] -- Symlinking: /home/ravik/ros2_rolling/install/controller_manager_msgs/share/controller_manager_msgs/srv/SetHardwareComponentState.json
[11.749s] -- Symlinking: /home/ravik/ros2_rolling/install/controller_manager_msgs/share/controller_manager_msgs/srv/SwitchController.json
[11.774s] -- Symlinking: /home/ravik/ros2_rolling/install/controller_manager_msgs/share/controller_manager_msgs/srv/UnloadController.json
[11.809s] -- Symlinking: /home/ravik/ros2_rolling/install/controller_manager_msgs/include/controller_manager_msgs/controller_manager_msgs/msg/chain_connection.h
[11.829s] -- Symlinking: /home/ravik/ros2_rolling/install/controller_manager_msgs/include/controller_manager_msgs/controller_manager_msgs/msg/controller_state.h
[11.855s] -- Symlinking: /home/ravik/ros2_rolling/install/controller_manager_msgs/include/controller_manager_msgs/controller_manager_msgs/msg/detail/chain_connection__functions.h
[11.878s] -- Symlinking: /home/ravik/ros2_rolling/install/controller_manager_msgs/include/controller_manager_msgs/controller_manager_msgs/msg/detail/chain_connection__struct.h
[11.902s] -- Symlinking: /home/ravik/ros2_rolling/install/controller_manager_msgs/include/controller_manager_msgs/controller_manager_msgs/msg/detail/chain_connection__type_support.h
[11.930s] -- Symlinking: /home/ravik/ros2_rolling/install/controller_manager_msgs/include/controller_manager_msgs/controller_manager_msgs/msg/detail/controller_state__functions.h
[11.955s] -- Symlinking: /home/ravik/ros2_rolling/install/controller_manager_msgs/include/controller_manager_msgs/controller_manager_msgs/msg/detail/controller_state__struct.h
[11.981s] -- Symlinking: /home/ravik/ros2_rolling/install/controller_manager_msgs/include/controller_manager_msgs/controller_manager_msgs/msg/detail/controller_state__type_support.h
[12.011s] -- Symlinking: /home/ravik/ros2_rolling/install/controller_manager_msgs/include/controller_manager_msgs/controller_manager_msgs/msg/detail/hardware_component_state__functions.h
[12.037s] -- Symlinking: /home/ravik/ros2_rolling/install/controller_manager_msgs/include/controller_manager_msgs/controller_manager_msgs/msg/detail/hardware_component_state__struct.h
[12.063s] -- Symlinking: /home/ravik/ros2_rolling/install/controller_manager_msgs/include/controller_manager_msgs/controller_manager_msgs/msg/detail/hardware_component_state__type_support.h
[12.087s] -- Symlinking: /home/ravik/ros2_rolling/install/controller_manager_msgs/include/controller_manager_msgs/controller_manager_msgs/msg/detail/hardware_interface__functions.h
[12.122s] -- Symlinking: /home/ravik/ros2_rolling/install/controller_manager_msgs/include/controller_manager_msgs/controller_manager_msgs/msg/detail/hardware_interface__struct.h
[12.142s] -- Symlinking: /home/ravik/ros2_rolling/install/controller_manager_msgs/include/controller_manager_msgs/controller_manager_msgs/msg/detail/hardware_interface__type_support.h
[12.168s] -- Symlinking: /home/ravik/ros2_rolling/install/controller_manager_msgs/include/controller_manager_msgs/controller_manager_msgs/msg/hardware_component_state.h
[12.202s] -- Symlinking: /home/ravik/ros2_rolling/install/controller_manager_msgs/include/controller_manager_msgs/controller_manager_msgs/msg/hardware_interface.h
[12.216s] -- Symlinking: /home/ravik/ros2_rolling/install/controller_manager_msgs/include/controller_manager_msgs/controller_manager_msgs/msg/rosidl_generator_c__visibility_control.h
[12.229s] -- Symlinking: /home/ravik/ros2_rolling/install/controller_manager_msgs/include/controller_manager_msgs/controller_manager_msgs/srv/configure_controller.h
[12.240s] -- Symlinking: /home/ravik/ros2_rolling/install/controller_manager_msgs/include/controller_manager_msgs/controller_manager_msgs/srv/detail/configure_controller__functions.h
[12.256s] -- Symlinking: /home/ravik/ros2_rolling/install/controller_manager_msgs/include/controller_manager_msgs/controller_manager_msgs/srv/detail/configure_controller__struct.h
[12.269s] -- Symlinking: /home/ravik/ros2_rolling/install/controller_manager_msgs/include/controller_manager_msgs/controller_manager_msgs/srv/detail/configure_controller__type_support.h
[12.285s] -- Symlinking: /home/ravik/ros2_rolling/install/controller_manager_msgs/include/controller_manager_msgs/controller_manager_msgs/srv/detail/list_controller_types__functions.h
[12.298s] -- Symlinking: /home/ravik/ros2_rolling/install/controller_manager_msgs/include/controller_manager_msgs/controller_manager_msgs/srv/detail/list_controller_types__struct.h
[12.328s] -- Symlinking: /home/ravik/ros2_rolling/install/controller_manager_msgs/include/controller_manager_msgs/controller_manager_msgs/srv/detail/list_controller_types__type_support.h
[12.352s] -- Symlinking: /home/ravik/ros2_rolling/install/controller_manager_msgs/include/controller_manager_msgs/controller_manager_msgs/srv/detail/list_controllers__functions.h
[12.376s] -- Symlinking: /home/ravik/ros2_rolling/install/controller_manager_msgs/include/controller_manager_msgs/controller_manager_msgs/srv/detail/list_controllers__struct.h
[12.388s] -- Symlinking: /home/ravik/ros2_rolling/install/controller_manager_msgs/include/controller_manager_msgs/controller_manager_msgs/srv/detail/list_controllers__type_support.h
[12.402s] -- Symlinking: /home/ravik/ros2_rolling/install/controller_manager_msgs/include/controller_manager_msgs/controller_manager_msgs/srv/detail/list_hardware_components__functions.h
[12.416s] -- Symlinking: /home/ravik/ros2_rolling/install/controller_manager_msgs/include/controller_manager_msgs/controller_manager_msgs/srv/detail/list_hardware_components__struct.h
[12.430s] -- Symlinking: /home/ravik/ros2_rolling/install/controller_manager_msgs/include/controller_manager_msgs/controller_manager_msgs/srv/detail/list_hardware_components__type_support.h
[12.447s] -- Symlinking: /home/ravik/ros2_rolling/install/controller_manager_msgs/include/controller_manager_msgs/controller_manager_msgs/srv/detail/list_hardware_interfaces__functions.h
[12.458s] -- Symlinking: /home/ravik/ros2_rolling/install/controller_manager_msgs/include/controller_manager_msgs/controller_manager_msgs/srv/detail/list_hardware_interfaces__struct.h
[12.471s] -- Symlinking: /home/ravik/ros2_rolling/install/controller_manager_msgs/include/controller_manager_msgs/controller_manager_msgs/srv/detail/list_hardware_interfaces__type_support.h
[12.485s] -- Symlinking: /home/ravik/ros2_rolling/install/controller_manager_msgs/include/controller_manager_msgs/controller_manager_msgs/srv/detail/load_controller__functions.h
[12.498s] -- Symlinking: /home/ravik/ros2_rolling/install/controller_manager_msgs/include/controller_manager_msgs/controller_manager_msgs/srv/detail/load_controller__struct.h
[12.509s] -- Symlinking: /home/ravik/ros2_rolling/install/controller_manager_msgs/include/controller_manager_msgs/controller_manager_msgs/srv/detail/load_controller__type_support.h
[12.517s] -- Symlinking: /home/ravik/ros2_rolling/install/controller_manager_msgs/include/controller_manager_msgs/controller_manager_msgs/srv/detail/reload_controller_libraries__functions.h
[12.526s] -- Symlinking: /home/ravik/ros2_rolling/install/controller_manager_msgs/include/controller_manager_msgs/controller_manager_msgs/srv/detail/reload_controller_libraries__struct.h
[12.537s] -- Symlinking: /home/ravik/ros2_rolling/install/controller_manager_msgs/include/controller_manager_msgs/controller_manager_msgs/srv/detail/reload_controller_libraries__type_support.h
[12.550s] -- Symlinking: /home/ravik/ros2_rolling/install/controller_manager_msgs/include/controller_manager_msgs/controller_manager_msgs/srv/detail/set_hardware_component_state__functions.h
[12.562s] -- Symlinking: /home/ravik/ros2_rolling/install/controller_manager_msgs/include/controller_manager_msgs/controller_manager_msgs/srv/detail/set_hardware_component_state__struct.h
[12.573s] -- Symlinking: /home/ravik/ros2_rolling/install/controller_manager_msgs/include/controller_manager_msgs/controller_manager_msgs/srv/detail/set_hardware_component_state__type_support.h
[12.581s] -- Symlinking: /home/ravik/ros2_rolling/install/controller_manager_msgs/include/controller_manager_msgs/controller_manager_msgs/srv/detail/switch_controller__functions.h
[12.589s] -- Symlinking: /home/ravik/ros2_rolling/install/controller_manager_msgs/include/controller_manager_msgs/controller_manager_msgs/srv/detail/switch_controller__struct.h
[12.597s] -- Symlinking: /home/ravik/ros2_rolling/install/controller_manager_msgs/include/controller_manager_msgs/controller_manager_msgs/srv/detail/switch_controller__type_support.h
[12.605s] -- Symlinking: /home/ravik/ros2_rolling/install/controller_manager_msgs/include/controller_manager_msgs/controller_manager_msgs/srv/detail/unload_controller__functions.h
[12.613s] -- Symlinking: /home/ravik/ros2_rolling/install/controller_manager_msgs/include/controller_manager_msgs/controller_manager_msgs/srv/detail/unload_controller__struct.h
[12.621s] -- Symlinking: /home/ravik/ros2_rolling/install/controller_manager_msgs/include/controller_manager_msgs/controller_manager_msgs/srv/detail/unload_controller__type_support.h
[12.629s] -- Symlinking: /home/ravik/ros2_rolling/install/controller_manager_msgs/include/controller_manager_msgs/controller_manager_msgs/srv/list_controller_types.h
[12.637s] -- Symlinking: /home/ravik/ros2_rolling/install/controller_manager_msgs/include/controller_manager_msgs/controller_manager_msgs/srv/list_controllers.h
[12.645s] -- Symlinking: /home/ravik/ros2_rolling/install/controller_manager_msgs/include/controller_manager_msgs/controller_manager_msgs/srv/list_hardware_components.h
[12.653s] -- Symlinking: /home/ravik/ros2_rolling/install/controller_manager_msgs/include/controller_manager_msgs/controller_manager_msgs/srv/list_hardware_interfaces.h
[12.663s] -- Symlinking: /home/ravik/ros2_rolling/install/controller_manager_msgs/include/controller_manager_msgs/controller_manager_msgs/srv/load_controller.h
[12.672s] -- Symlinking: /home/ravik/ros2_rolling/install/controller_manager_msgs/include/controller_manager_msgs/controller_manager_msgs/srv/reload_controller_libraries.h
[12.681s] -- Symlinking: /home/ravik/ros2_rolling/install/controller_manager_msgs/include/controller_manager_msgs/controller_manager_msgs/srv/set_hardware_component_state.h
[12.689s] -- Symlinking: /home/ravik/ros2_rolling/install/controller_manager_msgs/include/controller_manager_msgs/controller_manager_msgs/srv/switch_controller.h
[12.700s] -- Symlinking: /home/ravik/ros2_rolling/install/controller_manager_msgs/include/controller_manager_msgs/controller_manager_msgs/srv/unload_controller.h
[12.711s] -- Symlinking: /home/ravik/ros2_rolling/install/controller_manager_msgs/share/controller_manager_msgs/environment/library_path.sh
[12.720s] -- Symlinking: /home/ravik/ros2_rolling/install/controller_manager_msgs/share/controller_manager_msgs/environment/library_path.dsv
[12.731s] -- Symlinking: /home/ravik/ros2_rolling/install/controller_manager_msgs/include/controller_manager_msgs/controller_manager_msgs/msg/detail/chain_connection__rosidl_typesupport_fastrtps_c.h
[12.742s] -- Symlinking: /home/ravik/ros2_rolling/install/controller_manager_msgs/include/controller_manager_msgs/controller_manager_msgs/msg/detail/controller_state__rosidl_typesupport_fastrtps_c.h
[12.752s] -- Symlinking: /home/ravik/ros2_rolling/install/controller_manager_msgs/include/controller_manager_msgs/controller_manager_msgs/msg/detail/hardware_component_state__rosidl_typesupport_fastrtps_c.h
[12.763s] -- Symlinking: /home/ravik/ros2_rolling/install/controller_manager_msgs/include/controller_manager_msgs/controller_manager_msgs/msg/detail/hardware_interface__rosidl_typesupport_fastrtps_c.h
[12.773s] -- Symlinking: /home/ravik/ros2_rolling/install/controller_manager_msgs/include/controller_manager_msgs/controller_manager_msgs/msg/rosidl_typesupport_fastrtps_c__visibility_control.h
[12.782s] -- Symlinking: /home/ravik/ros2_rolling/install/controller_manager_msgs/include/controller_manager_msgs/controller_manager_msgs/srv/detail/configure_controller__rosidl_typesupport_fastrtps_c.h
[12.793s] -- Symlinking: /home/ravik/ros2_rolling/install/controller_manager_msgs/include/controller_manager_msgs/controller_manager_msgs/srv/detail/list_controller_types__rosidl_typesupport_fastrtps_c.h
[12.803s] -- Symlinking: /home/ravik/ros2_rolling/install/controller_manager_msgs/include/controller_manager_msgs/controller_manager_msgs/srv/detail/list_controllers__rosidl_typesupport_fastrtps_c.h
[12.814s] -- Symlinking: /home/ravik/ros2_rolling/install/controller_manager_msgs/include/controller_manager_msgs/controller_manager_msgs/srv/detail/list_hardware_components__rosidl_typesupport_fastrtps_c.h
[12.824s] -- Symlinking: /home/ravik/ros2_rolling/install/controller_manager_msgs/include/controller_manager_msgs/controller_manager_msgs/srv/detail/list_hardware_interfaces__rosidl_typesupport_fastrtps_c.h
[12.833s] -- Symlinking: /home/ravik/ros2_rolling/install/controller_manager_msgs/include/controller_manager_msgs/controller_manager_msgs/srv/detail/load_controller__rosidl_typesupport_fastrtps_c.h
[12.842s] -- Symlinking: /home/ravik/ros2_rolling/install/controller_manager_msgs/include/controller_manager_msgs/controller_manager_msgs/srv/detail/reload_controller_libraries__rosidl_typesupport_fastrtps_c.h
[12.852s] -- Symlinking: /home/ravik/ros2_rolling/install/controller_manager_msgs/include/controller_manager_msgs/controller_manager_msgs/srv/detail/set_hardware_component_state__rosidl_typesupport_fastrtps_c.h
[12.860s] -- Symlinking: /home/ravik/ros2_rolling/install/controller_manager_msgs/include/controller_manager_msgs/controller_manager_msgs/srv/detail/switch_controller__rosidl_typesupport_fastrtps_c.h
[12.869s] -- Symlinking: /home/ravik/ros2_rolling/install/controller_manager_msgs/include/controller_manager_msgs/controller_manager_msgs/srv/detail/unload_controller__rosidl_typesupport_fastrtps_c.h
[12.880s] -- Symlinking: /home/ravik/ros2_rolling/install/controller_manager_msgs/include/controller_manager_msgs/controller_manager_msgs/msg/chain_connection.hpp
[12.890s] -- Symlinking: /home/ravik/ros2_rolling/install/controller_manager_msgs/include/controller_manager_msgs/controller_manager_msgs/msg/controller_state.hpp
[12.900s] -- Symlinking: /home/ravik/ros2_rolling/install/controller_manager_msgs/include/controller_manager_msgs/controller_manager_msgs/msg/detail/chain_connection__builder.hpp
[12.911s] -- Symlinking: /home/ravik/ros2_rolling/install/controller_manager_msgs/include/controller_manager_msgs/controller_manager_msgs/msg/detail/chain_connection__struct.hpp
[12.921s] -- Symlinking: /home/ravik/ros2_rolling/install/controller_manager_msgs/include/controller_manager_msgs/controller_manager_msgs/msg/detail/chain_connection__traits.hpp
[12.932s] -- Symlinking: /home/ravik/ros2_rolling/install/controller_manager_msgs/include/controller_manager_msgs/controller_manager_msgs/msg/detail/chain_connection__type_support.hpp
[12.943s] -- Symlinking: /home/ravik/ros2_rolling/install/controller_manager_msgs/include/controller_manager_msgs/controller_manager_msgs/msg/detail/controller_state__builder.hpp
[12.953s] -- Symlinking: /home/ravik/ros2_rolling/install/controller_manager_msgs/include/controller_manager_msgs/controller_manager_msgs/msg/detail/controller_state__struct.hpp
[12.961s] -- Symlinking: /home/ravik/ros2_rolling/install/controller_manager_msgs/include/controller_manager_msgs/controller_manager_msgs/msg/detail/controller_state__traits.hpp
[12.972s] -- Symlinking: /home/ravik/ros2_rolling/install/controller_manager_msgs/include/controller_manager_msgs/controller_manager_msgs/msg/detail/controller_state__type_support.hpp
[12.980s] -- Symlinking: /home/ravik/ros2_rolling/install/controller_manager_msgs/include/controller_manager_msgs/controller_manager_msgs/msg/detail/hardware_component_state__builder.hpp
[12.990s] -- Symlinking: /home/ravik/ros2_rolling/install/controller_manager_msgs/include/controller_manager_msgs/controller_manager_msgs/msg/detail/hardware_component_state__struct.hpp
[13.001s] -- Symlinking: /home/ravik/ros2_rolling/install/controller_manager_msgs/include/controller_manager_msgs/controller_manager_msgs/msg/detail/hardware_component_state__traits.hpp
[13.009s] -- Symlinking: /home/ravik/ros2_rolling/install/controller_manager_msgs/include/controller_manager_msgs/controller_manager_msgs/msg/detail/hardware_component_state__type_support.hpp
[13.017s] -- Symlinking: /home/ravik/ros2_rolling/install/controller_manager_msgs/include/controller_manager_msgs/controller_manager_msgs/msg/detail/hardware_interface__builder.hpp
[13.026s] -- Symlinking: /home/ravik/ros2_rolling/install/controller_manager_msgs/include/controller_manager_msgs/controller_manager_msgs/msg/detail/hardware_interface__struct.hpp
[13.035s] -- Symlinking: /home/ravik/ros2_rolling/install/controller_manager_msgs/include/controller_manager_msgs/controller_manager_msgs/msg/detail/hardware_interface__traits.hpp
[13.045s] -- Symlinking: /home/ravik/ros2_rolling/install/controller_manager_msgs/include/controller_manager_msgs/controller_manager_msgs/msg/detail/hardware_interface__type_support.hpp
[13.058s] -- Symlinking: /home/ravik/ros2_rolling/install/controller_manager_msgs/include/controller_manager_msgs/controller_manager_msgs/msg/hardware_component_state.hpp
[13.067s] -- Symlinking: /home/ravik/ros2_rolling/install/controller_manager_msgs/include/controller_manager_msgs/controller_manager_msgs/msg/hardware_interface.hpp
[13.075s] -- Symlinking: /home/ravik/ros2_rolling/install/controller_manager_msgs/include/controller_manager_msgs/controller_manager_msgs/msg/rosidl_generator_cpp__visibility_control.hpp
[13.087s] -- Symlinking: /home/ravik/ros2_rolling/install/controller_manager_msgs/include/controller_manager_msgs/controller_manager_msgs/srv/configure_controller.hpp
[13.098s] -- Symlinking: /home/ravik/ros2_rolling/install/controller_manager_msgs/include/controller_manager_msgs/controller_manager_msgs/srv/detail/configure_controller__builder.hpp
[13.106s] -- Symlinking: /home/ravik/ros2_rolling/install/controller_manager_msgs/include/controller_manager_msgs/controller_manager_msgs/srv/detail/configure_controller__struct.hpp
[13.117s] -- Symlinking: /home/ravik/ros2_rolling/install/controller_manager_msgs/include/controller_manager_msgs/controller_manager_msgs/srv/detail/configure_controller__traits.hpp
[13.128s] -- Symlinking: /home/ravik/ros2_rolling/install/controller_manager_msgs/include/controller_manager_msgs/controller_manager_msgs/srv/detail/configure_controller__type_support.hpp
[13.139s] -- Symlinking: /home/ravik/ros2_rolling/install/controller_manager_msgs/include/controller_manager_msgs/controller_manager_msgs/srv/detail/list_controller_types__builder.hpp
[13.149s] -- Symlinking: /home/ravik/ros2_rolling/install/controller_manager_msgs/include/controller_manager_msgs/controller_manager_msgs/srv/detail/list_controller_types__struct.hpp
[13.160s] -- Symlinking: /home/ravik/ros2_rolling/install/controller_manager_msgs/include/controller_manager_msgs/controller_manager_msgs/srv/detail/list_controller_types__traits.hpp
[13.169s] -- Symlinking: /home/ravik/ros2_rolling/install/controller_manager_msgs/include/controller_manager_msgs/controller_manager_msgs/srv/detail/list_controller_types__type_support.hpp
[13.180s] -- Symlinking: /home/ravik/ros2_rolling/install/controller_manager_msgs/include/controller_manager_msgs/controller_manager_msgs/srv/detail/list_controllers__builder.hpp
[13.190s] -- Symlinking: /home/ravik/ros2_rolling/install/controller_manager_msgs/include/controller_manager_msgs/controller_manager_msgs/srv/detail/list_controllers__struct.hpp
[13.198s] -- Symlinking: /home/ravik/ros2_rolling/install/controller_manager_msgs/include/controller_manager_msgs/controller_manager_msgs/srv/detail/list_controllers__traits.hpp
[13.209s] -- Symlinking: /home/ravik/ros2_rolling/install/controller_manager_msgs/include/controller_manager_msgs/controller_manager_msgs/srv/detail/list_controllers__type_support.hpp
[13.220s] -- Symlinking: /home/ravik/ros2_rolling/install/controller_manager_msgs/include/controller_manager_msgs/controller_manager_msgs/srv/detail/list_hardware_components__builder.hpp
[13.230s] -- Symlinking: /home/ravik/ros2_rolling/install/controller_manager_msgs/include/controller_manager_msgs/controller_manager_msgs/srv/detail/list_hardware_components__struct.hpp
[13.241s] -- Symlinking: /home/ravik/ros2_rolling/install/controller_manager_msgs/include/controller_manager_msgs/controller_manager_msgs/srv/detail/list_hardware_components__traits.hpp
[13.252s] -- Symlinking: /home/ravik/ros2_rolling/install/controller_manager_msgs/include/controller_manager_msgs/controller_manager_msgs/srv/detail/list_hardware_components__type_support.hpp
[13.263s] -- Symlinking: /home/ravik/ros2_rolling/install/controller_manager_msgs/include/controller_manager_msgs/controller_manager_msgs/srv/detail/list_hardware_interfaces__builder.hpp
[13.271s] -- Symlinking: /home/ravik/ros2_rolling/install/controller_manager_msgs/include/controller_manager_msgs/controller_manager_msgs/srv/detail/list_hardware_interfaces__struct.hpp
[13.279s] -- Symlinking: /home/ravik/ros2_rolling/install/controller_manager_msgs/include/controller_manager_msgs/controller_manager_msgs/srv/detail/list_hardware_interfaces__traits.hpp
[13.290s] -- Symlinking: /home/ravik/ros2_rolling/install/controller_manager_msgs/include/controller_manager_msgs/controller_manager_msgs/srv/detail/list_hardware_interfaces__type_support.hpp
[13.301s] -- Symlinking: /home/ravik/ros2_rolling/install/controller_manager_msgs/include/controller_manager_msgs/controller_manager_msgs/srv/detail/load_controller__builder.hpp
[13.310s] -- Symlinking: /home/ravik/ros2_rolling/install/controller_manager_msgs/include/controller_manager_msgs/controller_manager_msgs/srv/detail/load_controller__struct.hpp
[13.321s] -- Symlinking: /home/ravik/ros2_rolling/install/controller_manager_msgs/include/controller_manager_msgs/controller_manager_msgs/srv/detail/load_controller__traits.hpp
[13.331s] -- Symlinking: /home/ravik/ros2_rolling/install/controller_manager_msgs/include/controller_manager_msgs/controller_manager_msgs/srv/detail/load_controller__type_support.hpp
[13.342s] -- Symlinking: /home/ravik/ros2_rolling/install/controller_manager_msgs/include/controller_manager_msgs/controller_manager_msgs/srv/detail/reload_controller_libraries__builder.hpp
[13.354s] -- Symlinking: /home/ravik/ros2_rolling/install/controller_manager_msgs/include/controller_manager_msgs/controller_manager_msgs/srv/detail/reload_controller_libraries__struct.hpp
[13.365s] -- Symlinking: /home/ravik/ros2_rolling/install/controller_manager_msgs/include/controller_manager_msgs/controller_manager_msgs/srv/detail/reload_controller_libraries__traits.hpp
[13.376s] -- Symlinking: /home/ravik/ros2_rolling/install/controller_manager_msgs/include/controller_manager_msgs/controller_manager_msgs/srv/detail/reload_controller_libraries__type_support.hpp
[13.386s] -- Symlinking: /home/ravik/ros2_rolling/install/controller_manager_msgs/include/controller_manager_msgs/controller_manager_msgs/srv/detail/set_hardware_component_state__builder.hpp
[13.396s] -- Symlinking: /home/ravik/ros2_rolling/install/controller_manager_msgs/include/controller_manager_msgs/controller_manager_msgs/srv/detail/set_hardware_component_state__struct.hpp
[13.407s] -- Symlinking: /home/ravik/ros2_rolling/install/controller_manager_msgs/include/controller_manager_msgs/controller_manager_msgs/srv/detail/set_hardware_component_state__traits.hpp
[13.418s] -- Symlinking: /home/ravik/ros2_rolling/install/controller_manager_msgs/include/controller_manager_msgs/controller_manager_msgs/srv/detail/set_hardware_component_state__type_support.hpp
[13.429s] -- Symlinking: /home/ravik/ros2_rolling/install/controller_manager_msgs/include/controller_manager_msgs/controller_manager_msgs/srv/detail/switch_controller__builder.hpp
[13.440s] -- Symlinking: /home/ravik/ros2_rolling/install/controller_manager_msgs/include/controller_manager_msgs/controller_manager_msgs/srv/detail/switch_controller__struct.hpp
[13.451s] -- Symlinking: /home/ravik/ros2_rolling/install/controller_manager_msgs/include/controller_manager_msgs/controller_manager_msgs/srv/detail/switch_controller__traits.hpp
[13.461s] -- Symlinking: /home/ravik/ros2_rolling/install/controller_manager_msgs/include/controller_manager_msgs/controller_manager_msgs/srv/detail/switch_controller__type_support.hpp
[13.472s] -- Symlinking: /home/ravik/ros2_rolling/install/controller_manager_msgs/include/controller_manager_msgs/controller_manager_msgs/srv/detail/unload_controller__builder.hpp
[13.483s] -- Symlinking: /home/ravik/ros2_rolling/install/controller_manager_msgs/include/controller_manager_msgs/controller_manager_msgs/srv/detail/unload_controller__struct.hpp
[13.494s] -- Symlinking: /home/ravik/ros2_rolling/install/controller_manager_msgs/include/controller_manager_msgs/controller_manager_msgs/srv/detail/unload_controller__traits.hpp
[13.504s] -- Symlinking: /home/ravik/ros2_rolling/install/controller_manager_msgs/include/controller_manager_msgs/controller_manager_msgs/srv/detail/unload_controller__type_support.hpp
[13.515s] -- Symlinking: /home/ravik/ros2_rolling/install/controller_manager_msgs/include/controller_manager_msgs/controller_manager_msgs/srv/list_controller_types.hpp
[13.526s] -- Symlinking: /home/ravik/ros2_rolling/install/controller_manager_msgs/include/controller_manager_msgs/controller_manager_msgs/srv/list_controllers.hpp
[13.536s] -- Symlinking: /home/ravik/ros2_rolling/install/controller_manager_msgs/include/controller_manager_msgs/controller_manager_msgs/srv/list_hardware_components.hpp
[13.545s] -- Symlinking: /home/ravik/ros2_rolling/install/controller_manager_msgs/include/controller_manager_msgs/controller_manager_msgs/srv/list_hardware_interfaces.hpp
[13.555s] -- Symlinking: /home/ravik/ros2_rolling/install/controller_manager_msgs/include/controller_manager_msgs/controller_manager_msgs/srv/load_controller.hpp
[13.564s] -- Symlinking: /home/ravik/ros2_rolling/install/controller_manager_msgs/include/controller_manager_msgs/controller_manager_msgs/srv/reload_controller_libraries.hpp
[13.575s] -- Symlinking: /home/ravik/ros2_rolling/install/controller_manager_msgs/include/controller_manager_msgs/controller_manager_msgs/srv/set_hardware_component_state.hpp
[13.586s] -- Symlinking: /home/ravik/ros2_rolling/install/controller_manager_msgs/include/controller_manager_msgs/controller_manager_msgs/srv/switch_controller.hpp
[13.596s] -- Symlinking: /home/ravik/ros2_rolling/install/controller_manager_msgs/include/controller_manager_msgs/controller_manager_msgs/srv/unload_controller.hpp
[13.608s] -- Symlinking: /home/ravik/ros2_rolling/install/controller_manager_msgs/include/controller_manager_msgs/controller_manager_msgs/msg/detail/chain_connection__rosidl_typesupport_fastrtps_cpp.hpp
[13.619s] -- Symlinking: /home/ravik/ros2_rolling/install/controller_manager_msgs/include/controller_manager_msgs/controller_manager_msgs/msg/detail/controller_state__rosidl_typesupport_fastrtps_cpp.hpp
[13.629s] -- Symlinking: /home/ravik/ros2_rolling/install/controller_manager_msgs/include/controller_manager_msgs/controller_manager_msgs/msg/detail/hardware_component_state__rosidl_typesupport_fastrtps_cpp.hpp
[13.640s] -- Symlinking: /home/ravik/ros2_rolling/install/controller_manager_msgs/include/controller_manager_msgs/controller_manager_msgs/msg/detail/hardware_interface__rosidl_typesupport_fastrtps_cpp.hpp
[13.652s] -- Symlinking: /home/ravik/ros2_rolling/install/controller_manager_msgs/include/controller_manager_msgs/controller_manager_msgs/msg/rosidl_typesupport_fastrtps_cpp__visibility_control.h
[13.663s] -- Symlinking: /home/ravik/ros2_rolling/install/controller_manager_msgs/include/controller_manager_msgs/controller_manager_msgs/srv/detail/configure_controller__rosidl_typesupport_fastrtps_cpp.hpp
[13.674s] -- Symlinking: /home/ravik/ros2_rolling/install/controller_manager_msgs/include/controller_manager_msgs/controller_manager_msgs/srv/detail/list_controller_types__rosidl_typesupport_fastrtps_cpp.hpp
[13.685s] -- Symlinking: /home/ravik/ros2_rolling/install/controller_manager_msgs/include/controller_manager_msgs/controller_manager_msgs/srv/detail/list_controllers__rosidl_typesupport_fastrtps_cpp.hpp
[13.697s] -- Symlinking: /home/ravik/ros2_rolling/install/controller_manager_msgs/include/controller_manager_msgs/controller_manager_msgs/srv/detail/list_hardware_components__rosidl_typesupport_fastrtps_cpp.hpp
[13.708s] -- Symlinking: /home/ravik/ros2_rolling/install/controller_manager_msgs/include/controller_manager_msgs/controller_manager_msgs/srv/detail/list_hardware_interfaces__rosidl_typesupport_fastrtps_cpp.hpp
[13.719s] -- Symlinking: /home/ravik/ros2_rolling/install/controller_manager_msgs/include/controller_manager_msgs/controller_manager_msgs/srv/detail/load_controller__rosidl_typesupport_fastrtps_cpp.hpp
[13.730s] -- Symlinking: /home/ravik/ros2_rolling/install/controller_manager_msgs/include/controller_manager_msgs/controller_manager_msgs/srv/detail/reload_controller_libraries__rosidl_typesupport_fastrtps_cpp.hpp
[13.742s] -- Symlinking: /home/ravik/ros2_rolling/install/controller_manager_msgs/include/controller_manager_msgs/controller_manager_msgs/srv/detail/set_hardware_component_state__rosidl_typesupport_fastrtps_cpp.hpp
[13.752s] -- Symlinking: /home/ravik/ros2_rolling/install/controller_manager_msgs/include/controller_manager_msgs/controller_manager_msgs/srv/detail/switch_controller__rosidl_typesupport_fastrtps_cpp.hpp
[13.763s] -- Symlinking: /home/ravik/ros2_rolling/install/controller_manager_msgs/include/controller_manager_msgs/controller_manager_msgs/srv/detail/unload_controller__rosidl_typesupport_fastrtps_cpp.hpp
[13.775s] -- Symlinking: /home/ravik/ros2_rolling/install/controller_manager_msgs/include/controller_manager_msgs/controller_manager_msgs/msg/detail/chain_connection__rosidl_typesupport_introspection_c.h
[13.787s] -- Symlinking: /home/ravik/ros2_rolling/install/controller_manager_msgs/include/controller_manager_msgs/controller_manager_msgs/msg/detail/controller_state__rosidl_typesupport_introspection_c.h
[13.799s] -- Symlinking: /home/ravik/ros2_rolling/install/controller_manager_msgs/include/controller_manager_msgs/controller_manager_msgs/msg/detail/hardware_component_state__rosidl_typesupport_introspection_c.h
[13.810s] -- Symlinking: /home/ravik/ros2_rolling/install/controller_manager_msgs/include/controller_manager_msgs/controller_manager_msgs/msg/detail/hardware_interface__rosidl_typesupport_introspection_c.h
[13.821s] -- Symlinking: /home/ravik/ros2_rolling/install/controller_manager_msgs/include/controller_manager_msgs/controller_manager_msgs/msg/rosidl_typesupport_introspection_c__visibility_control.h
[13.833s] -- Symlinking: /home/ravik/ros2_rolling/install/controller_manager_msgs/include/controller_manager_msgs/controller_manager_msgs/srv/detail/configure_controller__rosidl_typesupport_introspection_c.h
[13.844s] -- Symlinking: /home/ravik/ros2_rolling/install/controller_manager_msgs/include/controller_manager_msgs/controller_manager_msgs/srv/detail/list_controller_types__rosidl_typesupport_introspection_c.h
[13.856s] -- Symlinking: /home/ravik/ros2_rolling/install/controller_manager_msgs/include/controller_manager_msgs/controller_manager_msgs/srv/detail/list_controllers__rosidl_typesupport_introspection_c.h
[13.865s] -- Symlinking: /home/ravik/ros2_rolling/install/controller_manager_msgs/include/controller_manager_msgs/controller_manager_msgs/srv/detail/list_hardware_components__rosidl_typesupport_introspection_c.h
[13.876s] -- Symlinking: /home/ravik/ros2_rolling/install/controller_manager_msgs/include/controller_manager_msgs/controller_manager_msgs/srv/detail/list_hardware_interfaces__rosidl_typesupport_introspection_c.h
[13.886s] -- Symlinking: /home/ravik/ros2_rolling/install/controller_manager_msgs/include/controller_manager_msgs/controller_manager_msgs/srv/detail/load_controller__rosidl_typesupport_introspection_c.h
[13.896s] -- Symlinking: /home/ravik/ros2_rolling/install/controller_manager_msgs/include/controller_manager_msgs/controller_manager_msgs/srv/detail/reload_controller_libraries__rosidl_typesupport_introspection_c.h
[13.907s] -- Symlinking: /home/ravik/ros2_rolling/install/controller_manager_msgs/include/controller_manager_msgs/controller_manager_msgs/srv/detail/set_hardware_component_state__rosidl_typesupport_introspection_c.h
[13.917s] -- Symlinking: /home/ravik/ros2_rolling/install/controller_manager_msgs/include/controller_manager_msgs/controller_manager_msgs/srv/detail/switch_controller__rosidl_typesupport_introspection_c.h
[13.928s] -- Symlinking: /home/ravik/ros2_rolling/install/controller_manager_msgs/include/controller_manager_msgs/controller_manager_msgs/srv/detail/unload_controller__rosidl_typesupport_introspection_c.h
[13.940s] -- Symlinking: /home/ravik/ros2_rolling/install/controller_manager_msgs/include/controller_manager_msgs/controller_manager_msgs/msg/detail/chain_connection__rosidl_typesupport_introspection_cpp.hpp
[13.949s] -- Symlinking: /home/ravik/ros2_rolling/install/controller_manager_msgs/include/controller_manager_msgs/controller_manager_msgs/msg/detail/controller_state__rosidl_typesupport_introspection_cpp.hpp
[13.961s] -- Symlinking: /home/ravik/ros2_rolling/install/controller_manager_msgs/include/controller_manager_msgs/controller_manager_msgs/msg/detail/hardware_component_state__rosidl_typesupport_introspection_cpp.hpp
[13.972s] -- Symlinking: /home/ravik/ros2_rolling/install/controller_manager_msgs/include/controller_manager_msgs/controller_manager_msgs/msg/detail/hardware_interface__rosidl_typesupport_introspection_cpp.hpp
[13.983s] -- Symlinking: /home/ravik/ros2_rolling/install/controller_manager_msgs/include/controller_manager_msgs/controller_manager_msgs/srv/detail/configure_controller__rosidl_typesupport_introspection_cpp.hpp
[13.994s] -- Symlinking: /home/ravik/ros2_rolling/install/controller_manager_msgs/include/controller_manager_msgs/controller_manager_msgs/srv/detail/list_controller_types__rosidl_typesupport_introspection_cpp.hpp
[14.005s] -- Symlinking: /home/ravik/ros2_rolling/install/controller_manager_msgs/include/controller_manager_msgs/controller_manager_msgs/srv/detail/list_controllers__rosidl_typesupport_introspection_cpp.hpp
[14.016s] -- Symlinking: /home/ravik/ros2_rolling/install/controller_manager_msgs/include/controller_manager_msgs/controller_manager_msgs/srv/detail/list_hardware_components__rosidl_typesupport_introspection_cpp.hpp
[14.027s] -- Symlinking: /home/ravik/ros2_rolling/install/controller_manager_msgs/include/controller_manager_msgs/controller_manager_msgs/srv/detail/list_hardware_interfaces__rosidl_typesupport_introspection_cpp.hpp
[14.039s] -- Symlinking: /home/ravik/ros2_rolling/install/controller_manager_msgs/include/controller_manager_msgs/controller_manager_msgs/srv/detail/load_controller__rosidl_typesupport_introspection_cpp.hpp
[14.050s] -- Symlinking: /home/ravik/ros2_rolling/install/controller_manager_msgs/include/controller_manager_msgs/controller_manager_msgs/srv/detail/reload_controller_libraries__rosidl_typesupport_introspection_cpp.hpp
[14.060s] -- Symlinking: /home/ravik/ros2_rolling/install/controller_manager_msgs/include/controller_manager_msgs/controller_manager_msgs/srv/detail/set_hardware_component_state__rosidl_typesupport_introspection_cpp.hpp
[14.072s] -- Symlinking: /home/ravik/ros2_rolling/install/controller_manager_msgs/include/controller_manager_msgs/controller_manager_msgs/srv/detail/switch_controller__rosidl_typesupport_introspection_cpp.hpp
[14.082s] -- Symlinking: /home/ravik/ros2_rolling/install/controller_manager_msgs/include/controller_manager_msgs/controller_manager_msgs/srv/detail/unload_controller__rosidl_typesupport_introspection_cpp.hpp
[14.093s] -- Symlinking: /home/ravik/ros2_rolling/install/controller_manager_msgs/share/controller_manager_msgs/environment/pythonpath.sh
[14.105s] -- Symlinking: /home/ravik/ros2_rolling/install/controller_manager_msgs/share/controller_manager_msgs/environment/pythonpath.dsv
[14.117s] -- Symlinking: /home/ravik/ros2_rolling/install/controller_manager_msgs/lib/python3.12/site-packages/controller_manager_msgs-4.20.0-py3.12.egg-info/PKG-INFO
[14.127s] -- Symlinking: /home/ravik/ros2_rolling/install/controller_manager_msgs/lib/python3.12/site-packages/controller_manager_msgs-4.20.0-py3.12.egg-info/SOURCES.txt
[14.139s] -- Symlinking: /home/ravik/ros2_rolling/install/controller_manager_msgs/lib/python3.12/site-packages/controller_manager_msgs-4.20.0-py3.12.egg-info/dependency_links.txt
[14.149s] -- Symlinking: /home/ravik/ros2_rolling/install/controller_manager_msgs/lib/python3.12/site-packages/controller_manager_msgs-4.20.0-py3.12.egg-info/top_level.txt
[14.160s] -- Symlinking: /home/ravik/ros2_rolling/install/controller_manager_msgs/lib/python3.12/site-packages/controller_manager_msgs/__init__.py
[14.169s] -- Symlinking: /home/ravik/ros2_rolling/install/controller_manager_msgs/lib/python3.12/site-packages/controller_manager_msgs/_controller_manager_msgs_s.ep.rosidl_typesupport_c.c
[14.180s] -- Symlinking: /home/ravik/ros2_rolling/install/controller_manager_msgs/lib/python3.12/site-packages/controller_manager_msgs/_controller_manager_msgs_s.ep.rosidl_typesupport_fastrtps_c.c
[14.191s] -- Symlinking: /home/ravik/ros2_rolling/install/controller_manager_msgs/lib/python3.12/site-packages/controller_manager_msgs/_controller_manager_msgs_s.ep.rosidl_typesupport_introspection_c.c
[14.203s] -- Symlinking: /home/ravik/ros2_rolling/install/controller_manager_msgs/lib/python3.12/site-packages/controller_manager_msgs/controller_manager_msgs_s__rosidl_typesupport_c.so
[14.215s] -- Symlinking: /home/ravik/ros2_rolling/install/controller_manager_msgs/lib/python3.12/site-packages/controller_manager_msgs/controller_manager_msgs_s__rosidl_typesupport_fastrtps_c.so
[14.227s] -- Symlinking: /home/ravik/ros2_rolling/install/controller_manager_msgs/lib/python3.12/site-packages/controller_manager_msgs/controller_manager_msgs_s__rosidl_typesupport_introspection_c.so
[14.238s] -- Symlinking: /home/ravik/ros2_rolling/install/controller_manager_msgs/lib/python3.12/site-packages/controller_manager_msgs/msg/__init__.py
[14.250s] -- Symlinking: /home/ravik/ros2_rolling/install/controller_manager_msgs/lib/python3.12/site-packages/controller_manager_msgs/msg/_chain_connection.py
[14.261s] -- Symlinking: /home/ravik/ros2_rolling/install/controller_manager_msgs/lib/python3.12/site-packages/controller_manager_msgs/msg/_chain_connection_s.c
[14.273s] -- Symlinking: /home/ravik/ros2_rolling/install/controller_manager_msgs/lib/python3.12/site-packages/controller_manager_msgs/msg/_controller_state.py
[14.284s] -- Symlinking: /home/ravik/ros2_rolling/install/controller_manager_msgs/lib/python3.12/site-packages/controller_manager_msgs/msg/_controller_state_s.c
[14.296s] -- Symlinking: /home/ravik/ros2_rolling/install/controller_manager_msgs/lib/python3.12/site-packages/controller_manager_msgs/msg/_hardware_component_state.py
[14.305s] -- Symlinking: /home/ravik/ros2_rolling/install/controller_manager_msgs/lib/python3.12/site-packages/controller_manager_msgs/msg/_hardware_component_state_s.c
[14.315s] -- Symlinking: /home/ravik/ros2_rolling/install/controller_manager_msgs/lib/python3.12/site-packages/controller_manager_msgs/msg/_hardware_interface.py
[14.327s] -- Symlinking: /home/ravik/ros2_rolling/install/controller_manager_msgs/lib/python3.12/site-packages/controller_manager_msgs/msg/_hardware_interface_s.c
[14.337s] -- Symlinking: /home/ravik/ros2_rolling/install/controller_manager_msgs/lib/python3.12/site-packages/controller_manager_msgs/srv/__init__.py
[14.348s] -- Symlinking: /home/ravik/ros2_rolling/install/controller_manager_msgs/lib/python3.12/site-packages/controller_manager_msgs/srv/_configure_controller.py
[14.360s] -- Symlinking: /home/ravik/ros2_rolling/install/controller_manager_msgs/lib/python3.12/site-packages/controller_manager_msgs/srv/_configure_controller_s.c
[14.372s] -- Symlinking: /home/ravik/ros2_rolling/install/controller_manager_msgs/lib/python3.12/site-packages/controller_manager_msgs/srv/_list_controller_types.py
[14.383s] -- Symlinking: /home/ravik/ros2_rolling/install/controller_manager_msgs/lib/python3.12/site-packages/controller_manager_msgs/srv/_list_controller_types_s.c
[14.394s] -- Symlinking: /home/ravik/ros2_rolling/install/controller_manager_msgs/lib/python3.12/site-packages/controller_manager_msgs/srv/_list_controllers.py
[14.405s] -- Symlinking: /home/ravik/ros2_rolling/install/controller_manager_msgs/lib/python3.12/site-packages/controller_manager_msgs/srv/_list_controllers_s.c
[14.416s] -- Symlinking: /home/ravik/ros2_rolling/install/controller_manager_msgs/lib/python3.12/site-packages/controller_manager_msgs/srv/_list_hardware_components.py
[14.425s] -- Symlinking: /home/ravik/ros2_rolling/install/controller_manager_msgs/lib/python3.12/site-packages/controller_manager_msgs/srv/_list_hardware_components_s.c
[14.435s] -- Symlinking: /home/ravik/ros2_rolling/install/controller_manager_msgs/lib/python3.12/site-packages/controller_manager_msgs/srv/_list_hardware_interfaces.py
[14.446s] -- Symlinking: /home/ravik/ros2_rolling/install/controller_manager_msgs/lib/python3.12/site-packages/controller_manager_msgs/srv/_list_hardware_interfaces_s.c
[14.457s] -- Symlinking: /home/ravik/ros2_rolling/install/controller_manager_msgs/lib/python3.12/site-packages/controller_manager_msgs/srv/_load_controller.py
[14.467s] -- Symlinking: /home/ravik/ros2_rolling/install/controller_manager_msgs/lib/python3.12/site-packages/controller_manager_msgs/srv/_load_controller_s.c
[14.477s] -- Symlinking: /home/ravik/ros2_rolling/install/controller_manager_msgs/lib/python3.12/site-packages/controller_manager_msgs/srv/_reload_controller_libraries.py
[14.485s] -- Symlinking: /home/ravik/ros2_rolling/install/controller_manager_msgs/lib/python3.12/site-packages/controller_manager_msgs/srv/_reload_controller_libraries_s.c
[14.496s] -- Symlinking: /home/ravik/ros2_rolling/install/controller_manager_msgs/lib/python3.12/site-packages/controller_manager_msgs/srv/_set_hardware_component_state.py
[14.505s] -- Symlinking: /home/ravik/ros2_rolling/install/controller_manager_msgs/lib/python3.12/site-packages/controller_manager_msgs/srv/_set_hardware_component_state_s.c
[14.515s] -- Symlinking: /home/ravik/ros2_rolling/install/controller_manager_msgs/lib/python3.12/site-packages/controller_manager_msgs/srv/_switch_controller.py
[14.526s] -- Symlinking: /home/ravik/ros2_rolling/install/controller_manager_msgs/lib/python3.12/site-packages/controller_manager_msgs/srv/_switch_controller_s.c
[14.535s] -- Symlinking: /home/ravik/ros2_rolling/install/controller_manager_msgs/lib/python3.12/site-packages/controller_manager_msgs/srv/_unload_controller.py
[14.544s] -- Symlinking: /home/ravik/ros2_rolling/install/controller_manager_msgs/lib/python3.12/site-packages/controller_manager_msgs/srv/_unload_controller_s.c
[14.555s] -- Up-to-date symlink: /home/ravik/ros2_rolling/install/controller_manager_msgs/lib/python3.12/site-packages/controller_manager_msgs/controller_manager_msgs_s__rosidl_typesupport_fastrtps_c.so
[14.555s] -- Up-to-date symlink: /home/ravik/ros2_rolling/install/controller_manager_msgs/lib/python3.12/site-packages/controller_manager_msgs/controller_manager_msgs_s__rosidl_typesupport_introspection_c.so
[14.555s] -- Up-to-date symlink: /home/ravik/ros2_rolling/install/controller_manager_msgs/lib/python3.12/site-packages/controller_manager_msgs/controller_manager_msgs_s__rosidl_typesupport_c.so
[14.556s] -- Symlinking: /home/ravik/ros2_rolling/install/controller_manager_msgs/share/controller_manager_msgs/msg/ControllerState.idl
[14.567s] -- Symlinking: /home/ravik/ros2_rolling/install/controller_manager_msgs/share/controller_manager_msgs/msg/ChainConnection.idl
[14.575s] -- Symlinking: /home/ravik/ros2_rolling/install/controller_manager_msgs/share/controller_manager_msgs/msg/HardwareComponentState.idl
[14.585s] -- Symlinking: /home/ravik/ros2_rolling/install/controller_manager_msgs/share/controller_manager_msgs/msg/HardwareInterface.idl
[14.595s] -- Symlinking: /home/ravik/ros2_rolling/install/controller_manager_msgs/share/controller_manager_msgs/srv/ConfigureController.idl
[14.605s] -- Symlinking: /home/ravik/ros2_rolling/install/controller_manager_msgs/share/controller_manager_msgs/srv/ListControllers.idl
[14.615s] -- Symlinking: /home/ravik/ros2_rolling/install/controller_manager_msgs/share/controller_manager_msgs/srv/ListControllerTypes.idl
[14.625s] -- Symlinking: /home/ravik/ros2_rolling/install/controller_manager_msgs/share/controller_manager_msgs/srv/ListHardwareComponents.idl
[14.633s] -- Symlinking: /home/ravik/ros2_rolling/install/controller_manager_msgs/share/controller_manager_msgs/srv/ListHardwareInterfaces.idl
[14.643s] -- Symlinking: /home/ravik/ros2_rolling/install/controller_manager_msgs/share/controller_manager_msgs/srv/LoadController.idl
[14.652s] -- Symlinking: /home/ravik/ros2_rolling/install/controller_manager_msgs/share/controller_manager_msgs/srv/ReloadControllerLibraries.idl
[14.662s] -- Symlinking: /home/ravik/ros2_rolling/install/controller_manager_msgs/share/controller_manager_msgs/srv/SetHardwareComponentState.idl
[14.672s] -- Symlinking: /home/ravik/ros2_rolling/install/controller_manager_msgs/share/controller_manager_msgs/srv/SwitchController.idl
[14.682s] -- Symlinking: /home/ravik/ros2_rolling/install/controller_manager_msgs/share/controller_manager_msgs/srv/UnloadController.idl
[14.693s] -- Symlinking: /home/ravik/ros2_rolling/install/controller_manager_msgs/share/controller_manager_msgs/msg/ControllerState.msg
[14.703s] -- Symlinking: /home/ravik/ros2_rolling/install/controller_manager_msgs/share/controller_manager_msgs/msg/ChainConnection.msg
[14.713s] -- Symlinking: /home/ravik/ros2_rolling/install/controller_manager_msgs/share/controller_manager_msgs/msg/HardwareComponentState.msg
[14.723s] -- Symlinking: /home/ravik/ros2_rolling/install/controller_manager_msgs/share/controller_manager_msgs/msg/HardwareInterface.msg
[14.733s] -- Symlinking: /home/ravik/ros2_rolling/install/controller_manager_msgs/share/controller_manager_msgs/srv/ConfigureController.srv
[14.743s] -- Symlinking: /home/ravik/ros2_rolling/install/controller_manager_msgs/share/controller_manager_msgs/srv/ListControllers.srv
[14.752s] -- Symlinking: /home/ravik/ros2_rolling/install/controller_manager_msgs/share/controller_manager_msgs/srv/ListControllerTypes.srv
[14.761s] -- Symlinking: /home/ravik/ros2_rolling/install/controller_manager_msgs/share/controller_manager_msgs/srv/ListHardwareComponents.srv
[14.771s] -- Symlinking: /home/ravik/ros2_rolling/install/controller_manager_msgs/share/controller_manager_msgs/srv/ListHardwareInterfaces.srv
[14.782s] -- Symlinking: /home/ravik/ros2_rolling/install/controller_manager_msgs/share/controller_manager_msgs/srv/LoadController.srv
[14.792s] -- Symlinking: /home/ravik/ros2_rolling/install/controller_manager_msgs/share/controller_manager_msgs/srv/ReloadControllerLibraries.srv
[14.803s] -- Symlinking: /home/ravik/ros2_rolling/install/controller_manager_msgs/share/controller_manager_msgs/srv/SetHardwareComponentState.srv
[14.812s] -- Symlinking: /home/ravik/ros2_rolling/install/controller_manager_msgs/share/controller_manager_msgs/srv/SwitchController.srv
[14.821s] -- Symlinking: /home/ravik/ros2_rolling/install/controller_manager_msgs/share/controller_manager_msgs/srv/UnloadController.srv
[14.832s] -- Symlinking: /home/ravik/ros2_rolling/install/controller_manager_msgs/share/ament_index/resource_index/package_run_dependencies/controller_manager_msgs
[14.842s] -- Symlinking: /home/ravik/ros2_rolling/install/controller_manager_msgs/share/ament_index/resource_index/parent_prefix_path/controller_manager_msgs
[14.853s] -- Symlinking: /home/ravik/ros2_rolling/install/controller_manager_msgs/share/controller_manager_msgs/environment/ament_prefix_path.sh
[14.864s] -- Symlinking: /home/ravik/ros2_rolling/install/controller_manager_msgs/share/controller_manager_msgs/environment/ament_prefix_path.dsv
[14.875s] -- Symlinking: /home/ravik/ros2_rolling/install/controller_manager_msgs/share/controller_manager_msgs/environment/path.sh
[14.883s] -- Symlinking: /home/ravik/ros2_rolling/install/controller_manager_msgs/share/controller_manager_msgs/environment/path.dsv
[14.894s] -- Symlinking: /home/ravik/ros2_rolling/install/controller_manager_msgs/share/controller_manager_msgs/local_setup.bash
[14.905s] -- Symlinking: /home/ravik/ros2_rolling/install/controller_manager_msgs/share/controller_manager_msgs/local_setup.sh
[14.915s] -- Symlinking: /home/ravik/ros2_rolling/install/controller_manager_msgs/share/controller_manager_msgs/local_setup.zsh
[14.926s] -- Symlinking: /home/ravik/ros2_rolling/install/controller_manager_msgs/share/controller_manager_msgs/local_setup.dsv
[14.937s] -- Symlinking: /home/ravik/ros2_rolling/install/controller_manager_msgs/share/controller_manager_msgs/package.dsv
[14.947s] -- Symlinking: /home/ravik/ros2_rolling/install/controller_manager_msgs/share/ament_index/resource_index/packages/controller_manager_msgs
[14.958s] -- Symlinking: /home/ravik/ros2_rolling/install/controller_manager_msgs/share/controller_manager_msgs/cmake/rosidl_cmake-extras.cmake
[14.966s] -- Symlinking: /home/ravik/ros2_rolling/install/controller_manager_msgs/share/controller_manager_msgs/cmake/ament_cmake_export_dependencies-extras.cmake
[14.977s] -- Symlinking: /home/ravik/ros2_rolling/install/controller_manager_msgs/share/controller_manager_msgs/cmake/ament_cmake_export_include_directories-extras.cmake
[14.987s] -- Symlinking: /home/ravik/ros2_rolling/install/controller_manager_msgs/share/controller_manager_msgs/cmake/ament_cmake_export_libraries-extras.cmake
[14.997s] -- Symlinking: /home/ravik/ros2_rolling/install/controller_manager_msgs/share/controller_manager_msgs/cmake/ament_cmake_export_targets-extras.cmake
[15.006s] -- Symlinking: /home/ravik/ros2_rolling/install/controller_manager_msgs/share/controller_manager_msgs/cmake/rosidl_cmake_export_typesupport_targets-extras.cmake
[15.017s] -- Symlinking: /home/ravik/ros2_rolling/install/controller_manager_msgs/share/controller_manager_msgs/cmake/rosidl_cmake_export_typesupport_libraries-extras.cmake
[15.027s] -- Symlinking: /home/ravik/ros2_rolling/install/controller_manager_msgs/share/controller_manager_msgs/cmake/controller_manager_msgsConfig.cmake
[15.037s] -- Symlinking: /home/ravik/ros2_rolling/install/controller_manager_msgs/share/controller_manager_msgs/cmake/controller_manager_msgsConfig-version.cmake
[15.047s] -- Symlinking: /home/ravik/ros2_rolling/install/controller_manager_msgs/share/controller_manager_msgs/package.xml
[15.057s] -- Installing: /home/ravik/ros2_rolling/install/controller_manager_msgs/lib/libcontroller_manager_msgs__rosidl_generator_c.so
[15.058s] -- Set non-toolchain portion of runtime path of "/home/ravik/ros2_rolling/install/controller_manager_msgs/lib/libcontroller_manager_msgs__rosidl_generator_c.so" to ""
[15.058s] -- Installing: /home/ravik/ros2_rolling/install/controller_manager_msgs/lib/libcontroller_manager_msgs__rosidl_typesupport_fastrtps_c.so
[15.059s] -- Set non-toolchain portion of runtime path of "/home/ravik/ros2_rolling/install/controller_manager_msgs/lib/libcontroller_manager_msgs__rosidl_typesupport_fastrtps_c.so" to ""
[15.059s] -- Installing: /home/ravik/ros2_rolling/install/controller_manager_msgs/lib/libcontroller_manager_msgs__rosidl_typesupport_fastrtps_cpp.so
[15.061s] -- Set non-toolchain portion of runtime path of "/home/ravik/ros2_rolling/install/controller_manager_msgs/lib/libcontroller_manager_msgs__rosidl_typesupport_fastrtps_cpp.so" to ""
[15.061s] -- Installing: /home/ravik/ros2_rolling/install/controller_manager_msgs/lib/libcontroller_manager_msgs__rosidl_typesupport_introspection_c.so
[15.062s] -- Set non-toolchain portion of runtime path of "/home/ravik/ros2_rolling/install/controller_manager_msgs/lib/libcontroller_manager_msgs__rosidl_typesupport_introspection_c.so" to ""
[15.062s] -- Installing: /home/ravik/ros2_rolling/install/controller_manager_msgs/lib/libcontroller_manager_msgs__rosidl_typesupport_c.so
[15.062s] -- Set non-toolchain portion of runtime path of "/home/ravik/ros2_rolling/install/controller_manager_msgs/lib/libcontroller_manager_msgs__rosidl_typesupport_c.so" to ""
[15.062s] -- Installing: /home/ravik/ros2_rolling/install/controller_manager_msgs/lib/libcontroller_manager_msgs__rosidl_typesupport_introspection_cpp.so
[15.064s] -- Set non-toolchain portion of runtime path of "/home/ravik/ros2_rolling/install/controller_manager_msgs/lib/libcontroller_manager_msgs__rosidl_typesupport_introspection_cpp.so" to ""
[15.064s] -- Installing: /home/ravik/ros2_rolling/install/controller_manager_msgs/lib/libcontroller_manager_msgs__rosidl_typesupport_cpp.so
[15.065s] -- Set non-toolchain portion of runtime path of "/home/ravik/ros2_rolling/install/controller_manager_msgs/lib/libcontroller_manager_msgs__rosidl_typesupport_cpp.so" to ""
[15.145s] Listing '/home/ravik/ros2_rolling/install/controller_manager_msgs/lib/python3.12/site-packages/controller_manager_msgs'...
[15.146s] Compiling '/home/ravik/ros2_rolling/install/controller_manager_msgs/lib/python3.12/site-packages/controller_manager_msgs/__init__.py'...
[15.146s] Listing '/home/ravik/ros2_rolling/install/controller_manager_msgs/lib/python3.12/site-packages/controller_manager_msgs/msg'...
[15.146s] Compiling '/home/ravik/ros2_rolling/install/controller_manager_msgs/lib/python3.12/site-packages/controller_manager_msgs/msg/__init__.py'...
[15.146s] Compiling '/home/ravik/ros2_rolling/install/controller_manager_msgs/lib/python3.12/site-packages/controller_manager_msgs/msg/_chain_connection.py'...
[15.146s] Compiling '/home/ravik/ros2_rolling/install/controller_manager_msgs/lib/python3.12/site-packages/controller_manager_msgs/msg/_controller_state.py'...
[15.146s] Compiling '/home/ravik/ros2_rolling/install/controller_manager_msgs/lib/python3.12/site-packages/controller_manager_msgs/msg/_hardware_component_state.py'...
[15.146s] Compiling '/home/ravik/ros2_rolling/install/controller_manager_msgs/lib/python3.12/site-packages/controller_manager_msgs/msg/_hardware_interface.py'...
[15.146s] Listing '/home/ravik/ros2_rolling/install/controller_manager_msgs/lib/python3.12/site-packages/controller_manager_msgs/srv'...
[15.146s] Compiling '/home/ravik/ros2_rolling/install/controller_manager_msgs/lib/python3.12/site-packages/controller_manager_msgs/srv/__init__.py'...
[15.147s] Compiling '/home/ravik/ros2_rolling/install/controller_manager_msgs/lib/python3.12/site-packages/controller_manager_msgs/srv/_configure_controller.py'...
[15.147s] Compiling '/home/ravik/ros2_rolling/install/controller_manager_msgs/lib/python3.12/site-packages/controller_manager_msgs/srv/_list_controller_types.py'...
[15.147s] Compiling '/home/ravik/ros2_rolling/install/controller_manager_msgs/lib/python3.12/site-packages/controller_manager_msgs/srv/_list_controllers.py'...
[15.147s] Compiling '/home/ravik/ros2_rolling/install/controller_manager_msgs/lib/python3.12/site-packages/controller_manager_msgs/srv/_list_hardware_components.py'...
[15.147s] Compiling '/home/ravik/ros2_rolling/install/controller_manager_msgs/lib/python3.12/site-packages/controller_manager_msgs/srv/_list_hardware_interfaces.py'...
[15.147s] Compiling '/home/ravik/ros2_rolling/install/controller_manager_msgs/lib/python3.12/site-packages/controller_manager_msgs/srv/_load_controller.py'...
[15.147s] Compiling '/home/ravik/ros2_rolling/install/controller_manager_msgs/lib/python3.12/site-packages/controller_manager_msgs/srv/_reload_controller_libraries.py'...
[15.147s] Compiling '/home/ravik/ros2_rolling/install/controller_manager_msgs/lib/python3.12/site-packages/controller_manager_msgs/srv/_set_hardware_component_state.py'...
[15.147s] Compiling '/home/ravik/ros2_rolling/install/controller_manager_msgs/lib/python3.12/site-packages/controller_manager_msgs/srv/_switch_controller.py'...
[15.147s] Compiling '/home/ravik/ros2_rolling/install/controller_manager_msgs/lib/python3.12/site-packages/controller_manager_msgs/srv/_unload_controller.py'...
[15.152s] -- Installing: /home/ravik/ros2_rolling/install/controller_manager_msgs/lib/libcontroller_manager_msgs__rosidl_generator_py.so
[15.152s] -- Set non-toolchain portion of runtime path of "/home/ravik/ros2_rolling/install/controller_manager_msgs/lib/libcontroller_manager_msgs__rosidl_generator_py.so" to ""
[15.152s] -- Installing: /home/ravik/ros2_rolling/install/controller_manager_msgs/share/controller_manager_msgs/cmake/export_controller_manager_msgs__rosidl_generator_cExport.cmake
[15.153s] -- Installing: /home/ravik/ros2_rolling/install/controller_manager_msgs/share/controller_manager_msgs/cmake/export_controller_manager_msgs__rosidl_generator_cExport-noconfig.cmake
[15.153s] -- Installing: /home/ravik/ros2_rolling/install/controller_manager_msgs/share/controller_manager_msgs/cmake/export_controller_manager_msgs__rosidl_typesupport_fastrtps_cExport.cmake
[15.153s] -- Installing: /home/ravik/ros2_rolling/install/controller_manager_msgs/share/controller_manager_msgs/cmake/export_controller_manager_msgs__rosidl_typesupport_fastrtps_cExport-noconfig.cmake
[15.153s] -- Installing: /home/ravik/ros2_rolling/install/controller_manager_msgs/share/controller_manager_msgs/cmake/export_controller_manager_msgs__rosidl_generator_cppExport.cmake
[15.153s] -- Installing: /home/ravik/ros2_rolling/install/controller_manager_msgs/share/controller_manager_msgs/cmake/export_controller_manager_msgs__rosidl_typesupport_fastrtps_cppExport.cmake
[15.153s] -- Installing: /home/ravik/ros2_rolling/install/controller_manager_msgs/share/controller_manager_msgs/cmake/export_controller_manager_msgs__rosidl_typesupport_fastrtps_cppExport-noconfig.cmake
[15.154s] -- Installing: /home/ravik/ros2_rolling/install/controller_manager_msgs/share/controller_manager_msgs/cmake/controller_manager_msgs__rosidl_typesupport_introspection_cExport.cmake
[15.154s] -- Installing: /home/ravik/ros2_rolling/install/controller_manager_msgs/share/controller_manager_msgs/cmake/controller_manager_msgs__rosidl_typesupport_introspection_cExport-noconfig.cmake
[15.154s] -- Installing: /home/ravik/ros2_rolling/install/controller_manager_msgs/share/controller_manager_msgs/cmake/controller_manager_msgs__rosidl_typesupport_cExport.cmake
[15.154s] -- Installing: /home/ravik/ros2_rolling/install/controller_manager_msgs/share/controller_manager_msgs/cmake/controller_manager_msgs__rosidl_typesupport_cExport-noconfig.cmake
[15.154s] -- Installing: /home/ravik/ros2_rolling/install/controller_manager_msgs/share/controller_manager_msgs/cmake/controller_manager_msgs__rosidl_typesupport_introspection_cppExport.cmake
[15.155s] -- Installing: /home/ravik/ros2_rolling/install/controller_manager_msgs/share/controller_manager_msgs/cmake/controller_manager_msgs__rosidl_typesupport_introspection_cppExport-noconfig.cmake
[15.155s] -- Installing: /home/ravik/ros2_rolling/install/controller_manager_msgs/share/controller_manager_msgs/cmake/controller_manager_msgs__rosidl_typesupport_cppExport.cmake
[15.155s] -- Installing: /home/ravik/ros2_rolling/install/controller_manager_msgs/share/controller_manager_msgs/cmake/controller_manager_msgs__rosidl_typesupport_cppExport-noconfig.cmake
[15.155s] -- Installing: /home/ravik/ros2_rolling/install/controller_manager_msgs/share/controller_manager_msgs/cmake/export_controller_manager_msgs__rosidl_generator_pyExport.cmake
[15.155s] -- Installing: /home/ravik/ros2_rolling/install/controller_manager_msgs/share/controller_manager_msgs/cmake/export_controller_manager_msgs__rosidl_generator_pyExport-noconfig.cmake
[15.159s] Invoked command in '/home/ravik/ros2_rolling/build/controller_manager_msgs' returned '0': CMAKE_PREFIX_PATH=${CMAKE_PREFIX_PATH}:/opt/ros/rolling PS1=\[\e]0;$(parse_ros_workspace)\a\]\[\e[1;32m\]\u\[\[\e[0;37m\]@\[\[\e[0;33m\]\h\[\[\e[1;33m\]${text}\[\[\e[0;37m\]:\[$(set_ros_workspace_color)\]$(parse_ros_workspace)\[\[\e[0;32m\]$(parse_git_bracket)\[$(set_git_color)\]$(get_gitbranch)\[\e[0;32m\]>\[\e[1;35m\]\W\[\[\e[1;35m\]$\[\[\e[0m\]\[\e[m\] /usr/bin/cmake --install /home/ravik/ros2_rolling/build/controller_manager_msgs
