-- The CXX compiler identification is GNU 13.2.0
-- Detecting CXX compiler ABI info
-- Detecting CXX compiler ABI info - done
-- Check for working CXX compiler: /usr/bin/c++ - skipped
-- Detecting CXX compile features
-- Detecting CXX compile features - done
-- Found ament_cmake: 2.7.0 (/opt/ros/rolling/share/ament_cmake/cmake)
-- Found Python3: /usr/bin/python3 (found version "3.12.3") found components: Interpreter 
-- Override CMake install command with custom implementation using symlinks instead of copying resources
-- Found control_msgs: 5.2.0 (/home/ravik/ros2_rolling/install/control_msgs/share/control_msgs/cmake)
-- Found rosidl_generator_c: 4.8.1 (/opt/ros/rolling/share/rosidl_generator_c/cmake)
-- Found rosidl_generator_cpp: 4.8.1 (/opt/ros/rolling/share/rosidl_generator_cpp/cmake)
-- Using all available rosidl_typesupport_c: rosidl_typesupport_fastrtps_c;rosidl_typesupport_introspection_c
-- Using all available rosidl_typesupport_cpp: rosidl_typesupport_fastrtps_cpp;rosidl_typesupport_introspection_cpp
-- Found controller_interface: 4.20.0 (/home/ravik/ros2_rolling/install/controller_interface/share/controller_interface/cmake)
-- Found TinyXML2 via Config file: /usr/lib/x86_64-linux-gnu/cmake/tinyxml2
-- Found rmw_implementation_cmake: 7.4.3 (/opt/ros/rolling/share/rmw_implementation_cmake/cmake)
-- Found rmw_fastrtps_cpp: 9.0.1 (/opt/ros/rolling/share/rmw_fastrtps_cpp/cmake)
-- Found TinyXML2 via Config file: /usr/lib/x86_64-linux-gnu/cmake/tinyxml2
-- Found OpenSSL: /usr/lib/x86_64-linux-gnu/libcrypto.so (found version "3.0.13")  
-- Found TinyXML2 via Config file: /usr/lib/x86_64-linux-gnu/cmake/tinyxml2
-- Found FastRTPS: /opt/ros/rolling/include (Required is at least version "2.13") 
-- Found TinyXML2 via Config file: /usr/lib/x86_64-linux-gnu/cmake/tinyxml2
-- Found TinyXML2 via Config file: /usr/lib/x86_64-linux-gnu/cmake/tinyxml2
-- Using RMW implementation 'rmw_fastrtps_cpp' as default
-- Found generate_parameter_library: 0.3.9 (/home/ravik/ros2_rolling/install/generate_parameter_library/share/generate_parameter_library/cmake)
-- Found parameter_traits: 0.3.9 (/home/ravik/ros2_rolling/install/parameter_traits/share/parameter_traits/cmake)
-- Found nav_msgs: 5.4.1 (/opt/ros/rolling/share/nav_msgs/cmake)
-- Found std_srvs: 5.4.1 (/opt/ros/rolling/share/std_srvs/cmake)
-- Found tf2: 0.38.2 (/opt/ros/rolling/share/tf2/cmake)
-- Found tf2_msgs: 0.38.2 (/opt/ros/rolling/share/tf2_msgs/cmake)
-- Found tf2_geometry_msgs: 0.38.2 (/opt/ros/rolling/share/tf2_geometry_msgs/cmake)
-- Found eigen3_cmake_module: 0.4.0 (/opt/ros/rolling/share/eigen3_cmake_module/cmake)
-- Found Eigen3: TRUE (found version "3.4.0") 
-- Ensuring Eigen3 include directory is part of orocos-kdl CMake target
-- Found ackermann_msgs: 2.0.2 (/opt/ros/rolling/share/ackermann_msgs/cmake)
-- Found ament_cmake_gmock: 2.7.0 (/opt/ros/rolling/share/ament_cmake_gmock/cmake)
-- Found controller_manager: 4.20.0 (/home/ravik/ros2_rolling/install/controller_manager/share/controller_manager/cmake)
-- Found ros2_control_test_assets: 4.20.0 (/home/ravik/ros2_rolling/install/ros2_control_test_assets/share/ros2_control_test_assets/cmake)
-- Found gmock sources under '/opt/ros/rolling/src/gmock_vendor': C++ tests using 'Google Mock' will be built
-- The C compiler identification is GNU 13.2.0
-- Detecting C compiler ABI info
-- Detecting C compiler ABI info - done
-- Check for working C compiler: /usr/bin/cc - skipped
-- Detecting C compile features
-- Detecting C compile features - done
-- Found ament_cmake_gtest: 2.7.0 (/opt/ros/rolling/share/ament_cmake_gtest/cmake)
-- Found gtest sources under '/opt/ros/rolling/src/gtest_vendor': C++ tests using 'Google Test' will be built
-- Found gmock sources under '/opt/ros/rolling/src/gmock_vendor': C++ tests using 'Google Mock' will be built
-- Found ament_cmake_gtest: 2.7.0 (/opt/ros/rolling/share/ament_cmake_gtest/cmake)
-- Found gtest sources under '/opt/ros/rolling/src/gtest_vendor': C++ tests using 'Google Test' will be built
-- Configuring done (1.8s)
-- Generating done (0.0s)
-- Build files have been written to: /home/ravik/ros2_rolling/build/steering_controllers_library
[  7%] [32mBuilding CXX object gmock/CMakeFiles/gmock_main.dir/src/gmock_main.cc.o[0m
[ 15%] [34m[1mRunning `/home/ravik/ros2_rolling/install/generate_parameter_library_py/bin/generate_parameter_library_cpp /home/ravik/ros2_rolling/build/steering_controllers_library/steering_controllers_library_parameters/include//steering_controllers_library_parameters.hpp /home/ravik/ros2_rolling/src/ros2_controllers/steering_controllers_library/src/steering_controllers_library.yaml `[0m
[ 23%] [32mBuilding CXX object gmock/CMakeFiles/gmock.dir/opt/ros/rolling/src/gtest_vendor/src/gtest-all.cc.o[0m
[ 30%] [32mBuilding CXX object gmock/CMakeFiles/gmock.dir/src/gmock-all.cc.o[0m
[ 30%] Built target steering_controllers_library_parameters
[ 38%] [32mBuilding CXX object CMakeFiles/steering_controllers_library.dir/src/steering_controllers_library.cpp.o[0m
[ 46%] [32mBuilding CXX object CMakeFiles/steering_controllers_library.dir/src/steering_odometry.cpp.o[0m
[ 53%] [32m[1mLinking CXX static library libgmock_main.a[0m
[ 53%] Built target gmock_main
[ 61%] [32m[1mLinking CXX static library libgmock.a[0m
[ 61%] Built target gmock
[ 69%] [32m[1mLinking CXX shared library libsteering_controllers_library.so[0m
[ 69%] Built target steering_controllers_library
[ 76%] [32mBuilding CXX object CMakeFiles/test_steering_odometry.dir/test/test_steering_odometry.cpp.o[0m
[ 84%] [32mBuilding CXX object CMakeFiles/test_steering_controllers_library.dir/test/test_steering_controllers_library.cpp.o[0m
[ 92%] [32m[1mLinking CXX executable test_steering_odometry[0m
[ 92%] Built target test_steering_odometry
[100%] [32m[1mLinking CXX executable test_steering_controllers_library[0m
[100%] Built target test_steering_controllers_library
-- Install configuration: ""
-- Execute custom install script
-- Symlinking: /home/ravik/ros2_rolling/install/steering_controllers_library/include/steering_controllers_library_parameters/steering_controllers_library_parameters.hpp
-- Symlinking: /home/ravik/ros2_rolling/install/steering_controllers_library/include/steering_controllers_library/steering_controllers_library/steering_controllers_library.hpp
-- Symlinking: /home/ravik/ros2_rolling/install/steering_controllers_library/include/steering_controllers_library/steering_controllers_library/steering_odometry.hpp
-- Symlinking: /home/ravik/ros2_rolling/install/steering_controllers_library/include/steering_controllers_library/steering_controllers_library/visibility_control.h
-- Symlinking: /home/ravik/ros2_rolling/install/steering_controllers_library/share/steering_controllers_library/environment/library_path.sh
-- Symlinking: /home/ravik/ros2_rolling/install/steering_controllers_library/share/steering_controllers_library/environment/library_path.dsv
-- Symlinking: /home/ravik/ros2_rolling/install/steering_controllers_library/share/ament_index/resource_index/package_run_dependencies/steering_controllers_library
-- Symlinking: /home/ravik/ros2_rolling/install/steering_controllers_library/share/ament_index/resource_index/parent_prefix_path/steering_controllers_library
-- Symlinking: /home/ravik/ros2_rolling/install/steering_controllers_library/share/steering_controllers_library/environment/ament_prefix_path.sh
-- Symlinking: /home/ravik/ros2_rolling/install/steering_controllers_library/share/steering_controllers_library/environment/ament_prefix_path.dsv
-- Symlinking: /home/ravik/ros2_rolling/install/steering_controllers_library/share/steering_controllers_library/environment/path.sh
-- Symlinking: /home/ravik/ros2_rolling/install/steering_controllers_library/share/steering_controllers_library/environment/path.dsv
-- Symlinking: /home/ravik/ros2_rolling/install/steering_controllers_library/share/steering_controllers_library/local_setup.bash
-- Symlinking: /home/ravik/ros2_rolling/install/steering_controllers_library/share/steering_controllers_library/local_setup.sh
-- Symlinking: /home/ravik/ros2_rolling/install/steering_controllers_library/share/steering_controllers_library/local_setup.zsh
-- Symlinking: /home/ravik/ros2_rolling/install/steering_controllers_library/share/steering_controllers_library/local_setup.dsv
-- Symlinking: /home/ravik/ros2_rolling/install/steering_controllers_library/share/steering_controllers_library/package.dsv
-- Symlinking: /home/ravik/ros2_rolling/install/steering_controllers_library/share/ament_index/resource_index/packages/steering_controllers_library
-- Symlinking: /home/ravik/ros2_rolling/install/steering_controllers_library/share/steering_controllers_library/cmake/ament_cmake_export_targets-extras.cmake
-- Symlinking: /home/ravik/ros2_rolling/install/steering_controllers_library/share/steering_controllers_library/cmake/ament_cmake_export_dependencies-extras.cmake
-- Symlinking: /home/ravik/ros2_rolling/install/steering_controllers_library/share/steering_controllers_library/cmake/steering_controllers_libraryConfig.cmake
-- Symlinking: /home/ravik/ros2_rolling/install/steering_controllers_library/share/steering_controllers_library/cmake/steering_controllers_libraryConfig-version.cmake
-- Symlinking: /home/ravik/ros2_rolling/install/steering_controllers_library/share/steering_controllers_library/package.xml
-- Installing: /home/ravik/ros2_rolling/install/steering_controllers_library/lib/libsteering_controllers_library.so
-- Set non-toolchain portion of runtime path of "/home/ravik/ros2_rolling/install/steering_controllers_library/lib/libsteering_controllers_library.so" to ""
-- Installing: /home/ravik/ros2_rolling/install/steering_controllers_library/share/steering_controllers_library/cmake/export_steering_controllers_libraryExport.cmake
-- Installing: /home/ravik/ros2_rolling/install/steering_controllers_library/share/steering_controllers_library/cmake/export_steering_controllers_libraryExport-noconfig.cmake
