-- The CXX compiler identification is GNU 13.2.0
-- Detecting CXX compiler ABI info
-- Detecting CXX compiler ABI info - done
-- Check for working CXX compiler: /usr/bin/c++ - skipped
-- Detecting CXX compile features
-- Detecting CXX compile features - done
-- Found ament_cmake: 2.7.0 (/opt/ros/rolling/share/ament_cmake/cmake)
-- Found Python3: /usr/bin/python3 (found version "3.12.3") found components: Interpreter 
-- Override CMake install command with custom implementation using symlinks instead of copying resources
-- Found angles: 1.16.0 (/opt/ros/rolling/share/angles/cmake)
-- Found control_msgs: 5.2.0 (/home/ravik/ros2_rolling/install/control_msgs/share/control_msgs/cmake)
-- Found rosidl_generator_c: 4.8.1 (/opt/ros/rolling/share/rosidl_generator_c/cmake)
-- Found rosidl_generator_cpp: 4.8.1 (/opt/ros/rolling/share/rosidl_generator_cpp/cmake)
-- Using all available rosidl_typesupport_c: rosidl_typesupport_fastrtps_c;rosidl_typesupport_introspection_c
-- Using all available rosidl_typesupport_cpp: rosidl_typesupport_fastrtps_cpp;rosidl_typesupport_introspection_cpp
-- Found control_toolbox: 3.3.0 (/home/ravik/ros2_rolling/install/control_toolbox/share/control_toolbox/cmake)
-- Found rmw_implementation_cmake: 7.4.3 (/opt/ros/rolling/share/rmw_implementation_cmake/cmake)
-- Found rmw_fastrtps_cpp: 9.0.1 (/opt/ros/rolling/share/rmw_fastrtps_cpp/cmake)
-- Found OpenSSL: /usr/lib/x86_64-linux-gnu/libcrypto.so (found version "3.0.13")  
-- Found FastRTPS: /opt/ros/rolling/include (Required is at least version "2.13") 
-- Using RMW implementation 'rmw_fastrtps_cpp' as default
-- Found parameter_traits: 0.3.9 (/home/ravik/ros2_rolling/install/parameter_traits/share/parameter_traits/cmake)
-- Found rclcpp_lifecycle: 28.3.3 (/opt/ros/rolling/share/rclcpp_lifecycle/cmake)
-- Found controller_interface: 4.20.0 (/home/ravik/ros2_rolling/install/controller_interface/share/controller_interface/cmake)
-- Found std_srvs: 5.4.1 (/opt/ros/rolling/share/std_srvs/cmake)
-- Found ament_cmake_gmock: 2.7.0 (/opt/ros/rolling/share/ament_cmake_gmock/cmake)
-- Found controller_manager: 4.20.0 (/home/ravik/ros2_rolling/install/controller_manager/share/controller_manager/cmake)
-- Found ros2_control_test_assets: 4.20.0 (/home/ravik/ros2_rolling/install/ros2_control_test_assets/share/ros2_control_test_assets/cmake)
-- Found gmock sources under '/opt/ros/rolling/src/gmock_vendor': C++ tests using 'Google Mock' will be built
-- The C compiler identification is GNU 13.2.0
-- Detecting C compiler ABI info
-- Detecting C compiler ABI info - done
-- Check for working C compiler: /usr/bin/cc - skipped
-- Detecting C compile features
-- Detecting C compile features - done
-- Found ament_cmake_gtest: 2.7.0 (/opt/ros/rolling/share/ament_cmake_gtest/cmake)
-- Found gtest sources under '/opt/ros/rolling/src/gtest_vendor': C++ tests using 'Google Test' will be built
-- Found gmock sources under '/opt/ros/rolling/src/gmock_vendor': C++ tests using 'Google Mock' will be built
-- Found ament_cmake_gtest: 2.7.0 (/opt/ros/rolling/share/ament_cmake_gtest/cmake)
-- Found gtest sources under '/opt/ros/rolling/src/gtest_vendor': C++ tests using 'Google Test' will be built
-- Found gmock sources under '/opt/ros/rolling/src/gmock_vendor': C++ tests using 'Google Mock' will be built
-- Found ament_cmake_gtest: 2.7.0 (/opt/ros/rolling/share/ament_cmake_gtest/cmake)
-- Found gtest sources under '/opt/ros/rolling/src/gtest_vendor': C++ tests using 'Google Test' will be built
-- Configuring done (1.8s)
-- Generating done (0.1s)
-- Build files have been written to: /home/ravik/ros2_rolling/build/pid_controller
[  7%] [34m[1mRunning `/home/ravik/ros2_rolling/install/generate_parameter_library_py/bin/generate_parameter_library_cpp /home/ravik/ros2_rolling/build/pid_controller/pid_controller_parameters/include//pid_controller_parameters.hpp /home/ravik/ros2_rolling/src/ros2_controllers/pid_controller/src/pid_controller.yaml `[0m
[ 14%] [32mBuilding CXX object gmock/CMakeFiles/gmock.dir/opt/ros/rolling/src/gtest_vendor/src/gtest-all.cc.o[0m
[ 21%] [32mBuilding CXX object gmock/CMakeFiles/gmock.dir/src/gmock-all.cc.o[0m
[ 28%] [32mBuilding CXX object gmock/CMakeFiles/gmock_main.dir/src/gmock_main.cc.o[0m
[ 35%] [32m[1mLinking CXX static library libgmock_main.a[0m
[ 35%] Built target gmock_main
[ 35%] Built target pid_controller_parameters
[ 42%] [32mBuilding CXX object CMakeFiles/pid_controller.dir/src/pid_controller.cpp.o[0m
[ 50%] [32m[1mLinking CXX static library libgmock.a[0m
[ 50%] Built target gmock
[ 57%] [32mBuilding CXX object CMakeFiles/test_load_pid_controller.dir/test/test_load_pid_controller.cpp.o[0m
[ 64%] [32m[1mLinking CXX shared library libpid_controller.so[0m
[ 64%] Built target pid_controller
[ 71%] [32mBuilding CXX object CMakeFiles/test_pid_controller_preceding.dir/test/test_pid_controller_preceding.cpp.o[0m
[ 78%] [32mBuilding CXX object CMakeFiles/test_pid_controller.dir/test/test_pid_controller.cpp.o[0m
[ 85%] [32m[1mLinking CXX executable test_load_pid_controller[0m
[ 85%] Built target test_load_pid_controller
[ 92%] [32m[1mLinking CXX executable test_pid_controller_preceding[0m
[ 92%] Built target test_pid_controller_preceding
[100%] [32m[1mLinking CXX executable test_pid_controller[0m
[100%] Built target test_pid_controller
-- Install configuration: ""
-- Execute custom install script
-- Symlinking: /home/ravik/ros2_rolling/install/pid_controller/include/pid_controller_parameters/pid_controller_parameters.hpp
-- Symlinking: /home/ravik/ros2_rolling/install/pid_controller/share/pid_controller//pid_controller.xml
-- Symlinking: /home/ravik/ros2_rolling/install/pid_controller/include/pid_controller/pid_controller/pid_controller.hpp
-- Symlinking: /home/ravik/ros2_rolling/install/pid_controller/include/pid_controller/pid_controller/visibility_control.h
-- Symlinking: /home/ravik/ros2_rolling/install/pid_controller/share/pid_controller/environment/library_path.sh
-- Symlinking: /home/ravik/ros2_rolling/install/pid_controller/share/pid_controller/environment/library_path.dsv
-- Symlinking: /home/ravik/ros2_rolling/install/pid_controller/share/ament_index/resource_index/package_run_dependencies/pid_controller
-- Symlinking: /home/ravik/ros2_rolling/install/pid_controller/share/ament_index/resource_index/parent_prefix_path/pid_controller
-- Symlinking: /home/ravik/ros2_rolling/install/pid_controller/share/pid_controller/environment/ament_prefix_path.sh
-- Symlinking: /home/ravik/ros2_rolling/install/pid_controller/share/pid_controller/environment/ament_prefix_path.dsv
-- Symlinking: /home/ravik/ros2_rolling/install/pid_controller/share/pid_controller/environment/path.sh
-- Symlinking: /home/ravik/ros2_rolling/install/pid_controller/share/pid_controller/environment/path.dsv
-- Symlinking: /home/ravik/ros2_rolling/install/pid_controller/share/pid_controller/local_setup.bash
-- Symlinking: /home/ravik/ros2_rolling/install/pid_controller/share/pid_controller/local_setup.sh
-- Symlinking: /home/ravik/ros2_rolling/install/pid_controller/share/pid_controller/local_setup.zsh
-- Symlinking: /home/ravik/ros2_rolling/install/pid_controller/share/pid_controller/local_setup.dsv
-- Symlinking: /home/ravik/ros2_rolling/install/pid_controller/share/pid_controller/package.dsv
-- Symlinking: /home/ravik/ros2_rolling/install/pid_controller/share/ament_index/resource_index/packages/pid_controller
-- Symlinking: /home/ravik/ros2_rolling/install/pid_controller/share/ament_index/resource_index/controller_interface__pluginlib__plugin/pid_controller
-- Symlinking: /home/ravik/ros2_rolling/install/pid_controller/share/pid_controller/cmake/ament_cmake_export_targets-extras.cmake
-- Symlinking: /home/ravik/ros2_rolling/install/pid_controller/share/pid_controller/cmake/ament_cmake_export_dependencies-extras.cmake
-- Symlinking: /home/ravik/ros2_rolling/install/pid_controller/share/pid_controller/cmake/pid_controllerConfig.cmake
-- Symlinking: /home/ravik/ros2_rolling/install/pid_controller/share/pid_controller/cmake/pid_controllerConfig-version.cmake
-- Symlinking: /home/ravik/ros2_rolling/install/pid_controller/share/pid_controller/package.xml
-- Installing: /home/ravik/ros2_rolling/install/pid_controller/lib/libpid_controller.so
-- Set non-toolchain portion of runtime path of "/home/ravik/ros2_rolling/install/pid_controller/lib/libpid_controller.so" to ""
-- Installing: /home/ravik/ros2_rolling/install/pid_controller/share/pid_controller/cmake/export_pid_controllerExport.cmake
-- Installing: /home/ravik/ros2_rolling/install/pid_controller/share/pid_controller/cmake/export_pid_controllerExport-noconfig.cmake
