[1.729s] Invoking command in '/home/ravik/ros2_rolling/build/generate_parameter_module_example': AMENT_PREFIX_PATH=/home/ravik/ros2_rolling/install/generate_parameter_library:/home/ravik/ros2_rolling/install/parameter_traits:/home/ravik/ros2_rolling/install/generate_parameter_library_py:${AMENT_PREFIX_PATH} CMAKE_PREFIX_PATH=/home/ravik/ros2_rolling/install/generate_parameter_library:/home/ravik/ros2_rolling/install/parameter_traits:${CMAKE_PREFIX_PATH} LD_LIBRARY_PATH=/home/ravik/ros2_rolling/install/parameter_traits/lib:${LD_LIBRARY_PATH} PATH=/home/ravik/ros2_rolling/install/generate_parameter_library_py/bin:${PATH} PS1=\[\e]0;$(parse_ros_workspace)\a\]\[\e[1;32m\]\u\[\[\e[0;37m\]@\[\[\e[0;33m\]\h\[\[\e[1;33m\]${text}\[\[\e[0;37m\]:\[$(set_ros_workspace_color)\]$(parse_ros_workspace)\[\[\e[0;32m\]$(parse_git_bracket)\[$(set_git_color)\]$(get_gitbranch)\[\e[0;32m\]>\[\e[1;35m\]\W\[\[\e[1;35m\]$\[\[\e[0m\]\[\e[m\] PYTHONPATH=/home/ravik/ros2_rolling/build/generate_parameter_module_example/prefix_override:/usr/lib/python3/dist-packages/colcon_core/task/python/colcon_distutils_commands:/home/ravik/ros2_rolling/install/generate_parameter_module_example/lib/python3.12/site-packages:/home/ravik/ros2_rolling/build/generate_parameter_library_py:/home/ravik/ros2_rolling/install/generate_parameter_library_py/lib/python3.12/site-packages:${PYTHONPATH} /usr/bin/python3 -W ignore:setup.py install is deprecated setup.py develop --editable --build-directory /home/ravik/ros2_rolling/build/generate_parameter_module_example/build --no-deps symlink_data
[2.699s] Running /home/ravik/ros2_rolling/build/generate_parameter_library_py/generate_parameter_library_py/generate_python_module.py /home/ravik/ros2_rolling/build/generate_parameter_module_example/generate_parameter_module_example/admittance_parameters.py generate_parameter_module_example/parameters.yaml generate_parameter_module_example.custom_validation
[3.841s] Running /home/ravik/ros2_rolling/build/generate_parameter_library_py/generate_parameter_library_py/generate_python_module.py /home/ravik/ros2_rolling/install/generate_parameter_module_example/lib/python3.12/site-packages/generate_parameter_module_example/admittance_parameters.py generate_parameter_module_example/parameters.yaml generate_parameter_module_example.custom_validation
[5.237s] running develop
[5.237s] /usr/lib/python3/dist-packages/setuptools/command/develop.py:40: EasyInstallDeprecationWarning: easy_install command is deprecated.
[5.237s] !!
[5.238s] 
[5.238s]         ********************************************************************************
[5.238s]         Please avoid running ``setup.py`` and ``easy_install``.
[5.238s]         Instead, use pypa/build, pypa/installer or other
[5.238s]         standards-based tools.
[5.238s] 
[5.238s]         See https://github.com/pypa/setuptools/issues/917 for details.
[5.238s]         ********************************************************************************
[5.238s] 
[5.238s] !!
[5.238s]   easy_install.initialize_options(self)
[5.405s] running egg_info
[5.405s] creating generate_parameter_module_example.egg-info
[5.420s] writing generate_parameter_module_example.egg-info/PKG-INFO
[5.420s] writing dependency_links to generate_parameter_module_example.egg-info/dependency_links.txt
[5.420s] writing entry points to generate_parameter_module_example.egg-info/entry_points.txt
[5.420s] writing requirements to generate_parameter_module_example.egg-info/requires.txt
[5.421s] writing top-level names to generate_parameter_module_example.egg-info/top_level.txt
[5.421s] writing manifest file 'generate_parameter_module_example.egg-info/SOURCES.txt'
[5.450s] reading manifest file 'generate_parameter_module_example.egg-info/SOURCES.txt'
[5.451s] writing manifest file 'generate_parameter_module_example.egg-info/SOURCES.txt'
[5.466s] running build_ext
[5.467s] Creating /home/ravik/ros2_rolling/install/generate_parameter_module_example/lib/python3.12/site-packages/generate-parameter-module-example.egg-link (link to .)
[5.467s] Installing test_node script to /home/ravik/ros2_rolling/install/generate_parameter_module_example/lib/generate_parameter_module_example
[5.467s] 
[5.467s] Installed /home/ravik/ros2_rolling/build/generate_parameter_module_example
[5.467s] running symlink_data
[5.468s] creating /home/ravik/ros2_rolling/install/generate_parameter_module_example/share/ament_index
[5.468s] creating /home/ravik/ros2_rolling/install/generate_parameter_module_example/share/ament_index/resource_index
[5.468s] creating /home/ravik/ros2_rolling/install/generate_parameter_module_example/share/ament_index/resource_index/packages
[5.468s] symbolically linking /home/ravik/ros2_rolling/build/generate_parameter_module_example/resource/generate_parameter_module_example -> /home/ravik/ros2_rolling/install/generate_parameter_module_example/share/ament_index/resource_index/packages
[5.468s] symbolically linking /home/ravik/ros2_rolling/build/generate_parameter_module_example/package.xml -> /home/ravik/ros2_rolling/install/generate_parameter_module_example/share/generate_parameter_module_example
[5.506s] Invoked command in '/home/ravik/ros2_rolling/build/generate_parameter_module_example' returned '0': AMENT_PREFIX_PATH=/home/ravik/ros2_rolling/install/generate_parameter_library:/home/ravik/ros2_rolling/install/parameter_traits:/home/ravik/ros2_rolling/install/generate_parameter_library_py:${AMENT_PREFIX_PATH} CMAKE_PREFIX_PATH=/home/ravik/ros2_rolling/install/generate_parameter_library:/home/ravik/ros2_rolling/install/parameter_traits:${CMAKE_PREFIX_PATH} LD_LIBRARY_PATH=/home/ravik/ros2_rolling/install/parameter_traits/lib:${LD_LIBRARY_PATH} PATH=/home/ravik/ros2_rolling/install/generate_parameter_library_py/bin:${PATH} PS1=\[\e]0;$(parse_ros_workspace)\a\]\[\e[1;32m\]\u\[\[\e[0;37m\]@\[\[\e[0;33m\]\h\[\[\e[1;33m\]${text}\[\[\e[0;37m\]:\[$(set_ros_workspace_color)\]$(parse_ros_workspace)\[\[\e[0;32m\]$(parse_git_bracket)\[$(set_git_color)\]$(get_gitbranch)\[\e[0;32m\]>\[\e[1;35m\]\W\[\[\e[1;35m\]$\[\[\e[0m\]\[\e[m\] PYTHONPATH=/home/ravik/ros2_rolling/build/generate_parameter_module_example/prefix_override:/usr/lib/python3/dist-packages/colcon_core/task/python/colcon_distutils_commands:/home/ravik/ros2_rolling/install/generate_parameter_module_example/lib/python3.12/site-packages:/home/ravik/ros2_rolling/build/generate_parameter_library_py:/home/ravik/ros2_rolling/install/generate_parameter_library_py/lib/python3.12/site-packages:${PYTHONPATH} /usr/bin/python3 -W ignore:setup.py install is deprecated setup.py develop --editable --build-directory /home/ravik/ros2_rolling/build/generate_parameter_module_example/build --no-deps symlink_data
