[0.016s] Invoking command in '/home/ravik/ros2_rolling/build/joint_limits': AMENT_PREFIX_PATH=/home/ravik/ros2_rolling/install/generate_parameter_library:/home/ravik/ros2_rolling/install/realtime_tools:/home/ravik/ros2_rolling/install/parameter_traits:/home/ravik/ros2_rolling/install/generate_parameter_library_py:${AMENT_PREFIX_PATH} CMAKE_PREFIX_PATH=/home/ravik/ros2_rolling/install/generate_parameter_library:/home/ravik/ros2_rolling/install/realtime_tools:/home/ravik/ros2_rolling/install/parameter_traits:/opt/ros/rolling/opt/gz_math_vendor:/opt/ros/rolling/opt/gz_utils_vendor:/opt/ros/rolling/opt/gz_cmake_vendor:/opt/ros/rolling LD_LIBRARY_PATH=/home/ravik/ros2_rolling/install/realtime_tools/lib:/home/ravik/ros2_rolling/install/parameter_traits/lib:${LD_LIBRARY_PATH} PATH=/home/ravik/ros2_rolling/install/generate_parameter_library_py/bin:${PATH} PS1=\[\e]0;$(parse_ros_workspace)\a\]\[\e[1;32m\]\u\[\[\e[0;37m\]@\[\[\e[0;33m\]\h\[\[\e[1;33m\]${text}\[\[\e[0;37m\]:\[$(set_ros_workspace_color)\]$(parse_ros_workspace)\[\[\e[0;32m\]$(parse_git_bracket)\[$(set_git_color)\]$(get_gitbranch)\[\e[0;32m\]>\[\e[1;35m\]\W\[\[\e[1;35m\]$\[\[\e[0m\]\[\e[m\] PYTHONPATH=/home/ravik/ros2_rolling/build/generate_parameter_library_py:/home/ravik/ros2_rolling/install/generate_parameter_library_py/lib/python3.12/site-packages:${PYTHONPATH} /usr/bin/cmake --build /home/ravik/ros2_rolling/build/joint_limits -- -j32 -l32
[0.058s] [  5%] Built target ament_generate_version_header__joint_limits
[0.062s] [ 22%] Built target gmock
[0.062s] [ 33%] Built target gtest_main
[0.065s] [ 44%] Built target gtest
[0.067s] [ 55%] Built target joint_saturation_limiter
[0.073s] [ 66%] Built target joint_limiter_interface
[0.086s] [ 77%] Built target joint_limits_rosparam_test
[0.089s] [ 88%] Built target joint_limits_urdf_test
[0.102s] [100%] Built target test_joint_saturation_limiter
[0.475s] Invoked command in '/home/ravik/ros2_rolling/build/joint_limits' returned '0': AMENT_PREFIX_PATH=/home/ravik/ros2_rolling/install/generate_parameter_library:/home/ravik/ros2_rolling/install/realtime_tools:/home/ravik/ros2_rolling/install/parameter_traits:/home/ravik/ros2_rolling/install/generate_parameter_library_py:${AMENT_PREFIX_PATH} CMAKE_PREFIX_PATH=/home/ravik/ros2_rolling/install/generate_parameter_library:/home/ravik/ros2_rolling/install/realtime_tools:/home/ravik/ros2_rolling/install/parameter_traits:/opt/ros/rolling/opt/gz_math_vendor:/opt/ros/rolling/opt/gz_utils_vendor:/opt/ros/rolling/opt/gz_cmake_vendor:/opt/ros/rolling LD_LIBRARY_PATH=/home/ravik/ros2_rolling/install/realtime_tools/lib:/home/ravik/ros2_rolling/install/parameter_traits/lib:${LD_LIBRARY_PATH} PATH=/home/ravik/ros2_rolling/install/generate_parameter_library_py/bin:${PATH} PS1=\[\e]0;$(parse_ros_workspace)\a\]\[\e[1;32m\]\u\[\[\e[0;37m\]@\[\[\e[0;33m\]\h\[\[\e[1;33m\]${text}\[\[\e[0;37m\]:\[$(set_ros_workspace_color)\]$(parse_ros_workspace)\[\[\e[0;32m\]$(parse_git_bracket)\[$(set_git_color)\]$(get_gitbranch)\[\e[0;32m\]>\[\e[1;35m\]\W\[\[\e[1;35m\]$\[\[\e[0m\]\[\e[m\] PYTHONPATH=/home/ravik/ros2_rolling/build/generate_parameter_library_py:/home/ravik/ros2_rolling/install/generate_parameter_library_py/lib/python3.12/site-packages:${PYTHONPATH} /usr/bin/cmake --build /home/ravik/ros2_rolling/build/joint_limits -- -j32 -l32
[0.511s] Invoking command in '/home/ravik/ros2_rolling/build/joint_limits': AMENT_PREFIX_PATH=/home/ravik/ros2_rolling/install/generate_parameter_library:/home/ravik/ros2_rolling/install/realtime_tools:/home/ravik/ros2_rolling/install/parameter_traits:/home/ravik/ros2_rolling/install/generate_parameter_library_py:${AMENT_PREFIX_PATH} CMAKE_PREFIX_PATH=/home/ravik/ros2_rolling/install/generate_parameter_library:/home/ravik/ros2_rolling/install/realtime_tools:/home/ravik/ros2_rolling/install/parameter_traits:/opt/ros/rolling/opt/gz_math_vendor:/opt/ros/rolling/opt/gz_utils_vendor:/opt/ros/rolling/opt/gz_cmake_vendor:/opt/ros/rolling LD_LIBRARY_PATH=/home/ravik/ros2_rolling/install/realtime_tools/lib:/home/ravik/ros2_rolling/install/parameter_traits/lib:${LD_LIBRARY_PATH} PATH=/home/ravik/ros2_rolling/install/generate_parameter_library_py/bin:${PATH} PS1=\[\e]0;$(parse_ros_workspace)\a\]\[\e[1;32m\]\u\[\[\e[0;37m\]@\[\[\e[0;33m\]\h\[\[\e[1;33m\]${text}\[\[\e[0;37m\]:\[$(set_ros_workspace_color)\]$(parse_ros_workspace)\[\[\e[0;32m\]$(parse_git_bracket)\[$(set_git_color)\]$(get_gitbranch)\[\e[0;32m\]>\[\e[1;35m\]\W\[\[\e[1;35m\]$\[\[\e[0m\]\[\e[m\] PYTHONPATH=/home/ravik/ros2_rolling/build/generate_parameter_library_py:/home/ravik/ros2_rolling/install/generate_parameter_library_py/lib/python3.12/site-packages:${PYTHONPATH} /usr/bin/cmake --install /home/ravik/ros2_rolling/build/joint_limits
[0.518s] -- Install configuration: ""
[0.518s] -- Execute custom install script
[0.518s] -- Up-to-date symlink: /home/ravik/ros2_rolling/install/joint_limits/share/joint_limits//joint_limiters.xml
[0.518s] -- Up-to-date symlink: /home/ravik/ros2_rolling/install/joint_limits/lib/joint_limits/joint_limits_rosparam_test
[0.519s] -- Up-to-date symlink: /home/ravik/ros2_rolling/install/joint_limits/share/joint_limits/test/joint_limits_rosparam.yaml
[0.519s] -- Up-to-date symlink: /home/ravik/ros2_rolling/install/joint_limits/share/joint_limits/test/joint_saturation_limiter_param.yaml
[0.520s] -- Up-to-date symlink: /home/ravik/ros2_rolling/install/joint_limits/include/joint_limits/joint_limits/joint_limiter_interface.hpp
[0.520s] -- Up-to-date symlink: /home/ravik/ros2_rolling/install/joint_limits/include/joint_limits/joint_limits/joint_limits.hpp
[0.520s] -- Up-to-date symlink: /home/ravik/ros2_rolling/install/joint_limits/include/joint_limits/joint_limits/joint_limits_rosparam.hpp
[0.520s] -- Up-to-date symlink: /home/ravik/ros2_rolling/install/joint_limits/include/joint_limits/joint_limits/joint_limits_urdf.hpp
[0.521s] -- Up-to-date symlink: /home/ravik/ros2_rolling/install/joint_limits/include/joint_limits/joint_limits/joint_saturation_limiter.hpp
[0.521s] -- Up-to-date symlink: /home/ravik/ros2_rolling/install/joint_limits/include/joint_limits/joint_limits/visibility_control.h
[0.521s] -- Up-to-date symlink: /home/ravik/ros2_rolling/install/joint_limits/share/joint_limits/environment/library_path.sh
[0.522s] -- Up-to-date symlink: /home/ravik/ros2_rolling/install/joint_limits/share/joint_limits/environment/library_path.dsv
[0.522s] -- Up-to-date symlink: /home/ravik/ros2_rolling/install/joint_limits/share/ament_index/resource_index/package_run_dependencies/joint_limits
[0.522s] -- Up-to-date symlink: /home/ravik/ros2_rolling/install/joint_limits/share/ament_index/resource_index/parent_prefix_path/joint_limits
[0.522s] -- Up-to-date symlink: /home/ravik/ros2_rolling/install/joint_limits/share/joint_limits/environment/ament_prefix_path.sh
[0.522s] -- Up-to-date symlink: /home/ravik/ros2_rolling/install/joint_limits/share/joint_limits/environment/ament_prefix_path.dsv
[0.522s] -- Up-to-date symlink: /home/ravik/ros2_rolling/install/joint_limits/share/joint_limits/environment/path.sh
[0.523s] -- Up-to-date symlink: /home/ravik/ros2_rolling/install/joint_limits/share/joint_limits/environment/path.dsv
[0.523s] -- Up-to-date symlink: /home/ravik/ros2_rolling/install/joint_limits/share/joint_limits/local_setup.bash
[0.523s] -- Up-to-date symlink: /home/ravik/ros2_rolling/install/joint_limits/share/joint_limits/local_setup.sh
[0.523s] -- Up-to-date symlink: /home/ravik/ros2_rolling/install/joint_limits/share/joint_limits/local_setup.zsh
[0.523s] -- Up-to-date symlink: /home/ravik/ros2_rolling/install/joint_limits/share/joint_limits/local_setup.dsv
[0.523s] -- Symlinking: /home/ravik/ros2_rolling/install/joint_limits/share/joint_limits/package.dsv
[0.528s] -- Up-to-date symlink: /home/ravik/ros2_rolling/install/joint_limits/share/ament_index/resource_index/packages/joint_limits
[0.528s] -- Up-to-date symlink: /home/ravik/ros2_rolling/install/joint_limits/share/ament_index/resource_index/joint_limits__pluginlib__plugin/joint_limits
[0.528s] -- Up-to-date symlink: /home/ravik/ros2_rolling/install/joint_limits/share/joint_limits/cmake/ament_cmake_export_targets-extras.cmake
[0.528s] -- Up-to-date symlink: /home/ravik/ros2_rolling/install/joint_limits/share/joint_limits/cmake/ament_cmake_export_dependencies-extras.cmake
[0.528s] -- Up-to-date symlink: /home/ravik/ros2_rolling/install/joint_limits/share/joint_limits/cmake/joint_limitsConfig.cmake
[0.528s] -- Up-to-date symlink: /home/ravik/ros2_rolling/install/joint_limits/share/joint_limits/cmake/joint_limitsConfig-version.cmake
[0.528s] -- Up-to-date symlink: /home/ravik/ros2_rolling/install/joint_limits/share/joint_limits/package.xml
[0.528s] -- Up-to-date symlink: /home/ravik/ros2_rolling/install/joint_limits/include/joint_limits/joint_limits/version.h
[0.529s] -- Up-to-date: /home/ravik/ros2_rolling/install/joint_limits/lib/libjoint_limiter_interface.so
[0.529s] -- Up-to-date: /home/ravik/ros2_rolling/install/joint_limits/lib/libjoint_saturation_limiter.so
[0.529s] -- Up-to-date: /home/ravik/ros2_rolling/install/joint_limits/share/joint_limits/cmake/export_joint_limitsExport.cmake
[0.529s] -- Up-to-date: /home/ravik/ros2_rolling/install/joint_limits/share/joint_limits/cmake/export_joint_limitsExport-noconfig.cmake
[0.676s] Invoked command in '/home/ravik/ros2_rolling/build/joint_limits' returned '0': AMENT_PREFIX_PATH=/home/ravik/ros2_rolling/install/generate_parameter_library:/home/ravik/ros2_rolling/install/realtime_tools:/home/ravik/ros2_rolling/install/parameter_traits:/home/ravik/ros2_rolling/install/generate_parameter_library_py:${AMENT_PREFIX_PATH} CMAKE_PREFIX_PATH=/home/ravik/ros2_rolling/install/generate_parameter_library:/home/ravik/ros2_rolling/install/realtime_tools:/home/ravik/ros2_rolling/install/parameter_traits:/opt/ros/rolling/opt/gz_math_vendor:/opt/ros/rolling/opt/gz_utils_vendor:/opt/ros/rolling/opt/gz_cmake_vendor:/opt/ros/rolling LD_LIBRARY_PATH=/home/ravik/ros2_rolling/install/realtime_tools/lib:/home/ravik/ros2_rolling/install/parameter_traits/lib:${LD_LIBRARY_PATH} PATH=/home/ravik/ros2_rolling/install/generate_parameter_library_py/bin:${PATH} PS1=\[\e]0;$(parse_ros_workspace)\a\]\[\e[1;32m\]\u\[\[\e[0;37m\]@\[\[\e[0;33m\]\h\[\[\e[1;33m\]${text}\[\[\e[0;37m\]:\[$(set_ros_workspace_color)\]$(parse_ros_workspace)\[\[\e[0;32m\]$(parse_git_bracket)\[$(set_git_color)\]$(get_gitbranch)\[\e[0;32m\]>\[\e[1;35m\]\W\[\[\e[1;35m\]$\[\[\e[0m\]\[\e[m\] PYTHONPATH=/home/ravik/ros2_rolling/build/generate_parameter_library_py:/home/ravik/ros2_rolling/install/generate_parameter_library_py/lib/python3.12/site-packages:${PYTHONPATH} /usr/bin/cmake --install /home/ravik/ros2_rolling/build/joint_limits
