[0.000000] (-) TimerEvent: {}
[0.000217] (-) JobUnselected: {'identifier': 'ackermann_steering_controller'}
[0.000258] (-) JobUnselected: {'identifier': 'admittance_controller'}
[0.000282] (-) JobUnselected: {'identifier': 'bicycle_steering_controller'}
[0.000299] (-) JobUnselected: {'identifier': 'cmake_generate_parameter_module_example'}
[0.000316] (-) JobUnselected: {'identifier': 'control_msgs'}
[0.000332] (-) JobUnselected: {'identifier': 'control_toolbox'}
[0.000402] (-) JobUnselected: {'identifier': 'controller_interface'}
[0.000523] (-) JobUnselected: {'identifier': 'controller_manager'}
[0.000551] (-) JobUnselected: {'identifier': 'controller_manager_msgs'}
[0.000568] (-) JobUnselected: {'identifier': 'diff_drive_controller'}
[0.000583] (-) JobUnselected: {'identifier': 'effort_controllers'}
[0.000599] (-) JobUnselected: {'identifier': 'force_torque_sensor_broadcaster'}
[0.000613] (-) JobUnselected: {'identifier': 'forward_command_controller'}
[0.000627] (-) JobUnselected: {'identifier': 'generate_parameter_library'}
[0.000640] (-) JobUnselected: {'identifier': 'generate_parameter_library_example'}
[0.000654] (-) JobUnselected: {'identifier': 'generate_parameter_library_py'}
[0.000668] (-) JobUnselected: {'identifier': 'generate_parameter_module_example'}
[0.000682] (-) JobUnselected: {'identifier': 'gripper_controllers'}
[0.000696] (-) JobUnselected: {'identifier': 'hardware_interface'}
[0.000716] (-) JobUnselected: {'identifier': 'hardware_interface_testing'}
[0.000731] (-) JobUnselected: {'identifier': 'imu_sensor_broadcaster'}
[0.000745] (-) JobUnselected: {'identifier': 'joint_limits'}
[0.000759] (-) JobUnselected: {'identifier': 'joint_state_broadcaster'}
[0.000773] (-) JobUnselected: {'identifier': 'joint_trajectory_controller'}
[0.000786] (-) JobUnselected: {'identifier': 'kinematics_interface'}
[0.000800] (-) JobUnselected: {'identifier': 'kinematics_interface_kdl'}
[0.000814] (-) JobUnselected: {'identifier': 'parallel_gripper_controller'}
[0.000828] (-) JobUnselected: {'identifier': 'parameter_traits'}
[0.000841] (-) JobUnselected: {'identifier': 'pid_controller'}
[0.000855] (-) JobUnselected: {'identifier': 'pose_broadcaster'}
[0.000868] (-) JobUnselected: {'identifier': 'position_controllers'}
[0.000882] (-) JobUnselected: {'identifier': 'range_sensor_broadcaster'}
[0.000896] (-) JobUnselected: {'identifier': 'realtime_tools'}
[0.000910] (-) JobUnselected: {'identifier': 'ros2_control'}
[0.000924] (-) JobUnselected: {'identifier': 'ros2_control_test_assets'}
[0.000938] (-) JobUnselected: {'identifier': 'ros2_controllers'}
[0.000952] (-) JobUnselected: {'identifier': 'ros2_controllers_test_nodes'}
[0.000966] (-) JobUnselected: {'identifier': 'ros2controlcli'}
[0.000979] (-) JobUnselected: {'identifier': 'rqt_controller_manager'}
[0.000993] (-) JobUnselected: {'identifier': 'rqt_joint_trajectory_controller'}
[0.001007] (-) JobUnselected: {'identifier': 'steering_controllers_library'}
[0.001020] (-) JobUnselected: {'identifier': 'transmission_interface'}
[0.001034] (-) JobUnselected: {'identifier': 'tricycle_controller'}
[0.001060] (-) JobUnselected: {'identifier': 'tricycle_steering_controller'}
[0.001133] (-) JobUnselected: {'identifier': 'velocity_controllers'}
[0.001155] (-) EventReactorShutdown: {}
