[0.000000] (-) TimerEvent: {}
[0.000121] (-) JobUnselected: {'identifier': 'ackermann_steering_controller'}
[0.000156] (-) JobUnselected: {'identifier': 'admittance_controller'}
[0.000177] (-) JobUnselected: {'identifier': 'bicycle_steering_controller'}
[0.000195] (-) JobUnselected: {'identifier': 'cmake_generate_parameter_module_example'}
[0.000211] (-) JobUnselected: {'identifier': 'control_msgs'}
[0.000299] (-) JobUnselected: {'identifier': 'control_toolbox'}
[0.000383] (-) JobUnselected: {'identifier': 'controller_interface'}
[0.000399] (-) JobUnselected: {'identifier': 'controller_manager'}
[0.000414] (-) JobUnselected: {'identifier': 'controller_manager_msgs'}
[0.000428] (-) JobUnselected: {'identifier': 'diff_drive_controller'}
[0.000442] (-) JobUnselected: {'identifier': 'effort_controllers'}
[0.000456] (-) JobUnselected: {'identifier': 'force_torque_sensor_broadcaster'}
[0.000471] (-) JobUnselected: {'identifier': 'forward_command_controller'}
[0.000484] (-) JobUnselected: {'identifier': 'generate_parameter_library'}
[0.000499] (-) JobUnselected: {'identifier': 'generate_parameter_library_example'}
[0.000512] (-) JobUnselected: {'identifier': 'generate_parameter_library_py'}
[0.000526] (-) JobUnselected: {'identifier': 'generate_parameter_module_example'}
[0.000540] (-) JobUnselected: {'identifier': 'gripper_controllers'}
[0.000554] (-) JobUnselected: {'identifier': 'hardware_interface'}
[0.000573] (-) JobUnselected: {'identifier': 'hardware_interface_testing'}
[0.000587] (-) JobUnselected: {'identifier': 'imu_sensor_broadcaster'}
[0.000601] (-) JobUnselected: {'identifier': 'joint_limits'}
[0.000615] (-) JobUnselected: {'identifier': 'joint_state_broadcaster'}
[0.000628] (-) JobUnselected: {'identifier': 'joint_trajectory_controller'}
[0.000642] (-) JobUnselected: {'identifier': 'kinematics_interface'}
[0.000655] (-) JobUnselected: {'identifier': 'kinematics_interface_kdl'}
[0.000669] (-) JobUnselected: {'identifier': 'parallel_gripper_controller'}
[0.000683] (-) JobUnselected: {'identifier': 'parameter_traits'}
[0.000697] (-) JobUnselected: {'identifier': 'pid_controller'}
[0.000710] (-) JobUnselected: {'identifier': 'pose_broadcaster'}
[0.000724] (-) JobUnselected: {'identifier': 'position_controllers'}
[0.000738] (-) JobUnselected: {'identifier': 'range_sensor_broadcaster'}
[0.000752] (-) JobUnselected: {'identifier': 'realtime_tools'}
[0.000765] (-) JobUnselected: {'identifier': 'ros2_control'}
[0.000779] (-) JobUnselected: {'identifier': 'ros2_control_test_assets'}
[0.000793] (-) JobUnselected: {'identifier': 'ros2_controllers'}
[0.000806] (-) JobUnselected: {'identifier': 'ros2_controllers_test_nodes'}
[0.000820] (-) JobUnselected: {'identifier': 'ros2controlcli'}
[0.000840] (-) JobUnselected: {'identifier': 'rqt_controller_manager'}
[0.000857] (-) JobUnselected: {'identifier': 'rqt_joint_trajectory_controller'}
[0.000871] (-) JobUnselected: {'identifier': 'steering_controllers_library'}
[0.000884] (-) JobUnselected: {'identifier': 'transmission_interface'}
[0.000898] (-) JobUnselected: {'identifier': 'tricycle_controller'}
[0.000912] (-) JobUnselected: {'identifier': 'tricycle_steering_controller'}
[0.000925] (-) JobUnselected: {'identifier': 'velocity_controllers'}
[0.000940] (-) EventReactorShutdown: {}
