running develop
/usr/lib/python3/dist-packages/setuptools/command/develop.py:40: EasyInstallDeprecationWarning: easy_install command is deprecated.
!!

        ********************************************************************************
        Please avoid running ``setup.py`` and ``easy_install``.
        Instead, use pypa/build, pypa/installer or other
        standards-based tools.

        See https://github.com/pypa/setuptools/issues/917 for details.
        ********************************************************************************

!!
  easy_install.initialize_options(self)
running egg_info
writing generate_parameter_library_py.egg-info/PKG-INFO
writing dependency_links to generate_parameter_library_py.egg-info/dependency_links.txt
writing entry points to generate_parameter_library_py.egg-info/entry_points.txt
writing requirements to generate_parameter_library_py.egg-info/requires.txt
writing top-level names to generate_parameter_library_py.egg-info/top_level.txt
reading manifest file 'generate_parameter_library_py.egg-info/SOURCES.txt'
writing manifest file 'generate_parameter_library_py.egg-info/SOURCES.txt'
running build_ext
Creating /home/ravik/ros2_rolling/install/generate_parameter_library_py/lib/python3.12/site-packages/generate-parameter-library-py.egg-link (link to .)
Installing generate_parameter_library_cpp script to /home/ravik/ros2_rolling/install/generate_parameter_library_py/bin
Installing generate_parameter_library_markdown script to /home/ravik/ros2_rolling/install/generate_parameter_library_py/bin
Installing generate_parameter_library_python script to /home/ravik/ros2_rolling/install/generate_parameter_library_py/bin

Installed /home/ravik/ros2_rolling/build/generate_parameter_library_py
running symlink_data
