[0.894s] Invoking command in '/home/ravik/ros2_rolling/build/generate_parameter_library_py': PS1=\[\e]0;$(parse_ros_workspace)\a\]\[\e[1;32m\]\u\[\[\e[0;37m\]@\[\[\e[0;33m\]\h\[\[\e[1;33m\]${text}\[\[\e[0;37m\]:\[$(set_ros_workspace_color)\]$(parse_ros_workspace)\[\[\e[0;32m\]$(parse_git_bracket)\[$(set_git_color)\]$(get_gitbranch)\[\e[0;32m\]>\[\e[1;35m\]\W\[\[\e[1;35m\]$\[\[\e[0m\]\[\e[m\] PYTHONPATH=/home/ravik/ros2_rolling/build/generate_parameter_library_py/prefix_override:/usr/lib/python3/dist-packages/colcon_core/task/python/colcon_distutils_commands:/home/ravik/ros2_rolling/install/generate_parameter_library_py/lib/python3.12/site-packages:${PYTHONPATH} /usr/bin/python3 -W ignore:setup.py install is deprecated setup.py develop --editable --build-directory /home/ravik/ros2_rolling/build/generate_parameter_library_py/build --no-deps symlink_data
[1.108s] running develop
[1.108s] /usr/lib/python3/dist-packages/setuptools/command/develop.py:40: EasyInstallDeprecationWarning: easy_install command is deprecated.
[1.108s] !!
[1.109s] 
[1.109s]         ********************************************************************************
[1.109s]         Please avoid running ``setup.py`` and ``easy_install``.
[1.109s]         Instead, use pypa/build, pypa/installer or other
[1.109s]         standards-based tools.
[1.109s] 
[1.109s]         See https://github.com/pypa/setuptools/issues/917 for details.
[1.109s]         ********************************************************************************
[1.109s] 
[1.109s] !!
[1.109s]   easy_install.initialize_options(self)
[1.221s] running egg_info
[1.232s] writing generate_parameter_library_py.egg-info/PKG-INFO
[1.232s] writing dependency_links to generate_parameter_library_py.egg-info/dependency_links.txt
[1.232s] writing entry points to generate_parameter_library_py.egg-info/entry_points.txt
[1.232s] writing requirements to generate_parameter_library_py.egg-info/requires.txt
[1.232s] writing top-level names to generate_parameter_library_py.egg-info/top_level.txt
[1.255s] reading manifest file 'generate_parameter_library_py.egg-info/SOURCES.txt'
[1.256s] writing manifest file 'generate_parameter_library_py.egg-info/SOURCES.txt'
[1.268s] running build_ext
[1.268s] Creating /home/ravik/ros2_rolling/install/generate_parameter_library_py/lib/python3.12/site-packages/generate-parameter-library-py.egg-link (link to .)
[1.268s] Installing generate_parameter_library_cpp script to /home/ravik/ros2_rolling/install/generate_parameter_library_py/bin
[1.268s] Installing generate_parameter_library_markdown script to /home/ravik/ros2_rolling/install/generate_parameter_library_py/bin
[1.269s] Installing generate_parameter_library_python script to /home/ravik/ros2_rolling/install/generate_parameter_library_py/bin
[1.269s] 
[1.269s] Installed /home/ravik/ros2_rolling/build/generate_parameter_library_py
[1.269s] running symlink_data
[1.290s] Invoked command in '/home/ravik/ros2_rolling/build/generate_parameter_library_py' returned '0': PS1=\[\e]0;$(parse_ros_workspace)\a\]\[\e[1;32m\]\u\[\[\e[0;37m\]@\[\[\e[0;33m\]\h\[\[\e[1;33m\]${text}\[\[\e[0;37m\]:\[$(set_ros_workspace_color)\]$(parse_ros_workspace)\[\[\e[0;32m\]$(parse_git_bracket)\[$(set_git_color)\]$(get_gitbranch)\[\e[0;32m\]>\[\e[1;35m\]\W\[\[\e[1;35m\]$\[\[\e[0m\]\[\e[m\] PYTHONPATH=/home/ravik/ros2_rolling/build/generate_parameter_library_py/prefix_override:/usr/lib/python3/dist-packages/colcon_core/task/python/colcon_distutils_commands:/home/ravik/ros2_rolling/install/generate_parameter_library_py/lib/python3.12/site-packages:${PYTHONPATH} /usr/bin/python3 -W ignore:setup.py install is deprecated setup.py develop --editable --build-directory /home/ravik/ros2_rolling/build/generate_parameter_library_py/build --no-deps symlink_data
