/usr/lib/python3/dist-packages/setuptools/command/develop.py:40: EasyInstallDeprecationWarning: easy_install command is deprecated.
!!

        ********************************************************************************
        Please avoid running ``setup.py`` and ``easy_install``.
        Instead, use pypa/build, pypa/installer or other
        standards-based tools.

        See https://github.com/pypa/setuptools/issues/917 for details.
        ********************************************************************************

!!
  easy_install.initialize_options(self)
running develop
running egg_info
writing rqt_controller_manager.egg-info/PKG-INFO
writing dependency_links to rqt_controller_manager.egg-info/dependency_links.txt
writing entry points to rqt_controller_manager.egg-info/entry_points.txt
writing requirements to rqt_controller_manager.egg-info/requires.txt
writing top-level names to rqt_controller_manager.egg-info/top_level.txt
reading manifest file 'rqt_controller_manager.egg-info/SOURCES.txt'
writing manifest file 'rqt_controller_manager.egg-info/SOURCES.txt'
running build_ext
Creating /home/ravik/ros2_rolling/install/rqt_controller_manager/lib/python3.12/site-packages/rqt-controller-manager.egg-link (link to .)
Installing rqt_controller_manager script to /home/ravik/ros2_rolling/install/rqt_controller_manager/lib/rqt_controller_manager

Installed /home/ravik/ros2_rolling/build/rqt_controller_manager
running symlink_data
