[0.000000] (-) TimerEvent: {}
[0.000129] (-) JobUnselected: {'identifier': 'ackermann_steering_controller'}
[0.000161] (-) JobUnselected: {'identifier': 'admittance_controller'}
[0.000182] (-) JobUnselected: {'identifier': 'bicycle_steering_controller'}
[0.000199] (-) JobUnselected: {'identifier': 'cmake_generate_parameter_module_example'}
[0.000215] (-) JobUnselected: {'identifier': 'control_msgs'}
[0.000231] (-) JobUnselected: {'identifier': 'control_toolbox'}
[0.000246] (-) JobUnselected: {'identifier': 'controller_interface'}
[0.000260] (-) JobUnselected: {'identifier': 'controller_manager'}
[0.000275] (-) JobUnselected: {'identifier': 'controller_manager_msgs'}
[0.000289] (-) JobUnselected: {'identifier': 'diff_drive_controller'}
[0.000303] (-) JobUnselected: {'identifier': 'effort_controllers'}
[0.000318] (-) JobUnselected: {'identifier': 'force_torque_sensor_broadcaster'}
[0.000332] (-) JobUnselected: {'identifier': 'forward_command_controller'}
[0.000346] (-) JobUnselected: {'identifier': 'generate_parameter_library'}
[0.000360] (-) JobUnselected: {'identifier': 'generate_parameter_library_example'}
[0.000374] (-) JobUnselected: {'identifier': 'generate_parameter_library_py'}
[0.000388] (-) JobUnselected: {'identifier': 'generate_parameter_module_example'}
[0.000402] (-) JobUnselected: {'identifier': 'gripper_controllers'}
[0.000416] (-) JobUnselected: {'identifier': 'hardware_interface'}
[0.000435] (-) JobUnselected: {'identifier': 'hardware_interface_testing'}
[0.000449] (-) JobUnselected: {'identifier': 'imu_sensor_broadcaster'}
[0.000463] (-) JobUnselected: {'identifier': 'joint_limits'}
[0.000477] (-) JobUnselected: {'identifier': 'joint_state_broadcaster'}
[0.000491] (-) JobUnselected: {'identifier': 'joint_trajectory_controller'}
[0.000505] (-) JobUnselected: {'identifier': 'kinematics_interface'}
[0.000519] (-) JobUnselected: {'identifier': 'kinematics_interface_kdl'}
[0.000533] (-) JobUnselected: {'identifier': 'parallel_gripper_controller'}
[0.000547] (-) JobUnselected: {'identifier': 'parameter_traits'}
[0.000561] (-) JobUnselected: {'identifier': 'pid_controller'}
[0.000575] (-) JobUnselected: {'identifier': 'pose_broadcaster'}
[0.000589] (-) JobUnselected: {'identifier': 'position_controllers'}
[0.000608] (-) JobUnselected: {'identifier': 'range_sensor_broadcaster'}
[0.000625] (-) JobUnselected: {'identifier': 'realtime_tools'}
[0.000639] (-) JobUnselected: {'identifier': 'ros2_control'}
[0.000653] (-) JobUnselected: {'identifier': 'ros2_control_test_assets'}
[0.000667] (-) JobUnselected: {'identifier': 'ros2_controllers'}
[0.000681] (-) JobUnselected: {'identifier': 'ros2_controllers_test_nodes'}
[0.000694] (-) JobUnselected: {'identifier': 'ros2controlcli'}
[0.000708] (-) JobUnselected: {'identifier': 'rqt_controller_manager'}
[0.000722] (-) JobUnselected: {'identifier': 'rqt_joint_trajectory_controller'}
[0.000735] (-) JobUnselected: {'identifier': 'steering_controllers_library'}
[0.000749] (-) JobUnselected: {'identifier': 'transmission_interface'}
[0.000763] (-) JobUnselected: {'identifier': 'tricycle_controller'}
[0.000776] (-) JobUnselected: {'identifier': 'tricycle_steering_controller'}
[0.000790] (-) JobUnselected: {'identifier': 'velocity_controllers'}
[0.000804] (-) EventReactorShutdown: {}
