[0.017s] Invoking command in '/home/ravik/ros2_rolling/build/cmake_generate_parameter_module_example': AMENT_PREFIX_PATH=/home/ravik/ros2_rolling/install/generate_parameter_library:/home/ravik/ros2_rolling/install/parameter_traits:/home/ravik/ros2_rolling/install/generate_parameter_library_py:${AMENT_PREFIX_PATH} CMAKE_PREFIX_PATH=/home/ravik/ros2_rolling/install/generate_parameter_library:/home/ravik/ros2_rolling/install/parameter_traits:/opt/ros/rolling/opt/gz_math_vendor:/opt/ros/rolling/opt/gz_utils_vendor:/opt/ros/rolling/opt/gz_cmake_vendor:/opt/ros/rolling LD_LIBRARY_PATH=/home/ravik/ros2_rolling/install/parameter_traits/lib:${LD_LIBRARY_PATH} PATH=/home/ravik/ros2_rolling/install/generate_parameter_library_py/bin:${PATH} PS1=\[\e]0;$(parse_ros_workspace)\a\]\[\e[1;32m\]\u\[\[\e[0;37m\]@\[\[\e[0;33m\]\h\[\[\e[1;33m\]${text}\[\[\e[0;37m\]:\[$(set_ros_workspace_color)\]$(parse_ros_workspace)\[\[\e[0;32m\]$(parse_git_bracket)\[$(set_git_color)\]$(get_gitbranch)\[\e[0;32m\]>\[\e[1;35m\]\W\[\[\e[1;35m\]$\[\[\e[0m\]\[\e[m\] PYTHONPATH=/home/ravik/ros2_rolling/build/generate_parameter_library_py:/home/ravik/ros2_rolling/install/generate_parameter_library_py/lib/python3.12/site-packages:${PYTHONPATH} /usr/bin/cmake /home/ravik/ros2_rolling/src/generate_parameter_library/example_cmake_python -DCMAKE_EXPORT_COMPILE_COMMANDS=ON -DAMENT_CMAKE_SYMLINK_INSTALL=1 -DCMAKE_INSTALL_PREFIX=/home/ravik/ros2_rolling/install/cmake_generate_parameter_module_example
[0.064s] -- The C compiler identification is GNU 13.2.0
[0.124s] -- The CXX compiler identification is GNU 13.2.0
[0.139s] -- Detecting C compiler ABI info
[0.231s] -- Detecting C compiler ABI info - done
[0.242s] -- Check for working C compiler: /usr/bin/cc - skipped
[0.242s] -- Detecting C compile features
[0.243s] -- Detecting C compile features - done
[0.251s] -- Detecting CXX compiler ABI info
[0.355s] -- Detecting CXX compiler ABI info - done
[0.368s] -- Check for working CXX compiler: /usr/bin/c++ - skipped
[0.368s] -- Detecting CXX compile features
[0.369s] -- Detecting CXX compile features - done
[0.373s] -- Found ament_cmake: 2.7.0 (/opt/ros/rolling/share/ament_cmake/cmake)
[0.531s] -- Found Python3: /usr/bin/python3 (found version "3.12.3") found components: Interpreter 
[0.602s] -- Override CMake install command with custom implementation using symlinks instead of copying resources
[0.642s] -- Found generate_parameter_library: 0.3.9 (/home/ravik/ros2_rolling/install/generate_parameter_library/share/generate_parameter_library/cmake)
[0.646s] -- Found parameter_traits: 0.3.9 (/home/ravik/ros2_rolling/install/parameter_traits/share/parameter_traits/cmake)
[0.690s] -- Found rosidl_generator_c: 4.8.1 (/opt/ros/rolling/share/rosidl_generator_c/cmake)
[0.702s] -- Found rosidl_generator_cpp: 4.8.1 (/opt/ros/rolling/share/rosidl_generator_cpp/cmake)
[0.716s] -- Using all available rosidl_typesupport_c: rosidl_typesupport_fastrtps_c;rosidl_typesupport_introspection_c
[0.732s] -- Using all available rosidl_typesupport_cpp: rosidl_typesupport_fastrtps_cpp;rosidl_typesupport_introspection_cpp
[0.824s] -- Found rmw_implementation_cmake: 7.4.3 (/opt/ros/rolling/share/rmw_implementation_cmake/cmake)
[0.828s] -- Found rmw_fastrtps_cpp: 9.0.1 (/opt/ros/rolling/share/rmw_fastrtps_cpp/cmake)
[0.926s] -- Found OpenSSL: /usr/lib/x86_64-linux-gnu/libcrypto.so (found version "3.0.13")  
[0.947s] -- Found FastRTPS: /opt/ros/rolling/include (Required is at least version "2.13") 
[0.977s] -- Using RMW implementation 'rmw_fastrtps_cpp' as default
[1.187s] -- Found rclcpp_lifecycle: 28.3.3 (/opt/ros/rolling/share/rclcpp_lifecycle/cmake)
[1.712s] -- Configuring done (1.7s)
[1.728s] -- Generating done (0.0s)
[1.738s] [33mCMake Warning:
[1.738s]   Manually-specified variables were not used by the project:
[1.738s] 
[1.738s]     CMAKE_EXPORT_COMPILE_COMMANDS
[1.739s] 
[1.739s] [0m
[1.751s] -- Build files have been written to: /home/ravik/ros2_rolling/build/cmake_generate_parameter_module_example
[1.751s] Invoked command in '/home/ravik/ros2_rolling/build/cmake_generate_parameter_module_example' returned '0': AMENT_PREFIX_PATH=/home/ravik/ros2_rolling/install/generate_parameter_library:/home/ravik/ros2_rolling/install/parameter_traits:/home/ravik/ros2_rolling/install/generate_parameter_library_py:${AMENT_PREFIX_PATH} CMAKE_PREFIX_PATH=/home/ravik/ros2_rolling/install/generate_parameter_library:/home/ravik/ros2_rolling/install/parameter_traits:/opt/ros/rolling/opt/gz_math_vendor:/opt/ros/rolling/opt/gz_utils_vendor:/opt/ros/rolling/opt/gz_cmake_vendor:/opt/ros/rolling LD_LIBRARY_PATH=/home/ravik/ros2_rolling/install/parameter_traits/lib:${LD_LIBRARY_PATH} PATH=/home/ravik/ros2_rolling/install/generate_parameter_library_py/bin:${PATH} PS1=\[\e]0;$(parse_ros_workspace)\a\]\[\e[1;32m\]\u\[\[\e[0;37m\]@\[\[\e[0;33m\]\h\[\[\e[1;33m\]${text}\[\[\e[0;37m\]:\[$(set_ros_workspace_color)\]$(parse_ros_workspace)\[\[\e[0;32m\]$(parse_git_bracket)\[$(set_git_color)\]$(get_gitbranch)\[\e[0;32m\]>\[\e[1;35m\]\W\[\[\e[1;35m\]$\[\[\e[0m\]\[\e[m\] PYTHONPATH=/home/ravik/ros2_rolling/build/generate_parameter_library_py:/home/ravik/ros2_rolling/install/generate_parameter_library_py/lib/python3.12/site-packages:${PYTHONPATH} /usr/bin/cmake /home/ravik/ros2_rolling/src/generate_parameter_library/example_cmake_python -DCMAKE_EXPORT_COMPILE_COMMANDS=ON -DAMENT_CMAKE_SYMLINK_INSTALL=1 -DCMAKE_INSTALL_PREFIX=/home/ravik/ros2_rolling/install/cmake_generate_parameter_module_example
[1.752s] Invoking command in '/home/ravik/ros2_rolling/build/cmake_generate_parameter_module_example': AMENT_PREFIX_PATH=/home/ravik/ros2_rolling/install/generate_parameter_library:/home/ravik/ros2_rolling/install/parameter_traits:/home/ravik/ros2_rolling/install/generate_parameter_library_py:${AMENT_PREFIX_PATH} CMAKE_PREFIX_PATH=/home/ravik/ros2_rolling/install/generate_parameter_library:/home/ravik/ros2_rolling/install/parameter_traits:/opt/ros/rolling/opt/gz_math_vendor:/opt/ros/rolling/opt/gz_utils_vendor:/opt/ros/rolling/opt/gz_cmake_vendor:/opt/ros/rolling LD_LIBRARY_PATH=/home/ravik/ros2_rolling/install/parameter_traits/lib:${LD_LIBRARY_PATH} PATH=/home/ravik/ros2_rolling/install/generate_parameter_library_py/bin:${PATH} PS1=\[\e]0;$(parse_ros_workspace)\a\]\[\e[1;32m\]\u\[\[\e[0;37m\]@\[\[\e[0;33m\]\h\[\[\e[1;33m\]${text}\[\[\e[0;37m\]:\[$(set_ros_workspace_color)\]$(parse_ros_workspace)\[\[\e[0;32m\]$(parse_git_bracket)\[$(set_git_color)\]$(get_gitbranch)\[\e[0;32m\]>\[\e[1;35m\]\W\[\[\e[1;35m\]$\[\[\e[0m\]\[\e[m\] PYTHONPATH=/home/ravik/ros2_rolling/build/generate_parameter_library_py:/home/ravik/ros2_rolling/install/generate_parameter_library_py/lib/python3.12/site-packages:${PYTHONPATH} /usr/bin/cmake --build /home/ravik/ros2_rolling/build/cmake_generate_parameter_module_example -- -j32 -l32
[1.905s] [100%] [34m[1mRunning `/home/ravik/ros2_rolling/install/generate_parameter_library_py/bin/generate_parameter_library_python /home/ravik/ros2_rolling/install/cmake_generate_parameter_module_example/lib/python3.12/site-packages/cmake_generate_parameter_module_example/admittance_parameters.py /home/ravik/ros2_rolling/src/generate_parameter_library/example_cmake_python/cmake_generate_parameter_module_example/parameters.yaml cmake_generate_parameter_module_example.custom_validation`[0m
[1.915s] [100%] Built target ament_cmake_python_symlink_cmake_generate_parameter_module_example
[2.406s] running egg_info
[2.407s] creating cmake_generate_parameter_module_example.egg-info
[2.459s] writing cmake_generate_parameter_module_example.egg-info/PKG-INFO
[2.459s] writing dependency_links to cmake_generate_parameter_module_example.egg-info/dependency_links.txt
[2.459s] writing top-level names to cmake_generate_parameter_module_example.egg-info/top_level.txt
[2.459s] writing manifest file 'cmake_generate_parameter_module_example.egg-info/SOURCES.txt'
[2.604s] reading manifest file 'cmake_generate_parameter_module_example.egg-info/SOURCES.txt'
[2.604s] writing manifest file 'cmake_generate_parameter_module_example.egg-info/SOURCES.txt'
[2.652s] [100%] Built target ament_cmake_python_build_cmake_generate_parameter_module_example_egg
[2.713s] Running /home/ravik/ros2_rolling/build/generate_parameter_library_py/generate_parameter_library_py/generate_python_module.py /home/ravik/ros2_rolling/install/cmake_generate_parameter_module_example/lib/python3.12/site-packages/cmake_generate_parameter_module_example/admittance_parameters.py /home/ravik/ros2_rolling/src/generate_parameter_library/example_cmake_python/cmake_generate_parameter_module_example/parameters.yaml cmake_generate_parameter_module_example.custom_validation
[3.834s] [100%] Built target admittance_parameters
[3.847s] Invoked command in '/home/ravik/ros2_rolling/build/cmake_generate_parameter_module_example' returned '0': AMENT_PREFIX_PATH=/home/ravik/ros2_rolling/install/generate_parameter_library:/home/ravik/ros2_rolling/install/parameter_traits:/home/ravik/ros2_rolling/install/generate_parameter_library_py:${AMENT_PREFIX_PATH} CMAKE_PREFIX_PATH=/home/ravik/ros2_rolling/install/generate_parameter_library:/home/ravik/ros2_rolling/install/parameter_traits:/opt/ros/rolling/opt/gz_math_vendor:/opt/ros/rolling/opt/gz_utils_vendor:/opt/ros/rolling/opt/gz_cmake_vendor:/opt/ros/rolling LD_LIBRARY_PATH=/home/ravik/ros2_rolling/install/parameter_traits/lib:${LD_LIBRARY_PATH} PATH=/home/ravik/ros2_rolling/install/generate_parameter_library_py/bin:${PATH} PS1=\[\e]0;$(parse_ros_workspace)\a\]\[\e[1;32m\]\u\[\[\e[0;37m\]@\[\[\e[0;33m\]\h\[\[\e[1;33m\]${text}\[\[\e[0;37m\]:\[$(set_ros_workspace_color)\]$(parse_ros_workspace)\[\[\e[0;32m\]$(parse_git_bracket)\[$(set_git_color)\]$(get_gitbranch)\[\e[0;32m\]>\[\e[1;35m\]\W\[\[\e[1;35m\]$\[\[\e[0m\]\[\e[m\] PYTHONPATH=/home/ravik/ros2_rolling/build/generate_parameter_library_py:/home/ravik/ros2_rolling/install/generate_parameter_library_py/lib/python3.12/site-packages:${PYTHONPATH} /usr/bin/cmake --build /home/ravik/ros2_rolling/build/cmake_generate_parameter_module_example -- -j32 -l32
[3.875s] Invoking command in '/home/ravik/ros2_rolling/build/cmake_generate_parameter_module_example': AMENT_PREFIX_PATH=/home/ravik/ros2_rolling/install/generate_parameter_library:/home/ravik/ros2_rolling/install/parameter_traits:/home/ravik/ros2_rolling/install/generate_parameter_library_py:${AMENT_PREFIX_PATH} CMAKE_PREFIX_PATH=/home/ravik/ros2_rolling/install/generate_parameter_library:/home/ravik/ros2_rolling/install/parameter_traits:/opt/ros/rolling/opt/gz_math_vendor:/opt/ros/rolling/opt/gz_utils_vendor:/opt/ros/rolling/opt/gz_cmake_vendor:/opt/ros/rolling LD_LIBRARY_PATH=/home/ravik/ros2_rolling/install/parameter_traits/lib:${LD_LIBRARY_PATH} PATH=/home/ravik/ros2_rolling/install/generate_parameter_library_py/bin:${PATH} PS1=\[\e]0;$(parse_ros_workspace)\a\]\[\e[1;32m\]\u\[\[\e[0;37m\]@\[\[\e[0;33m\]\h\[\[\e[1;33m\]${text}\[\[\e[0;37m\]:\[$(set_ros_workspace_color)\]$(parse_ros_workspace)\[\[\e[0;32m\]$(parse_git_bracket)\[$(set_git_color)\]$(get_gitbranch)\[\e[0;32m\]>\[\e[1;35m\]\W\[\[\e[1;35m\]$\[\[\e[0m\]\[\e[m\] PYTHONPATH=/home/ravik/ros2_rolling/build/generate_parameter_library_py:/home/ravik/ros2_rolling/install/generate_parameter_library_py/lib/python3.12/site-packages:${PYTHONPATH} /usr/bin/cmake --install /home/ravik/ros2_rolling/build/cmake_generate_parameter_module_example
[3.884s] -- Install configuration: ""
[3.885s] -- Execute custom install script
[3.885s] -- Symlinking: /home/ravik/ros2_rolling/install/cmake_generate_parameter_module_example/share/cmake_generate_parameter_module_example/environment/pythonpath.sh
[3.896s] -- Symlinking: /home/ravik/ros2_rolling/install/cmake_generate_parameter_module_example/share/cmake_generate_parameter_module_example/environment/pythonpath.dsv
[3.908s] -- Symlinking: /home/ravik/ros2_rolling/install/cmake_generate_parameter_module_example/lib/python3.12/site-packages/cmake_generate_parameter_module_example-0.3.9-py3.12.egg-info/PKG-INFO
[3.919s] -- Symlinking: /home/ravik/ros2_rolling/install/cmake_generate_parameter_module_example/lib/python3.12/site-packages/cmake_generate_parameter_module_example-0.3.9-py3.12.egg-info/SOURCES.txt
[3.930s] -- Symlinking: /home/ravik/ros2_rolling/install/cmake_generate_parameter_module_example/lib/python3.12/site-packages/cmake_generate_parameter_module_example-0.3.9-py3.12.egg-info/dependency_links.txt
[3.940s] -- Symlinking: /home/ravik/ros2_rolling/install/cmake_generate_parameter_module_example/lib/python3.12/site-packages/cmake_generate_parameter_module_example-0.3.9-py3.12.egg-info/top_level.txt
[3.951s] -- Symlinking: /home/ravik/ros2_rolling/install/cmake_generate_parameter_module_example/lib/python3.12/site-packages/cmake_generate_parameter_module_example/__init__.py
[3.962s] -- Symlinking: /home/ravik/ros2_rolling/install/cmake_generate_parameter_module_example/lib/python3.12/site-packages/cmake_generate_parameter_module_example/custom_validation.py
[3.973s] -- Symlinking: /home/ravik/ros2_rolling/install/cmake_generate_parameter_module_example/lib/python3.12/site-packages/cmake_generate_parameter_module_example/minimal_publisher.py
[3.984s] -- Symlinking: /home/ravik/ros2_rolling/install/cmake_generate_parameter_module_example/lib/python3.12/site-packages/cmake_generate_parameter_module_example/parameters.yaml
[3.995s] -- Symlinking: /home/ravik/ros2_rolling/install/cmake_generate_parameter_module_example/share/ament_index/resource_index/package_run_dependencies/cmake_generate_parameter_module_example
[4.006s] -- Symlinking: /home/ravik/ros2_rolling/install/cmake_generate_parameter_module_example/share/ament_index/resource_index/parent_prefix_path/cmake_generate_parameter_module_example
[4.017s] -- Symlinking: /home/ravik/ros2_rolling/install/cmake_generate_parameter_module_example/share/cmake_generate_parameter_module_example/environment/ament_prefix_path.sh
[4.028s] -- Symlinking: /home/ravik/ros2_rolling/install/cmake_generate_parameter_module_example/share/cmake_generate_parameter_module_example/environment/ament_prefix_path.dsv
[4.039s] -- Symlinking: /home/ravik/ros2_rolling/install/cmake_generate_parameter_module_example/share/cmake_generate_parameter_module_example/environment/path.sh
[4.050s] -- Symlinking: /home/ravik/ros2_rolling/install/cmake_generate_parameter_module_example/share/cmake_generate_parameter_module_example/environment/path.dsv
[4.060s] -- Symlinking: /home/ravik/ros2_rolling/install/cmake_generate_parameter_module_example/share/cmake_generate_parameter_module_example/local_setup.bash
[4.071s] -- Symlinking: /home/ravik/ros2_rolling/install/cmake_generate_parameter_module_example/share/cmake_generate_parameter_module_example/local_setup.sh
[4.082s] -- Symlinking: /home/ravik/ros2_rolling/install/cmake_generate_parameter_module_example/share/cmake_generate_parameter_module_example/local_setup.zsh
[4.093s] -- Symlinking: /home/ravik/ros2_rolling/install/cmake_generate_parameter_module_example/share/cmake_generate_parameter_module_example/local_setup.dsv
[4.104s] -- Symlinking: /home/ravik/ros2_rolling/install/cmake_generate_parameter_module_example/share/cmake_generate_parameter_module_example/package.dsv
[4.116s] -- Symlinking: /home/ravik/ros2_rolling/install/cmake_generate_parameter_module_example/share/ament_index/resource_index/packages/cmake_generate_parameter_module_example
[4.127s] -- Symlinking: /home/ravik/ros2_rolling/install/cmake_generate_parameter_module_example/share/cmake_generate_parameter_module_example/cmake/cmake_generate_parameter_module_exampleConfig.cmake
[4.137s] -- Symlinking: /home/ravik/ros2_rolling/install/cmake_generate_parameter_module_example/share/cmake_generate_parameter_module_example/cmake/cmake_generate_parameter_module_exampleConfig-version.cmake
[4.148s] -- Symlinking: /home/ravik/ros2_rolling/install/cmake_generate_parameter_module_example/share/cmake_generate_parameter_module_example/package.xml
[4.225s] Listing '/home/ravik/ros2_rolling/install/cmake_generate_parameter_module_example/lib/python3.12/site-packages/cmake_generate_parameter_module_example'...
[4.225s] Compiling '/home/ravik/ros2_rolling/install/cmake_generate_parameter_module_example/lib/python3.12/site-packages/cmake_generate_parameter_module_example/__init__.py'...
[4.225s] Compiling '/home/ravik/ros2_rolling/install/cmake_generate_parameter_module_example/lib/python3.12/site-packages/cmake_generate_parameter_module_example/admittance_parameters.py'...
[4.225s] Compiling '/home/ravik/ros2_rolling/install/cmake_generate_parameter_module_example/lib/python3.12/site-packages/cmake_generate_parameter_module_example/custom_validation.py'...
[4.225s] Compiling '/home/ravik/ros2_rolling/install/cmake_generate_parameter_module_example/lib/python3.12/site-packages/cmake_generate_parameter_module_example/minimal_publisher.py'...
[4.235s] Invoked command in '/home/ravik/ros2_rolling/build/cmake_generate_parameter_module_example' returned '0': AMENT_PREFIX_PATH=/home/ravik/ros2_rolling/install/generate_parameter_library:/home/ravik/ros2_rolling/install/parameter_traits:/home/ravik/ros2_rolling/install/generate_parameter_library_py:${AMENT_PREFIX_PATH} CMAKE_PREFIX_PATH=/home/ravik/ros2_rolling/install/generate_parameter_library:/home/ravik/ros2_rolling/install/parameter_traits:/opt/ros/rolling/opt/gz_math_vendor:/opt/ros/rolling/opt/gz_utils_vendor:/opt/ros/rolling/opt/gz_cmake_vendor:/opt/ros/rolling LD_LIBRARY_PATH=/home/ravik/ros2_rolling/install/parameter_traits/lib:${LD_LIBRARY_PATH} PATH=/home/ravik/ros2_rolling/install/generate_parameter_library_py/bin:${PATH} PS1=\[\e]0;$(parse_ros_workspace)\a\]\[\e[1;32m\]\u\[\[\e[0;37m\]@\[\[\e[0;33m\]\h\[\[\e[1;33m\]${text}\[\[\e[0;37m\]:\[$(set_ros_workspace_color)\]$(parse_ros_workspace)\[\[\e[0;32m\]$(parse_git_bracket)\[$(set_git_color)\]$(get_gitbranch)\[\e[0;32m\]>\[\e[1;35m\]\W\[\[\e[1;35m\]$\[\[\e[0m\]\[\e[m\] PYTHONPATH=/home/ravik/ros2_rolling/build/generate_parameter_library_py:/home/ravik/ros2_rolling/install/generate_parameter_library_py/lib/python3.12/site-packages:${PYTHONPATH} /usr/bin/cmake --install /home/ravik/ros2_rolling/build/cmake_generate_parameter_module_example
