[0.023s] Invoking command in '/home/ravik/ros2_rolling/build/hardware_interface': AMENT_PREFIX_PATH=/home/ravik/ros2_rolling/install/joint_limits:/home/ravik/ros2_rolling/install/generate_parameter_library:/home/ravik/ros2_rolling/install/ros2_control_test_assets:/home/ravik/ros2_rolling/install/realtime_tools:/home/ravik/ros2_rolling/install/parameter_traits:/home/ravik/ros2_rolling/install/generate_parameter_library_py:/home/ravik/ros2_rolling/install/control_msgs:${AMENT_PREFIX_PATH} CMAKE_PREFIX_PATH=/home/ravik/ros2_rolling/install/joint_limits:/home/ravik/ros2_rolling/install/generate_parameter_library:/home/ravik/ros2_rolling/install/ros2_control_test_assets:/home/ravik/ros2_rolling/install/realtime_tools:/home/ravik/ros2_rolling/install/parameter_traits:/home/ravik/ros2_rolling/install/control_msgs:/opt/ros/rolling/opt/gz_math_vendor:/opt/ros/rolling/opt/gz_utils_vendor:/opt/ros/rolling/opt/gz_cmake_vendor:/opt/ros/rolling LD_LIBRARY_PATH=/home/ravik/ros2_rolling/install/joint_limits/lib:/home/ravik/ros2_rolling/install/ros2_control_test_assets/lib:/home/ravik/ros2_rolling/install/realtime_tools/lib:/home/ravik/ros2_rolling/install/parameter_traits/lib:/home/ravik/ros2_rolling/install/control_msgs/lib:${LD_LIBRARY_PATH} PATH=/home/ravik/ros2_rolling/install/generate_parameter_library_py/bin:${PATH} PS1=\[\e]0;$(parse_ros_workspace)\a\]\[\e[1;32m\]\u\[\[\e[0;37m\]@\[\[\e[0;33m\]\h\[\[\e[1;33m\]${text}\[\[\e[0;37m\]:\[$(set_ros_workspace_color)\]$(parse_ros_workspace)\[\[\e[0;32m\]$(parse_git_bracket)\[$(set_git_color)\]$(get_gitbranch)\[\e[0;32m\]>\[\e[1;35m\]\W\[\[\e[1;35m\]$\[\[\e[0m\]\[\e[m\] PYTHONPATH=/home/ravik/ros2_rolling/build/generate_parameter_library_py:/home/ravik/ros2_rolling/install/generate_parameter_library_py/lib/python3.12/site-packages:/home/ravik/ros2_rolling/install/control_msgs/lib/python3.12/site-packages:${PYTHONPATH} /usr/bin/cmake --build /home/ravik/ros2_rolling/build/hardware_interface -- -j32 -l32
[0.066s] [  2%] Built target ament_generate_version_header__hardware_interface
[0.068s] [  8%] Built target gmock_main
[0.069s] [ 14%] Built target mock_components
[0.071s] [ 22%] Built target gmock
[0.089s] [ 28%] Built target test_macros
[0.094s] [ 48%] Built target hardware_interface
[0.118s] [ 54%] Built target test_component_parser
[0.119s] [ 60%] Built target test_inst_hardwares
[0.119s] [ 65%] Built target test_joint_handle
[0.120s] [ 71%] Built target test_component_interfaces_custom_export
[0.120s] [ 77%] Built target test_component_interfaces
[0.122s] [ 82%] Built target test_generic_system
[0.122s] [100%] Built target test_hardware_components
[0.133s] Invoked command in '/home/ravik/ros2_rolling/build/hardware_interface' returned '0': AMENT_PREFIX_PATH=/home/ravik/ros2_rolling/install/joint_limits:/home/ravik/ros2_rolling/install/generate_parameter_library:/home/ravik/ros2_rolling/install/ros2_control_test_assets:/home/ravik/ros2_rolling/install/realtime_tools:/home/ravik/ros2_rolling/install/parameter_traits:/home/ravik/ros2_rolling/install/generate_parameter_library_py:/home/ravik/ros2_rolling/install/control_msgs:${AMENT_PREFIX_PATH} CMAKE_PREFIX_PATH=/home/ravik/ros2_rolling/install/joint_limits:/home/ravik/ros2_rolling/install/generate_parameter_library:/home/ravik/ros2_rolling/install/ros2_control_test_assets:/home/ravik/ros2_rolling/install/realtime_tools:/home/ravik/ros2_rolling/install/parameter_traits:/home/ravik/ros2_rolling/install/control_msgs:/opt/ros/rolling/opt/gz_math_vendor:/opt/ros/rolling/opt/gz_utils_vendor:/opt/ros/rolling/opt/gz_cmake_vendor:/opt/ros/rolling LD_LIBRARY_PATH=/home/ravik/ros2_rolling/install/joint_limits/lib:/home/ravik/ros2_rolling/install/ros2_control_test_assets/lib:/home/ravik/ros2_rolling/install/realtime_tools/lib:/home/ravik/ros2_rolling/install/parameter_traits/lib:/home/ravik/ros2_rolling/install/control_msgs/lib:${LD_LIBRARY_PATH} PATH=/home/ravik/ros2_rolling/install/generate_parameter_library_py/bin:${PATH} PS1=\[\e]0;$(parse_ros_workspace)\a\]\[\e[1;32m\]\u\[\[\e[0;37m\]@\[\[\e[0;33m\]\h\[\[\e[1;33m\]${text}\[\[\e[0;37m\]:\[$(set_ros_workspace_color)\]$(parse_ros_workspace)\[\[\e[0;32m\]$(parse_git_bracket)\[$(set_git_color)\]$(get_gitbranch)\[\e[0;32m\]>\[\e[1;35m\]\W\[\[\e[1;35m\]$\[\[\e[0m\]\[\e[m\] PYTHONPATH=/home/ravik/ros2_rolling/build/generate_parameter_library_py:/home/ravik/ros2_rolling/install/generate_parameter_library_py/lib/python3.12/site-packages:/home/ravik/ros2_rolling/install/control_msgs/lib/python3.12/site-packages:${PYTHONPATH} /usr/bin/cmake --build /home/ravik/ros2_rolling/build/hardware_interface -- -j32 -l32
[0.202s] Invoking command in '/home/ravik/ros2_rolling/build/hardware_interface': AMENT_PREFIX_PATH=/home/ravik/ros2_rolling/install/joint_limits:/home/ravik/ros2_rolling/install/generate_parameter_library:/home/ravik/ros2_rolling/install/ros2_control_test_assets:/home/ravik/ros2_rolling/install/realtime_tools:/home/ravik/ros2_rolling/install/parameter_traits:/home/ravik/ros2_rolling/install/generate_parameter_library_py:/home/ravik/ros2_rolling/install/control_msgs:${AMENT_PREFIX_PATH} CMAKE_PREFIX_PATH=/home/ravik/ros2_rolling/install/joint_limits:/home/ravik/ros2_rolling/install/generate_parameter_library:/home/ravik/ros2_rolling/install/ros2_control_test_assets:/home/ravik/ros2_rolling/install/realtime_tools:/home/ravik/ros2_rolling/install/parameter_traits:/home/ravik/ros2_rolling/install/control_msgs:/opt/ros/rolling/opt/gz_math_vendor:/opt/ros/rolling/opt/gz_utils_vendor:/opt/ros/rolling/opt/gz_cmake_vendor:/opt/ros/rolling LD_LIBRARY_PATH=/home/ravik/ros2_rolling/install/joint_limits/lib:/home/ravik/ros2_rolling/install/ros2_control_test_assets/lib:/home/ravik/ros2_rolling/install/realtime_tools/lib:/home/ravik/ros2_rolling/install/parameter_traits/lib:/home/ravik/ros2_rolling/install/control_msgs/lib:${LD_LIBRARY_PATH} PATH=/home/ravik/ros2_rolling/install/generate_parameter_library_py/bin:${PATH} PS1=\[\e]0;$(parse_ros_workspace)\a\]\[\e[1;32m\]\u\[\[\e[0;37m\]@\[\[\e[0;33m\]\h\[\[\e[1;33m\]${text}\[\[\e[0;37m\]:\[$(set_ros_workspace_color)\]$(parse_ros_workspace)\[\[\e[0;32m\]$(parse_git_bracket)\[$(set_git_color)\]$(get_gitbranch)\[\e[0;32m\]>\[\e[1;35m\]\W\[\[\e[1;35m\]$\[\[\e[0m\]\[\e[m\] PYTHONPATH=/home/ravik/ros2_rolling/build/generate_parameter_library_py:/home/ravik/ros2_rolling/install/generate_parameter_library_py/lib/python3.12/site-packages:/home/ravik/ros2_rolling/install/control_msgs/lib/python3.12/site-packages:${PYTHONPATH} /usr/bin/cmake --install /home/ravik/ros2_rolling/build/hardware_interface
[0.208s] -- Install configuration: ""
[0.209s] -- Execute custom install script
[0.209s] -- Up-to-date symlink: /home/ravik/ros2_rolling/install/hardware_interface/share/hardware_interface//mock_components_plugin_description.xml
[0.209s] -- Up-to-date symlink: /home/ravik/ros2_rolling/install/hardware_interface/lib/libtest_hardware_components.so
[0.209s] -- Up-to-date symlink: /home/ravik/ros2_rolling/install/hardware_interface/share/hardware_interface/test/test_hardware_components/test_hardware_components.xml
[0.210s] -- Up-to-date symlink: /home/ravik/ros2_rolling/install/hardware_interface/include/hardware_interface/hardware_interface/actuator.hpp
[0.210s] -- Up-to-date symlink: /home/ravik/ros2_rolling/install/hardware_interface/include/hardware_interface/hardware_interface/actuator_interface.hpp
[0.210s] -- Up-to-date symlink: /home/ravik/ros2_rolling/install/hardware_interface/include/hardware_interface/hardware_interface/async_components.hpp
[0.210s] -- Up-to-date symlink: /home/ravik/ros2_rolling/install/hardware_interface/include/hardware_interface/hardware_interface/component_parser.hpp
[0.210s] -- Up-to-date symlink: /home/ravik/ros2_rolling/install/hardware_interface/include/hardware_interface/hardware_interface/controller_info.hpp
[0.210s] -- Up-to-date symlink: /home/ravik/ros2_rolling/install/hardware_interface/include/hardware_interface/hardware_interface/handle.hpp
[0.210s] -- Up-to-date symlink: /home/ravik/ros2_rolling/install/hardware_interface/include/hardware_interface/hardware_interface/hardware_component_info.hpp
[0.211s] -- Up-to-date symlink: /home/ravik/ros2_rolling/install/hardware_interface/include/hardware_interface/hardware_interface/hardware_info.hpp
[0.211s] -- Up-to-date symlink: /home/ravik/ros2_rolling/install/hardware_interface/include/hardware_interface/hardware_interface/lexical_casts.hpp
[0.211s] -- Up-to-date symlink: /home/ravik/ros2_rolling/install/hardware_interface/include/hardware_interface/hardware_interface/lifecycle_helpers.hpp
[0.211s] -- Up-to-date symlink: /home/ravik/ros2_rolling/install/hardware_interface/include/hardware_interface/hardware_interface/loaned_command_interface.hpp
[0.211s] -- Up-to-date symlink: /home/ravik/ros2_rolling/install/hardware_interface/include/hardware_interface/hardware_interface/loaned_state_interface.hpp
[0.211s] -- Up-to-date symlink: /home/ravik/ros2_rolling/install/hardware_interface/include/hardware_interface/hardware_interface/macros.hpp
[0.211s] -- Up-to-date symlink: /home/ravik/ros2_rolling/install/hardware_interface/include/hardware_interface/hardware_interface/resource_manager.hpp
[0.211s] -- Up-to-date symlink: /home/ravik/ros2_rolling/install/hardware_interface/include/hardware_interface/hardware_interface/sensor.hpp
[0.211s] -- Up-to-date symlink: /home/ravik/ros2_rolling/install/hardware_interface/include/hardware_interface/hardware_interface/sensor_interface.hpp
[0.211s] -- Up-to-date symlink: /home/ravik/ros2_rolling/install/hardware_interface/include/hardware_interface/hardware_interface/system.hpp
[0.211s] -- Up-to-date symlink: /home/ravik/ros2_rolling/install/hardware_interface/include/hardware_interface/hardware_interface/system_interface.hpp
[0.212s] -- Up-to-date symlink: /home/ravik/ros2_rolling/install/hardware_interface/include/hardware_interface/hardware_interface/types/hardware_interface_return_values.hpp
[0.212s] -- Up-to-date symlink: /home/ravik/ros2_rolling/install/hardware_interface/include/hardware_interface/hardware_interface/types/hardware_interface_type_values.hpp
[0.212s] -- Up-to-date symlink: /home/ravik/ros2_rolling/install/hardware_interface/include/hardware_interface/hardware_interface/types/lifecycle_state_names.hpp
[0.212s] -- Up-to-date symlink: /home/ravik/ros2_rolling/install/hardware_interface/include/hardware_interface/hardware_interface/visibility_control.h
[0.212s] -- Up-to-date symlink: /home/ravik/ros2_rolling/install/hardware_interface/include/hardware_interface/mock_components/generic_system.hpp
[0.212s] -- Up-to-date symlink: /home/ravik/ros2_rolling/install/hardware_interface/include/hardware_interface/mock_components/visibility_control.h
[0.212s] -- Up-to-date symlink: /home/ravik/ros2_rolling/install/hardware_interface/share/hardware_interface/environment/library_path.sh
[0.212s] -- Up-to-date symlink: /home/ravik/ros2_rolling/install/hardware_interface/share/hardware_interface/environment/library_path.dsv
[0.212s] -- Up-to-date symlink: /home/ravik/ros2_rolling/install/hardware_interface/share/ament_index/resource_index/package_run_dependencies/hardware_interface
[0.212s] -- Up-to-date symlink: /home/ravik/ros2_rolling/install/hardware_interface/share/ament_index/resource_index/parent_prefix_path/hardware_interface
[0.212s] -- Up-to-date symlink: /home/ravik/ros2_rolling/install/hardware_interface/share/hardware_interface/environment/ament_prefix_path.sh
[0.212s] -- Up-to-date symlink: /home/ravik/ros2_rolling/install/hardware_interface/share/hardware_interface/environment/ament_prefix_path.dsv
[0.213s] -- Up-to-date symlink: /home/ravik/ros2_rolling/install/hardware_interface/share/hardware_interface/environment/path.sh
[0.213s] -- Up-to-date symlink: /home/ravik/ros2_rolling/install/hardware_interface/share/hardware_interface/environment/path.dsv
[0.213s] -- Up-to-date symlink: /home/ravik/ros2_rolling/install/hardware_interface/share/hardware_interface/local_setup.bash
[0.213s] -- Up-to-date symlink: /home/ravik/ros2_rolling/install/hardware_interface/share/hardware_interface/local_setup.sh
[0.213s] -- Up-to-date symlink: /home/ravik/ros2_rolling/install/hardware_interface/share/hardware_interface/local_setup.zsh
[0.213s] -- Up-to-date symlink: /home/ravik/ros2_rolling/install/hardware_interface/share/hardware_interface/local_setup.dsv
[0.213s] -- Symlinking: /home/ravik/ros2_rolling/install/hardware_interface/share/hardware_interface/package.dsv
[0.218s] -- Up-to-date symlink: /home/ravik/ros2_rolling/install/hardware_interface/share/ament_index/resource_index/packages/hardware_interface
[0.218s] -- Up-to-date symlink: /home/ravik/ros2_rolling/install/hardware_interface/share/ament_index/resource_index/hardware_interface__pluginlib__plugin/hardware_interface
[0.218s] -- Up-to-date symlink: /home/ravik/ros2_rolling/install/hardware_interface/share/hardware_interface/cmake/ament_cmake_export_targets-extras.cmake
[0.218s] -- Up-to-date symlink: /home/ravik/ros2_rolling/install/hardware_interface/share/hardware_interface/cmake/ament_cmake_export_dependencies-extras.cmake
[0.218s] -- Up-to-date symlink: /home/ravik/ros2_rolling/install/hardware_interface/share/hardware_interface/cmake/hardware_interfaceConfig.cmake
[0.218s] -- Up-to-date symlink: /home/ravik/ros2_rolling/install/hardware_interface/share/hardware_interface/cmake/hardware_interfaceConfig-version.cmake
[0.219s] -- Up-to-date symlink: /home/ravik/ros2_rolling/install/hardware_interface/share/hardware_interface/package.xml
[0.219s] -- Up-to-date symlink: /home/ravik/ros2_rolling/install/hardware_interface/include/hardware_interface/hardware_interface/version.h
[0.219s] -- Up-to-date: /home/ravik/ros2_rolling/install/hardware_interface/lib/libmock_components.so
[0.219s] -- Up-to-date: /home/ravik/ros2_rolling/install/hardware_interface/lib/libhardware_interface.so
[0.219s] -- Up-to-date: /home/ravik/ros2_rolling/install/hardware_interface/share/hardware_interface/cmake/export_hardware_interfaceExport.cmake
[0.219s] -- Up-to-date: /home/ravik/ros2_rolling/install/hardware_interface/share/hardware_interface/cmake/export_hardware_interfaceExport-noconfig.cmake
[0.221s] Invoked command in '/home/ravik/ros2_rolling/build/hardware_interface' returned '0': AMENT_PREFIX_PATH=/home/ravik/ros2_rolling/install/joint_limits:/home/ravik/ros2_rolling/install/generate_parameter_library:/home/ravik/ros2_rolling/install/ros2_control_test_assets:/home/ravik/ros2_rolling/install/realtime_tools:/home/ravik/ros2_rolling/install/parameter_traits:/home/ravik/ros2_rolling/install/generate_parameter_library_py:/home/ravik/ros2_rolling/install/control_msgs:${AMENT_PREFIX_PATH} CMAKE_PREFIX_PATH=/home/ravik/ros2_rolling/install/joint_limits:/home/ravik/ros2_rolling/install/generate_parameter_library:/home/ravik/ros2_rolling/install/ros2_control_test_assets:/home/ravik/ros2_rolling/install/realtime_tools:/home/ravik/ros2_rolling/install/parameter_traits:/home/ravik/ros2_rolling/install/control_msgs:/opt/ros/rolling/opt/gz_math_vendor:/opt/ros/rolling/opt/gz_utils_vendor:/opt/ros/rolling/opt/gz_cmake_vendor:/opt/ros/rolling LD_LIBRARY_PATH=/home/ravik/ros2_rolling/install/joint_limits/lib:/home/ravik/ros2_rolling/install/ros2_control_test_assets/lib:/home/ravik/ros2_rolling/install/realtime_tools/lib:/home/ravik/ros2_rolling/install/parameter_traits/lib:/home/ravik/ros2_rolling/install/control_msgs/lib:${LD_LIBRARY_PATH} PATH=/home/ravik/ros2_rolling/install/generate_parameter_library_py/bin:${PATH} PS1=\[\e]0;$(parse_ros_workspace)\a\]\[\e[1;32m\]\u\[\[\e[0;37m\]@\[\[\e[0;33m\]\h\[\[\e[1;33m\]${text}\[\[\e[0;37m\]:\[$(set_ros_workspace_color)\]$(parse_ros_workspace)\[\[\e[0;32m\]$(parse_git_bracket)\[$(set_git_color)\]$(get_gitbranch)\[\e[0;32m\]>\[\e[1;35m\]\W\[\[\e[1;35m\]$\[\[\e[0m\]\[\e[m\] PYTHONPATH=/home/ravik/ros2_rolling/build/generate_parameter_library_py:/home/ravik/ros2_rolling/install/generate_parameter_library_py/lib/python3.12/site-packages:/home/ravik/ros2_rolling/install/control_msgs/lib/python3.12/site-packages:${PYTHONPATH} /usr/bin/cmake --install /home/ravik/ros2_rolling/build/hardware_interface
