[0.032s] Invoking command in '/home/ravik/ros2_rolling/build/controller_manager': AMENT_PREFIX_PATH=/home/ravik/ros2_rolling/install/hardware_interface_testing:/home/ravik/ros2_rolling/install/controller_interface:/home/ravik/ros2_rolling/install/hardware_interface:/home/ravik/ros2_rolling/install/joint_limits:/home/ravik/ros2_rolling/install/generate_parameter_library:/home/ravik/ros2_rolling/install/ros2_control_test_assets:/home/ravik/ros2_rolling/install/realtime_tools:/home/ravik/ros2_rolling/install/parameter_traits:/home/ravik/ros2_rolling/install/generate_parameter_library_py:/home/ravik/ros2_rolling/install/controller_manager_msgs:/home/ravik/ros2_rolling/install/control_msgs:${AMENT_PREFIX_PATH} CMAKE_PREFIX_PATH=/home/ravik/ros2_rolling/install/hardware_interface_testing:/home/ravik/ros2_rolling/install/controller_interface:/home/ravik/ros2_rolling/install/hardware_interface:/home/ravik/ros2_rolling/install/joint_limits:/home/ravik/ros2_rolling/install/generate_parameter_library:/home/ravik/ros2_rolling/install/ros2_control_test_assets:/home/ravik/ros2_rolling/install/realtime_tools:/home/ravik/ros2_rolling/install/parameter_traits:/home/ravik/ros2_rolling/install/controller_manager_msgs:/home/ravik/ros2_rolling/install/control_msgs:/opt/ros/rolling/opt/gz_math_vendor:/opt/ros/rolling/opt/gz_utils_vendor:/opt/ros/rolling/opt/gz_cmake_vendor:/opt/ros/rolling LD_LIBRARY_PATH=/home/ravik/ros2_rolling/install/hardware_interface_testing/lib:/home/ravik/ros2_rolling/install/controller_interface/lib:/home/ravik/ros2_rolling/install/hardware_interface/lib:/home/ravik/ros2_rolling/install/joint_limits/lib:/home/ravik/ros2_rolling/install/ros2_control_test_assets/lib:/home/ravik/ros2_rolling/install/realtime_tools/lib:/home/ravik/ros2_rolling/install/parameter_traits/lib:/home/ravik/ros2_rolling/install/controller_manager_msgs/lib:/home/ravik/ros2_rolling/install/control_msgs/lib:${LD_LIBRARY_PATH} PATH=/home/ravik/ros2_rolling/install/generate_parameter_library_py/bin:${PATH} PS1=\[\e]0;$(parse_ros_workspace)\a\]\[\e[1;32m\]\u\[\[\e[0;37m\]@\[\[\e[0;33m\]\h\[\[\e[1;33m\]${text}\[\[\e[0;37m\]:\[$(set_ros_workspace_color)\]$(parse_ros_workspace)\[\[\e[0;32m\]$(parse_git_bracket)\[$(set_git_color)\]$(get_gitbranch)\[\e[0;32m\]>\[\e[1;35m\]\W\[\[\e[1;35m\]$\[\[\e[0m\]\[\e[m\] PYTHONPATH=/home/ravik/ros2_rolling/build/generate_parameter_library_py:/home/ravik/ros2_rolling/install/generate_parameter_library_py/lib/python3.12/site-packages:/home/ravik/ros2_rolling/install/controller_manager_msgs/lib/python3.12/site-packages:/home/ravik/ros2_rolling/install/control_msgs/lib/python3.12/site-packages:${PYTHONPATH} /usr/bin/cmake --build /home/ravik/ros2_rolling/build/controller_manager -- -j32 -l32
[0.082s] [  2%] Built target ament_generate_version_header__controller_manager
[0.083s] [  7%] Built target gmock_main
[0.084s] [ 15%] Built target gmock
[0.085s] [ 15%] Built target ament_cmake_python_symlink_controller_manager
[0.090s] [ 15%] Built target ament_cmake_python_symlink_controller_manager_setup
[0.109s] [ 20%] Built target controller_manager
[0.136s] [ 25%] Built target test_controller_with_interfaces
[0.137s] [ 35%] Built target test_controller_failed_init
[0.137s] [ 35%] Built target ros2_control_node
[0.138s] [ 40%] Built target test_controller
[0.138s] [ 45%] Built target test_chainable_controller
[0.140s] [ 50%] Built target test_hardware_spawner
[0.163s] [ 55%] Built target test_controller_manager_with_namespace
[0.165s] [ 60%] Built target test_controller_manager_hardware_error_handling
[0.165s] [ 65%] Built target test_hardware_management_srvs
[0.166s] [ 70%] Built target test_release_interfaces
[0.167s] [ 75%] Built target test_load_controller
[0.168s] [ 80%] Built target test_controller_manager_urdf_passing
[0.168s] [ 85%] Built target test_spawner_unspawner
[0.168s] [ 90%] Built target test_controller_manager_srvs
[0.170s] [ 95%] Built target test_controller_manager
[0.172s] [100%] Built target test_controllers_chaining_with_controller_manager
[0.232s] running egg_info
[0.238s] running install_scripts
[0.242s] writing controller_manager.egg-info/PKG-INFO
[0.242s] writing dependency_links to controller_manager.egg-info/dependency_links.txt
[0.242s] writing entry points to controller_manager.egg-info/entry_points.txt
[0.243s] writing top-level names to controller_manager.egg-info/top_level.txt
[0.259s] /usr/lib/python3/dist-packages/setuptools/_distutils/cmd.py:66: SetuptoolsDeprecationWarning: setup.py install is deprecated.
[0.259s] !!
[0.259s] 
[0.259s]         ********************************************************************************
[0.259s]         Please avoid running ``setup.py`` directly.
[0.259s]         Instead, use pypa/build, pypa/installer or other
[0.259s]         standards-based tools.
[0.259s] 
[0.260s]         See https://blog.ganssle.io/articles/2021/10/setup-py-deprecated.html for details.
[0.260s]         ********************************************************************************
[0.260s] 
[0.260s] !!
[0.260s]   self.initialize_options()
[0.263s] running egg_info
[0.273s] reading manifest file 'controller_manager.egg-info/SOURCES.txt'
[0.274s] writing manifest file 'controller_manager.egg-info/SOURCES.txt'
[0.285s] writing controller_manager.egg-info/PKG-INFO
[0.285s] writing dependency_links to controller_manager.egg-info/dependency_links.txt
[0.285s] writing entry points to controller_manager.egg-info/entry_points.txt
[0.285s] writing top-level names to controller_manager.egg-info/top_level.txt
[0.295s] [100%] Built target ament_cmake_python_build_controller_manager_egg
[0.306s] reading manifest file 'controller_manager.egg-info/SOURCES.txt'
[0.307s] writing manifest file 'controller_manager.egg-info/SOURCES.txt'
[0.370s] Installing hardware_spawner script to scripts
[0.371s] Installing spawner script to scripts
[0.371s] Installing unspawner script to scripts
[0.394s] [100%] Built target ament_cmake_python_build_controller_manager_scripts
[0.405s] Invoked command in '/home/ravik/ros2_rolling/build/controller_manager' returned '0': AMENT_PREFIX_PATH=/home/ravik/ros2_rolling/install/hardware_interface_testing:/home/ravik/ros2_rolling/install/controller_interface:/home/ravik/ros2_rolling/install/hardware_interface:/home/ravik/ros2_rolling/install/joint_limits:/home/ravik/ros2_rolling/install/generate_parameter_library:/home/ravik/ros2_rolling/install/ros2_control_test_assets:/home/ravik/ros2_rolling/install/realtime_tools:/home/ravik/ros2_rolling/install/parameter_traits:/home/ravik/ros2_rolling/install/generate_parameter_library_py:/home/ravik/ros2_rolling/install/controller_manager_msgs:/home/ravik/ros2_rolling/install/control_msgs:${AMENT_PREFIX_PATH} CMAKE_PREFIX_PATH=/home/ravik/ros2_rolling/install/hardware_interface_testing:/home/ravik/ros2_rolling/install/controller_interface:/home/ravik/ros2_rolling/install/hardware_interface:/home/ravik/ros2_rolling/install/joint_limits:/home/ravik/ros2_rolling/install/generate_parameter_library:/home/ravik/ros2_rolling/install/ros2_control_test_assets:/home/ravik/ros2_rolling/install/realtime_tools:/home/ravik/ros2_rolling/install/parameter_traits:/home/ravik/ros2_rolling/install/controller_manager_msgs:/home/ravik/ros2_rolling/install/control_msgs:/opt/ros/rolling/opt/gz_math_vendor:/opt/ros/rolling/opt/gz_utils_vendor:/opt/ros/rolling/opt/gz_cmake_vendor:/opt/ros/rolling LD_LIBRARY_PATH=/home/ravik/ros2_rolling/install/hardware_interface_testing/lib:/home/ravik/ros2_rolling/install/controller_interface/lib:/home/ravik/ros2_rolling/install/hardware_interface/lib:/home/ravik/ros2_rolling/install/joint_limits/lib:/home/ravik/ros2_rolling/install/ros2_control_test_assets/lib:/home/ravik/ros2_rolling/install/realtime_tools/lib:/home/ravik/ros2_rolling/install/parameter_traits/lib:/home/ravik/ros2_rolling/install/controller_manager_msgs/lib:/home/ravik/ros2_rolling/install/control_msgs/lib:${LD_LIBRARY_PATH} PATH=/home/ravik/ros2_rolling/install/generate_parameter_library_py/bin:${PATH} PS1=\[\e]0;$(parse_ros_workspace)\a\]\[\e[1;32m\]\u\[\[\e[0;37m\]@\[\[\e[0;33m\]\h\[\[\e[1;33m\]${text}\[\[\e[0;37m\]:\[$(set_ros_workspace_color)\]$(parse_ros_workspace)\[\[\e[0;32m\]$(parse_git_bracket)\[$(set_git_color)\]$(get_gitbranch)\[\e[0;32m\]>\[\e[1;35m\]\W\[\[\e[1;35m\]$\[\[\e[0m\]\[\e[m\] PYTHONPATH=/home/ravik/ros2_rolling/build/generate_parameter_library_py:/home/ravik/ros2_rolling/install/generate_parameter_library_py/lib/python3.12/site-packages:/home/ravik/ros2_rolling/install/controller_manager_msgs/lib/python3.12/site-packages:/home/ravik/ros2_rolling/install/control_msgs/lib/python3.12/site-packages:${PYTHONPATH} /usr/bin/cmake --build /home/ravik/ros2_rolling/build/controller_manager -- -j32 -l32
[0.478s] Invoking command in '/home/ravik/ros2_rolling/build/controller_manager': AMENT_PREFIX_PATH=/home/ravik/ros2_rolling/install/hardware_interface_testing:/home/ravik/ros2_rolling/install/controller_interface:/home/ravik/ros2_rolling/install/hardware_interface:/home/ravik/ros2_rolling/install/joint_limits:/home/ravik/ros2_rolling/install/generate_parameter_library:/home/ravik/ros2_rolling/install/ros2_control_test_assets:/home/ravik/ros2_rolling/install/realtime_tools:/home/ravik/ros2_rolling/install/parameter_traits:/home/ravik/ros2_rolling/install/generate_parameter_library_py:/home/ravik/ros2_rolling/install/controller_manager_msgs:/home/ravik/ros2_rolling/install/control_msgs:${AMENT_PREFIX_PATH} CMAKE_PREFIX_PATH=/home/ravik/ros2_rolling/install/hardware_interface_testing:/home/ravik/ros2_rolling/install/controller_interface:/home/ravik/ros2_rolling/install/hardware_interface:/home/ravik/ros2_rolling/install/joint_limits:/home/ravik/ros2_rolling/install/generate_parameter_library:/home/ravik/ros2_rolling/install/ros2_control_test_assets:/home/ravik/ros2_rolling/install/realtime_tools:/home/ravik/ros2_rolling/install/parameter_traits:/home/ravik/ros2_rolling/install/controller_manager_msgs:/home/ravik/ros2_rolling/install/control_msgs:/opt/ros/rolling/opt/gz_math_vendor:/opt/ros/rolling/opt/gz_utils_vendor:/opt/ros/rolling/opt/gz_cmake_vendor:/opt/ros/rolling LD_LIBRARY_PATH=/home/ravik/ros2_rolling/install/hardware_interface_testing/lib:/home/ravik/ros2_rolling/install/controller_interface/lib:/home/ravik/ros2_rolling/install/hardware_interface/lib:/home/ravik/ros2_rolling/install/joint_limits/lib:/home/ravik/ros2_rolling/install/ros2_control_test_assets/lib:/home/ravik/ros2_rolling/install/realtime_tools/lib:/home/ravik/ros2_rolling/install/parameter_traits/lib:/home/ravik/ros2_rolling/install/controller_manager_msgs/lib:/home/ravik/ros2_rolling/install/control_msgs/lib:${LD_LIBRARY_PATH} PATH=/home/ravik/ros2_rolling/install/generate_parameter_library_py/bin:${PATH} PS1=\[\e]0;$(parse_ros_workspace)\a\]\[\e[1;32m\]\u\[\[\e[0;37m\]@\[\[\e[0;33m\]\h\[\[\e[1;33m\]${text}\[\[\e[0;37m\]:\[$(set_ros_workspace_color)\]$(parse_ros_workspace)\[\[\e[0;32m\]$(parse_git_bracket)\[$(set_git_color)\]$(get_gitbranch)\[\e[0;32m\]>\[\e[1;35m\]\W\[\[\e[1;35m\]$\[\[\e[0m\]\[\e[m\] PYTHONPATH=/home/ravik/ros2_rolling/build/generate_parameter_library_py:/home/ravik/ros2_rolling/install/generate_parameter_library_py/lib/python3.12/site-packages:/home/ravik/ros2_rolling/install/controller_manager_msgs/lib/python3.12/site-packages:/home/ravik/ros2_rolling/install/control_msgs/lib/python3.12/site-packages:${PYTHONPATH} /usr/bin/cmake --install /home/ravik/ros2_rolling/build/controller_manager
[0.484s] -- Install configuration: ""
[0.484s] -- Execute custom install script
[0.485s] -- Up-to-date symlink: /home/ravik/ros2_rolling/install/controller_manager/share/controller_manager/test/test_controller/test_controller.xml
[0.485s] -- Up-to-date symlink: /home/ravik/ros2_rolling/install/controller_manager/lib/libtest_controller.so
[0.485s] -- Up-to-date symlink: /home/ravik/ros2_rolling/install/controller_manager/share/controller_manager/test/test_controller_failed_init/test_controller_failed_init.xml
[0.485s] -- Up-to-date symlink: /home/ravik/ros2_rolling/install/controller_manager/lib/libtest_controller_failed_init.so
[0.485s] -- Up-to-date symlink: /home/ravik/ros2_rolling/install/controller_manager/share/controller_manager/test/test_chainable_controller/test_chainable_controller.xml
[0.485s] -- Up-to-date symlink: /home/ravik/ros2_rolling/install/controller_manager/lib/libtest_chainable_controller.so
[0.485s] -- Up-to-date symlink: /home/ravik/ros2_rolling/install/controller_manager/share/controller_manager/test/test_controller_with_interfaces/test_controller_with_interfaces.xml
[0.485s] -- Up-to-date symlink: /home/ravik/ros2_rolling/install/controller_manager/lib/libtest_controller_with_interfaces.so
[0.485s] -- Up-to-date symlink: /home/ravik/ros2_rolling/install/controller_manager/test/test_controller_spawner_with_fallback_controllers.yaml
[0.485s] -- Up-to-date symlink: /home/ravik/ros2_rolling/install/controller_manager/test/test_controller_spawner_with_type.yaml
[0.486s] -- Up-to-date symlink: /home/ravik/ros2_rolling/install/controller_manager/test/test_ros2_control_node.yaml
[0.486s] -- Up-to-date symlink: /home/ravik/ros2_rolling/install/controller_manager/include/controller_manager/controller_manager/controller_manager.hpp
[0.486s] -- Up-to-date symlink: /home/ravik/ros2_rolling/install/controller_manager/include/controller_manager/controller_manager/controller_spec.hpp
[0.486s] -- Up-to-date symlink: /home/ravik/ros2_rolling/install/controller_manager/include/controller_manager/controller_manager/visibility_control.h
[0.486s] -- Up-to-date symlink: /home/ravik/ros2_rolling/install/controller_manager/lib/controller_manager/ros2_control_node
[0.486s] -- Up-to-date symlink: /home/ravik/ros2_rolling/install/controller_manager/share/controller_manager/environment/pythonpath.sh
[0.486s] -- Up-to-date symlink: /home/ravik/ros2_rolling/install/controller_manager/share/controller_manager/environment/pythonpath.dsv
[0.486s] -- Up-to-date symlink: /home/ravik/ros2_rolling/install/controller_manager/lib/python3.12/site-packages/controller_manager-4.20.0-py3.12.egg-info/PKG-INFO
[0.486s] -- Up-to-date symlink: /home/ravik/ros2_rolling/install/controller_manager/lib/python3.12/site-packages/controller_manager-4.20.0-py3.12.egg-info/SOURCES.txt
[0.487s] -- Up-to-date symlink: /home/ravik/ros2_rolling/install/controller_manager/lib/python3.12/site-packages/controller_manager-4.20.0-py3.12.egg-info/dependency_links.txt
[0.487s] -- Up-to-date symlink: /home/ravik/ros2_rolling/install/controller_manager/lib/python3.12/site-packages/controller_manager-4.20.0-py3.12.egg-info/entry_points.txt
[0.487s] -- Up-to-date symlink: /home/ravik/ros2_rolling/install/controller_manager/lib/python3.12/site-packages/controller_manager-4.20.0-py3.12.egg-info/top_level.txt
[0.487s] -- Up-to-date symlink: /home/ravik/ros2_rolling/install/controller_manager/lib/controller_manager//hardware_spawner
[0.487s] -- Up-to-date symlink: /home/ravik/ros2_rolling/install/controller_manager/lib/controller_manager//spawner
[0.487s] -- Up-to-date symlink: /home/ravik/ros2_rolling/install/controller_manager/lib/controller_manager//unspawner
[0.487s] -- Up-to-date symlink: /home/ravik/ros2_rolling/install/controller_manager/lib/python3.12/site-packages/controller_manager/__init__.py
[0.487s] -- Up-to-date symlink: /home/ravik/ros2_rolling/install/controller_manager/lib/python3.12/site-packages/controller_manager/controller_manager_services.py
[0.487s] -- Up-to-date symlink: /home/ravik/ros2_rolling/install/controller_manager/lib/python3.12/site-packages/controller_manager/hardware_spawner.py
[0.487s] -- Up-to-date symlink: /home/ravik/ros2_rolling/install/controller_manager/lib/python3.12/site-packages/controller_manager/launch_utils.py
[0.487s] -- Up-to-date symlink: /home/ravik/ros2_rolling/install/controller_manager/lib/python3.12/site-packages/controller_manager/spawner.py
[0.488s] -- Up-to-date symlink: /home/ravik/ros2_rolling/install/controller_manager/lib/python3.12/site-packages/controller_manager/unspawner.py
[0.488s] -- Up-to-date symlink: /home/ravik/ros2_rolling/install/controller_manager/share/controller_manager/environment/library_path.sh
[0.488s] -- Up-to-date symlink: /home/ravik/ros2_rolling/install/controller_manager/share/controller_manager/environment/library_path.dsv
[0.488s] -- Up-to-date symlink: /home/ravik/ros2_rolling/install/controller_manager/share/ament_index/resource_index/package_run_dependencies/controller_manager
[0.488s] -- Up-to-date symlink: /home/ravik/ros2_rolling/install/controller_manager/share/ament_index/resource_index/parent_prefix_path/controller_manager
[0.488s] -- Up-to-date symlink: /home/ravik/ros2_rolling/install/controller_manager/share/controller_manager/environment/ament_prefix_path.sh
[0.488s] -- Up-to-date symlink: /home/ravik/ros2_rolling/install/controller_manager/share/controller_manager/environment/ament_prefix_path.dsv
[0.488s] -- Up-to-date symlink: /home/ravik/ros2_rolling/install/controller_manager/share/controller_manager/environment/path.sh
[0.488s] -- Up-to-date symlink: /home/ravik/ros2_rolling/install/controller_manager/share/controller_manager/environment/path.dsv
[0.488s] -- Up-to-date symlink: /home/ravik/ros2_rolling/install/controller_manager/share/controller_manager/local_setup.bash
[0.488s] -- Up-to-date symlink: /home/ravik/ros2_rolling/install/controller_manager/share/controller_manager/local_setup.sh
[0.488s] -- Up-to-date symlink: /home/ravik/ros2_rolling/install/controller_manager/share/controller_manager/local_setup.zsh
[0.489s] -- Up-to-date symlink: /home/ravik/ros2_rolling/install/controller_manager/share/controller_manager/local_setup.dsv
[0.489s] -- Symlinking: /home/ravik/ros2_rolling/install/controller_manager/share/controller_manager/package.dsv
[0.496s] -- Up-to-date symlink: /home/ravik/ros2_rolling/install/controller_manager/share/ament_index/resource_index/packages/controller_manager
[0.496s] -- Up-to-date symlink: /home/ravik/ros2_rolling/install/controller_manager/share/ament_index/resource_index/controller_interface__pluginlib__plugin/controller_manager
[0.496s] -- Up-to-date symlink: /home/ravik/ros2_rolling/install/controller_manager/share/controller_manager/cmake/ament_cmake_export_targets-extras.cmake
[0.496s] -- Up-to-date symlink: /home/ravik/ros2_rolling/install/controller_manager/share/controller_manager/cmake/ament_cmake_export_dependencies-extras.cmake
[0.496s] -- Up-to-date symlink: /home/ravik/ros2_rolling/install/controller_manager/share/controller_manager/cmake/controller_managerConfig.cmake
[0.496s] -- Up-to-date symlink: /home/ravik/ros2_rolling/install/controller_manager/share/controller_manager/cmake/controller_managerConfig-version.cmake
[0.496s] -- Up-to-date symlink: /home/ravik/ros2_rolling/install/controller_manager/share/controller_manager/package.xml
[0.496s] -- Up-to-date symlink: /home/ravik/ros2_rolling/install/controller_manager/include/controller_manager/controller_manager/version.h
[0.497s] -- Up-to-date: /home/ravik/ros2_rolling/install/controller_manager/lib/libcontroller_manager.so
[0.523s] Listing '/home/ravik/ros2_rolling/install/controller_manager/lib/python3.12/site-packages/controller_manager'...
[0.527s] -- Up-to-date: /home/ravik/ros2_rolling/install/controller_manager/share/controller_manager/cmake/export_controller_managerExport.cmake
[0.527s] -- Up-to-date: /home/ravik/ros2_rolling/install/controller_manager/share/controller_manager/cmake/export_controller_managerExport-noconfig.cmake
[0.528s] Invoked command in '/home/ravik/ros2_rolling/build/controller_manager' returned '0': AMENT_PREFIX_PATH=/home/ravik/ros2_rolling/install/hardware_interface_testing:/home/ravik/ros2_rolling/install/controller_interface:/home/ravik/ros2_rolling/install/hardware_interface:/home/ravik/ros2_rolling/install/joint_limits:/home/ravik/ros2_rolling/install/generate_parameter_library:/home/ravik/ros2_rolling/install/ros2_control_test_assets:/home/ravik/ros2_rolling/install/realtime_tools:/home/ravik/ros2_rolling/install/parameter_traits:/home/ravik/ros2_rolling/install/generate_parameter_library_py:/home/ravik/ros2_rolling/install/controller_manager_msgs:/home/ravik/ros2_rolling/install/control_msgs:${AMENT_PREFIX_PATH} CMAKE_PREFIX_PATH=/home/ravik/ros2_rolling/install/hardware_interface_testing:/home/ravik/ros2_rolling/install/controller_interface:/home/ravik/ros2_rolling/install/hardware_interface:/home/ravik/ros2_rolling/install/joint_limits:/home/ravik/ros2_rolling/install/generate_parameter_library:/home/ravik/ros2_rolling/install/ros2_control_test_assets:/home/ravik/ros2_rolling/install/realtime_tools:/home/ravik/ros2_rolling/install/parameter_traits:/home/ravik/ros2_rolling/install/controller_manager_msgs:/home/ravik/ros2_rolling/install/control_msgs:/opt/ros/rolling/opt/gz_math_vendor:/opt/ros/rolling/opt/gz_utils_vendor:/opt/ros/rolling/opt/gz_cmake_vendor:/opt/ros/rolling LD_LIBRARY_PATH=/home/ravik/ros2_rolling/install/hardware_interface_testing/lib:/home/ravik/ros2_rolling/install/controller_interface/lib:/home/ravik/ros2_rolling/install/hardware_interface/lib:/home/ravik/ros2_rolling/install/joint_limits/lib:/home/ravik/ros2_rolling/install/ros2_control_test_assets/lib:/home/ravik/ros2_rolling/install/realtime_tools/lib:/home/ravik/ros2_rolling/install/parameter_traits/lib:/home/ravik/ros2_rolling/install/controller_manager_msgs/lib:/home/ravik/ros2_rolling/install/control_msgs/lib:${LD_LIBRARY_PATH} PATH=/home/ravik/ros2_rolling/install/generate_parameter_library_py/bin:${PATH} PS1=\[\e]0;$(parse_ros_workspace)\a\]\[\e[1;32m\]\u\[\[\e[0;37m\]@\[\[\e[0;33m\]\h\[\[\e[1;33m\]${text}\[\[\e[0;37m\]:\[$(set_ros_workspace_color)\]$(parse_ros_workspace)\[\[\e[0;32m\]$(parse_git_bracket)\[$(set_git_color)\]$(get_gitbranch)\[\e[0;32m\]>\[\e[1;35m\]\W\[\[\e[1;35m\]$\[\[\e[0m\]\[\e[m\] PYTHONPATH=/home/ravik/ros2_rolling/build/generate_parameter_library_py:/home/ravik/ros2_rolling/install/generate_parameter_library_py/lib/python3.12/site-packages:/home/ravik/ros2_rolling/install/controller_manager_msgs/lib/python3.12/site-packages:/home/ravik/ros2_rolling/install/control_msgs/lib/python3.12/site-packages:${PYTHONPATH} /usr/bin/cmake --install /home/ravik/ros2_rolling/build/controller_manager
