Running /home/ravik/ros2_rolling/build/generate_parameter_library_py/generate_parameter_library_py/generate_python_module.py /home/ravik/ros2_rolling/build/generate_parameter_module_example/generate_parameter_module_example/admittance_parameters.py generate_parameter_module_example/parameters.yaml generate_parameter_module_example.custom_validation
Running /home/ravik/ros2_rolling/build/generate_parameter_library_py/generate_parameter_library_py/generate_python_module.py /home/ravik/ros2_rolling/install/generate_parameter_module_example/lib/python3.12/site-packages/generate_parameter_module_example/admittance_parameters.py generate_parameter_module_example/parameters.yaml generate_parameter_module_example.custom_validation
running develop
/usr/lib/python3/dist-packages/setuptools/command/develop.py:40: EasyInstallDeprecationWarning: easy_install command is deprecated.
!!

        ********************************************************************************
        Please avoid running ``setup.py`` and ``easy_install``.
        Instead, use pypa/build, pypa/installer or other
        standards-based tools.

        See https://github.com/pypa/setuptools/issues/917 for details.
        ********************************************************************************

!!
  easy_install.initialize_options(self)
running egg_info
writing generate_parameter_module_example.egg-info/PKG-INFO
writing dependency_links to generate_parameter_module_example.egg-info/dependency_links.txt
writing entry points to generate_parameter_module_example.egg-info/entry_points.txt
writing requirements to generate_parameter_module_example.egg-info/requires.txt
writing top-level names to generate_parameter_module_example.egg-info/top_level.txt
reading manifest file 'generate_parameter_module_example.egg-info/SOURCES.txt'
writing manifest file 'generate_parameter_module_example.egg-info/SOURCES.txt'
running build_ext
Creating /home/ravik/ros2_rolling/install/generate_parameter_module_example/lib/python3.12/site-packages/generate-parameter-module-example.egg-link (link to .)
Installing test_node script to /home/ravik/ros2_rolling/install/generate_parameter_module_example/lib/generate_parameter_module_example

Installed /home/ravik/ros2_rolling/build/generate_parameter_module_example
running symlink_data
