[0.044s] Invoking command in '/home/ravik/ros2_rolling/build/ackermann_steering_controller': AMENT_PREFIX_PATH=/home/ravik/ros2_rolling/install/steering_controllers_library:/home/ravik/ros2_rolling/install/controller_manager:/home/ravik/ros2_rolling/install/hardware_interface_testing:/home/ravik/ros2_rolling/install/controller_interface:/home/ravik/ros2_rolling/install/hardware_interface:/home/ravik/ros2_rolling/install/joint_limits:/home/ravik/ros2_rolling/install/generate_parameter_library:/home/ravik/ros2_rolling/install/ros2_control_test_assets:/home/ravik/ros2_rolling/install/realtime_tools:/home/ravik/ros2_rolling/install/parameter_traits:/home/ravik/ros2_rolling/install/generate_parameter_library_py:/home/ravik/ros2_rolling/install/controller_manager_msgs:/home/ravik/ros2_rolling/install/control_msgs:${AMENT_PREFIX_PATH} CMAKE_PREFIX_PATH=/home/ravik/ros2_rolling/install/steering_controllers_library:/home/ravik/ros2_rolling/install/controller_manager:/home/ravik/ros2_rolling/install/hardware_interface_testing:/home/ravik/ros2_rolling/install/controller_interface:/home/ravik/ros2_rolling/install/hardware_interface:/home/ravik/ros2_rolling/install/joint_limits:/home/ravik/ros2_rolling/install/generate_parameter_library:/home/ravik/ros2_rolling/install/ros2_control_test_assets:/home/ravik/ros2_rolling/install/realtime_tools:/home/ravik/ros2_rolling/install/parameter_traits:/home/ravik/ros2_rolling/install/controller_manager_msgs:/home/ravik/ros2_rolling/install/control_msgs:/opt/ros/rolling/opt/gz_math_vendor:/opt/ros/rolling/opt/gz_utils_vendor:/opt/ros/rolling/opt/gz_cmake_vendor:/opt/ros/rolling LD_LIBRARY_PATH=/home/ravik/ros2_rolling/install/steering_controllers_library/lib:/home/ravik/ros2_rolling/install/controller_manager/lib:/home/ravik/ros2_rolling/install/hardware_interface_testing/lib:/home/ravik/ros2_rolling/install/controller_interface/lib:/home/ravik/ros2_rolling/install/hardware_interface/lib:/home/ravik/ros2_rolling/install/joint_limits/lib:/home/ravik/ros2_rolling/install/ros2_control_test_assets/lib:/home/ravik/ros2_rolling/install/realtime_tools/lib:/home/ravik/ros2_rolling/install/parameter_traits/lib:/home/ravik/ros2_rolling/install/controller_manager_msgs/lib:/home/ravik/ros2_rolling/install/control_msgs/lib:${LD_LIBRARY_PATH} PATH=/home/ravik/ros2_rolling/install/generate_parameter_library_py/bin:${PATH} PS1=\[\e]0;$(parse_ros_workspace)\a\]\[\e[1;32m\]\u\[\[\e[0;37m\]@\[\[\e[0;33m\]\h\[\[\e[1;33m\]${text}\[\[\e[0;37m\]:\[$(set_ros_workspace_color)\]$(parse_ros_workspace)\[\[\e[0;32m\]$(parse_git_bracket)\[$(set_git_color)\]$(get_gitbranch)\[\e[0;32m\]>\[\e[1;35m\]\W\[\[\e[1;35m\]$\[\[\e[0m\]\[\e[m\] PYTHONPATH=/home/ravik/ros2_rolling/install/controller_manager/lib/python3.12/site-packages:/home/ravik/ros2_rolling/build/generate_parameter_library_py:/home/ravik/ros2_rolling/install/generate_parameter_library_py/lib/python3.12/site-packages:/home/ravik/ros2_rolling/install/controller_manager_msgs/lib/python3.12/site-packages:/home/ravik/ros2_rolling/install/control_msgs/lib/python3.12/site-packages:${PYTHONPATH} /usr/bin/cmake /home/ravik/ros2_rolling/src/ros2_controllers/ackermann_steering_controller -DCMAKE_EXPORT_COMPILE_COMMANDS=ON -DAMENT_CMAKE_SYMLINK_INSTALL=1 -DCMAKE_INSTALL_PREFIX=/home/ravik/ros2_rolling/install/ackermann_steering_controller
[0.127s] -- The CXX compiler identification is GNU 13.2.0
[0.150s] -- Detecting CXX compiler ABI info
[0.282s] -- Detecting CXX compiler ABI info - done
[0.297s] -- Check for working CXX compiler: /usr/bin/c++ - skipped
[0.297s] -- Detecting CXX compile features
[0.298s] -- Detecting CXX compile features - done
[0.304s] -- Found ament_cmake: 2.7.0 (/opt/ros/rolling/share/ament_cmake/cmake)
[0.514s] -- Found Python3: /usr/bin/python3 (found version "3.12.3") found components: Interpreter 
[0.621s] -- Override CMake install command with custom implementation using symlinks instead of copying resources
[0.699s] -- Found controller_interface: 4.20.0 (/home/ravik/ros2_rolling/install/controller_interface/share/controller_interface/cmake)
[0.788s] -- Found rosidl_generator_c: 4.8.1 (/opt/ros/rolling/share/rosidl_generator_c/cmake)
[0.819s] -- Found rosidl_generator_cpp: 4.8.1 (/opt/ros/rolling/share/rosidl_generator_cpp/cmake)
[0.852s] -- Using all available rosidl_typesupport_c: rosidl_typesupport_fastrtps_c;rosidl_typesupport_introspection_c
[0.889s] -- Using all available rosidl_typesupport_cpp: rosidl_typesupport_fastrtps_cpp;rosidl_typesupport_introspection_cpp
[1.296s] -- Found TinyXML2 via Config file: /usr/lib/x86_64-linux-gnu/cmake/tinyxml2
[1.384s] -- Found rmw_implementation_cmake: 7.4.3 (/opt/ros/rolling/share/rmw_implementation_cmake/cmake)
[1.391s] -- Found rmw_fastrtps_cpp: 9.0.1 (/opt/ros/rolling/share/rmw_fastrtps_cpp/cmake)
[1.435s] -- Found TinyXML2 via Config file: /usr/lib/x86_64-linux-gnu/cmake/tinyxml2
[1.502s] -- Found OpenSSL: /usr/lib/x86_64-linux-gnu/libcrypto.so (found version "3.0.13")  
[1.506s] -- Found TinyXML2 via Config file: /usr/lib/x86_64-linux-gnu/cmake/tinyxml2
[1.526s] -- Found FastRTPS: /opt/ros/rolling/include (Required is at least version "2.13") 
[1.531s] -- Found TinyXML2 via Config file: /usr/lib/x86_64-linux-gnu/cmake/tinyxml2
[1.543s] -- Found TinyXML2 via Config file: /usr/lib/x86_64-linux-gnu/cmake/tinyxml2
[1.558s] -- Using RMW implementation 'rmw_fastrtps_cpp' as default
[1.857s] -- Found generate_parameter_library: 0.3.9 (/home/ravik/ros2_rolling/install/generate_parameter_library/share/generate_parameter_library/cmake)
[1.862s] -- Found parameter_traits: 0.3.9 (/home/ravik/ros2_rolling/install/parameter_traits/share/parameter_traits/cmake)
[1.896s] -- Found std_srvs: 5.4.1 (/opt/ros/rolling/share/std_srvs/cmake)
[1.925s] -- Found steering_controllers_library: 4.16.0 (/home/ravik/ros2_rolling/install/steering_controllers_library/share/steering_controllers_library/cmake)
[2.074s] -- Found eigen3_cmake_module: 0.4.0 (/opt/ros/rolling/share/eigen3_cmake_module/cmake)
[2.076s] -- Found Eigen3: TRUE (found version "3.4.0") 
[2.076s] -- Ensuring Eigen3 include directory is part of orocos-kdl CMake target
[2.159s] -- Found ament_cmake_gmock: 2.7.0 (/opt/ros/rolling/share/ament_cmake_gmock/cmake)
[2.160s] -- Found controller_manager: 4.20.0 (/home/ravik/ros2_rolling/install/controller_manager/share/controller_manager/cmake)
[2.234s] -- Found ros2_control_test_assets: 4.20.0 (/home/ravik/ros2_rolling/install/ros2_control_test_assets/share/ros2_control_test_assets/cmake)
[2.238s] -- Found gmock sources under '/opt/ros/rolling/src/gmock_vendor': C++ tests using 'Google Mock' will be built
[2.287s] -- The C compiler identification is GNU 13.2.0
[2.301s] -- Detecting C compiler ABI info
[2.400s] -- Detecting C compiler ABI info - done
[2.412s] -- Check for working C compiler: /usr/bin/cc - skipped
[2.412s] -- Detecting C compile features
[2.412s] -- Detecting C compile features - done
[2.418s] -- Found ament_cmake_gtest: 2.7.0 (/opt/ros/rolling/share/ament_cmake_gtest/cmake)
[2.419s] -- Found gtest sources under '/opt/ros/rolling/src/gtest_vendor': C++ tests using 'Google Test' will be built
[2.543s] -- Configuring done (2.5s)
[2.605s] -- Generating done (0.0s)
[2.608s] -- Build files have been written to: /home/ravik/ros2_rolling/build/ackermann_steering_controller
[2.620s] Invoked command in '/home/ravik/ros2_rolling/build/ackermann_steering_controller' returned '0': AMENT_PREFIX_PATH=/home/ravik/ros2_rolling/install/steering_controllers_library:/home/ravik/ros2_rolling/install/controller_manager:/home/ravik/ros2_rolling/install/hardware_interface_testing:/home/ravik/ros2_rolling/install/controller_interface:/home/ravik/ros2_rolling/install/hardware_interface:/home/ravik/ros2_rolling/install/joint_limits:/home/ravik/ros2_rolling/install/generate_parameter_library:/home/ravik/ros2_rolling/install/ros2_control_test_assets:/home/ravik/ros2_rolling/install/realtime_tools:/home/ravik/ros2_rolling/install/parameter_traits:/home/ravik/ros2_rolling/install/generate_parameter_library_py:/home/ravik/ros2_rolling/install/controller_manager_msgs:/home/ravik/ros2_rolling/install/control_msgs:${AMENT_PREFIX_PATH} CMAKE_PREFIX_PATH=/home/ravik/ros2_rolling/install/steering_controllers_library:/home/ravik/ros2_rolling/install/controller_manager:/home/ravik/ros2_rolling/install/hardware_interface_testing:/home/ravik/ros2_rolling/install/controller_interface:/home/ravik/ros2_rolling/install/hardware_interface:/home/ravik/ros2_rolling/install/joint_limits:/home/ravik/ros2_rolling/install/generate_parameter_library:/home/ravik/ros2_rolling/install/ros2_control_test_assets:/home/ravik/ros2_rolling/install/realtime_tools:/home/ravik/ros2_rolling/install/parameter_traits:/home/ravik/ros2_rolling/install/controller_manager_msgs:/home/ravik/ros2_rolling/install/control_msgs:/opt/ros/rolling/opt/gz_math_vendor:/opt/ros/rolling/opt/gz_utils_vendor:/opt/ros/rolling/opt/gz_cmake_vendor:/opt/ros/rolling LD_LIBRARY_PATH=/home/ravik/ros2_rolling/install/steering_controllers_library/lib:/home/ravik/ros2_rolling/install/controller_manager/lib:/home/ravik/ros2_rolling/install/hardware_interface_testing/lib:/home/ravik/ros2_rolling/install/controller_interface/lib:/home/ravik/ros2_rolling/install/hardware_interface/lib:/home/ravik/ros2_rolling/install/joint_limits/lib:/home/ravik/ros2_rolling/install/ros2_control_test_assets/lib:/home/ravik/ros2_rolling/install/realtime_tools/lib:/home/ravik/ros2_rolling/install/parameter_traits/lib:/home/ravik/ros2_rolling/install/controller_manager_msgs/lib:/home/ravik/ros2_rolling/install/control_msgs/lib:${LD_LIBRARY_PATH} PATH=/home/ravik/ros2_rolling/install/generate_parameter_library_py/bin:${PATH} PS1=\[\e]0;$(parse_ros_workspace)\a\]\[\e[1;32m\]\u\[\[\e[0;37m\]@\[\[\e[0;33m\]\h\[\[\e[1;33m\]${text}\[\[\e[0;37m\]:\[$(set_ros_workspace_color)\]$(parse_ros_workspace)\[\[\e[0;32m\]$(parse_git_bracket)\[$(set_git_color)\]$(get_gitbranch)\[\e[0;32m\]>\[\e[1;35m\]\W\[\[\e[1;35m\]$\[\[\e[0m\]\[\e[m\] PYTHONPATH=/home/ravik/ros2_rolling/install/controller_manager/lib/python3.12/site-packages:/home/ravik/ros2_rolling/build/generate_parameter_library_py:/home/ravik/ros2_rolling/install/generate_parameter_library_py/lib/python3.12/site-packages:/home/ravik/ros2_rolling/install/controller_manager_msgs/lib/python3.12/site-packages:/home/ravik/ros2_rolling/install/control_msgs/lib/python3.12/site-packages:${PYTHONPATH} /usr/bin/cmake /home/ravik/ros2_rolling/src/ros2_controllers/ackermann_steering_controller -DCMAKE_EXPORT_COMPILE_COMMANDS=ON -DAMENT_CMAKE_SYMLINK_INSTALL=1 -DCMAKE_INSTALL_PREFIX=/home/ravik/ros2_rolling/install/ackermann_steering_controller
[2.622s] Invoking command in '/home/ravik/ros2_rolling/build/ackermann_steering_controller': AMENT_PREFIX_PATH=/home/ravik/ros2_rolling/install/steering_controllers_library:/home/ravik/ros2_rolling/install/controller_manager:/home/ravik/ros2_rolling/install/hardware_interface_testing:/home/ravik/ros2_rolling/install/controller_interface:/home/ravik/ros2_rolling/install/hardware_interface:/home/ravik/ros2_rolling/install/joint_limits:/home/ravik/ros2_rolling/install/generate_parameter_library:/home/ravik/ros2_rolling/install/ros2_control_test_assets:/home/ravik/ros2_rolling/install/realtime_tools:/home/ravik/ros2_rolling/install/parameter_traits:/home/ravik/ros2_rolling/install/generate_parameter_library_py:/home/ravik/ros2_rolling/install/controller_manager_msgs:/home/ravik/ros2_rolling/install/control_msgs:${AMENT_PREFIX_PATH} CMAKE_PREFIX_PATH=/home/ravik/ros2_rolling/install/steering_controllers_library:/home/ravik/ros2_rolling/install/controller_manager:/home/ravik/ros2_rolling/install/hardware_interface_testing:/home/ravik/ros2_rolling/install/controller_interface:/home/ravik/ros2_rolling/install/hardware_interface:/home/ravik/ros2_rolling/install/joint_limits:/home/ravik/ros2_rolling/install/generate_parameter_library:/home/ravik/ros2_rolling/install/ros2_control_test_assets:/home/ravik/ros2_rolling/install/realtime_tools:/home/ravik/ros2_rolling/install/parameter_traits:/home/ravik/ros2_rolling/install/controller_manager_msgs:/home/ravik/ros2_rolling/install/control_msgs:/opt/ros/rolling/opt/gz_math_vendor:/opt/ros/rolling/opt/gz_utils_vendor:/opt/ros/rolling/opt/gz_cmake_vendor:/opt/ros/rolling LD_LIBRARY_PATH=/home/ravik/ros2_rolling/install/steering_controllers_library/lib:/home/ravik/ros2_rolling/install/controller_manager/lib:/home/ravik/ros2_rolling/install/hardware_interface_testing/lib:/home/ravik/ros2_rolling/install/controller_interface/lib:/home/ravik/ros2_rolling/install/hardware_interface/lib:/home/ravik/ros2_rolling/install/joint_limits/lib:/home/ravik/ros2_rolling/install/ros2_control_test_assets/lib:/home/ravik/ros2_rolling/install/realtime_tools/lib:/home/ravik/ros2_rolling/install/parameter_traits/lib:/home/ravik/ros2_rolling/install/controller_manager_msgs/lib:/home/ravik/ros2_rolling/install/control_msgs/lib:${LD_LIBRARY_PATH} PATH=/home/ravik/ros2_rolling/install/generate_parameter_library_py/bin:${PATH} PS1=\[\e]0;$(parse_ros_workspace)\a\]\[\e[1;32m\]\u\[\[\e[0;37m\]@\[\[\e[0;33m\]\h\[\[\e[1;33m\]${text}\[\[\e[0;37m\]:\[$(set_ros_workspace_color)\]$(parse_ros_workspace)\[\[\e[0;32m\]$(parse_git_bracket)\[$(set_git_color)\]$(get_gitbranch)\[\e[0;32m\]>\[\e[1;35m\]\W\[\[\e[1;35m\]$\[\[\e[0m\]\[\e[m\] PYTHONPATH=/home/ravik/ros2_rolling/install/controller_manager/lib/python3.12/site-packages:/home/ravik/ros2_rolling/build/generate_parameter_library_py:/home/ravik/ros2_rolling/install/generate_parameter_library_py/lib/python3.12/site-packages:/home/ravik/ros2_rolling/install/controller_manager_msgs/lib/python3.12/site-packages:/home/ravik/ros2_rolling/install/control_msgs/lib/python3.12/site-packages:${PYTHONPATH} /usr/bin/cmake --build /home/ravik/ros2_rolling/build/ackermann_steering_controller -- -j32 -l32
[2.691s] [  7%] [34m[1mRunning `/home/ravik/ros2_rolling/install/generate_parameter_library_py/bin/generate_parameter_library_cpp /home/ravik/ros2_rolling/build/ackermann_steering_controller/ackermann_steering_controller_parameters/include//ackermann_steering_controller_parameters.hpp /home/ravik/ros2_rolling/src/ros2_controllers/ackermann_steering_controller/src/ackermann_steering_controller.yaml `[0m
[2.691s] [ 14%] [32mBuilding CXX object gmock/CMakeFiles/gmock_main.dir/src/gmock_main.cc.o[0m
[2.694s] [ 21%] [32mBuilding CXX object gmock/CMakeFiles/gmock.dir/opt/ros/rolling/src/gtest_vendor/src/gtest-all.cc.o[0m
[2.694s] [ 28%] [32mBuilding CXX object gmock/CMakeFiles/gmock.dir/src/gmock-all.cc.o[0m
[3.496s] [ 28%] Built target ackermann_steering_controller_parameters
[3.527s] [ 35%] [32mBuilding CXX object CMakeFiles/ackermann_steering_controller.dir/src/ackermann_steering_controller.cpp.o[0m
[3.740s] [ 42%] [32m[1mLinking CXX static library libgmock_main.a[0m
[3.796s] [ 42%] Built target gmock_main
[6.469s] [ 50%] [32m[1mLinking CXX static library libgmock.a[0m
[6.534s] [ 50%] Built target gmock
[6.556s] [ 57%] [32mBuilding CXX object CMakeFiles/test_load_ackermann_steering_controller.dir/test/test_load_ackermann_steering_controller.cpp.o[0m
[7.006s] [ 64%] [32m[1mLinking CXX shared library libackermann_steering_controller.so[0m
[7.356s] [ 64%] Built target ackermann_steering_controller
[7.384s] [ 71%] [32mBuilding CXX object CMakeFiles/test_ackermann_steering_controller.dir/test/test_ackermann_steering_controller.cpp.o[0m
[7.384s] [ 78%] [32mBuilding CXX object CMakeFiles/test_ackermann_steering_controller_preceeding.dir/test/test_ackermann_steering_controller_preceeding.cpp.o[0m
[12.674s] [ 85%] [32m[1mLinking CXX executable test_load_ackermann_steering_controller[0m
[13.549s] [ 85%] Built target test_load_ackermann_steering_controller
[13.586s] [ 92%] [32m[1mLinking CXX executable test_ackermann_steering_controller_preceeding[0m
[14.243s] [ 92%] Built target test_ackermann_steering_controller_preceeding
[18.400s] [100%] [32m[1mLinking CXX executable test_ackermann_steering_controller[0m
[19.199s] [100%] Built target test_ackermann_steering_controller
[19.216s] Invoked command in '/home/ravik/ros2_rolling/build/ackermann_steering_controller' returned '0': AMENT_PREFIX_PATH=/home/ravik/ros2_rolling/install/steering_controllers_library:/home/ravik/ros2_rolling/install/controller_manager:/home/ravik/ros2_rolling/install/hardware_interface_testing:/home/ravik/ros2_rolling/install/controller_interface:/home/ravik/ros2_rolling/install/hardware_interface:/home/ravik/ros2_rolling/install/joint_limits:/home/ravik/ros2_rolling/install/generate_parameter_library:/home/ravik/ros2_rolling/install/ros2_control_test_assets:/home/ravik/ros2_rolling/install/realtime_tools:/home/ravik/ros2_rolling/install/parameter_traits:/home/ravik/ros2_rolling/install/generate_parameter_library_py:/home/ravik/ros2_rolling/install/controller_manager_msgs:/home/ravik/ros2_rolling/install/control_msgs:${AMENT_PREFIX_PATH} CMAKE_PREFIX_PATH=/home/ravik/ros2_rolling/install/steering_controllers_library:/home/ravik/ros2_rolling/install/controller_manager:/home/ravik/ros2_rolling/install/hardware_interface_testing:/home/ravik/ros2_rolling/install/controller_interface:/home/ravik/ros2_rolling/install/hardware_interface:/home/ravik/ros2_rolling/install/joint_limits:/home/ravik/ros2_rolling/install/generate_parameter_library:/home/ravik/ros2_rolling/install/ros2_control_test_assets:/home/ravik/ros2_rolling/install/realtime_tools:/home/ravik/ros2_rolling/install/parameter_traits:/home/ravik/ros2_rolling/install/controller_manager_msgs:/home/ravik/ros2_rolling/install/control_msgs:/opt/ros/rolling/opt/gz_math_vendor:/opt/ros/rolling/opt/gz_utils_vendor:/opt/ros/rolling/opt/gz_cmake_vendor:/opt/ros/rolling LD_LIBRARY_PATH=/home/ravik/ros2_rolling/install/steering_controllers_library/lib:/home/ravik/ros2_rolling/install/controller_manager/lib:/home/ravik/ros2_rolling/install/hardware_interface_testing/lib:/home/ravik/ros2_rolling/install/controller_interface/lib:/home/ravik/ros2_rolling/install/hardware_interface/lib:/home/ravik/ros2_rolling/install/joint_limits/lib:/home/ravik/ros2_rolling/install/ros2_control_test_assets/lib:/home/ravik/ros2_rolling/install/realtime_tools/lib:/home/ravik/ros2_rolling/install/parameter_traits/lib:/home/ravik/ros2_rolling/install/controller_manager_msgs/lib:/home/ravik/ros2_rolling/install/control_msgs/lib:${LD_LIBRARY_PATH} PATH=/home/ravik/ros2_rolling/install/generate_parameter_library_py/bin:${PATH} PS1=\[\e]0;$(parse_ros_workspace)\a\]\[\e[1;32m\]\u\[\[\e[0;37m\]@\[\[\e[0;33m\]\h\[\[\e[1;33m\]${text}\[\[\e[0;37m\]:\[$(set_ros_workspace_color)\]$(parse_ros_workspace)\[\[\e[0;32m\]$(parse_git_bracket)\[$(set_git_color)\]$(get_gitbranch)\[\e[0;32m\]>\[\e[1;35m\]\W\[\[\e[1;35m\]$\[\[\e[0m\]\[\e[m\] PYTHONPATH=/home/ravik/ros2_rolling/install/controller_manager/lib/python3.12/site-packages:/home/ravik/ros2_rolling/build/generate_parameter_library_py:/home/ravik/ros2_rolling/install/generate_parameter_library_py/lib/python3.12/site-packages:/home/ravik/ros2_rolling/install/controller_manager_msgs/lib/python3.12/site-packages:/home/ravik/ros2_rolling/install/control_msgs/lib/python3.12/site-packages:${PYTHONPATH} /usr/bin/cmake --build /home/ravik/ros2_rolling/build/ackermann_steering_controller -- -j32 -l32
[19.265s] Invoking command in '/home/ravik/ros2_rolling/build/ackermann_steering_controller': AMENT_PREFIX_PATH=/home/ravik/ros2_rolling/install/steering_controllers_library:/home/ravik/ros2_rolling/install/controller_manager:/home/ravik/ros2_rolling/install/hardware_interface_testing:/home/ravik/ros2_rolling/install/controller_interface:/home/ravik/ros2_rolling/install/hardware_interface:/home/ravik/ros2_rolling/install/joint_limits:/home/ravik/ros2_rolling/install/generate_parameter_library:/home/ravik/ros2_rolling/install/ros2_control_test_assets:/home/ravik/ros2_rolling/install/realtime_tools:/home/ravik/ros2_rolling/install/parameter_traits:/home/ravik/ros2_rolling/install/generate_parameter_library_py:/home/ravik/ros2_rolling/install/controller_manager_msgs:/home/ravik/ros2_rolling/install/control_msgs:${AMENT_PREFIX_PATH} CMAKE_PREFIX_PATH=/home/ravik/ros2_rolling/install/steering_controllers_library:/home/ravik/ros2_rolling/install/controller_manager:/home/ravik/ros2_rolling/install/hardware_interface_testing:/home/ravik/ros2_rolling/install/controller_interface:/home/ravik/ros2_rolling/install/hardware_interface:/home/ravik/ros2_rolling/install/joint_limits:/home/ravik/ros2_rolling/install/generate_parameter_library:/home/ravik/ros2_rolling/install/ros2_control_test_assets:/home/ravik/ros2_rolling/install/realtime_tools:/home/ravik/ros2_rolling/install/parameter_traits:/home/ravik/ros2_rolling/install/controller_manager_msgs:/home/ravik/ros2_rolling/install/control_msgs:/opt/ros/rolling/opt/gz_math_vendor:/opt/ros/rolling/opt/gz_utils_vendor:/opt/ros/rolling/opt/gz_cmake_vendor:/opt/ros/rolling LD_LIBRARY_PATH=/home/ravik/ros2_rolling/install/steering_controllers_library/lib:/home/ravik/ros2_rolling/install/controller_manager/lib:/home/ravik/ros2_rolling/install/hardware_interface_testing/lib:/home/ravik/ros2_rolling/install/controller_interface/lib:/home/ravik/ros2_rolling/install/hardware_interface/lib:/home/ravik/ros2_rolling/install/joint_limits/lib:/home/ravik/ros2_rolling/install/ros2_control_test_assets/lib:/home/ravik/ros2_rolling/install/realtime_tools/lib:/home/ravik/ros2_rolling/install/parameter_traits/lib:/home/ravik/ros2_rolling/install/controller_manager_msgs/lib:/home/ravik/ros2_rolling/install/control_msgs/lib:${LD_LIBRARY_PATH} PATH=/home/ravik/ros2_rolling/install/generate_parameter_library_py/bin:${PATH} PS1=\[\e]0;$(parse_ros_workspace)\a\]\[\e[1;32m\]\u\[\[\e[0;37m\]@\[\[\e[0;33m\]\h\[\[\e[1;33m\]${text}\[\[\e[0;37m\]:\[$(set_ros_workspace_color)\]$(parse_ros_workspace)\[\[\e[0;32m\]$(parse_git_bracket)\[$(set_git_color)\]$(get_gitbranch)\[\e[0;32m\]>\[\e[1;35m\]\W\[\[\e[1;35m\]$\[\[\e[0m\]\[\e[m\] PYTHONPATH=/home/ravik/ros2_rolling/install/controller_manager/lib/python3.12/site-packages:/home/ravik/ros2_rolling/build/generate_parameter_library_py:/home/ravik/ros2_rolling/install/generate_parameter_library_py/lib/python3.12/site-packages:/home/ravik/ros2_rolling/install/controller_manager_msgs/lib/python3.12/site-packages:/home/ravik/ros2_rolling/install/control_msgs/lib/python3.12/site-packages:${PYTHONPATH} /usr/bin/cmake --install /home/ravik/ros2_rolling/build/ackermann_steering_controller
[19.275s] -- Install configuration: ""
[19.276s] -- Execute custom install script
[19.276s] -- Symlinking: /home/ravik/ros2_rolling/install/ackermann_steering_controller/include/ackermann_steering_controller_parameters/ackermann_steering_controller_parameters.hpp
[19.287s] -- Symlinking: /home/ravik/ros2_rolling/install/ackermann_steering_controller/share/ackermann_steering_controller//ackermann_steering_controller.xml
[19.301s] -- Symlinking: /home/ravik/ros2_rolling/install/ackermann_steering_controller/include/ackermann_steering_controller/ackermann_steering_controller/ackermann_steering_controller.hpp
[19.315s] -- Symlinking: /home/ravik/ros2_rolling/install/ackermann_steering_controller/include/ackermann_steering_controller/ackermann_steering_controller/visibility_control.h
[19.329s] -- Symlinking: /home/ravik/ros2_rolling/install/ackermann_steering_controller/share/ackermann_steering_controller/environment/library_path.sh
[19.341s] -- Symlinking: /home/ravik/ros2_rolling/install/ackermann_steering_controller/share/ackermann_steering_controller/environment/library_path.dsv
[19.352s] -- Symlinking: /home/ravik/ros2_rolling/install/ackermann_steering_controller/share/ament_index/resource_index/package_run_dependencies/ackermann_steering_controller
[19.365s] -- Symlinking: /home/ravik/ros2_rolling/install/ackermann_steering_controller/share/ament_index/resource_index/parent_prefix_path/ackermann_steering_controller
[19.376s] -- Symlinking: /home/ravik/ros2_rolling/install/ackermann_steering_controller/share/ackermann_steering_controller/environment/ament_prefix_path.sh
[19.389s] -- Symlinking: /home/ravik/ros2_rolling/install/ackermann_steering_controller/share/ackermann_steering_controller/environment/ament_prefix_path.dsv
[19.401s] -- Symlinking: /home/ravik/ros2_rolling/install/ackermann_steering_controller/share/ackermann_steering_controller/environment/path.sh
[19.412s] -- Symlinking: /home/ravik/ros2_rolling/install/ackermann_steering_controller/share/ackermann_steering_controller/environment/path.dsv
[19.422s] -- Symlinking: /home/ravik/ros2_rolling/install/ackermann_steering_controller/share/ackermann_steering_controller/local_setup.bash
[19.432s] -- Symlinking: /home/ravik/ros2_rolling/install/ackermann_steering_controller/share/ackermann_steering_controller/local_setup.sh
[19.443s] -- Symlinking: /home/ravik/ros2_rolling/install/ackermann_steering_controller/share/ackermann_steering_controller/local_setup.zsh
[19.453s] -- Symlinking: /home/ravik/ros2_rolling/install/ackermann_steering_controller/share/ackermann_steering_controller/local_setup.dsv
[19.466s] -- Symlinking: /home/ravik/ros2_rolling/install/ackermann_steering_controller/share/ackermann_steering_controller/package.dsv
[19.477s] -- Symlinking: /home/ravik/ros2_rolling/install/ackermann_steering_controller/share/ament_index/resource_index/packages/ackermann_steering_controller
[19.489s] -- Symlinking: /home/ravik/ros2_rolling/install/ackermann_steering_controller/share/ament_index/resource_index/controller_interface__pluginlib__plugin/ackermann_steering_controller
[19.501s] -- Symlinking: /home/ravik/ros2_rolling/install/ackermann_steering_controller/share/ackermann_steering_controller/cmake/ament_cmake_export_targets-extras.cmake
[19.512s] -- Symlinking: /home/ravik/ros2_rolling/install/ackermann_steering_controller/share/ackermann_steering_controller/cmake/ament_cmake_export_dependencies-extras.cmake
[19.525s] -- Symlinking: /home/ravik/ros2_rolling/install/ackermann_steering_controller/share/ackermann_steering_controller/cmake/ackermann_steering_controllerConfig.cmake
[19.535s] -- Symlinking: /home/ravik/ros2_rolling/install/ackermann_steering_controller/share/ackermann_steering_controller/cmake/ackermann_steering_controllerConfig-version.cmake
[19.548s] -- Symlinking: /home/ravik/ros2_rolling/install/ackermann_steering_controller/share/ackermann_steering_controller/package.xml
[19.562s] -- Installing: /home/ravik/ros2_rolling/install/ackermann_steering_controller/lib/libackermann_steering_controller.so
[19.563s] -- Set non-toolchain portion of runtime path of "/home/ravik/ros2_rolling/install/ackermann_steering_controller/lib/libackermann_steering_controller.so" to ""
[19.563s] -- Installing: /home/ravik/ros2_rolling/install/ackermann_steering_controller/share/ackermann_steering_controller/cmake/export_ackermann_steering_controllerExport.cmake
[19.563s] -- Installing: /home/ravik/ros2_rolling/install/ackermann_steering_controller/share/ackermann_steering_controller/cmake/export_ackermann_steering_controllerExport-noconfig.cmake
[19.565s] Invoked command in '/home/ravik/ros2_rolling/build/ackermann_steering_controller' returned '0': AMENT_PREFIX_PATH=/home/ravik/ros2_rolling/install/steering_controllers_library:/home/ravik/ros2_rolling/install/controller_manager:/home/ravik/ros2_rolling/install/hardware_interface_testing:/home/ravik/ros2_rolling/install/controller_interface:/home/ravik/ros2_rolling/install/hardware_interface:/home/ravik/ros2_rolling/install/joint_limits:/home/ravik/ros2_rolling/install/generate_parameter_library:/home/ravik/ros2_rolling/install/ros2_control_test_assets:/home/ravik/ros2_rolling/install/realtime_tools:/home/ravik/ros2_rolling/install/parameter_traits:/home/ravik/ros2_rolling/install/generate_parameter_library_py:/home/ravik/ros2_rolling/install/controller_manager_msgs:/home/ravik/ros2_rolling/install/control_msgs:${AMENT_PREFIX_PATH} CMAKE_PREFIX_PATH=/home/ravik/ros2_rolling/install/steering_controllers_library:/home/ravik/ros2_rolling/install/controller_manager:/home/ravik/ros2_rolling/install/hardware_interface_testing:/home/ravik/ros2_rolling/install/controller_interface:/home/ravik/ros2_rolling/install/hardware_interface:/home/ravik/ros2_rolling/install/joint_limits:/home/ravik/ros2_rolling/install/generate_parameter_library:/home/ravik/ros2_rolling/install/ros2_control_test_assets:/home/ravik/ros2_rolling/install/realtime_tools:/home/ravik/ros2_rolling/install/parameter_traits:/home/ravik/ros2_rolling/install/controller_manager_msgs:/home/ravik/ros2_rolling/install/control_msgs:/opt/ros/rolling/opt/gz_math_vendor:/opt/ros/rolling/opt/gz_utils_vendor:/opt/ros/rolling/opt/gz_cmake_vendor:/opt/ros/rolling LD_LIBRARY_PATH=/home/ravik/ros2_rolling/install/steering_controllers_library/lib:/home/ravik/ros2_rolling/install/controller_manager/lib:/home/ravik/ros2_rolling/install/hardware_interface_testing/lib:/home/ravik/ros2_rolling/install/controller_interface/lib:/home/ravik/ros2_rolling/install/hardware_interface/lib:/home/ravik/ros2_rolling/install/joint_limits/lib:/home/ravik/ros2_rolling/install/ros2_control_test_assets/lib:/home/ravik/ros2_rolling/install/realtime_tools/lib:/home/ravik/ros2_rolling/install/parameter_traits/lib:/home/ravik/ros2_rolling/install/controller_manager_msgs/lib:/home/ravik/ros2_rolling/install/control_msgs/lib:${LD_LIBRARY_PATH} PATH=/home/ravik/ros2_rolling/install/generate_parameter_library_py/bin:${PATH} PS1=\[\e]0;$(parse_ros_workspace)\a\]\[\e[1;32m\]\u\[\[\e[0;37m\]@\[\[\e[0;33m\]\h\[\[\e[1;33m\]${text}\[\[\e[0;37m\]:\[$(set_ros_workspace_color)\]$(parse_ros_workspace)\[\[\e[0;32m\]$(parse_git_bracket)\[$(set_git_color)\]$(get_gitbranch)\[\e[0;32m\]>\[\e[1;35m\]\W\[\[\e[1;35m\]$\[\[\e[0m\]\[\e[m\] PYTHONPATH=/home/ravik/ros2_rolling/install/controller_manager/lib/python3.12/site-packages:/home/ravik/ros2_rolling/build/generate_parameter_library_py:/home/ravik/ros2_rolling/install/generate_parameter_library_py/lib/python3.12/site-packages:/home/ravik/ros2_rolling/install/controller_manager_msgs/lib/python3.12/site-packages:/home/ravik/ros2_rolling/install/control_msgs/lib/python3.12/site-packages:${PYTHONPATH} /usr/bin/cmake --install /home/ravik/ros2_rolling/build/ackermann_steering_controller
