running develop
running egg_info
creating generate_parameter_library_py.egg-info
writing generate_parameter_library_py.egg-info/PKG-INFO
writing dependency_links to generate_parameter_library_py.egg-info/dependency_links.txt
writing entry points to generate_parameter_library_py.egg-info/entry_points.txt
writing requirements to generate_parameter_library_py.egg-info/requires.txt
writing top-level names to generate_parameter_library_py.egg-info/top_level.txt
writing manifest file 'generate_parameter_library_py.egg-info/SOURCES.txt'
reading manifest file 'generate_parameter_library_py.egg-info/SOURCES.txt'
writing manifest file 'generate_parameter_library_py.egg-info/SOURCES.txt'
running build_ext
Creating /home/ravik/ros2_rolling/install/generate_parameter_library_py/lib/python3.12/site-packages/generate-parameter-library-py.egg-link (link to .)
Installing generate_parameter_library_cpp script to /home/ravik/ros2_rolling/install/generate_parameter_library_py/bin
Installing generate_parameter_library_markdown script to /home/ravik/ros2_rolling/install/generate_parameter_library_py/bin
Installing generate_parameter_library_python script to /home/ravik/ros2_rolling/install/generate_parameter_library_py/bin

Installed /home/ravik/ros2_rolling/build/generate_parameter_library_py
running symlink_data
symbolically linking /home/ravik/ros2_rolling/build/generate_parameter_library_py/package.xml -> /home/ravik/ros2_rolling/install/generate_parameter_library_py/share/generate_parameter_library_py
creating /home/ravik/ros2_rolling/install/generate_parameter_library_py/share/generate_parameter_library_py/test
symbolically linking /home/ravik/ros2_rolling/build/generate_parameter_library_py/generate_parameter_library_py/test/wrong_default_type.yaml -> /home/ravik/ros2_rolling/install/generate_parameter_library_py/share/generate_parameter_library_py/test
symbolically linking /home/ravik/ros2_rolling/build/generate_parameter_library_py/generate_parameter_library_py/test/missing_type.yaml -> /home/ravik/ros2_rolling/install/generate_parameter_library_py/share/generate_parameter_library_py/test
symbolically linking /home/ravik/ros2_rolling/build/generate_parameter_library_py/generate_parameter_library_py/test/invalid_syntax.yaml -> /home/ravik/ros2_rolling/install/generate_parameter_library_py/share/generate_parameter_library_py/test
symbolically linking /home/ravik/ros2_rolling/build/generate_parameter_library_py/generate_parameter_library_py/test/invalid_parameter_type.yaml -> /home/ravik/ros2_rolling/install/generate_parameter_library_py/share/generate_parameter_library_py/test
symbolically linking /home/ravik/ros2_rolling/build/generate_parameter_library_py/generate_parameter_library_py/test/valid_parameters.yaml -> /home/ravik/ros2_rolling/install/generate_parameter_library_py/share/generate_parameter_library_py/test
symbolically linking /home/ravik/ros2_rolling/build/generate_parameter_library_py/generate_parameter_library_py/test/valid_parameters_with_none_type.yaml -> /home/ravik/ros2_rolling/install/generate_parameter_library_py/share/generate_parameter_library_py/test
creating /home/ravik/ros2_rolling/install/generate_parameter_library_py/share/ament_index
creating /home/ravik/ros2_rolling/install/generate_parameter_library_py/share/ament_index/resource_index
creating /home/ravik/ros2_rolling/install/generate_parameter_library_py/share/ament_index/resource_index/packages
symbolically linking /home/ravik/ros2_rolling/build/generate_parameter_library_py/resource/generate_parameter_library_py -> /home/ravik/ros2_rolling/install/generate_parameter_library_py/share/ament_index/resource_index/packages
