[0.642s] Invoking command in '/home/ravik/ros2_rolling/build/generate_parameter_library_py': PS1=\[\e]0;$(parse_ros_workspace)\a\]\[\e[1;32m\]\u\[\[\e[0;37m\]@\[\[\e[0;33m\]\h\[\[\e[1;33m\]${text}\[\[\e[0;37m\]:\[$(set_ros_workspace_color)\]$(parse_ros_workspace)\[\[\e[0;32m\]$(parse_git_bracket)\[$(set_git_color)\]$(get_gitbranch)\[\e[0;32m\]>\[\e[1;35m\]\W\[\[\e[1;35m\]$\[\[\e[0m\]\[\e[m\] PYTHONPATH=/home/ravik/ros2_rolling/build/generate_parameter_library_py/prefix_override:/usr/lib/python3/dist-packages/colcon_core/task/python/colcon_distutils_commands:/home/ravik/ros2_rolling/install/generate_parameter_library_py/lib/python3.12/site-packages:${PYTHONPATH} /usr/bin/python3 -W ignore:setup.py install is deprecated setup.py develop --editable --build-directory /home/ravik/ros2_rolling/build/generate_parameter_library_py/build --no-deps symlink_data
[0.834s] running develop
[0.834s] /usr/lib/python3/dist-packages/setuptools/command/develop.py:40: EasyInstallDeprecationWarning: easy_install command is deprecated.
[0.834s] !!
[0.834s] 
[0.834s]         ********************************************************************************
[0.834s]         Please avoid running ``setup.py`` and ``easy_install``.
[0.834s]         Instead, use pypa/build, pypa/installer or other
[0.834s]         standards-based tools.
[0.834s] 
[0.834s]         See https://github.com/pypa/setuptools/issues/917 for details.
[0.834s]         ********************************************************************************
[0.835s] 
[0.835s] !!
[0.835s]   easy_install.initialize_options(self)
[0.937s] running egg_info
[0.937s] creating generate_parameter_library_py.egg-info
[0.947s] writing generate_parameter_library_py.egg-info/PKG-INFO
[0.947s] writing dependency_links to generate_parameter_library_py.egg-info/dependency_links.txt
[0.947s] writing entry points to generate_parameter_library_py.egg-info/entry_points.txt
[0.947s] writing requirements to generate_parameter_library_py.egg-info/requires.txt
[0.947s] writing top-level names to generate_parameter_library_py.egg-info/top_level.txt
[0.947s] writing manifest file 'generate_parameter_library_py.egg-info/SOURCES.txt'
[0.968s] reading manifest file 'generate_parameter_library_py.egg-info/SOURCES.txt'
[0.969s] writing manifest file 'generate_parameter_library_py.egg-info/SOURCES.txt'
[0.980s] running build_ext
[0.980s] Creating /home/ravik/ros2_rolling/install/generate_parameter_library_py/lib/python3.12/site-packages/generate-parameter-library-py.egg-link (link to .)
[0.980s] Installing generate_parameter_library_cpp script to /home/ravik/ros2_rolling/install/generate_parameter_library_py/bin
[0.980s] Installing generate_parameter_library_markdown script to /home/ravik/ros2_rolling/install/generate_parameter_library_py/bin
[0.980s] Installing generate_parameter_library_python script to /home/ravik/ros2_rolling/install/generate_parameter_library_py/bin
[0.981s] 
[0.981s] Installed /home/ravik/ros2_rolling/build/generate_parameter_library_py
[0.981s] running symlink_data
[0.981s] symbolically linking /home/ravik/ros2_rolling/build/generate_parameter_library_py/package.xml -> /home/ravik/ros2_rolling/install/generate_parameter_library_py/share/generate_parameter_library_py
[0.981s] creating /home/ravik/ros2_rolling/install/generate_parameter_library_py/share/generate_parameter_library_py/test
[0.981s] symbolically linking /home/ravik/ros2_rolling/build/generate_parameter_library_py/generate_parameter_library_py/test/wrong_default_type.yaml -> /home/ravik/ros2_rolling/install/generate_parameter_library_py/share/generate_parameter_library_py/test
[0.981s] symbolically linking /home/ravik/ros2_rolling/build/generate_parameter_library_py/generate_parameter_library_py/test/missing_type.yaml -> /home/ravik/ros2_rolling/install/generate_parameter_library_py/share/generate_parameter_library_py/test
[0.981s] symbolically linking /home/ravik/ros2_rolling/build/generate_parameter_library_py/generate_parameter_library_py/test/invalid_syntax.yaml -> /home/ravik/ros2_rolling/install/generate_parameter_library_py/share/generate_parameter_library_py/test
[0.981s] symbolically linking /home/ravik/ros2_rolling/build/generate_parameter_library_py/generate_parameter_library_py/test/invalid_parameter_type.yaml -> /home/ravik/ros2_rolling/install/generate_parameter_library_py/share/generate_parameter_library_py/test
[0.981s] symbolically linking /home/ravik/ros2_rolling/build/generate_parameter_library_py/generate_parameter_library_py/test/valid_parameters.yaml -> /home/ravik/ros2_rolling/install/generate_parameter_library_py/share/generate_parameter_library_py/test
[0.981s] symbolically linking /home/ravik/ros2_rolling/build/generate_parameter_library_py/generate_parameter_library_py/test/valid_parameters_with_none_type.yaml -> /home/ravik/ros2_rolling/install/generate_parameter_library_py/share/generate_parameter_library_py/test
[0.982s] creating /home/ravik/ros2_rolling/install/generate_parameter_library_py/share/ament_index
[0.982s] creating /home/ravik/ros2_rolling/install/generate_parameter_library_py/share/ament_index/resource_index
[0.982s] creating /home/ravik/ros2_rolling/install/generate_parameter_library_py/share/ament_index/resource_index/packages
[0.982s] symbolically linking /home/ravik/ros2_rolling/build/generate_parameter_library_py/resource/generate_parameter_library_py -> /home/ravik/ros2_rolling/install/generate_parameter_library_py/share/ament_index/resource_index/packages
