-- Install configuration: ""
-- Execute custom install script
-- Up-to-date symlink: /home/ravik/ros2_rolling/install/parameter_traits/include/parameter_traits/parameter_traits/parameter_traits.hpp
-- Up-to-date symlink: /home/ravik/ros2_rolling/install/parameter_traits/share/parameter_traits/environment/library_path.sh
-- Up-to-date symlink: /home/ravik/ros2_rolling/install/parameter_traits/share/parameter_traits/environment/library_path.dsv
-- Up-to-date symlink: /home/ravik/ros2_rolling/install/parameter_traits/share/ament_index/resource_index/package_run_dependencies/parameter_traits
-- Up-to-date symlink: /home/ravik/ros2_rolling/install/parameter_traits/share/ament_index/resource_index/parent_prefix_path/parameter_traits
-- Up-to-date symlink: /home/ravik/ros2_rolling/install/parameter_traits/share/parameter_traits/environment/ament_prefix_path.sh
-- Up-to-date symlink: /home/ravik/ros2_rolling/install/parameter_traits/share/parameter_traits/environment/ament_prefix_path.dsv
-- Up-to-date symlink: /home/ravik/ros2_rolling/install/parameter_traits/share/parameter_traits/environment/path.sh
-- Up-to-date symlink: /home/ravik/ros2_rolling/install/parameter_traits/share/parameter_traits/environment/path.dsv
-- Up-to-date symlink: /home/ravik/ros2_rolling/install/parameter_traits/share/parameter_traits/local_setup.bash
-- Up-to-date symlink: /home/ravik/ros2_rolling/install/parameter_traits/share/parameter_traits/local_setup.sh
-- Up-to-date symlink: /home/ravik/ros2_rolling/install/parameter_traits/share/parameter_traits/local_setup.zsh
-- Up-to-date symlink: /home/ravik/ros2_rolling/install/parameter_traits/share/parameter_traits/local_setup.dsv
-- Symlinking: /home/ravik/ros2_rolling/install/parameter_traits/share/parameter_traits/package.dsv
-- Up-to-date symlink: /home/ravik/ros2_rolling/install/parameter_traits/share/ament_index/resource_index/packages/parameter_traits
-- Up-to-date symlink: /home/ravik/ros2_rolling/install/parameter_traits/share/parameter_traits/cmake/ament_cmake_export_targets-extras.cmake
-- Up-to-date symlink: /home/ravik/ros2_rolling/install/parameter_traits/share/parameter_traits/cmake/ament_cmake_export_dependencies-extras.cmake
-- Up-to-date symlink: /home/ravik/ros2_rolling/install/parameter_traits/share/parameter_traits/cmake/parameter_traitsConfig.cmake
-- Up-to-date symlink: /home/ravik/ros2_rolling/install/parameter_traits/share/parameter_traits/cmake/parameter_traitsConfig-version.cmake
-- Up-to-date symlink: /home/ravik/ros2_rolling/install/parameter_traits/share/parameter_traits/package.xml
-- Up-to-date: /home/ravik/ros2_rolling/install/parameter_traits/share/parameter_traits/cmake/export_parameter_traitsExport.cmake
