[0.173s] Invoking command in '/home/ravik/ros2_rolling/build/parameter_traits': CMAKE_PREFIX_PATH=${CMAKE_PREFIX_PATH}:/opt/ros/rolling PS1=\[\e]0;$(parse_ros_workspace)\a\]\[\e[1;32m\]\u\[\[\e[0;37m\]@\[\[\e[0;33m\]\h\[\[\e[1;33m\]${text}\[\[\e[0;37m\]:\[$(set_ros_workspace_color)\]$(parse_ros_workspace)\[\[\e[0;32m\]$(parse_git_bracket)\[$(set_git_color)\]$(get_gitbranch)\[\e[0;32m\]>\[\e[1;35m\]\W\[\[\e[1;35m\]$\[\[\e[0m\]\[\e[m\] /usr/bin/cmake --build /home/ravik/ros2_rolling/build/parameter_traits -- -j32 -l32
[0.347s] Invoked command in '/home/ravik/ros2_rolling/build/parameter_traits' returned '0': CMAKE_PREFIX_PATH=${CMAKE_PREFIX_PATH}:/opt/ros/rolling PS1=\[\e]0;$(parse_ros_workspace)\a\]\[\e[1;32m\]\u\[\[\e[0;37m\]@\[\[\e[0;33m\]\h\[\[\e[1;33m\]${text}\[\[\e[0;37m\]:\[$(set_ros_workspace_color)\]$(parse_ros_workspace)\[\[\e[0;32m\]$(parse_git_bracket)\[$(set_git_color)\]$(get_gitbranch)\[\e[0;32m\]>\[\e[1;35m\]\W\[\[\e[1;35m\]$\[\[\e[0m\]\[\e[m\] /usr/bin/cmake --build /home/ravik/ros2_rolling/build/parameter_traits -- -j32 -l32
[0.374s] Invoking command in '/home/ravik/ros2_rolling/build/parameter_traits': CMAKE_PREFIX_PATH=${CMAKE_PREFIX_PATH}:/opt/ros/rolling PS1=\[\e]0;$(parse_ros_workspace)\a\]\[\e[1;32m\]\u\[\[\e[0;37m\]@\[\[\e[0;33m\]\h\[\[\e[1;33m\]${text}\[\[\e[0;37m\]:\[$(set_ros_workspace_color)\]$(parse_ros_workspace)\[\[\e[0;32m\]$(parse_git_bracket)\[$(set_git_color)\]$(get_gitbranch)\[\e[0;32m\]>\[\e[1;35m\]\W\[\[\e[1;35m\]$\[\[\e[0m\]\[\e[m\] /usr/bin/cmake --install /home/ravik/ros2_rolling/build/parameter_traits
[0.380s] -- Install configuration: ""
[0.380s] -- Execute custom install script
[0.380s] -- Up-to-date symlink: /home/ravik/ros2_rolling/install/parameter_traits/include/parameter_traits/parameter_traits/parameter_traits.hpp
[0.380s] -- Up-to-date symlink: /home/ravik/ros2_rolling/install/parameter_traits/share/parameter_traits/environment/library_path.sh
[0.381s] -- Up-to-date symlink: /home/ravik/ros2_rolling/install/parameter_traits/share/parameter_traits/environment/library_path.dsv
[0.381s] -- Up-to-date symlink: /home/ravik/ros2_rolling/install/parameter_traits/share/ament_index/resource_index/package_run_dependencies/parameter_traits
[0.381s] -- Up-to-date symlink: /home/ravik/ros2_rolling/install/parameter_traits/share/ament_index/resource_index/parent_prefix_path/parameter_traits
[0.381s] -- Up-to-date symlink: /home/ravik/ros2_rolling/install/parameter_traits/share/parameter_traits/environment/ament_prefix_path.sh
[0.381s] -- Up-to-date symlink: /home/ravik/ros2_rolling/install/parameter_traits/share/parameter_traits/environment/ament_prefix_path.dsv
[0.382s] -- Up-to-date symlink: /home/ravik/ros2_rolling/install/parameter_traits/share/parameter_traits/environment/path.sh
[0.382s] -- Up-to-date symlink: /home/ravik/ros2_rolling/install/parameter_traits/share/parameter_traits/environment/path.dsv
[0.383s] -- Up-to-date symlink: /home/ravik/ros2_rolling/install/parameter_traits/share/parameter_traits/local_setup.bash
[0.383s] -- Up-to-date symlink: /home/ravik/ros2_rolling/install/parameter_traits/share/parameter_traits/local_setup.sh
[0.383s] -- Up-to-date symlink: /home/ravik/ros2_rolling/install/parameter_traits/share/parameter_traits/local_setup.zsh
[0.383s] -- Up-to-date symlink: /home/ravik/ros2_rolling/install/parameter_traits/share/parameter_traits/local_setup.dsv
[0.383s] -- Symlinking: /home/ravik/ros2_rolling/install/parameter_traits/share/parameter_traits/package.dsv
[0.387s] -- Up-to-date symlink: /home/ravik/ros2_rolling/install/parameter_traits/share/ament_index/resource_index/packages/parameter_traits
[0.388s] -- Up-to-date symlink: /home/ravik/ros2_rolling/install/parameter_traits/share/parameter_traits/cmake/ament_cmake_export_targets-extras.cmake
[0.388s] -- Up-to-date symlink: /home/ravik/ros2_rolling/install/parameter_traits/share/parameter_traits/cmake/ament_cmake_export_dependencies-extras.cmake
[0.388s] -- Up-to-date symlink: /home/ravik/ros2_rolling/install/parameter_traits/share/parameter_traits/cmake/parameter_traitsConfig.cmake
[0.388s] -- Up-to-date symlink: /home/ravik/ros2_rolling/install/parameter_traits/share/parameter_traits/cmake/parameter_traitsConfig-version.cmake
[0.388s] -- Up-to-date symlink: /home/ravik/ros2_rolling/install/parameter_traits/share/parameter_traits/package.xml
[0.388s] -- Up-to-date: /home/ravik/ros2_rolling/install/parameter_traits/share/parameter_traits/cmake/export_parameter_traitsExport.cmake
[0.390s] Invoked command in '/home/ravik/ros2_rolling/build/parameter_traits' returned '0': CMAKE_PREFIX_PATH=${CMAKE_PREFIX_PATH}:/opt/ros/rolling PS1=\[\e]0;$(parse_ros_workspace)\a\]\[\e[1;32m\]\u\[\[\e[0;37m\]@\[\[\e[0;33m\]\h\[\[\e[1;33m\]${text}\[\[\e[0;37m\]:\[$(set_ros_workspace_color)\]$(parse_ros_workspace)\[\[\e[0;32m\]$(parse_git_bracket)\[$(set_git_color)\]$(get_gitbranch)\[\e[0;32m\]>\[\e[1;35m\]\W\[\[\e[1;35m\]$\[\[\e[0m\]\[\e[m\] /usr/bin/cmake --install /home/ravik/ros2_rolling/build/parameter_traits
