[0.017s] Invoking command in '/home/ravik/ros2_rolling/build/kinematics_interface_kdl': AMENT_PREFIX_PATH=/home/ravik/ros2_rolling/install/ros2_control_test_assets:/home/ravik/ros2_rolling/install/kinematics_interface:${AMENT_PREFIX_PATH} CMAKE_PREFIX_PATH=/home/ravik/ros2_rolling/install/ros2_control_test_assets:/home/ravik/ros2_rolling/install/kinematics_interface:/opt/ros/rolling/opt/gz_math_vendor:/opt/ros/rolling/opt/gz_utils_vendor:/opt/ros/rolling/opt/gz_cmake_vendor:/opt/ros/rolling LD_LIBRARY_PATH=/home/ravik/ros2_rolling/install/ros2_control_test_assets/lib:/home/ravik/ros2_rolling/install/kinematics_interface/lib:${LD_LIBRARY_PATH} PS1=\[\e]0;$(parse_ros_workspace)\a\]\[\e[1;32m\]\u\[\[\e[0;37m\]@\[\[\e[0;33m\]\h\[\[\e[1;33m\]${text}\[\[\e[0;37m\]:\[$(set_ros_workspace_color)\]$(parse_ros_workspace)\[\[\e[0;32m\]$(parse_git_bracket)\[$(set_git_color)\]$(get_gitbranch)\[\e[0;32m\]>\[\e[1;35m\]\W\[\[\e[1;35m\]$\[\[\e[0m\]\[\e[m\] /usr/bin/cmake --build /home/ravik/ros2_rolling/build/kinematics_interface_kdl -- -j32 -l32
[0.061s] [ 22%] Built target gmock_main
[0.063s] [ 55%] Built target gmock
[0.065s] [ 77%] Built target kinematics_interface_kdl
[0.088s] [100%] Built target test_kinematics_interface_kdl
[0.099s] Invoked command in '/home/ravik/ros2_rolling/build/kinematics_interface_kdl' returned '0': AMENT_PREFIX_PATH=/home/ravik/ros2_rolling/install/ros2_control_test_assets:/home/ravik/ros2_rolling/install/kinematics_interface:${AMENT_PREFIX_PATH} CMAKE_PREFIX_PATH=/home/ravik/ros2_rolling/install/ros2_control_test_assets:/home/ravik/ros2_rolling/install/kinematics_interface:/opt/ros/rolling/opt/gz_math_vendor:/opt/ros/rolling/opt/gz_utils_vendor:/opt/ros/rolling/opt/gz_cmake_vendor:/opt/ros/rolling LD_LIBRARY_PATH=/home/ravik/ros2_rolling/install/ros2_control_test_assets/lib:/home/ravik/ros2_rolling/install/kinematics_interface/lib:${LD_LIBRARY_PATH} PS1=\[\e]0;$(parse_ros_workspace)\a\]\[\e[1;32m\]\u\[\[\e[0;37m\]@\[\[\e[0;33m\]\h\[\[\e[1;33m\]${text}\[\[\e[0;37m\]:\[$(set_ros_workspace_color)\]$(parse_ros_workspace)\[\[\e[0;32m\]$(parse_git_bracket)\[$(set_git_color)\]$(get_gitbranch)\[\e[0;32m\]>\[\e[1;35m\]\W\[\[\e[1;35m\]$\[\[\e[0m\]\[\e[m\] /usr/bin/cmake --build /home/ravik/ros2_rolling/build/kinematics_interface_kdl -- -j32 -l32
[0.124s] Invoking command in '/home/ravik/ros2_rolling/build/kinematics_interface_kdl': AMENT_PREFIX_PATH=/home/ravik/ros2_rolling/install/ros2_control_test_assets:/home/ravik/ros2_rolling/install/kinematics_interface:${AMENT_PREFIX_PATH} CMAKE_PREFIX_PATH=/home/ravik/ros2_rolling/install/ros2_control_test_assets:/home/ravik/ros2_rolling/install/kinematics_interface:/opt/ros/rolling/opt/gz_math_vendor:/opt/ros/rolling/opt/gz_utils_vendor:/opt/ros/rolling/opt/gz_cmake_vendor:/opt/ros/rolling LD_LIBRARY_PATH=/home/ravik/ros2_rolling/install/ros2_control_test_assets/lib:/home/ravik/ros2_rolling/install/kinematics_interface/lib:${LD_LIBRARY_PATH} PS1=\[\e]0;$(parse_ros_workspace)\a\]\[\e[1;32m\]\u\[\[\e[0;37m\]@\[\[\e[0;33m\]\h\[\[\e[1;33m\]${text}\[\[\e[0;37m\]:\[$(set_ros_workspace_color)\]$(parse_ros_workspace)\[\[\e[0;32m\]$(parse_git_bracket)\[$(set_git_color)\]$(get_gitbranch)\[\e[0;32m\]>\[\e[1;35m\]\W\[\[\e[1;35m\]$\[\[\e[0m\]\[\e[m\] /usr/bin/cmake --install /home/ravik/ros2_rolling/build/kinematics_interface_kdl
[0.131s] -- Install configuration: ""
[0.131s] -- Execute custom install script
[0.131s] -- Up-to-date symlink: /home/ravik/ros2_rolling/install/kinematics_interface_kdl/share/kinematics_interface_kdl//kinematics_interface_kdl.xml
[0.131s] -- Up-to-date symlink: /home/ravik/ros2_rolling/install/kinematics_interface_kdl/include/kinematics_interface_kdl/kinematics_interface_kdl/kinematics_interface_kdl.hpp
[0.131s] -- Up-to-date symlink: /home/ravik/ros2_rolling/install/kinematics_interface_kdl/share/kinematics_interface_kdl/environment/library_path.sh
[0.132s] -- Up-to-date symlink: /home/ravik/ros2_rolling/install/kinematics_interface_kdl/share/kinematics_interface_kdl/environment/library_path.dsv
[0.132s] -- Up-to-date symlink: /home/ravik/ros2_rolling/install/kinematics_interface_kdl/share/ament_index/resource_index/package_run_dependencies/kinematics_interface_kdl
[0.132s] -- Up-to-date symlink: /home/ravik/ros2_rolling/install/kinematics_interface_kdl/share/ament_index/resource_index/parent_prefix_path/kinematics_interface_kdl
[0.132s] -- Up-to-date symlink: /home/ravik/ros2_rolling/install/kinematics_interface_kdl/share/kinematics_interface_kdl/environment/ament_prefix_path.sh
[0.132s] -- Up-to-date symlink: /home/ravik/ros2_rolling/install/kinematics_interface_kdl/share/kinematics_interface_kdl/environment/ament_prefix_path.dsv
[0.132s] -- Up-to-date symlink: /home/ravik/ros2_rolling/install/kinematics_interface_kdl/share/kinematics_interface_kdl/environment/path.sh
[0.132s] -- Up-to-date symlink: /home/ravik/ros2_rolling/install/kinematics_interface_kdl/share/kinematics_interface_kdl/environment/path.dsv
[0.132s] -- Up-to-date symlink: /home/ravik/ros2_rolling/install/kinematics_interface_kdl/share/kinematics_interface_kdl/local_setup.bash
[0.132s] -- Up-to-date symlink: /home/ravik/ros2_rolling/install/kinematics_interface_kdl/share/kinematics_interface_kdl/local_setup.sh
[0.132s] -- Up-to-date symlink: /home/ravik/ros2_rolling/install/kinematics_interface_kdl/share/kinematics_interface_kdl/local_setup.zsh
[0.132s] -- Up-to-date symlink: /home/ravik/ros2_rolling/install/kinematics_interface_kdl/share/kinematics_interface_kdl/local_setup.dsv
[0.132s] -- Symlinking: /home/ravik/ros2_rolling/install/kinematics_interface_kdl/share/kinematics_interface_kdl/package.dsv
[0.140s] -- Up-to-date symlink: /home/ravik/ros2_rolling/install/kinematics_interface_kdl/share/ament_index/resource_index/packages/kinematics_interface_kdl
[0.140s] -- Up-to-date symlink: /home/ravik/ros2_rolling/install/kinematics_interface_kdl/share/ament_index/resource_index/kinematics_interface__pluginlib__plugin/kinematics_interface_kdl
[0.141s] -- Up-to-date symlink: /home/ravik/ros2_rolling/install/kinematics_interface_kdl/share/kinematics_interface_kdl/cmake/ament_cmake_export_targets-extras.cmake
[0.141s] -- Up-to-date symlink: /home/ravik/ros2_rolling/install/kinematics_interface_kdl/share/kinematics_interface_kdl/cmake/ament_cmake_export_dependencies-extras.cmake
[0.141s] -- Up-to-date symlink: /home/ravik/ros2_rolling/install/kinematics_interface_kdl/share/kinematics_interface_kdl/cmake/kinematics_interface_kdlConfig.cmake
[0.141s] -- Up-to-date symlink: /home/ravik/ros2_rolling/install/kinematics_interface_kdl/share/kinematics_interface_kdl/cmake/kinematics_interface_kdlConfig-version.cmake
[0.141s] -- Up-to-date symlink: /home/ravik/ros2_rolling/install/kinematics_interface_kdl/share/kinematics_interface_kdl/package.xml
[0.141s] -- Up-to-date: /home/ravik/ros2_rolling/install/kinematics_interface_kdl/lib/libkinematics_interface_kdl.so
[0.141s] -- Up-to-date: /home/ravik/ros2_rolling/install/kinematics_interface_kdl/share/kinematics_interface_kdl/cmake/export_kinematics_interface_kdlExport.cmake
[0.141s] -- Up-to-date: /home/ravik/ros2_rolling/install/kinematics_interface_kdl/share/kinematics_interface_kdl/cmake/export_kinematics_interface_kdlExport-noconfig.cmake
[0.143s] Invoked command in '/home/ravik/ros2_rolling/build/kinematics_interface_kdl' returned '0': AMENT_PREFIX_PATH=/home/ravik/ros2_rolling/install/ros2_control_test_assets:/home/ravik/ros2_rolling/install/kinematics_interface:${AMENT_PREFIX_PATH} CMAKE_PREFIX_PATH=/home/ravik/ros2_rolling/install/ros2_control_test_assets:/home/ravik/ros2_rolling/install/kinematics_interface:/opt/ros/rolling/opt/gz_math_vendor:/opt/ros/rolling/opt/gz_utils_vendor:/opt/ros/rolling/opt/gz_cmake_vendor:/opt/ros/rolling LD_LIBRARY_PATH=/home/ravik/ros2_rolling/install/ros2_control_test_assets/lib:/home/ravik/ros2_rolling/install/kinematics_interface/lib:${LD_LIBRARY_PATH} PS1=\[\e]0;$(parse_ros_workspace)\a\]\[\e[1;32m\]\u\[\[\e[0;37m\]@\[\[\e[0;33m\]\h\[\[\e[1;33m\]${text}\[\[\e[0;37m\]:\[$(set_ros_workspace_color)\]$(parse_ros_workspace)\[\[\e[0;32m\]$(parse_git_bracket)\[$(set_git_color)\]$(get_gitbranch)\[\e[0;32m\]>\[\e[1;35m\]\W\[\[\e[1;35m\]$\[\[\e[0m\]\[\e[m\] /usr/bin/cmake --install /home/ravik/ros2_rolling/build/kinematics_interface_kdl
