[1.094s] Invoking command in '/home/ravik/ros2_rolling/build/generate_parameter_module_example': AMENT_PREFIX_PATH=/home/ravik/ros2_rolling/install/generate_parameter_library:/home/ravik/ros2_rolling/install/parameter_traits:/home/ravik/ros2_rolling/install/generate_parameter_library_py:${AMENT_PREFIX_PATH} CMAKE_PREFIX_PATH=/home/ravik/ros2_rolling/install/generate_parameter_library:/home/ravik/ros2_rolling/install/parameter_traits:${CMAKE_PREFIX_PATH} LD_LIBRARY_PATH=/home/ravik/ros2_rolling/install/parameter_traits/lib:${LD_LIBRARY_PATH} PATH=/home/ravik/ros2_rolling/install/generate_parameter_library_py/bin:${PATH} PS1=\[\e]0;$(parse_ros_workspace)\a\]\[\e[1;32m\]\u\[\[\e[0;37m\]@\[\[\e[0;33m\]\h\[\[\e[1;33m\]${text}\[\[\e[0;37m\]:\[$(set_ros_workspace_color)\]$(parse_ros_workspace)\[\[\e[0;32m\]$(parse_git_bracket)\[$(set_git_color)\]$(get_gitbranch)\[\e[0;32m\]>\[\e[1;35m\]\W\[\[\e[1;35m\]$\[\[\e[0m\]\[\e[m\] PYTHONPATH=/home/ravik/ros2_rolling/build/generate_parameter_module_example/prefix_override:/usr/lib/python3/dist-packages/colcon_core/task/python/colcon_distutils_commands:/home/ravik/ros2_rolling/install/generate_parameter_module_example/lib/python3.12/site-packages:/home/ravik/ros2_rolling/build/generate_parameter_library_py:/home/ravik/ros2_rolling/install/generate_parameter_library_py/lib/python3.12/site-packages:${PYTHONPATH} /usr/bin/python3 -W ignore:setup.py install is deprecated setup.py develop --editable --build-directory /home/ravik/ros2_rolling/build/generate_parameter_module_example/build --no-deps symlink_data
[1.452s] Running /home/ravik/ros2_rolling/build/generate_parameter_library_py/generate_parameter_library_py/generate_python_module.py /home/ravik/ros2_rolling/build/generate_parameter_module_example/generate_parameter_module_example/admittance_parameters.py generate_parameter_module_example/parameters.yaml generate_parameter_module_example.custom_validation
[2.163s] Running /home/ravik/ros2_rolling/build/generate_parameter_library_py/generate_parameter_library_py/generate_python_module.py /home/ravik/ros2_rolling/install/generate_parameter_module_example/lib/python3.12/site-packages/generate_parameter_module_example/admittance_parameters.py generate_parameter_module_example/parameters.yaml generate_parameter_module_example.custom_validation
[2.977s] running develop
[2.977s] /usr/lib/python3/dist-packages/setuptools/command/develop.py:40: EasyInstallDeprecationWarning: easy_install command is deprecated.
[2.977s] !!
[2.977s] 
[2.977s]         ********************************************************************************
[2.977s]         Please avoid running ``setup.py`` and ``easy_install``.
[2.977s]         Instead, use pypa/build, pypa/installer or other
[2.977s]         standards-based tools.
[2.977s] 
[2.977s]         See https://github.com/pypa/setuptools/issues/917 for details.
[2.977s]         ********************************************************************************
[2.977s] 
[2.977s] !!
[2.977s]   easy_install.initialize_options(self)
[3.093s] running egg_info
[3.104s] writing generate_parameter_module_example.egg-info/PKG-INFO
[3.104s] writing dependency_links to generate_parameter_module_example.egg-info/dependency_links.txt
[3.104s] writing entry points to generate_parameter_module_example.egg-info/entry_points.txt
[3.104s] writing requirements to generate_parameter_module_example.egg-info/requires.txt
[3.104s] writing top-level names to generate_parameter_module_example.egg-info/top_level.txt
[3.127s] reading manifest file 'generate_parameter_module_example.egg-info/SOURCES.txt'
[3.127s] writing manifest file 'generate_parameter_module_example.egg-info/SOURCES.txt'
[3.139s] running build_ext
[3.140s] Creating /home/ravik/ros2_rolling/install/generate_parameter_module_example/lib/python3.12/site-packages/generate-parameter-module-example.egg-link (link to .)
[3.140s] Installing test_node script to /home/ravik/ros2_rolling/install/generate_parameter_module_example/lib/generate_parameter_module_example
[3.140s] 
[3.140s] Installed /home/ravik/ros2_rolling/build/generate_parameter_module_example
[3.140s] running symlink_data
[3.168s] Invoked command in '/home/ravik/ros2_rolling/build/generate_parameter_module_example' returned '0': AMENT_PREFIX_PATH=/home/ravik/ros2_rolling/install/generate_parameter_library:/home/ravik/ros2_rolling/install/parameter_traits:/home/ravik/ros2_rolling/install/generate_parameter_library_py:${AMENT_PREFIX_PATH} CMAKE_PREFIX_PATH=/home/ravik/ros2_rolling/install/generate_parameter_library:/home/ravik/ros2_rolling/install/parameter_traits:${CMAKE_PREFIX_PATH} LD_LIBRARY_PATH=/home/ravik/ros2_rolling/install/parameter_traits/lib:${LD_LIBRARY_PATH} PATH=/home/ravik/ros2_rolling/install/generate_parameter_library_py/bin:${PATH} PS1=\[\e]0;$(parse_ros_workspace)\a\]\[\e[1;32m\]\u\[\[\e[0;37m\]@\[\[\e[0;33m\]\h\[\[\e[1;33m\]${text}\[\[\e[0;37m\]:\[$(set_ros_workspace_color)\]$(parse_ros_workspace)\[\[\e[0;32m\]$(parse_git_bracket)\[$(set_git_color)\]$(get_gitbranch)\[\e[0;32m\]>\[\e[1;35m\]\W\[\[\e[1;35m\]$\[\[\e[0m\]\[\e[m\] PYTHONPATH=/home/ravik/ros2_rolling/build/generate_parameter_module_example/prefix_override:/usr/lib/python3/dist-packages/colcon_core/task/python/colcon_distutils_commands:/home/ravik/ros2_rolling/install/generate_parameter_module_example/lib/python3.12/site-packages:/home/ravik/ros2_rolling/build/generate_parameter_library_py:/home/ravik/ros2_rolling/install/generate_parameter_library_py/lib/python3.12/site-packages:${PYTHONPATH} /usr/bin/python3 -W ignore:setup.py install is deprecated setup.py develop --editable --build-directory /home/ravik/ros2_rolling/build/generate_parameter_module_example/build --no-deps symlink_data
